[0.268s] Invoking command in '/home/user/ros2_ws/build/barista_extra_models': CMAKE_PREFIX_PATH=${CMAKE_PREFIX_PATH}:/home/simulations/ros2_sims_ws/install/rclrs_tests:/home/simulations/ros2_sims_ws/install/examples_rclrs_minimal_client_service:/home/simulations/ros2_sims_ws/install/sensor_msgs_py:/home/simulations/ros2_sims_ws/install/examples_rclrs_minimal_pub_sub:/home/simulations/ros2_sims_ws/install/examples_rclrs_message_demo:/home/simulations/ros2_sims_ws/install/rclrs:/home/simulations/ros2_sims_ws/install/rosidl_runtime_rs:/home/user/ros2_ws/install/ros2test:/home/user/ros2_ws/install/robotiq_85_driver:/home/user/ros2_ws/install/path_planner_server:/home/user/ros2_ws/install/moveit_configs_utils:/home/user/ros2_ws/install/localization_server:/home/user/ros2_ws/install/cartographer_slam:/home/user/ros2_ws/install/aruco_detection_tests:/opt/ros/humble _=/usr/bin/env /usr/bin/cmake --build /home/user/ros2_ws/build/barista_extra_models -- -j8 -l8
[0.763s] Invoked command in '/home/user/ros2_ws/build/barista_extra_models' returned '0': CMAKE_PREFIX_PATH=${CMAKE_PREFIX_PATH}:/home/simulations/ros2_sims_ws/install/rclrs_tests:/home/simulations/ros2_sims_ws/install/examples_rclrs_minimal_client_service:/home/simulations/ros2_sims_ws/install/sensor_msgs_py:/home/simulations/ros2_sims_ws/install/examples_rclrs_minimal_pub_sub:/home/simulations/ros2_sims_ws/install/examples_rclrs_message_demo:/home/simulations/ros2_sims_ws/install/rclrs:/home/simulations/ros2_sims_ws/install/rosidl_runtime_rs:/home/user/ros2_ws/install/ros2test:/home/user/ros2_ws/install/robotiq_85_driver:/home/user/ros2_ws/install/path_planner_server:/home/user/ros2_ws/install/moveit_configs_utils:/home/user/ros2_ws/install/localization_server:/home/user/ros2_ws/install/cartographer_slam:/home/user/ros2_ws/install/aruco_detection_tests:/opt/ros/humble _=/usr/bin/env /usr/bin/cmake --build /home/user/ros2_ws/build/barista_extra_models -- -j8 -l8
[1.273s] Invoking command in '/home/user/ros2_ws/build/barista_extra_models': CMAKE_PREFIX_PATH=${CMAKE_PREFIX_PATH}:/home/simulations/ros2_sims_ws/install/rclrs_tests:/home/simulations/ros2_sims_ws/install/examples_rclrs_minimal_client_service:/home/simulations/ros2_sims_ws/install/sensor_msgs_py:/home/simulations/ros2_sims_ws/install/examples_rclrs_minimal_pub_sub:/home/simulations/ros2_sims_ws/install/examples_rclrs_message_demo:/home/simulations/ros2_sims_ws/install/rclrs:/home/simulations/ros2_sims_ws/install/rosidl_runtime_rs:/home/user/ros2_ws/install/ros2test:/home/user/ros2_ws/install/robotiq_85_driver:/home/user/ros2_ws/install/path_planner_server:/home/user/ros2_ws/install/moveit_configs_utils:/home/user/ros2_ws/install/localization_server:/home/user/ros2_ws/install/cartographer_slam:/home/user/ros2_ws/install/aruco_detection_tests:/opt/ros/humble _=/usr/bin/env /usr/bin/cmake --install /home/user/ros2_ws/build/barista_extra_models
[1.375s] -- Install configuration: ""
[1.375s] -- Up-to-date: /home/user/ros2_ws/install/barista_extra_models/share/barista_extra_models/models
[1.375s] -- Up-to-date: /home/user/ros2_ws/install/barista_extra_models/share/barista_extra_models/models/stool
[1.375s] -- Up-to-date: /home/user/ros2_ws/install/barista_extra_models/share/barista_extra_models/models/stool/model.sdf
[1.377s] -- Up-to-date: /home/user/ros2_ws/install/barista_extra_models/share/barista_extra_models/models/stool/meshes
[1.377s] -- Up-to-date: /home/user/ros2_ws/install/barista_extra_models/share/barista_extra_models/models/stool/meshes/Material_93_baseColor.png
[1.377s] -- Up-to-date: /home/user/ros2_ws/install/barista_extra_models/share/barista_extra_models/models/stool/meshes/stool_v3.dae
[1.377s] -- Up-to-date: /home/user/ros2_ws/install/barista_extra_models/share/barista_extra_models/models/stool/model.config
[1.377s] -- Up-to-date: /home/user/ros2_ws/install/barista_extra_models/share/barista_extra_models/models/worktop
[1.377s] -- Up-to-date: /home/user/ros2_ws/install/barista_extra_models/share/barista_extra_models/models/worktop/model.sdf
[1.377s] -- Up-to-date: /home/user/ros2_ws/install/barista_extra_models/share/barista_extra_models/models/worktop/meshes
[1.377s] -- Up-to-date: /home/user/ros2_ws/install/barista_extra_models/share/barista_extra_models/models/worktop/meshes/worktop.dae
[1.377s] -- Up-to-date: /home/user/ros2_ws/install/barista_extra_models/share/barista_extra_models/models/worktop/meshes/encimera_negra
[1.378s] -- Up-to-date: /home/user/ros2_ws/install/barista_extra_models/share/barista_extra_models/models/worktop/meshes/encimera_negra/__auto_3.jpg
[1.378s] -- Up-to-date: /home/user/ros2_ws/install/barista_extra_models/share/barista_extra_models/models/worktop/model.config
[1.378s] -- Up-to-date: /home/user/ros2_ws/install/barista_extra_models/share/barista_extra_models/models/human_worker
[1.378s] -- Up-to-date: /home/user/ros2_ws/install/barista_extra_models/share/barista_extra_models/models/human_worker/model.sdf
[1.378s] -- Up-to-date: /home/user/ros2_ws/install/barista_extra_models/share/barista_extra_models/models/human_worker/meshes
[1.378s] -- Up-to-date: /home/user/ros2_ws/install/barista_extra_models/share/barista_extra_models/models/human_worker/meshes/constructionworker.dae
[1.378s] -- Up-to-date: /home/user/ros2_ws/install/barista_extra_models/share/barista_extra_models/models/human_worker/meshes/blue_deep.png
[1.379s] -- Up-to-date: /home/user/ros2_ws/install/barista_extra_models/share/barista_extra_models/models/human_worker/meshes/pink.png
[1.379s] -- Up-to-date: /home/user/ros2_ws/install/barista_extra_models/share/barista_extra_models/models/human_worker/meshes/orange.png
[1.379s] -- Up-to-date: /home/user/ros2_ws/install/barista_extra_models/share/barista_extra_models/models/human_worker/meshes/blue_dark.png
[1.379s] -- Up-to-date: /home/user/ros2_ws/install/barista_extra_models/share/barista_extra_models/models/human_worker/model.config
[1.379s] -- Up-to-date: /home/user/ros2_ws/install/barista_extra_models/share/barista_extra_models/models/countertop_2
[1.379s] -- Up-to-date: /home/user/ros2_ws/install/barista_extra_models/share/barista_extra_models/models/countertop_2/materials
[1.379s] -- Up-to-date: /home/user/ros2_ws/install/barista_extra_models/share/barista_extra_models/models/countertop_2/materials/scripts
[1.379s] -- Up-to-date: /home/user/ros2_ws/install/barista_extra_models/share/barista_extra_models/models/countertop_2/materials/scripts/countertop_2.material
[1.379s] -- Up-to-date: /home/user/ros2_ws/install/barista_extra_models/share/barista_extra_models/models/countertop_2/materials/textures
[1.380s] -- Up-to-date: /home/user/ros2_ws/install/barista_extra_models/share/barista_extra_models/models/countertop_2/materials/textures/starbots_coffee_logo.png
[1.380s] -- Up-to-date: /home/user/ros2_ws/install/barista_extra_models/share/barista_extra_models/models/countertop_2/model.sdf
[1.380s] -- Up-to-date: /home/user/ros2_ws/install/barista_extra_models/share/barista_extra_models/models/countertop_2/model.config
[1.380s] -- Up-to-date: /home/user/ros2_ws/install/barista_extra_models/share/barista_extra_models/models/cafe_table
[1.380s] -- Up-to-date: /home/user/ros2_ws/install/barista_extra_models/share/barista_extra_models/models/cafe_table/materials
[1.381s] -- Up-to-date: /home/user/ros2_ws/install/barista_extra_models/share/barista_extra_models/models/cafe_table/materials/textures
[1.381s] -- Up-to-date: /home/user/ros2_ws/install/barista_extra_models/share/barista_extra_models/models/cafe_table/materials/textures/Wood_Floor_Dark.jpg
[1.381s] -- Up-to-date: /home/user/ros2_ws/install/barista_extra_models/share/barista_extra_models/models/cafe_table/materials/textures/Maple.jpg
[1.381s] -- Up-to-date: /home/user/ros2_ws/install/barista_extra_models/share/barista_extra_models/models/cafe_table/model.sdf
[1.381s] -- Up-to-date: /home/user/ros2_ws/install/barista_extra_models/share/barista_extra_models/models/cafe_table/meshes
[1.381s] -- Up-to-date: /home/user/ros2_ws/install/barista_extra_models/share/barista_extra_models/models/cafe_table/meshes/cafe_table.dae
[1.381s] -- Up-to-date: /home/user/ros2_ws/install/barista_extra_models/share/barista_extra_models/models/cafe_table/model-1_4.sdf
[1.381s] -- Up-to-date: /home/user/ros2_ws/install/barista_extra_models/share/barista_extra_models/models/cafe_table/model.config
[1.382s] -- Up-to-date: /home/user/ros2_ws/install/barista_extra_models/share/barista_extra_models/models/table_ingestor
[1.382s] -- Up-to-date: /home/user/ros2_ws/install/barista_extra_models/share/barista_extra_models/models/table_ingestor/model.sdf
[1.382s] -- Up-to-date: /home/user/ros2_ws/install/barista_extra_models/share/barista_extra_models/models/table_ingestor/meshes
[1.382s] -- Up-to-date: /home/user/ros2_ws/install/barista_extra_models/share/barista_extra_models/models/table_ingestor/meshes/voxeltable_nolegs.dae
[1.382s] -- Up-to-date: /home/user/ros2_ws/install/barista_extra_models/share/barista_extra_models/models/table_ingestor/meshes/voxeltable.dae
[1.382s] -- Up-to-date: /home/user/ros2_ws/install/barista_extra_models/share/barista_extra_models/models/table_ingestor/model.config
[1.382s] -- Up-to-date: /home/user/ros2_ws/install/barista_extra_models/share/barista_extra_models/models/charging_station_v2
[1.382s] -- Up-to-date: /home/user/ros2_ws/install/barista_extra_models/share/barista_extra_models/models/charging_station_v2/model.sdf
[1.382s] -- Up-to-date: /home/user/ros2_ws/install/barista_extra_models/share/barista_extra_models/models/charging_station_v2/meshes
[1.382s] -- Up-to-date: /home/user/ros2_ws/install/barista_extra_models/share/barista_extra_models/models/charging_station_v2/meshes/charging_station_col_v2.stl
[1.383s] -- Up-to-date: /home/user/ros2_ws/install/barista_extra_models/share/barista_extra_models/models/charging_station_v2/meshes/charging_station_visual_v2.dae
[1.383s] -- Up-to-date: /home/user/ros2_ws/install/barista_extra_models/share/barista_extra_models/models/charging_station_v2/blender
[1.383s] -- Up-to-date: /home/user/ros2_ws/install/barista_extra_models/share/barista_extra_models/models/charging_station_v2/blender/charging_station.blend
[1.383s] -- Up-to-date: /home/user/ros2_ws/install/barista_extra_models/share/barista_extra_models/models/charging_station_v2/blender/charging_station.blend1
[1.383s] -- Up-to-date: /home/user/ros2_ws/install/barista_extra_models/share/barista_extra_models/models/charging_station_v2/model.config
[1.383s] -- Up-to-date: /home/user/ros2_ws/install/barista_extra_models/share/barista_extra_models/models/customer
[1.383s] -- Up-to-date: /home/user/ros2_ws/install/barista_extra_models/share/barista_extra_models/models/customer/model.sdf
[1.383s] -- Up-to-date: /home/user/ros2_ws/install/barista_extra_models/share/barista_extra_models/models/customer/meshes
[1.383s] -- Up-to-date: /home/user/ros2_ws/install/barista_extra_models/share/barista_extra_models/models/customer/meshes/customer.dae
[1.383s] -- Up-to-date: /home/user/ros2_ws/install/barista_extra_models/share/barista_extra_models/models/customer/meshes/Material_93_baseColor.png
[1.387s] -- Up-to-date: /home/user/ros2_ws/install/barista_extra_models/share/barista_extra_models/models/customer/meshes/pink.png
[1.387s] -- Up-to-date: /home/user/ros2_ws/install/barista_extra_models/share/barista_extra_models/models/customer/model.config
[1.387s] -- Up-to-date: /home/user/ros2_ws/install/barista_extra_models/share/barista_extra_models/models/cabinet
[1.387s] -- Up-to-date: /home/user/ros2_ws/install/barista_extra_models/share/barista_extra_models/models/cabinet/model-1_2.sdf
[1.387s] -- Up-to-date: /home/user/ros2_ws/install/barista_extra_models/share/barista_extra_models/models/cabinet/model-1_3.sdf
[1.387s] -- Up-to-date: /home/user/ros2_ws/install/barista_extra_models/share/barista_extra_models/models/cabinet/model.sdf
[1.387s] -- Up-to-date: /home/user/ros2_ws/install/barista_extra_models/share/barista_extra_models/models/cabinet/model-1_4.sdf
[1.387s] -- Up-to-date: /home/user/ros2_ws/install/barista_extra_models/share/barista_extra_models/models/cabinet/model.config
[1.388s] -- Up-to-date: /home/user/ros2_ws/install/barista_extra_models/share/barista_extra_models/models/countertop
[1.388s] -- Up-to-date: /home/user/ros2_ws/install/barista_extra_models/share/barista_extra_models/models/countertop/model.sdf
[1.388s] -- Up-to-date: /home/user/ros2_ws/install/barista_extra_models/share/barista_extra_models/models/countertop/model.config
[1.388s] -- Up-to-date: /home/user/ros2_ws/install/barista_extra_models/share/barista_extra_models/models/armchair
[1.388s] -- Up-to-date: /home/user/ros2_ws/install/barista_extra_models/share/barista_extra_models/models/armchair/model.sdf
[1.388s] -- Up-to-date: /home/user/ros2_ws/install/barista_extra_models/share/barista_extra_models/models/armchair/meshes
[1.388s] -- Up-to-date: /home/user/ros2_ws/install/barista_extra_models/share/barista_extra_models/models/armchair/meshes/sillon
[1.388s] -- Up-to-date: /home/user/ros2_ws/install/barista_extra_models/share/barista_extra_models/models/armchair/meshes/sillon/material_2.png
[1.388s] -- Up-to-date: /home/user/ros2_ws/install/barista_extra_models/share/barista_extra_models/models/armchair/meshes/sillon/material_5.tif
[1.388s] -- Up-to-date: /home/user/ros2_ws/install/barista_extra_models/share/barista_extra_models/models/armchair/meshes/sillon/material_4_1.tif
[1.388s] -- Up-to-date: /home/user/ros2_ws/install/barista_extra_models/share/barista_extra_models/models/armchair/meshes/sillon/material_1.png
[1.388s] -- Up-to-date: /home/user/ros2_ws/install/barista_extra_models/share/barista_extra_models/models/armchair/meshes/sillon/material_5.png
[1.388s] -- Up-to-date: /home/user/ros2_ws/install/barista_extra_models/share/barista_extra_models/models/armchair/meshes/sillon/material_4_0.png
[1.388s] -- Up-to-date: /home/user/ros2_ws/install/barista_extra_models/share/barista_extra_models/models/armchair/meshes/sillon/material_4_1.png
[1.389s] -- Up-to-date: /home/user/ros2_ws/install/barista_extra_models/share/barista_extra_models/models/armchair/meshes/sillon/material_4.tif
[1.389s] -- Up-to-date: /home/user/ros2_ws/install/barista_extra_models/share/barista_extra_models/models/armchair/meshes/sillon/material_1.tif
[1.389s] -- Up-to-date: /home/user/ros2_ws/install/barista_extra_models/share/barista_extra_models/models/armchair/meshes/sillon/material_3.jpg
[1.389s] -- Up-to-date: /home/user/ros2_ws/install/barista_extra_models/share/barista_extra_models/models/armchair/meshes/sillon/material_4.png
[1.389s] -- Up-to-date: /home/user/ros2_ws/install/barista_extra_models/share/barista_extra_models/models/armchair/meshes/sillon/material_4_0.tif
[1.389s] -- Up-to-date: /home/user/ros2_ws/install/barista_extra_models/share/barista_extra_models/models/armchair/meshes/sillon/material_2.tif
[1.389s] -- Up-to-date: /home/user/ros2_ws/install/barista_extra_models/share/barista_extra_models/models/armchair/meshes/armchair.dae
[1.389s] -- Up-to-date: /home/user/ros2_ws/install/barista_extra_models/share/barista_extra_models/models/armchair/model.config
[1.389s] -- Up-to-date: /home/user/ros2_ws/install/barista_extra_models/share/barista_extra_models/models/portable_cup_2
[1.389s] -- Up-to-date: /home/user/ros2_ws/install/barista_extra_models/share/barista_extra_models/models/portable_cup_2/model.sdf
[1.389s] -- Up-to-date: /home/user/ros2_ws/install/barista_extra_models/share/barista_extra_models/models/portable_cup_2/meshes
[1.390s] -- Up-to-date: /home/user/ros2_ws/install/barista_extra_models/share/barista_extra_models/models/portable_cup_2/meshes/model
[1.390s] -- Up-to-date: /home/user/ros2_ws/install/barista_extra_models/share/barista_extra_models/models/portable_cup_2/meshes/model/Starbucks_ring.png
[1.390s] -- Up-to-date: /home/user/ros2_ws/install/barista_extra_models/share/barista_extra_models/models/portable_cup_2/meshes/portable_cup_2.dae
[1.390s] -- Up-to-date: /home/user/ros2_ws/install/barista_extra_models/share/barista_extra_models/models/portable_cup_2/meshes/Starbucks_ring.png
[1.390s] -- Up-to-date: /home/user/ros2_ws/install/barista_extra_models/share/barista_extra_models/models/portable_cup_2/meshes/cup_col.stl
[1.390s] -- Up-to-date: /home/user/ros2_ws/install/barista_extra_models/share/barista_extra_models/models/portable_cup_2/meshes/Starbucks_ring_old.png
[1.390s] -- Up-to-date: /home/user/ros2_ws/install/barista_extra_models/share/barista_extra_models/models/portable_cup_2/model.config
[1.390s] -- Up-to-date: /home/user/ros2_ws/install/barista_extra_models/share/barista_extra_models/models/cute_mug
[1.390s] -- Up-to-date: /home/user/ros2_ws/install/barista_extra_models/share/barista_extra_models/models/cute_mug/model.sdf
[1.390s] -- Up-to-date: /home/user/ros2_ws/install/barista_extra_models/share/barista_extra_models/models/cute_mug/meshes
[1.391s] -- Up-to-date: /home/user/ros2_ws/install/barista_extra_models/share/barista_extra_models/models/cute_mug/meshes/cute_mug_col.stl
[1.391s] -- Up-to-date: /home/user/ros2_ws/install/barista_extra_models/share/barista_extra_models/models/cute_mug/meshes/brown.png
[1.391s] -- Up-to-date: /home/user/ros2_ws/install/barista_extra_models/share/barista_extra_models/models/cute_mug/meshes/white.png
[1.391s] -- Up-to-date: /home/user/ros2_ws/install/barista_extra_models/share/barista_extra_models/models/cute_mug/meshes/Starbucks_ring.png
[1.391s] -- Up-to-date: /home/user/ros2_ws/install/barista_extra_models/share/barista_extra_models/models/cute_mug/meshes/black.png
[1.391s] -- Up-to-date: /home/user/ros2_ws/install/barista_extra_models/share/barista_extra_models/models/cute_mug/meshes/cute_mug.dae
[1.391s] -- Up-to-date: /home/user/ros2_ws/install/barista_extra_models/share/barista_extra_models/models/cute_mug/model.config
[1.391s] -- Up-to-date: /home/user/ros2_ws/install/barista_extra_models/share/barista_extra_models/models/turtlebot_env
[1.396s] -- Up-to-date: /home/user/ros2_ws/install/barista_extra_models/share/barista_extra_models/models/turtlebot_env/model_simple.sdf
[1.404s] -- Up-to-date: /home/user/ros2_ws/install/barista_extra_models/share/barista_extra_models/models/turtlebot_env/model.sdf
[1.425s] -- Up-to-date: /home/user/ros2_ws/install/barista_extra_models/share/barista_extra_models/models/turtlebot_env/meshes
[1.426s] -- Up-to-date: /home/user/ros2_ws/install/barista_extra_models/share/barista_extra_models/models/turtlebot_env/meshes/GreenColumn.png
[1.426s] -- Up-to-date: /home/user/ros2_ws/install/barista_extra_models/share/barista_extra_models/models/turtlebot_env/meshes/floorTexture.png
[1.426s] -- Up-to-date: /home/user/ros2_ws/install/barista_extra_models/share/barista_extra_models/models/turtlebot_env/meshes/turtlebot_env_only_floor.dae
[1.426s] -- Up-to-date: /home/user/ros2_ws/install/barista_extra_models/share/barista_extra_models/models/turtlebot_env/meshes/WallTexture.png
[1.426s] -- Up-to-date: /home/user/ros2_ws/install/barista_extra_models/share/barista_extra_models/models/turtlebot_env/meshes/floorTexture_clean.png
[1.426s] -- Up-to-date: /home/user/ros2_ws/install/barista_extra_models/share/barista_extra_models/models/turtlebot_env/meshes/turtlebot_env_HD.dae
[1.426s] -- Up-to-date: /home/user/ros2_ws/install/barista_extra_models/share/barista_extra_models/models/turtlebot_env/meshes/floorTexture.ase
[1.427s] -- Up-to-date: /home/user/ros2_ws/install/barista_extra_models/share/barista_extra_models/models/turtlebot_env/meshes/Columns.png
[1.427s] -- Up-to-date: /home/user/ros2_ws/install/barista_extra_models/share/barista_extra_models/models/turtlebot_env/meshes/ColumnsTexture.png
[1.427s] -- Up-to-date: /home/user/ros2_ws/install/barista_extra_models/share/barista_extra_models/models/turtlebot_env/meshes/turtlebot_env.dae
[1.427s] -- Up-to-date: /home/user/ros2_ws/install/barista_extra_models/share/barista_extra_models/models/turtlebot_env/meshes/WallsTexture.png
[1.427s] -- Up-to-date: /home/user/ros2_ws/install/barista_extra_models/share/barista_extra_models/models/turtlebot_env/meshes/turtlebot_env_col.stl
[1.427s] -- Up-to-date: /home/user/ros2_ws/install/barista_extra_models/share/barista_extra_models/models/turtlebot_env/blender
[1.427s] -- Up-to-date: /home/user/ros2_ws/install/barista_extra_models/share/barista_extra_models/models/turtlebot_env/blender/turtlebot_env.blend
[1.427s] -- Up-to-date: /home/user/ros2_ws/install/barista_extra_models/share/barista_extra_models/models/turtlebot_env/blender/turtlebot_env_floor_lights_cut.blend
[1.427s] -- Up-to-date: /home/user/ros2_ws/install/barista_extra_models/share/barista_extra_models/models/turtlebot_env/blender/turtlebot_env_floor_lights.blend1
[1.427s] -- Up-to-date: /home/user/ros2_ws/install/barista_extra_models/share/barista_extra_models/models/turtlebot_env/blender/turtlebot_env_floor_lights_cut.blend1
[1.427s] -- Up-to-date: /home/user/ros2_ws/install/barista_extra_models/share/barista_extra_models/models/turtlebot_env/blender/turtlebot_env_floor_lights.blend
[1.428s] -- Up-to-date: /home/user/ros2_ws/install/barista_extra_models/share/barista_extra_models/models/turtlebot_env/blender/turtlebot_env.blend1
[1.428s] -- Up-to-date: /home/user/ros2_ws/install/barista_extra_models/share/barista_extra_models/models/turtlebot_env/blender/turtlebot_env_floor.blend
[1.428s] -- Up-to-date: /home/user/ros2_ws/install/barista_extra_models/share/barista_extra_models/models/turtlebot_env/blender/turtlebot_env_floor_lights_cut_nolights.blend
[1.428s] -- Up-to-date: /home/user/ros2_ws/install/barista_extra_models/share/barista_extra_models/models/turtlebot_env/blender/turtlebot_env_floor.blend1
[1.428s] -- Up-to-date: /home/user/ros2_ws/install/barista_extra_models/share/barista_extra_models/models/turtlebot_env/blender/turtlebot_env_floor_lights_cut_nolights.blend1
[1.428s] -- Up-to-date: /home/user/ros2_ws/install/barista_extra_models/share/barista_extra_models/models/turtlebot_env/model.config
[1.428s] -- Up-to-date: /home/user/ros2_ws/install/barista_extra_models/share/barista_extra_models/models/starbots_bartender_dispenser
[1.428s] -- Up-to-date: /home/user/ros2_ws/install/barista_extra_models/share/barista_extra_models/models/starbots_bartender_dispenser/model.sdf
[1.428s] -- Up-to-date: /home/user/ros2_ws/install/barista_extra_models/share/barista_extra_models/models/starbots_bartender_dispenser/meshes
[1.428s] -- Up-to-date: /home/user/ros2_ws/install/barista_extra_models/share/barista_extra_models/models/starbots_bartender_dispenser/meshes/table_dispenser.dae
[1.428s] -- Up-to-date: /home/user/ros2_ws/install/barista_extra_models/share/barista_extra_models/models/starbots_bartender_dispenser/meshes/table_dispenser_nolegs.dae
[1.429s] -- Up-to-date: /home/user/ros2_ws/install/barista_extra_models/share/barista_extra_models/models/starbots_bartender_dispenser/meshes/bartender_dispenser.dae
[1.429s] -- Up-to-date: /home/user/ros2_ws/install/barista_extra_models/share/barista_extra_models/models/starbots_bartender_dispenser/model.config
[1.429s] -- Up-to-date: /home/user/ros2_ws/install/barista_extra_models/share/barista_extra_models/models/worktop_aluminium
[1.429s] -- Up-to-date: /home/user/ros2_ws/install/barista_extra_models/share/barista_extra_models/models/worktop_aluminium/model.sdf
[1.429s] -- Up-to-date: /home/user/ros2_ws/install/barista_extra_models/share/barista_extra_models/models/worktop_aluminium/meshes
[1.429s] -- Up-to-date: /home/user/ros2_ws/install/barista_extra_models/share/barista_extra_models/models/worktop_aluminium/meshes/worktop_aluminium.dae
[1.429s] -- Up-to-date: /home/user/ros2_ws/install/barista_extra_models/share/barista_extra_models/models/worktop_aluminium/meshes/encimera-blanca
[1.429s] -- Up-to-date: /home/user/ros2_ws/install/barista_extra_models/share/barista_extra_models/models/worktop_aluminium/meshes/encimera-blanca/Steel_Brushed_Stainless.jpg
[1.429s] -- Up-to-date: /home/user/ros2_ws/install/barista_extra_models/share/barista_extra_models/models/worktop_aluminium/meshes/encimera-blanca/__auto_3.jpg
[1.429s] -- Up-to-date: /home/user/ros2_ws/install/barista_extra_models/share/barista_extra_models/models/worktop_aluminium/model.config
[1.429s] -- Up-to-date: /home/user/ros2_ws/install/barista_extra_models/share/barista_extra_models/models/reflective_tag
[1.429s] -- Up-to-date: /home/user/ros2_ws/install/barista_extra_models/share/barista_extra_models/models/reflective_tag/model.sdf
[1.430s] -- Up-to-date: /home/user/ros2_ws/install/barista_extra_models/share/barista_extra_models/models/reflective_tag/model.config
[1.430s] -- Up-to-date: /home/user/ros2_ws/install/barista_extra_models/share/barista_extra_models/models/espresso_machine
[1.430s] -- Up-to-date: /home/user/ros2_ws/install/barista_extra_models/share/barista_extra_models/models/espresso_machine/model.sdf
[1.430s] -- Up-to-date: /home/user/ros2_ws/install/barista_extra_models/share/barista_extra_models/models/espresso_machine/meshes
[1.430s] -- Up-to-date: /home/user/ros2_ws/install/barista_extra_models/share/barista_extra_models/models/espresso_machine/meshes/espresso_machine.dae
[1.430s] -- Up-to-date: /home/user/ros2_ws/install/barista_extra_models/share/barista_extra_models/models/espresso_machine/model.config
[1.430s] -- Up-to-date: /home/user/ros2_ws/install/barista_extra_models/share/barista_extra_models/models/barstool
[1.430s] -- Up-to-date: /home/user/ros2_ws/install/barista_extra_models/share/barista_extra_models/models/barstool/model.sdf
[1.430s] -- Up-to-date: /home/user/ros2_ws/install/barista_extra_models/share/barista_extra_models/models/barstool/model_copy.sdf
[1.431s] -- Up-to-date: /home/user/ros2_ws/install/barista_extra_models/share/barista_extra_models/models/barstool/meshes
[1.431s] -- Up-to-date: /home/user/ros2_ws/install/barista_extra_models/share/barista_extra_models/models/barstool/meshes/barstool.dae
[1.432s] -- Up-to-date: /home/user/ros2_ws/install/barista_extra_models/share/barista_extra_models/models/barstool/model.config
[1.432s] -- Up-to-date: /home/user/ros2_ws/install/barista_extra_models/share/barista_extra_models/models/coffee_table
[1.432s] -- Up-to-date: /home/user/ros2_ws/install/barista_extra_models/share/barista_extra_models/models/coffee_table/model.sdf
[1.432s] -- Up-to-date: /home/user/ros2_ws/install/barista_extra_models/share/barista_extra_models/models/coffee_table/meshes
[1.432s] -- Up-to-date: /home/user/ros2_ws/install/barista_extra_models/share/barista_extra_models/models/coffee_table/meshes/coffee_table.dae
[1.432s] -- Up-to-date: /home/user/ros2_ws/install/barista_extra_models/share/barista_extra_models/models/coffee_table/meshes/mesa
[1.432s] -- Up-to-date: /home/user/ros2_ws/install/barista_extra_models/share/barista_extra_models/models/coffee_table/meshes/mesa/__White_12.jpg
[1.432s] -- Up-to-date: /home/user/ros2_ws/install/barista_extra_models/share/barista_extra_models/models/coffee_table/model.config
[1.432s] -- Up-to-date: /home/user/ros2_ws/install/barista_extra_models/share/barista_extra_models/models/coffeeshop
[1.432s] -- Up-to-date: /home/user/ros2_ws/install/barista_extra_models/share/barista_extra_models/models/coffeeshop/model.sdf
[1.432s] -- Up-to-date: /home/user/ros2_ws/install/barista_extra_models/share/barista_extra_models/models/coffeeshop/meshes
[1.433s] -- Up-to-date: /home/user/ros2_ws/install/barista_extra_models/share/barista_extra_models/models/coffeeshop/meshes/coffeeshop.dae
[1.433s] -- Up-to-date: /home/user/ros2_ws/install/barista_extra_models/share/barista_extra_models/models/coffeeshop/meshes/splintered_wool_texture.png
[1.433s] -- Up-to-date: /home/user/ros2_ws/install/barista_extra_models/share/barista_extra_models/models/coffeeshop/model.config
[1.433s] -- Up-to-date: /home/user/ros2_ws/install/barista_extra_models/share/barista_extra_models/models/bartender_dispenser
[1.433s] -- Up-to-date: /home/user/ros2_ws/install/barista_extra_models/share/barista_extra_models/models/bartender_dispenser/model.sdf
[1.433s] -- Up-to-date: /home/user/ros2_ws/install/barista_extra_models/share/barista_extra_models/models/bartender_dispenser/meshes
[1.434s] -- Up-to-date: /home/user/ros2_ws/install/barista_extra_models/share/barista_extra_models/models/bartender_dispenser/meshes/table_dispenser.dae
[1.434s] -- Up-to-date: /home/user/ros2_ws/install/barista_extra_models/share/barista_extra_models/models/bartender_dispenser/meshes/table_dispenser_nolegs.dae
[1.434s] -- Up-to-date: /home/user/ros2_ws/install/barista_extra_models/share/barista_extra_models/models/bartender_dispenser/meshes/bartender_dispenser.dae
[1.434s] -- Up-to-date: /home/user/ros2_ws/install/barista_extra_models/share/barista_extra_models/models/bartender_dispenser/model.config
[1.434s] -- Up-to-date: /home/user/ros2_ws/install/barista_extra_models/share/barista_extra_models/models/couch
[1.434s] -- Up-to-date: /home/user/ros2_ws/install/barista_extra_models/share/barista_extra_models/models/couch/model.sdf
[1.434s] -- Up-to-date: /home/user/ros2_ws/install/barista_extra_models/share/barista_extra_models/models/couch/meshes
[1.434s] -- Up-to-date: /home/user/ros2_ws/install/barista_extra_models/share/barista_extra_models/models/couch/meshes/couch.dae
[1.434s] -- Up-to-date: /home/user/ros2_ws/install/barista_extra_models/share/barista_extra_models/models/couch/model.config
[1.434s] -- Up-to-date: /home/user/ros2_ws/install/barista_extra_models/share/barista_extra_models/models/starbots_table_ingestor
[1.435s] -- Up-to-date: /home/user/ros2_ws/install/barista_extra_models/share/barista_extra_models/models/starbots_table_ingestor/model.sdf
[1.435s] -- Up-to-date: /home/user/ros2_ws/install/barista_extra_models/share/barista_extra_models/models/starbots_table_ingestor/meshes
[1.435s] -- Up-to-date: /home/user/ros2_ws/install/barista_extra_models/share/barista_extra_models/models/starbots_table_ingestor/meshes/voxeltable_nolegs.dae
[1.435s] -- Up-to-date: /home/user/ros2_ws/install/barista_extra_models/share/barista_extra_models/models/starbots_table_ingestor/meshes/voxeltable.dae
[1.435s] -- Up-to-date: /home/user/ros2_ws/install/barista_extra_models/share/barista_extra_models/models/starbots_table_ingestor/model.config
[1.435s] -- Up-to-date: /home/user/ros2_ws/install/barista_extra_models/share/barista_extra_models/models/table
[1.435s] -- Up-to-date: /home/user/ros2_ws/install/barista_extra_models/share/barista_extra_models/models/table/model-1_2.sdf
[1.435s] -- Up-to-date: /home/user/ros2_ws/install/barista_extra_models/share/barista_extra_models/models/table/model-1_3.sdf
[1.435s] -- Up-to-date: /home/user/ros2_ws/install/barista_extra_models/share/barista_extra_models/models/table/model.sdf
[1.435s] -- Up-to-date: /home/user/ros2_ws/install/barista_extra_models/share/barista_extra_models/models/table/model-1_4.sdf
[1.436s] -- Up-to-date: /home/user/ros2_ws/install/barista_extra_models/share/barista_extra_models/models/table/model.config
[1.436s] -- Up-to-date: /home/user/ros2_ws/install/barista_extra_models/share/ament_index/resource_index/package_run_dependencies/barista_extra_models
[1.436s] -- Up-to-date: /home/user/ros2_ws/install/barista_extra_models/share/ament_index/resource_index/parent_prefix_path/barista_extra_models
[1.436s] -- Up-to-date: /home/user/ros2_ws/install/barista_extra_models/share/barista_extra_models/environment/ament_prefix_path.sh
[1.436s] -- Up-to-date: /home/user/ros2_ws/install/barista_extra_models/share/barista_extra_models/environment/ament_prefix_path.dsv
[1.436s] -- Up-to-date: /home/user/ros2_ws/install/barista_extra_models/share/barista_extra_models/environment/path.sh
[1.436s] -- Up-to-date: /home/user/ros2_ws/install/barista_extra_models/share/barista_extra_models/environment/path.dsv
[1.437s] -- Up-to-date: /home/user/ros2_ws/install/barista_extra_models/share/barista_extra_models/local_setup.bash
[1.437s] -- Up-to-date: /home/user/ros2_ws/install/barista_extra_models/share/barista_extra_models/local_setup.sh
[1.437s] -- Up-to-date: /home/user/ros2_ws/install/barista_extra_models/share/barista_extra_models/local_setup.zsh
[1.437s] -- Up-to-date: /home/user/ros2_ws/install/barista_extra_models/share/barista_extra_models/local_setup.dsv
[1.437s] -- Installing: /home/user/ros2_ws/install/barista_extra_models/share/barista_extra_models/package.dsv
[1.437s] -- Up-to-date: /home/user/ros2_ws/install/barista_extra_models/share/ament_index/resource_index/packages/barista_extra_models
[1.437s] -- Up-to-date: /home/user/ros2_ws/install/barista_extra_models/share/barista_extra_models/cmake/barista_extra_modelsConfig.cmake
[1.437s] -- Up-to-date: /home/user/ros2_ws/install/barista_extra_models/share/barista_extra_models/cmake/barista_extra_modelsConfig-version.cmake
[1.439s] -- Up-to-date: /home/user/ros2_ws/install/barista_extra_models/share/barista_extra_models/package.xml
[1.439s] Invoked command in '/home/user/ros2_ws/build/barista_extra_models' returned '0': CMAKE_PREFIX_PATH=${CMAKE_PREFIX_PATH}:/home/simulations/ros2_sims_ws/install/rclrs_tests:/home/simulations/ros2_sims_ws/install/examples_rclrs_minimal_client_service:/home/simulations/ros2_sims_ws/install/sensor_msgs_py:/home/simulations/ros2_sims_ws/install/examples_rclrs_minimal_pub_sub:/home/simulations/ros2_sims_ws/install/examples_rclrs_message_demo:/home/simulations/ros2_sims_ws/install/rclrs:/home/simulations/ros2_sims_ws/install/rosidl_runtime_rs:/home/user/ros2_ws/install/ros2test:/home/user/ros2_ws/install/robotiq_85_driver:/home/user/ros2_ws/install/path_planner_server:/home/user/ros2_ws/install/moveit_configs_utils:/home/user/ros2_ws/install/localization_server:/home/user/ros2_ws/install/cartographer_slam:/home/user/ros2_ws/install/aruco_detection_tests:/opt/ros/humble _=/usr/bin/env /usr/bin/cmake --install /home/user/ros2_ws/build/barista_extra_models
