[  2%] Built target barista_table_finder__rs
[  5%] Built target barista_table_finder__cpp
[ 15%] Built target barista_table_finder__rosidl_generator_c
[ 15%] Built target ament_cmake_python_copy_barista_table_finder
[ 25%] Built target barista_table_finder__rosidl_typesupport_introspection_cpp
[ 35%] Built target barista_table_finder__rosidl_typesupport_cpp
[ 45%] Built target barista_table_finder__rosidl_typesupport_fastrtps_cpp
[ 55%] Built target barista_table_finder__rosidl_typesupport_c
[ 65%] Built target barista_table_finder__rosidl_typesupport_introspection_c
[ 75%] Built target barista_table_finder__rosidl_typesupport_fastrtps_c
[ 75%] Built target barista_table_finder
[ 77%] Built target barista_table_finder__py
[ 85%] Built target barista_table_finder__rosidl_generator_py
[ 90%] Built target barista_table_finder__rosidl_typesupport_c__pyext
[ 95%] Built target barista_table_finder__rosidl_typesupport_introspection_c__pyext
[100%] Built target barista_table_finder__rosidl_typesupport_fastrtps_c__pyext
running egg_info
writing barista_table_finder.egg-info/PKG-INFO
writing dependency_links to barista_table_finder.egg-info/dependency_links.txt
writing top-level names to barista_table_finder.egg-info/top_level.txt
reading manifest file 'barista_table_finder.egg-info/SOURCES.txt'
writing manifest file 'barista_table_finder.egg-info/SOURCES.txt'
[100%] Built target ament_cmake_python_build_barista_table_finder_egg
-- Install configuration: ""
-- Up-to-date: /home/user/ros2_ws/install/barista_table_finder/share/barista_table_finder//launch
-- Up-to-date: /home/user/ros2_ws/install/barista_table_finder/share/barista_table_finder//launch/barista_1_table_finder_server.launch.xml
-- Up-to-date: /home/user/ros2_ws/install/barista_table_finder/share/barista_table_finder//launch/cleaner_1_table_finder_server.launch.xml
-- Up-to-date: /home/user/ros2_ws/install/barista_table_finder/share/ament_index/resource_index/rosidl_interfaces/barista_table_finder
-- Up-to-date: /home/user/ros2_ws/install/barista_table_finder/include/barista_table_finder/barista_table_finder
-- Up-to-date: /home/user/ros2_ws/install/barista_table_finder/include/barista_table_finder/barista_table_finder/msg
-- Up-to-date: /home/user/ros2_ws/install/barista_table_finder/include/barista_table_finder/barista_table_finder/msg/rosidl_generator_c__visibility_control.h
-- Up-to-date: /home/user/ros2_ws/install/barista_table_finder/include/barista_table_finder/barista_table_finder/action
-- Up-to-date: /home/user/ros2_ws/install/barista_table_finder/include/barista_table_finder/barista_table_finder/action/detail
-- Up-to-date: /home/user/ros2_ws/install/barista_table_finder/include/barista_table_finder/barista_table_finder/action/detail/align_barista__struct.h
-- Up-to-date: /home/user/ros2_ws/install/barista_table_finder/include/barista_table_finder/barista_table_finder/action/detail/align_barista__type_support.h
-- Up-to-date: /home/user/ros2_ws/install/barista_table_finder/include/barista_table_finder/barista_table_finder/action/detail/go_under_table__struct.h
-- Up-to-date: /home/user/ros2_ws/install/barista_table_finder/include/barista_table_finder/barista_table_finder/action/detail/align_barista__functions.h
-- Up-to-date: /home/user/ros2_ws/install/barista_table_finder/include/barista_table_finder/barista_table_finder/action/detail/go_under_table__functions.h
-- Up-to-date: /home/user/ros2_ws/install/barista_table_finder/include/barista_table_finder/barista_table_finder/action/detail/go_under_table__functions.c
-- Up-to-date: /home/user/ros2_ws/install/barista_table_finder/include/barista_table_finder/barista_table_finder/action/detail/align_barista__functions.c
-- Up-to-date: /home/user/ros2_ws/install/barista_table_finder/include/barista_table_finder/barista_table_finder/action/detail/go_under_table__type_support.h
-- Up-to-date: /home/user/ros2_ws/install/barista_table_finder/include/barista_table_finder/barista_table_finder/action/go_under_table.h
-- Up-to-date: /home/user/ros2_ws/install/barista_table_finder/include/barista_table_finder/barista_table_finder/action/align_barista.h
-- Up-to-date: /home/user/ros2_ws/install/barista_table_finder/share/barista_table_finder/environment/library_path.sh
-- Up-to-date: /home/user/ros2_ws/install/barista_table_finder/share/barista_table_finder/environment/library_path.dsv
-- Up-to-date: /home/user/ros2_ws/install/barista_table_finder/lib/libbarista_table_finder__rosidl_generator_c.so
-- Up-to-date: /home/user/ros2_ws/install/barista_table_finder/include/barista_table_finder/barista_table_finder
-- Up-to-date: /home/user/ros2_ws/install/barista_table_finder/include/barista_table_finder/barista_table_finder/msg
-- Up-to-date: /home/user/ros2_ws/install/barista_table_finder/include/barista_table_finder/barista_table_finder/msg/rosidl_typesupport_fastrtps_c__visibility_control.h
-- Up-to-date: /home/user/ros2_ws/install/barista_table_finder/include/barista_table_finder/barista_table_finder/action
-- Up-to-date: /home/user/ros2_ws/install/barista_table_finder/include/barista_table_finder/barista_table_finder/action/detail
-- Up-to-date: /home/user/ros2_ws/install/barista_table_finder/include/barista_table_finder/barista_table_finder/action/detail/go_under_table__rosidl_typesupport_fastrtps_c.h
-- Up-to-date: /home/user/ros2_ws/install/barista_table_finder/include/barista_table_finder/barista_table_finder/action/detail/align_barista__rosidl_typesupport_fastrtps_c.h
-- Up-to-date: /home/user/ros2_ws/install/barista_table_finder/lib/libbarista_table_finder__rosidl_typesupport_fastrtps_c.so
-- Up-to-date: /home/user/ros2_ws/install/barista_table_finder/include/barista_table_finder/barista_table_finder
-- Up-to-date: /home/user/ros2_ws/install/barista_table_finder/include/barista_table_finder/barista_table_finder/action
-- Up-to-date: /home/user/ros2_ws/install/barista_table_finder/include/barista_table_finder/barista_table_finder/action/detail
-- Up-to-date: /home/user/ros2_ws/install/barista_table_finder/include/barista_table_finder/barista_table_finder/action/detail/align_barista__struct.hpp
-- Up-to-date: /home/user/ros2_ws/install/barista_table_finder/include/barista_table_finder/barista_table_finder/action/detail/align_barista__builder.hpp
-- Up-to-date: /home/user/ros2_ws/install/barista_table_finder/include/barista_table_finder/barista_table_finder/action/detail/go_under_table__struct.hpp
-- Up-to-date: /home/user/ros2_ws/install/barista_table_finder/include/barista_table_finder/barista_table_finder/action/detail/align_barista__traits.hpp
-- Up-to-date: /home/user/ros2_ws/install/barista_table_finder/include/barista_table_finder/barista_table_finder/action/detail/go_under_table__traits.hpp
-- Up-to-date: /home/user/ros2_ws/install/barista_table_finder/include/barista_table_finder/barista_table_finder/action/detail/go_under_table__builder.hpp
-- Up-to-date: /home/user/ros2_ws/install/barista_table_finder/include/barista_table_finder/barista_table_finder/action/go_under_table.hpp
-- Up-to-date: /home/user/ros2_ws/install/barista_table_finder/include/barista_table_finder/barista_table_finder/action/align_barista.hpp
-- Up-to-date: /home/user/ros2_ws/install/barista_table_finder/include/barista_table_finder/barista_table_finder
-- Up-to-date: /home/user/ros2_ws/install/barista_table_finder/include/barista_table_finder/barista_table_finder/msg
-- Up-to-date: /home/user/ros2_ws/install/barista_table_finder/include/barista_table_finder/barista_table_finder/msg/rosidl_typesupport_fastrtps_cpp__visibility_control.h
-- Up-to-date: /home/user/ros2_ws/install/barista_table_finder/include/barista_table_finder/barista_table_finder/action
-- Up-to-date: /home/user/ros2_ws/install/barista_table_finder/include/barista_table_finder/barista_table_finder/action/detail
-- Up-to-date: /home/user/ros2_ws/install/barista_table_finder/include/barista_table_finder/barista_table_finder/action/detail/align_barista__rosidl_typesupport_fastrtps_cpp.hpp
-- Up-to-date: /home/user/ros2_ws/install/barista_table_finder/include/barista_table_finder/barista_table_finder/action/detail/dds_fastrtps
-- Up-to-date: /home/user/ros2_ws/install/barista_table_finder/include/barista_table_finder/barista_table_finder/action/detail/go_under_table__rosidl_typesupport_fastrtps_cpp.hpp
-- Up-to-date: /home/user/ros2_ws/install/barista_table_finder/lib/libbarista_table_finder__rosidl_typesupport_fastrtps_cpp.so
-- Up-to-date: /home/user/ros2_ws/install/barista_table_finder/include/barista_table_finder/barista_table_finder
-- Up-to-date: /home/user/ros2_ws/install/barista_table_finder/include/barista_table_finder/barista_table_finder/msg
-- Up-to-date: /home/user/ros2_ws/install/barista_table_finder/include/barista_table_finder/barista_table_finder/msg/rosidl_typesupport_introspection_c__visibility_control.h
-- Up-to-date: /home/user/ros2_ws/install/barista_table_finder/include/barista_table_finder/barista_table_finder/action
-- Up-to-date: /home/user/ros2_ws/install/barista_table_finder/include/barista_table_finder/barista_table_finder/action/detail
-- Up-to-date: /home/user/ros2_ws/install/barista_table_finder/include/barista_table_finder/barista_table_finder/action/detail/go_under_table__rosidl_typesupport_introspection_c.h
-- Up-to-date: /home/user/ros2_ws/install/barista_table_finder/include/barista_table_finder/barista_table_finder/action/detail/go_under_table__type_support.c
-- Up-to-date: /home/user/ros2_ws/install/barista_table_finder/include/barista_table_finder/barista_table_finder/action/detail/align_barista__rosidl_typesupport_introspection_c.h
-- Up-to-date: /home/user/ros2_ws/install/barista_table_finder/include/barista_table_finder/barista_table_finder/action/detail/align_barista__type_support.c
-- Up-to-date: /home/user/ros2_ws/install/barista_table_finder/lib/libbarista_table_finder__rosidl_typesupport_introspection_c.so
-- Up-to-date: /home/user/ros2_ws/install/barista_table_finder/lib/libbarista_table_finder__rosidl_typesupport_c.so
-- Up-to-date: /home/user/ros2_ws/install/barista_table_finder/include/barista_table_finder/barista_table_finder
-- Up-to-date: /home/user/ros2_ws/install/barista_table_finder/include/barista_table_finder/barista_table_finder/action
-- Up-to-date: /home/user/ros2_ws/install/barista_table_finder/include/barista_table_finder/barista_table_finder/action/detail
-- Up-to-date: /home/user/ros2_ws/install/barista_table_finder/include/barista_table_finder/barista_table_finder/action/detail/align_barista__type_support.cpp
-- Up-to-date: /home/user/ros2_ws/install/barista_table_finder/include/barista_table_finder/barista_table_finder/action/detail/go_under_table__type_support.cpp
-- Up-to-date: /home/user/ros2_ws/install/barista_table_finder/include/barista_table_finder/barista_table_finder/action/detail/align_barista__rosidl_typesupport_introspection_cpp.hpp
-- Up-to-date: /home/user/ros2_ws/install/barista_table_finder/include/barista_table_finder/barista_table_finder/action/detail/go_under_table__rosidl_typesupport_introspection_cpp.hpp
-- Up-to-date: /home/user/ros2_ws/install/barista_table_finder/lib/libbarista_table_finder__rosidl_typesupport_introspection_cpp.so
-- Up-to-date: /home/user/ros2_ws/install/barista_table_finder/lib/libbarista_table_finder__rosidl_typesupport_cpp.so
-- Up-to-date: /home/user/ros2_ws/install/barista_table_finder/share/ament_index/resource_index/rust_packages/barista_table_finder
-- Up-to-date: /home/user/ros2_ws/install/barista_table_finder/share/barista_table_finder/rust
-- Up-to-date: /home/user/ros2_ws/install/barista_table_finder/share/barista_table_finder/rust/Cargo.toml
-- Up-to-date: /home/user/ros2_ws/install/barista_table_finder/share/barista_table_finder/rust/src
-- Up-to-date: /home/user/ros2_ws/install/barista_table_finder/share/barista_table_finder/rust/src/lib.rs
-- Up-to-date: /home/user/ros2_ws/install/barista_table_finder/share/barista_table_finder/rust/build.rs
-- Up-to-date: /home/user/ros2_ws/install/barista_table_finder/share/barista_table_finder/rust
-- Up-to-date: /home/user/ros2_ws/install/barista_table_finder/share/barista_table_finder/rust/Cargo.toml
-- Up-to-date: /home/user/ros2_ws/install/barista_table_finder/share/barista_table_finder/rust/src
-- Up-to-date: /home/user/ros2_ws/install/barista_table_finder/share/barista_table_finder/rust/src/lib.rs
-- Up-to-date: /home/user/ros2_ws/install/barista_table_finder/share/barista_table_finder/rust/build.rs
-- Up-to-date: /home/user/ros2_ws/install/barista_table_finder/share/barista_table_finder/rust
-- Up-to-date: /home/user/ros2_ws/install/barista_table_finder/share/barista_table_finder/rust/Cargo.toml
-- Up-to-date: /home/user/ros2_ws/install/barista_table_finder/share/barista_table_finder/rust/src
-- Up-to-date: /home/user/ros2_ws/install/barista_table_finder/share/barista_table_finder/rust/src/lib.rs
-- Up-to-date: /home/user/ros2_ws/install/barista_table_finder/share/barista_table_finder/rust/build.rs
-- Up-to-date: /home/user/ros2_ws/install/barista_table_finder/share/barista_table_finder/environment/pythonpath.sh
-- Up-to-date: /home/user/ros2_ws/install/barista_table_finder/share/barista_table_finder/environment/pythonpath.dsv
-- Up-to-date: /home/user/ros2_ws/install/barista_table_finder/local/lib/python3.10/dist-packages/barista_table_finder-0.0.0-py3.10.egg-info
-- Installing: /home/user/ros2_ws/install/barista_table_finder/local/lib/python3.10/dist-packages/barista_table_finder-0.0.0-py3.10.egg-info/PKG-INFO
-- Installing: /home/user/ros2_ws/install/barista_table_finder/local/lib/python3.10/dist-packages/barista_table_finder-0.0.0-py3.10.egg-info/top_level.txt
-- Installing: /home/user/ros2_ws/install/barista_table_finder/local/lib/python3.10/dist-packages/barista_table_finder-0.0.0-py3.10.egg-info/SOURCES.txt
-- Installing: /home/user/ros2_ws/install/barista_table_finder/local/lib/python3.10/dist-packages/barista_table_finder-0.0.0-py3.10.egg-info/dependency_links.txt
-- Up-to-date: /home/user/ros2_ws/install/barista_table_finder/local/lib/python3.10/dist-packages/barista_table_finder
-- Up-to-date: /home/user/ros2_ws/install/barista_table_finder/local/lib/python3.10/dist-packages/barista_table_finder/barista_table_finder_s__rosidl_typesupport_c.cpython-310-x86_64-linux-gnu.so
-- Up-to-date: /home/user/ros2_ws/install/barista_table_finder/local/lib/python3.10/dist-packages/barista_table_finder/libbarista_table_finder__rosidl_generator_py.so
-- Up-to-date: /home/user/ros2_ws/install/barista_table_finder/local/lib/python3.10/dist-packages/barista_table_finder/barista_table_finder_s__rosidl_typesupport_introspection_c.cpython-310-x86_64-linux-gnu.so
-- Up-to-date: /home/user/ros2_ws/install/barista_table_finder/local/lib/python3.10/dist-packages/barista_table_finder/__init__.py
-- Up-to-date: /home/user/ros2_ws/install/barista_table_finder/local/lib/python3.10/dist-packages/barista_table_finder/_barista_table_finder_s.ep.rosidl_typesupport_introspection_c.c
-- Up-to-date: /home/user/ros2_ws/install/barista_table_finder/local/lib/python3.10/dist-packages/barista_table_finder/_barista_table_finder_s.ep.rosidl_typesupport_c.c
-- Up-to-date: /home/user/ros2_ws/install/barista_table_finder/local/lib/python3.10/dist-packages/barista_table_finder/barista_table_finder_s__rosidl_typesupport_fastrtps_c.cpython-310-x86_64-linux-gnu.so
-- Up-to-date: /home/user/ros2_ws/install/barista_table_finder/local/lib/python3.10/dist-packages/barista_table_finder/_barista_table_finder_s.ep.rosidl_typesupport_fastrtps_c.c
-- Up-to-date: /home/user/ros2_ws/install/barista_table_finder/local/lib/python3.10/dist-packages/barista_table_finder/action
-- Up-to-date: /home/user/ros2_ws/install/barista_table_finder/local/lib/python3.10/dist-packages/barista_table_finder/action/_go_under_table_s.c
-- Up-to-date: /home/user/ros2_ws/install/barista_table_finder/local/lib/python3.10/dist-packages/barista_table_finder/action/_align_barista_s.c
-- Up-to-date: /home/user/ros2_ws/install/barista_table_finder/local/lib/python3.10/dist-packages/barista_table_finder/action/_go_under_table.py
-- Up-to-date: /home/user/ros2_ws/install/barista_table_finder/local/lib/python3.10/dist-packages/barista_table_finder/action/__init__.py
-- Up-to-date: /home/user/ros2_ws/install/barista_table_finder/local/lib/python3.10/dist-packages/barista_table_finder/action/_align_barista.py
Listing '/home/user/ros2_ws/install/barista_table_finder/local/lib/python3.10/dist-packages/barista_table_finder'...
Listing '/home/user/ros2_ws/install/barista_table_finder/local/lib/python3.10/dist-packages/barista_table_finder/action'...
-- Up-to-date: /home/user/ros2_ws/install/barista_table_finder/local/lib/python3.10/dist-packages/barista_table_finder/barista_table_finder_s__rosidl_typesupport_fastrtps_c.cpython-310-x86_64-linux-gnu.so
-- Up-to-date: /home/user/ros2_ws/install/barista_table_finder/local/lib/python3.10/dist-packages/barista_table_finder/barista_table_finder_s__rosidl_typesupport_introspection_c.cpython-310-x86_64-linux-gnu.so
-- Up-to-date: /home/user/ros2_ws/install/barista_table_finder/local/lib/python3.10/dist-packages/barista_table_finder/barista_table_finder_s__rosidl_typesupport_c.cpython-310-x86_64-linux-gnu.so
-- Up-to-date: /home/user/ros2_ws/install/barista_table_finder/lib/libbarista_table_finder__rosidl_generator_py.so
-- Up-to-date: /home/user/ros2_ws/install/barista_table_finder/share/barista_table_finder/action/AlignBarista.idl
-- Up-to-date: /home/user/ros2_ws/install/barista_table_finder/share/barista_table_finder/action/GoUnderTable.idl
-- Up-to-date: /home/user/ros2_ws/install/barista_table_finder/share/barista_table_finder/action/AlignBarista.action
-- Up-to-date: /home/user/ros2_ws/install/barista_table_finder/share/barista_table_finder/action/GoUnderTable.action
-- Up-to-date: /home/user/ros2_ws/install/barista_table_finder/lib/barista_table_finder/table_finder.py
-- Up-to-date: /home/user/ros2_ws/install/barista_table_finder/share/ament_index/resource_index/package_run_dependencies/barista_table_finder
-- Up-to-date: /home/user/ros2_ws/install/barista_table_finder/share/ament_index/resource_index/parent_prefix_path/barista_table_finder
-- Up-to-date: /home/user/ros2_ws/install/barista_table_finder/share/barista_table_finder/environment/ament_prefix_path.sh
-- Up-to-date: /home/user/ros2_ws/install/barista_table_finder/share/barista_table_finder/environment/ament_prefix_path.dsv
-- Up-to-date: /home/user/ros2_ws/install/barista_table_finder/share/barista_table_finder/environment/path.sh
-- Up-to-date: /home/user/ros2_ws/install/barista_table_finder/share/barista_table_finder/environment/path.dsv
-- Up-to-date: /home/user/ros2_ws/install/barista_table_finder/share/barista_table_finder/local_setup.bash
-- Up-to-date: /home/user/ros2_ws/install/barista_table_finder/share/barista_table_finder/local_setup.sh
-- Up-to-date: /home/user/ros2_ws/install/barista_table_finder/share/barista_table_finder/local_setup.zsh
-- Up-to-date: /home/user/ros2_ws/install/barista_table_finder/share/barista_table_finder/local_setup.dsv
-- Installing: /home/user/ros2_ws/install/barista_table_finder/share/barista_table_finder/package.dsv
-- Up-to-date: /home/user/ros2_ws/install/barista_table_finder/share/ament_index/resource_index/packages/barista_table_finder
-- Up-to-date: /home/user/ros2_ws/install/barista_table_finder/share/barista_table_finder/cmake/export_barista_table_finder__rosidl_generator_cExport.cmake
-- Up-to-date: /home/user/ros2_ws/install/barista_table_finder/share/barista_table_finder/cmake/export_barista_table_finder__rosidl_generator_cExport-noconfig.cmake
-- Up-to-date: /home/user/ros2_ws/install/barista_table_finder/share/barista_table_finder/cmake/export_barista_table_finder__rosidl_typesupport_fastrtps_cExport.cmake
-- Up-to-date: /home/user/ros2_ws/install/barista_table_finder/share/barista_table_finder/cmake/export_barista_table_finder__rosidl_typesupport_fastrtps_cExport-noconfig.cmake
-- Up-to-date: /home/user/ros2_ws/install/barista_table_finder/share/barista_table_finder/cmake/export_barista_table_finder__rosidl_generator_cppExport.cmake
-- Up-to-date: /home/user/ros2_ws/install/barista_table_finder/share/barista_table_finder/cmake/export_barista_table_finder__rosidl_typesupport_fastrtps_cppExport.cmake
-- Up-to-date: /home/user/ros2_ws/install/barista_table_finder/share/barista_table_finder/cmake/export_barista_table_finder__rosidl_typesupport_fastrtps_cppExport-noconfig.cmake
-- Up-to-date: /home/user/ros2_ws/install/barista_table_finder/share/barista_table_finder/cmake/barista_table_finder__rosidl_typesupport_introspection_cExport.cmake
-- Up-to-date: /home/user/ros2_ws/install/barista_table_finder/share/barista_table_finder/cmake/barista_table_finder__rosidl_typesupport_introspection_cExport-noconfig.cmake
-- Up-to-date: /home/user/ros2_ws/install/barista_table_finder/share/barista_table_finder/cmake/barista_table_finder__rosidl_typesupport_cExport.cmake
-- Up-to-date: /home/user/ros2_ws/install/barista_table_finder/share/barista_table_finder/cmake/barista_table_finder__rosidl_typesupport_cExport-noconfig.cmake
-- Up-to-date: /home/user/ros2_ws/install/barista_table_finder/share/barista_table_finder/cmake/barista_table_finder__rosidl_typesupport_introspection_cppExport.cmake
-- Up-to-date: /home/user/ros2_ws/install/barista_table_finder/share/barista_table_finder/cmake/barista_table_finder__rosidl_typesupport_introspection_cppExport-noconfig.cmake
-- Up-to-date: /home/user/ros2_ws/install/barista_table_finder/share/barista_table_finder/cmake/barista_table_finder__rosidl_typesupport_cppExport.cmake
-- Up-to-date: /home/user/ros2_ws/install/barista_table_finder/share/barista_table_finder/cmake/barista_table_finder__rosidl_typesupport_cppExport-noconfig.cmake
-- Up-to-date: /home/user/ros2_ws/install/barista_table_finder/share/barista_table_finder/cmake/export_barista_table_finder__rosidl_generator_pyExport.cmake
-- Up-to-date: /home/user/ros2_ws/install/barista_table_finder/share/barista_table_finder/cmake/export_barista_table_finder__rosidl_generator_pyExport-noconfig.cmake
-- Up-to-date: /home/user/ros2_ws/install/barista_table_finder/share/barista_table_finder/cmake/rosidl_cmake-extras.cmake
-- Up-to-date: /home/user/ros2_ws/install/barista_table_finder/share/barista_table_finder/cmake/ament_cmake_export_dependencies-extras.cmake
-- Up-to-date: /home/user/ros2_ws/install/barista_table_finder/share/barista_table_finder/cmake/ament_cmake_export_include_directories-extras.cmake
-- Up-to-date: /home/user/ros2_ws/install/barista_table_finder/share/barista_table_finder/cmake/ament_cmake_export_libraries-extras.cmake
-- Up-to-date: /home/user/ros2_ws/install/barista_table_finder/share/barista_table_finder/cmake/ament_cmake_export_targets-extras.cmake
-- Up-to-date: /home/user/ros2_ws/install/barista_table_finder/share/barista_table_finder/cmake/rosidl_cmake_export_typesupport_targets-extras.cmake
-- Up-to-date: /home/user/ros2_ws/install/barista_table_finder/share/barista_table_finder/cmake/rosidl_cmake_export_typesupport_libraries-extras.cmake
-- Up-to-date: /home/user/ros2_ws/install/barista_table_finder/share/barista_table_finder/cmake/barista_table_finderConfig.cmake
-- Up-to-date: /home/user/ros2_ws/install/barista_table_finder/share/barista_table_finder/cmake/barista_table_finderConfig-version.cmake
-- Up-to-date: /home/user/ros2_ws/install/barista_table_finder/share/barista_table_finder/package.xml
