[0.221s] Invoking command in '/home/user/ros2_ws/build/barista_table_finder': CMAKE_PREFIX_PATH=${CMAKE_PREFIX_PATH}:/home/user/ros2_ws/install/aruco_detection_tests:/home/simulations/ros2_sims_ws/install/rclrs_tests:/home/simulations/ros2_sims_ws/install/examples_rclrs_minimal_client_service:/home/simulations/ros2_sims_ws/install/sensor_msgs_py:/home/simulations/ros2_sims_ws/install/examples_rclrs_minimal_pub_sub:/home/simulations/ros2_sims_ws/install/examples_rclrs_message_demo:/home/simulations/ros2_sims_ws/install/rclrs:/home/simulations/ros2_sims_ws/install/rosidl_runtime_rs:/home/user/ros2_ws/install/ros2test:/home/user/ros2_ws/install/robotiq_85_driver:/home/user/ros2_ws/install/path_planner_server:/home/user/ros2_ws/install/moveit_configs_utils:/home/user/ros2_ws/install/localization_server:/home/user/ros2_ws/install/cartographer_slam:/opt/ros/humble _=/usr/bin/env /usr/bin/cmake --build /home/user/ros2_ws/build/barista_table_finder -- -j8 -l8
[0.422s] [  2%] Built target barista_table_finder__rs
[0.422s] [  5%] Built target barista_table_finder__cpp
[0.423s] [ 15%] Built target barista_table_finder__rosidl_generator_c
[0.477s] [ 15%] Built target ament_cmake_python_copy_barista_table_finder
[0.524s] [ 25%] Built target barista_table_finder__rosidl_typesupport_introspection_cpp
[0.529s] [ 35%] Built target barista_table_finder__rosidl_typesupport_cpp
[0.530s] [ 45%] Built target barista_table_finder__rosidl_typesupport_fastrtps_cpp
[0.599s] [ 55%] Built target barista_table_finder__rosidl_typesupport_c
[0.600s] [ 65%] Built target barista_table_finder__rosidl_typesupport_introspection_c
[0.607s] [ 75%] Built target barista_table_finder__rosidl_typesupport_fastrtps_c
[0.660s] [ 75%] Built target barista_table_finder
[0.712s] [ 77%] Built target barista_table_finder__py
[0.768s] [ 85%] Built target barista_table_finder__rosidl_generator_py
[0.838s] [ 90%] Built target barista_table_finder__rosidl_typesupport_c__pyext
[0.841s] [ 95%] Built target barista_table_finder__rosidl_typesupport_introspection_c__pyext
[0.843s] [100%] Built target barista_table_finder__rosidl_typesupport_fastrtps_c__pyext
[0.935s] running egg_info
[0.936s] writing barista_table_finder.egg-info/PKG-INFO
[0.936s] writing dependency_links to barista_table_finder.egg-info/dependency_links.txt
[0.936s] writing top-level names to barista_table_finder.egg-info/top_level.txt
[0.938s] reading manifest file 'barista_table_finder.egg-info/SOURCES.txt'
[0.938s] writing manifest file 'barista_table_finder.egg-info/SOURCES.txt'
[0.974s] [100%] Built target ament_cmake_python_build_barista_table_finder_egg
[1.181s] Invoked command in '/home/user/ros2_ws/build/barista_table_finder' returned '0': CMAKE_PREFIX_PATH=${CMAKE_PREFIX_PATH}:/home/user/ros2_ws/install/aruco_detection_tests:/home/simulations/ros2_sims_ws/install/rclrs_tests:/home/simulations/ros2_sims_ws/install/examples_rclrs_minimal_client_service:/home/simulations/ros2_sims_ws/install/sensor_msgs_py:/home/simulations/ros2_sims_ws/install/examples_rclrs_minimal_pub_sub:/home/simulations/ros2_sims_ws/install/examples_rclrs_message_demo:/home/simulations/ros2_sims_ws/install/rclrs:/home/simulations/ros2_sims_ws/install/rosidl_runtime_rs:/home/user/ros2_ws/install/ros2test:/home/user/ros2_ws/install/robotiq_85_driver:/home/user/ros2_ws/install/path_planner_server:/home/user/ros2_ws/install/moveit_configs_utils:/home/user/ros2_ws/install/localization_server:/home/user/ros2_ws/install/cartographer_slam:/opt/ros/humble _=/usr/bin/env /usr/bin/cmake --build /home/user/ros2_ws/build/barista_table_finder -- -j8 -l8
[1.963s] Invoking command in '/home/user/ros2_ws/build/barista_table_finder': CMAKE_PREFIX_PATH=${CMAKE_PREFIX_PATH}:/home/user/ros2_ws/install/aruco_detection_tests:/home/simulations/ros2_sims_ws/install/rclrs_tests:/home/simulations/ros2_sims_ws/install/examples_rclrs_minimal_client_service:/home/simulations/ros2_sims_ws/install/sensor_msgs_py:/home/simulations/ros2_sims_ws/install/examples_rclrs_minimal_pub_sub:/home/simulations/ros2_sims_ws/install/examples_rclrs_message_demo:/home/simulations/ros2_sims_ws/install/rclrs:/home/simulations/ros2_sims_ws/install/rosidl_runtime_rs:/home/user/ros2_ws/install/ros2test:/home/user/ros2_ws/install/robotiq_85_driver:/home/user/ros2_ws/install/path_planner_server:/home/user/ros2_ws/install/moveit_configs_utils:/home/user/ros2_ws/install/localization_server:/home/user/ros2_ws/install/cartographer_slam:/opt/ros/humble _=/usr/bin/env /usr/bin/cmake --install /home/user/ros2_ws/build/barista_table_finder
[2.003s] -- Install configuration: ""
[2.003s] -- Up-to-date: /home/user/ros2_ws/install/barista_table_finder/share/barista_table_finder//launch
[2.003s] -- Up-to-date: /home/user/ros2_ws/install/barista_table_finder/share/barista_table_finder//launch/barista_1_table_finder_server.launch.xml
[2.004s] -- Up-to-date: /home/user/ros2_ws/install/barista_table_finder/share/barista_table_finder//launch/cleaner_1_table_finder_server.launch.xml
[2.004s] -- Up-to-date: /home/user/ros2_ws/install/barista_table_finder/share/ament_index/resource_index/rosidl_interfaces/barista_table_finder
[2.004s] -- Up-to-date: /home/user/ros2_ws/install/barista_table_finder/include/barista_table_finder/barista_table_finder
[2.004s] -- Up-to-date: /home/user/ros2_ws/install/barista_table_finder/include/barista_table_finder/barista_table_finder/msg
[2.004s] -- Up-to-date: /home/user/ros2_ws/install/barista_table_finder/include/barista_table_finder/barista_table_finder/msg/rosidl_generator_c__visibility_control.h
[2.005s] -- Up-to-date: /home/user/ros2_ws/install/barista_table_finder/include/barista_table_finder/barista_table_finder/action
[2.005s] -- Up-to-date: /home/user/ros2_ws/install/barista_table_finder/include/barista_table_finder/barista_table_finder/action/detail
[2.005s] -- Up-to-date: /home/user/ros2_ws/install/barista_table_finder/include/barista_table_finder/barista_table_finder/action/detail/align_barista__struct.h
[2.005s] -- Up-to-date: /home/user/ros2_ws/install/barista_table_finder/include/barista_table_finder/barista_table_finder/action/detail/align_barista__type_support.h
[2.005s] -- Up-to-date: /home/user/ros2_ws/install/barista_table_finder/include/barista_table_finder/barista_table_finder/action/detail/go_under_table__struct.h
[2.005s] -- Up-to-date: /home/user/ros2_ws/install/barista_table_finder/include/barista_table_finder/barista_table_finder/action/detail/align_barista__functions.h
[2.005s] -- Up-to-date: /home/user/ros2_ws/install/barista_table_finder/include/barista_table_finder/barista_table_finder/action/detail/go_under_table__functions.h
[2.005s] -- Up-to-date: /home/user/ros2_ws/install/barista_table_finder/include/barista_table_finder/barista_table_finder/action/detail/go_under_table__functions.c
[2.006s] -- Up-to-date: /home/user/ros2_ws/install/barista_table_finder/include/barista_table_finder/barista_table_finder/action/detail/align_barista__functions.c
[2.006s] -- Up-to-date: /home/user/ros2_ws/install/barista_table_finder/include/barista_table_finder/barista_table_finder/action/detail/go_under_table__type_support.h
[2.006s] -- Up-to-date: /home/user/ros2_ws/install/barista_table_finder/include/barista_table_finder/barista_table_finder/action/go_under_table.h
[2.006s] -- Up-to-date: /home/user/ros2_ws/install/barista_table_finder/include/barista_table_finder/barista_table_finder/action/align_barista.h
[2.006s] -- Up-to-date: /home/user/ros2_ws/install/barista_table_finder/share/barista_table_finder/environment/library_path.sh
[2.006s] -- Up-to-date: /home/user/ros2_ws/install/barista_table_finder/share/barista_table_finder/environment/library_path.dsv
[2.007s] -- Up-to-date: /home/user/ros2_ws/install/barista_table_finder/lib/libbarista_table_finder__rosidl_generator_c.so
[2.007s] -- Up-to-date: /home/user/ros2_ws/install/barista_table_finder/include/barista_table_finder/barista_table_finder
[2.007s] -- Up-to-date: /home/user/ros2_ws/install/barista_table_finder/include/barista_table_finder/barista_table_finder/msg
[2.007s] -- Up-to-date: /home/user/ros2_ws/install/barista_table_finder/include/barista_table_finder/barista_table_finder/msg/rosidl_typesupport_fastrtps_c__visibility_control.h
[2.007s] -- Up-to-date: /home/user/ros2_ws/install/barista_table_finder/include/barista_table_finder/barista_table_finder/action
[2.008s] -- Up-to-date: /home/user/ros2_ws/install/barista_table_finder/include/barista_table_finder/barista_table_finder/action/detail
[2.009s] -- Up-to-date: /home/user/ros2_ws/install/barista_table_finder/include/barista_table_finder/barista_table_finder/action/detail/go_under_table__rosidl_typesupport_fastrtps_c.h
[2.009s] -- Up-to-date: /home/user/ros2_ws/install/barista_table_finder/include/barista_table_finder/barista_table_finder/action/detail/align_barista__rosidl_typesupport_fastrtps_c.h
[2.009s] -- Up-to-date: /home/user/ros2_ws/install/barista_table_finder/lib/libbarista_table_finder__rosidl_typesupport_fastrtps_c.so
[2.009s] -- Up-to-date: /home/user/ros2_ws/install/barista_table_finder/include/barista_table_finder/barista_table_finder
[2.009s] -- Up-to-date: /home/user/ros2_ws/install/barista_table_finder/include/barista_table_finder/barista_table_finder/action
[2.009s] -- Up-to-date: /home/user/ros2_ws/install/barista_table_finder/include/barista_table_finder/barista_table_finder/action/detail
[2.010s] -- Up-to-date: /home/user/ros2_ws/install/barista_table_finder/include/barista_table_finder/barista_table_finder/action/detail/align_barista__struct.hpp
[2.010s] -- Up-to-date: /home/user/ros2_ws/install/barista_table_finder/include/barista_table_finder/barista_table_finder/action/detail/align_barista__builder.hpp
[2.010s] -- Up-to-date: /home/user/ros2_ws/install/barista_table_finder/include/barista_table_finder/barista_table_finder/action/detail/go_under_table__struct.hpp
[2.010s] -- Up-to-date: /home/user/ros2_ws/install/barista_table_finder/include/barista_table_finder/barista_table_finder/action/detail/align_barista__traits.hpp
[2.010s] -- Up-to-date: /home/user/ros2_ws/install/barista_table_finder/include/barista_table_finder/barista_table_finder/action/detail/go_under_table__traits.hpp
[2.010s] -- Up-to-date: /home/user/ros2_ws/install/barista_table_finder/include/barista_table_finder/barista_table_finder/action/detail/go_under_table__builder.hpp
[2.011s] -- Up-to-date: /home/user/ros2_ws/install/barista_table_finder/include/barista_table_finder/barista_table_finder/action/go_under_table.hpp
[2.011s] -- Up-to-date: /home/user/ros2_ws/install/barista_table_finder/include/barista_table_finder/barista_table_finder/action/align_barista.hpp
[2.011s] -- Up-to-date: /home/user/ros2_ws/install/barista_table_finder/include/barista_table_finder/barista_table_finder
[2.011s] -- Up-to-date: /home/user/ros2_ws/install/barista_table_finder/include/barista_table_finder/barista_table_finder/msg
[2.011s] -- Up-to-date: /home/user/ros2_ws/install/barista_table_finder/include/barista_table_finder/barista_table_finder/msg/rosidl_typesupport_fastrtps_cpp__visibility_control.h
[2.011s] -- Up-to-date: /home/user/ros2_ws/install/barista_table_finder/include/barista_table_finder/barista_table_finder/action
[2.011s] -- Up-to-date: /home/user/ros2_ws/install/barista_table_finder/include/barista_table_finder/barista_table_finder/action/detail
[2.012s] -- Up-to-date: /home/user/ros2_ws/install/barista_table_finder/include/barista_table_finder/barista_table_finder/action/detail/align_barista__rosidl_typesupport_fastrtps_cpp.hpp
[2.012s] -- Up-to-date: /home/user/ros2_ws/install/barista_table_finder/include/barista_table_finder/barista_table_finder/action/detail/dds_fastrtps
[2.012s] -- Up-to-date: /home/user/ros2_ws/install/barista_table_finder/include/barista_table_finder/barista_table_finder/action/detail/go_under_table__rosidl_typesupport_fastrtps_cpp.hpp
[2.012s] -- Up-to-date: /home/user/ros2_ws/install/barista_table_finder/lib/libbarista_table_finder__rosidl_typesupport_fastrtps_cpp.so
[2.014s] -- Up-to-date: /home/user/ros2_ws/install/barista_table_finder/include/barista_table_finder/barista_table_finder
[2.015s] -- Up-to-date: /home/user/ros2_ws/install/barista_table_finder/include/barista_table_finder/barista_table_finder/msg
[2.015s] -- Up-to-date: /home/user/ros2_ws/install/barista_table_finder/include/barista_table_finder/barista_table_finder/msg/rosidl_typesupport_introspection_c__visibility_control.h
[2.015s] -- Up-to-date: /home/user/ros2_ws/install/barista_table_finder/include/barista_table_finder/barista_table_finder/action
[2.015s] -- Up-to-date: /home/user/ros2_ws/install/barista_table_finder/include/barista_table_finder/barista_table_finder/action/detail
[2.015s] -- Up-to-date: /home/user/ros2_ws/install/barista_table_finder/include/barista_table_finder/barista_table_finder/action/detail/go_under_table__rosidl_typesupport_introspection_c.h
[2.016s] -- Up-to-date: /home/user/ros2_ws/install/barista_table_finder/include/barista_table_finder/barista_table_finder/action/detail/go_under_table__type_support.c
[2.016s] -- Up-to-date: /home/user/ros2_ws/install/barista_table_finder/include/barista_table_finder/barista_table_finder/action/detail/align_barista__rosidl_typesupport_introspection_c.h
[2.016s] -- Up-to-date: /home/user/ros2_ws/install/barista_table_finder/include/barista_table_finder/barista_table_finder/action/detail/align_barista__type_support.c
[2.016s] -- Up-to-date: /home/user/ros2_ws/install/barista_table_finder/lib/libbarista_table_finder__rosidl_typesupport_introspection_c.so
[2.016s] -- Up-to-date: /home/user/ros2_ws/install/barista_table_finder/lib/libbarista_table_finder__rosidl_typesupport_c.so
[2.016s] -- Up-to-date: /home/user/ros2_ws/install/barista_table_finder/include/barista_table_finder/barista_table_finder
[2.016s] -- Up-to-date: /home/user/ros2_ws/install/barista_table_finder/include/barista_table_finder/barista_table_finder/action
[2.016s] -- Up-to-date: /home/user/ros2_ws/install/barista_table_finder/include/barista_table_finder/barista_table_finder/action/detail
[2.016s] -- Up-to-date: /home/user/ros2_ws/install/barista_table_finder/include/barista_table_finder/barista_table_finder/action/detail/align_barista__type_support.cpp
[2.016s] -- Up-to-date: /home/user/ros2_ws/install/barista_table_finder/include/barista_table_finder/barista_table_finder/action/detail/go_under_table__type_support.cpp
[2.016s] -- Up-to-date: /home/user/ros2_ws/install/barista_table_finder/include/barista_table_finder/barista_table_finder/action/detail/align_barista__rosidl_typesupport_introspection_cpp.hpp
[2.016s] -- Up-to-date: /home/user/ros2_ws/install/barista_table_finder/include/barista_table_finder/barista_table_finder/action/detail/go_under_table__rosidl_typesupport_introspection_cpp.hpp
[2.016s] -- Up-to-date: /home/user/ros2_ws/install/barista_table_finder/lib/libbarista_table_finder__rosidl_typesupport_introspection_cpp.so
[2.016s] -- Up-to-date: /home/user/ros2_ws/install/barista_table_finder/lib/libbarista_table_finder__rosidl_typesupport_cpp.so
[2.016s] -- Up-to-date: /home/user/ros2_ws/install/barista_table_finder/share/ament_index/resource_index/rust_packages/barista_table_finder
[2.016s] -- Up-to-date: /home/user/ros2_ws/install/barista_table_finder/share/barista_table_finder/rust
[2.017s] -- Up-to-date: /home/user/ros2_ws/install/barista_table_finder/share/barista_table_finder/rust/Cargo.toml
[2.017s] -- Up-to-date: /home/user/ros2_ws/install/barista_table_finder/share/barista_table_finder/rust/src
[2.017s] -- Up-to-date: /home/user/ros2_ws/install/barista_table_finder/share/barista_table_finder/rust/src/lib.rs
[2.017s] -- Up-to-date: /home/user/ros2_ws/install/barista_table_finder/share/barista_table_finder/rust/build.rs
[2.017s] -- Up-to-date: /home/user/ros2_ws/install/barista_table_finder/share/barista_table_finder/rust
[2.017s] -- Up-to-date: /home/user/ros2_ws/install/barista_table_finder/share/barista_table_finder/rust/Cargo.toml
[2.017s] -- Up-to-date: /home/user/ros2_ws/install/barista_table_finder/share/barista_table_finder/rust/src
[2.017s] -- Up-to-date: /home/user/ros2_ws/install/barista_table_finder/share/barista_table_finder/rust/src/lib.rs
[2.017s] -- Up-to-date: /home/user/ros2_ws/install/barista_table_finder/share/barista_table_finder/rust/build.rs
[2.017s] -- Up-to-date: /home/user/ros2_ws/install/barista_table_finder/share/barista_table_finder/rust
[2.017s] -- Up-to-date: /home/user/ros2_ws/install/barista_table_finder/share/barista_table_finder/rust/Cargo.toml
[2.017s] -- Up-to-date: /home/user/ros2_ws/install/barista_table_finder/share/barista_table_finder/rust/src
[2.017s] -- Up-to-date: /home/user/ros2_ws/install/barista_table_finder/share/barista_table_finder/rust/src/lib.rs
[2.017s] -- Up-to-date: /home/user/ros2_ws/install/barista_table_finder/share/barista_table_finder/rust/build.rs
[2.017s] -- Up-to-date: /home/user/ros2_ws/install/barista_table_finder/share/barista_table_finder/environment/pythonpath.sh
[2.017s] -- Up-to-date: /home/user/ros2_ws/install/barista_table_finder/share/barista_table_finder/environment/pythonpath.dsv
[2.018s] -- Up-to-date: /home/user/ros2_ws/install/barista_table_finder/local/lib/python3.10/dist-packages/barista_table_finder-0.0.0-py3.10.egg-info
[2.018s] -- Installing: /home/user/ros2_ws/install/barista_table_finder/local/lib/python3.10/dist-packages/barista_table_finder-0.0.0-py3.10.egg-info/PKG-INFO
[2.018s] -- Installing: /home/user/ros2_ws/install/barista_table_finder/local/lib/python3.10/dist-packages/barista_table_finder-0.0.0-py3.10.egg-info/top_level.txt
[2.018s] -- Installing: /home/user/ros2_ws/install/barista_table_finder/local/lib/python3.10/dist-packages/barista_table_finder-0.0.0-py3.10.egg-info/SOURCES.txt
[2.018s] -- Installing: /home/user/ros2_ws/install/barista_table_finder/local/lib/python3.10/dist-packages/barista_table_finder-0.0.0-py3.10.egg-info/dependency_links.txt
[2.018s] -- Up-to-date: /home/user/ros2_ws/install/barista_table_finder/local/lib/python3.10/dist-packages/barista_table_finder
[2.018s] -- Up-to-date: /home/user/ros2_ws/install/barista_table_finder/local/lib/python3.10/dist-packages/barista_table_finder/barista_table_finder_s__rosidl_typesupport_c.cpython-310-x86_64-linux-gnu.so
[2.018s] -- Up-to-date: /home/user/ros2_ws/install/barista_table_finder/local/lib/python3.10/dist-packages/barista_table_finder/libbarista_table_finder__rosidl_generator_py.so
[2.018s] -- Up-to-date: /home/user/ros2_ws/install/barista_table_finder/local/lib/python3.10/dist-packages/barista_table_finder/barista_table_finder_s__rosidl_typesupport_introspection_c.cpython-310-x86_64-linux-gnu.so
[2.018s] -- Up-to-date: /home/user/ros2_ws/install/barista_table_finder/local/lib/python3.10/dist-packages/barista_table_finder/__init__.py
[2.018s] -- Up-to-date: /home/user/ros2_ws/install/barista_table_finder/local/lib/python3.10/dist-packages/barista_table_finder/_barista_table_finder_s.ep.rosidl_typesupport_introspection_c.c
[2.018s] -- Up-to-date: /home/user/ros2_ws/install/barista_table_finder/local/lib/python3.10/dist-packages/barista_table_finder/_barista_table_finder_s.ep.rosidl_typesupport_c.c
[2.018s] -- Up-to-date: /home/user/ros2_ws/install/barista_table_finder/local/lib/python3.10/dist-packages/barista_table_finder/barista_table_finder_s__rosidl_typesupport_fastrtps_c.cpython-310-x86_64-linux-gnu.so
[2.018s] -- Up-to-date: /home/user/ros2_ws/install/barista_table_finder/local/lib/python3.10/dist-packages/barista_table_finder/_barista_table_finder_s.ep.rosidl_typesupport_fastrtps_c.c
[2.019s] -- Up-to-date: /home/user/ros2_ws/install/barista_table_finder/local/lib/python3.10/dist-packages/barista_table_finder/action
[2.019s] -- Up-to-date: /home/user/ros2_ws/install/barista_table_finder/local/lib/python3.10/dist-packages/barista_table_finder/action/_go_under_table_s.c
[2.019s] -- Up-to-date: /home/user/ros2_ws/install/barista_table_finder/local/lib/python3.10/dist-packages/barista_table_finder/action/_align_barista_s.c
[2.019s] -- Up-to-date: /home/user/ros2_ws/install/barista_table_finder/local/lib/python3.10/dist-packages/barista_table_finder/action/_go_under_table.py
[2.019s] -- Up-to-date: /home/user/ros2_ws/install/barista_table_finder/local/lib/python3.10/dist-packages/barista_table_finder/action/__init__.py
[2.019s] -- Up-to-date: /home/user/ros2_ws/install/barista_table_finder/local/lib/python3.10/dist-packages/barista_table_finder/action/_align_barista.py
[2.110s] Listing '/home/user/ros2_ws/install/barista_table_finder/local/lib/python3.10/dist-packages/barista_table_finder'...
[2.115s] Listing '/home/user/ros2_ws/install/barista_table_finder/local/lib/python3.10/dist-packages/barista_table_finder/action'...
[2.116s] -- Up-to-date: /home/user/ros2_ws/install/barista_table_finder/local/lib/python3.10/dist-packages/barista_table_finder/barista_table_finder_s__rosidl_typesupport_fastrtps_c.cpython-310-x86_64-linux-gnu.so
[2.116s] -- Up-to-date: /home/user/ros2_ws/install/barista_table_finder/local/lib/python3.10/dist-packages/barista_table_finder/barista_table_finder_s__rosidl_typesupport_introspection_c.cpython-310-x86_64-linux-gnu.so
[2.117s] -- Up-to-date: /home/user/ros2_ws/install/barista_table_finder/local/lib/python3.10/dist-packages/barista_table_finder/barista_table_finder_s__rosidl_typesupport_c.cpython-310-x86_64-linux-gnu.so
[2.117s] -- Up-to-date: /home/user/ros2_ws/install/barista_table_finder/lib/libbarista_table_finder__rosidl_generator_py.so
[2.117s] -- Up-to-date: /home/user/ros2_ws/install/barista_table_finder/share/barista_table_finder/action/AlignBarista.idl
[2.117s] -- Up-to-date: /home/user/ros2_ws/install/barista_table_finder/share/barista_table_finder/action/GoUnderTable.idl
[2.118s] -- Up-to-date: /home/user/ros2_ws/install/barista_table_finder/share/barista_table_finder/action/AlignBarista.action
[2.118s] -- Up-to-date: /home/user/ros2_ws/install/barista_table_finder/share/barista_table_finder/action/GoUnderTable.action
[2.118s] -- Up-to-date: /home/user/ros2_ws/install/barista_table_finder/lib/barista_table_finder/table_finder.py
[2.118s] -- Up-to-date: /home/user/ros2_ws/install/barista_table_finder/share/ament_index/resource_index/package_run_dependencies/barista_table_finder
[2.118s] -- Up-to-date: /home/user/ros2_ws/install/barista_table_finder/share/ament_index/resource_index/parent_prefix_path/barista_table_finder
[2.118s] -- Up-to-date: /home/user/ros2_ws/install/barista_table_finder/share/barista_table_finder/environment/ament_prefix_path.sh
[2.119s] -- Up-to-date: /home/user/ros2_ws/install/barista_table_finder/share/barista_table_finder/environment/ament_prefix_path.dsv
[2.119s] -- Up-to-date: /home/user/ros2_ws/install/barista_table_finder/share/barista_table_finder/environment/path.sh
[2.119s] -- Up-to-date: /home/user/ros2_ws/install/barista_table_finder/share/barista_table_finder/environment/path.dsv
[2.119s] -- Up-to-date: /home/user/ros2_ws/install/barista_table_finder/share/barista_table_finder/local_setup.bash
[2.119s] -- Up-to-date: /home/user/ros2_ws/install/barista_table_finder/share/barista_table_finder/local_setup.sh
[2.119s] -- Up-to-date: /home/user/ros2_ws/install/barista_table_finder/share/barista_table_finder/local_setup.zsh
[2.119s] -- Up-to-date: /home/user/ros2_ws/install/barista_table_finder/share/barista_table_finder/local_setup.dsv
[2.119s] -- Installing: /home/user/ros2_ws/install/barista_table_finder/share/barista_table_finder/package.dsv
[2.120s] -- Up-to-date: /home/user/ros2_ws/install/barista_table_finder/share/ament_index/resource_index/packages/barista_table_finder
[2.120s] -- Up-to-date: /home/user/ros2_ws/install/barista_table_finder/share/barista_table_finder/cmake/export_barista_table_finder__rosidl_generator_cExport.cmake
[2.120s] -- Up-to-date: /home/user/ros2_ws/install/barista_table_finder/share/barista_table_finder/cmake/export_barista_table_finder__rosidl_generator_cExport-noconfig.cmake
[2.120s] -- Up-to-date: /home/user/ros2_ws/install/barista_table_finder/share/barista_table_finder/cmake/export_barista_table_finder__rosidl_typesupport_fastrtps_cExport.cmake
[2.121s] -- Up-to-date: /home/user/ros2_ws/install/barista_table_finder/share/barista_table_finder/cmake/export_barista_table_finder__rosidl_typesupport_fastrtps_cExport-noconfig.cmake
[2.121s] -- Up-to-date: /home/user/ros2_ws/install/barista_table_finder/share/barista_table_finder/cmake/export_barista_table_finder__rosidl_generator_cppExport.cmake
[2.121s] -- Up-to-date: /home/user/ros2_ws/install/barista_table_finder/share/barista_table_finder/cmake/export_barista_table_finder__rosidl_typesupport_fastrtps_cppExport.cmake
[2.121s] -- Up-to-date: /home/user/ros2_ws/install/barista_table_finder/share/barista_table_finder/cmake/export_barista_table_finder__rosidl_typesupport_fastrtps_cppExport-noconfig.cmake
[2.121s] -- Up-to-date: /home/user/ros2_ws/install/barista_table_finder/share/barista_table_finder/cmake/barista_table_finder__rosidl_typesupport_introspection_cExport.cmake
[2.121s] -- Up-to-date: /home/user/ros2_ws/install/barista_table_finder/share/barista_table_finder/cmake/barista_table_finder__rosidl_typesupport_introspection_cExport-noconfig.cmake
[2.121s] -- Up-to-date: /home/user/ros2_ws/install/barista_table_finder/share/barista_table_finder/cmake/barista_table_finder__rosidl_typesupport_cExport.cmake
[2.129s] -- Up-to-date: /home/user/ros2_ws/install/barista_table_finder/share/barista_table_finder/cmake/barista_table_finder__rosidl_typesupport_cExport-noconfig.cmake
[2.129s] -- Up-to-date: /home/user/ros2_ws/install/barista_table_finder/share/barista_table_finder/cmake/barista_table_finder__rosidl_typesupport_introspection_cppExport.cmake
[2.129s] -- Up-to-date: /home/user/ros2_ws/install/barista_table_finder/share/barista_table_finder/cmake/barista_table_finder__rosidl_typesupport_introspection_cppExport-noconfig.cmake
[2.129s] -- Up-to-date: /home/user/ros2_ws/install/barista_table_finder/share/barista_table_finder/cmake/barista_table_finder__rosidl_typesupport_cppExport.cmake
[2.129s] -- Up-to-date: /home/user/ros2_ws/install/barista_table_finder/share/barista_table_finder/cmake/barista_table_finder__rosidl_typesupport_cppExport-noconfig.cmake
[2.130s] -- Up-to-date: /home/user/ros2_ws/install/barista_table_finder/share/barista_table_finder/cmake/export_barista_table_finder__rosidl_generator_pyExport.cmake
[2.130s] -- Up-to-date: /home/user/ros2_ws/install/barista_table_finder/share/barista_table_finder/cmake/export_barista_table_finder__rosidl_generator_pyExport-noconfig.cmake
[2.130s] -- Up-to-date: /home/user/ros2_ws/install/barista_table_finder/share/barista_table_finder/cmake/rosidl_cmake-extras.cmake
[2.130s] -- Up-to-date: /home/user/ros2_ws/install/barista_table_finder/share/barista_table_finder/cmake/ament_cmake_export_dependencies-extras.cmake
[2.130s] -- Up-to-date: /home/user/ros2_ws/install/barista_table_finder/share/barista_table_finder/cmake/ament_cmake_export_include_directories-extras.cmake
[2.130s] -- Up-to-date: /home/user/ros2_ws/install/barista_table_finder/share/barista_table_finder/cmake/ament_cmake_export_libraries-extras.cmake
[2.130s] -- Up-to-date: /home/user/ros2_ws/install/barista_table_finder/share/barista_table_finder/cmake/ament_cmake_export_targets-extras.cmake
[2.130s] -- Up-to-date: /home/user/ros2_ws/install/barista_table_finder/share/barista_table_finder/cmake/rosidl_cmake_export_typesupport_targets-extras.cmake
[2.130s] -- Up-to-date: /home/user/ros2_ws/install/barista_table_finder/share/barista_table_finder/cmake/rosidl_cmake_export_typesupport_libraries-extras.cmake
[2.131s] -- Up-to-date: /home/user/ros2_ws/install/barista_table_finder/share/barista_table_finder/cmake/barista_table_finderConfig.cmake
[2.131s] -- Up-to-date: /home/user/ros2_ws/install/barista_table_finder/share/barista_table_finder/cmake/barista_table_finderConfig-version.cmake
[2.131s] -- Up-to-date: /home/user/ros2_ws/install/barista_table_finder/share/barista_table_finder/package.xml
[2.161s] Invoked command in '/home/user/ros2_ws/build/barista_table_finder' returned '0': CMAKE_PREFIX_PATH=${CMAKE_PREFIX_PATH}:/home/user/ros2_ws/install/aruco_detection_tests:/home/simulations/ros2_sims_ws/install/rclrs_tests:/home/simulations/ros2_sims_ws/install/examples_rclrs_minimal_client_service:/home/simulations/ros2_sims_ws/install/sensor_msgs_py:/home/simulations/ros2_sims_ws/install/examples_rclrs_minimal_pub_sub:/home/simulations/ros2_sims_ws/install/examples_rclrs_message_demo:/home/simulations/ros2_sims_ws/install/rclrs:/home/simulations/ros2_sims_ws/install/rosidl_runtime_rs:/home/user/ros2_ws/install/ros2test:/home/user/ros2_ws/install/robotiq_85_driver:/home/user/ros2_ws/install/path_planner_server:/home/user/ros2_ws/install/moveit_configs_utils:/home/user/ros2_ws/install/localization_server:/home/user/ros2_ws/install/cartographer_slam:/opt/ros/humble _=/usr/bin/env /usr/bin/cmake --install /home/user/ros2_ws/build/barista_table_finder
