[0.586s] Invoking command in '/home/user/ros2_ws/build/barista_extra_models': CMAKE_PREFIX_PATH=${CMAKE_PREFIX_PATH}:/home/simulations/ros2_sims_ws/install/rclrs_tests:/home/simulations/ros2_sims_ws/install/examples_rclrs_minimal_client_service:/home/simulations/ros2_sims_ws/install/sensor_msgs_py:/home/simulations/ros2_sims_ws/install/examples_rclrs_minimal_pub_sub:/home/simulations/ros2_sims_ws/install/examples_rclrs_message_demo:/home/simulations/ros2_sims_ws/install/rclrs:/home/simulations/ros2_sims_ws/install/rosidl_runtime_rs:/home/user/ros2_ws/install/ros2test:/home/user/ros2_ws/install/robotiq_85_driver:/home/user/ros2_ws/install/path_planner_server:/home/user/ros2_ws/install/moveit_configs_utils:/home/user/ros2_ws/install/localization_server:/home/user/ros2_ws/install/cartographer_slam:/opt/ros/humble _=/usr/bin/env /usr/bin/cmake --build /home/user/ros2_ws/build/barista_extra_models -- -j8 -l8
[1.205s] Invoked command in '/home/user/ros2_ws/build/barista_extra_models' returned '0': CMAKE_PREFIX_PATH=${CMAKE_PREFIX_PATH}:/home/simulations/ros2_sims_ws/install/rclrs_tests:/home/simulations/ros2_sims_ws/install/examples_rclrs_minimal_client_service:/home/simulations/ros2_sims_ws/install/sensor_msgs_py:/home/simulations/ros2_sims_ws/install/examples_rclrs_minimal_pub_sub:/home/simulations/ros2_sims_ws/install/examples_rclrs_message_demo:/home/simulations/ros2_sims_ws/install/rclrs:/home/simulations/ros2_sims_ws/install/rosidl_runtime_rs:/home/user/ros2_ws/install/ros2test:/home/user/ros2_ws/install/robotiq_85_driver:/home/user/ros2_ws/install/path_planner_server:/home/user/ros2_ws/install/moveit_configs_utils:/home/user/ros2_ws/install/localization_server:/home/user/ros2_ws/install/cartographer_slam:/opt/ros/humble _=/usr/bin/env /usr/bin/cmake --build /home/user/ros2_ws/build/barista_extra_models -- -j8 -l8
[2.399s] Invoking command in '/home/user/ros2_ws/build/barista_extra_models': CMAKE_PREFIX_PATH=${CMAKE_PREFIX_PATH}:/home/simulations/ros2_sims_ws/install/rclrs_tests:/home/simulations/ros2_sims_ws/install/examples_rclrs_minimal_client_service:/home/simulations/ros2_sims_ws/install/sensor_msgs_py:/home/simulations/ros2_sims_ws/install/examples_rclrs_minimal_pub_sub:/home/simulations/ros2_sims_ws/install/examples_rclrs_message_demo:/home/simulations/ros2_sims_ws/install/rclrs:/home/simulations/ros2_sims_ws/install/rosidl_runtime_rs:/home/user/ros2_ws/install/ros2test:/home/user/ros2_ws/install/robotiq_85_driver:/home/user/ros2_ws/install/path_planner_server:/home/user/ros2_ws/install/moveit_configs_utils:/home/user/ros2_ws/install/localization_server:/home/user/ros2_ws/install/cartographer_slam:/opt/ros/humble _=/usr/bin/env /usr/bin/cmake --install /home/user/ros2_ws/build/barista_extra_models
[2.490s] -- Install configuration: ""
[2.491s] -- Up-to-date: /home/user/ros2_ws/install/barista_extra_models/share/barista_extra_models/models
[2.491s] -- Up-to-date: /home/user/ros2_ws/install/barista_extra_models/share/barista_extra_models/models/stool
[2.491s] -- Up-to-date: /home/user/ros2_ws/install/barista_extra_models/share/barista_extra_models/models/stool/model.sdf
[2.492s] -- Up-to-date: /home/user/ros2_ws/install/barista_extra_models/share/barista_extra_models/models/stool/meshes
[2.492s] -- Up-to-date: /home/user/ros2_ws/install/barista_extra_models/share/barista_extra_models/models/stool/meshes/Material_93_baseColor.png
[2.493s] -- Up-to-date: /home/user/ros2_ws/install/barista_extra_models/share/barista_extra_models/models/stool/meshes/stool_v3.dae
[2.494s] -- Up-to-date: /home/user/ros2_ws/install/barista_extra_models/share/barista_extra_models/models/stool/model.config
[2.494s] -- Up-to-date: /home/user/ros2_ws/install/barista_extra_models/share/barista_extra_models/models/worktop
[2.495s] -- Up-to-date: /home/user/ros2_ws/install/barista_extra_models/share/barista_extra_models/models/worktop/model.sdf
[2.496s] -- Up-to-date: /home/user/ros2_ws/install/barista_extra_models/share/barista_extra_models/models/worktop/meshes
[2.497s] -- Up-to-date: /home/user/ros2_ws/install/barista_extra_models/share/barista_extra_models/models/worktop/meshes/worktop.dae
[2.498s] -- Up-to-date: /home/user/ros2_ws/install/barista_extra_models/share/barista_extra_models/models/worktop/meshes/encimera_negra
[2.499s] -- Up-to-date: /home/user/ros2_ws/install/barista_extra_models/share/barista_extra_models/models/worktop/meshes/encimera_negra/__auto_3.jpg
[2.499s] -- Up-to-date: /home/user/ros2_ws/install/barista_extra_models/share/barista_extra_models/models/worktop/model.config
[2.499s] -- Up-to-date: /home/user/ros2_ws/install/barista_extra_models/share/barista_extra_models/models/human_worker
[2.499s] -- Up-to-date: /home/user/ros2_ws/install/barista_extra_models/share/barista_extra_models/models/human_worker/model.sdf
[2.499s] -- Up-to-date: /home/user/ros2_ws/install/barista_extra_models/share/barista_extra_models/models/human_worker/meshes
[2.499s] -- Up-to-date: /home/user/ros2_ws/install/barista_extra_models/share/barista_extra_models/models/human_worker/meshes/constructionworker.dae
[2.499s] -- Up-to-date: /home/user/ros2_ws/install/barista_extra_models/share/barista_extra_models/models/human_worker/meshes/blue_deep.png
[2.500s] -- Up-to-date: /home/user/ros2_ws/install/barista_extra_models/share/barista_extra_models/models/human_worker/meshes/pink.png
[2.501s] -- Up-to-date: /home/user/ros2_ws/install/barista_extra_models/share/barista_extra_models/models/human_worker/meshes/orange.png
[2.501s] -- Up-to-date: /home/user/ros2_ws/install/barista_extra_models/share/barista_extra_models/models/human_worker/meshes/blue_dark.png
[2.501s] -- Up-to-date: /home/user/ros2_ws/install/barista_extra_models/share/barista_extra_models/models/human_worker/model.config
[2.501s] -- Up-to-date: /home/user/ros2_ws/install/barista_extra_models/share/barista_extra_models/models/countertop_2
[2.501s] -- Up-to-date: /home/user/ros2_ws/install/barista_extra_models/share/barista_extra_models/models/countertop_2/materials
[2.501s] -- Up-to-date: /home/user/ros2_ws/install/barista_extra_models/share/barista_extra_models/models/countertop_2/materials/scripts
[2.502s] -- Up-to-date: /home/user/ros2_ws/install/barista_extra_models/share/barista_extra_models/models/countertop_2/materials/scripts/countertop_2.material
[2.502s] -- Up-to-date: /home/user/ros2_ws/install/barista_extra_models/share/barista_extra_models/models/countertop_2/materials/textures
[2.502s] -- Up-to-date: /home/user/ros2_ws/install/barista_extra_models/share/barista_extra_models/models/countertop_2/materials/textures/starbots_coffee_logo.png
[2.503s] -- Up-to-date: /home/user/ros2_ws/install/barista_extra_models/share/barista_extra_models/models/countertop_2/model.sdf
[2.503s] -- Up-to-date: /home/user/ros2_ws/install/barista_extra_models/share/barista_extra_models/models/countertop_2/model.config
[2.503s] -- Up-to-date: /home/user/ros2_ws/install/barista_extra_models/share/barista_extra_models/models/cafe_table
[2.503s] -- Up-to-date: /home/user/ros2_ws/install/barista_extra_models/share/barista_extra_models/models/cafe_table/materials
[2.503s] -- Up-to-date: /home/user/ros2_ws/install/barista_extra_models/share/barista_extra_models/models/cafe_table/materials/textures
[2.503s] -- Up-to-date: /home/user/ros2_ws/install/barista_extra_models/share/barista_extra_models/models/cafe_table/materials/textures/Wood_Floor_Dark.jpg
[2.503s] -- Up-to-date: /home/user/ros2_ws/install/barista_extra_models/share/barista_extra_models/models/cafe_table/materials/textures/Maple.jpg
[2.504s] -- Up-to-date: /home/user/ros2_ws/install/barista_extra_models/share/barista_extra_models/models/cafe_table/model.sdf
[2.504s] -- Up-to-date: /home/user/ros2_ws/install/barista_extra_models/share/barista_extra_models/models/cafe_table/meshes
[2.504s] -- Up-to-date: /home/user/ros2_ws/install/barista_extra_models/share/barista_extra_models/models/cafe_table/meshes/cafe_table.dae
[2.504s] -- Up-to-date: /home/user/ros2_ws/install/barista_extra_models/share/barista_extra_models/models/cafe_table/model-1_4.sdf
[2.504s] -- Up-to-date: /home/user/ros2_ws/install/barista_extra_models/share/barista_extra_models/models/cafe_table/model.config
[2.504s] -- Up-to-date: /home/user/ros2_ws/install/barista_extra_models/share/barista_extra_models/models/table_ingestor
[2.504s] -- Up-to-date: /home/user/ros2_ws/install/barista_extra_models/share/barista_extra_models/models/table_ingestor/model.sdf
[2.505s] -- Up-to-date: /home/user/ros2_ws/install/barista_extra_models/share/barista_extra_models/models/table_ingestor/meshes
[2.505s] -- Up-to-date: /home/user/ros2_ws/install/barista_extra_models/share/barista_extra_models/models/table_ingestor/meshes/voxeltable_nolegs.dae
[2.505s] -- Up-to-date: /home/user/ros2_ws/install/barista_extra_models/share/barista_extra_models/models/table_ingestor/meshes/voxeltable.dae
[2.506s] -- Up-to-date: /home/user/ros2_ws/install/barista_extra_models/share/barista_extra_models/models/table_ingestor/model.config
[2.506s] -- Up-to-date: /home/user/ros2_ws/install/barista_extra_models/share/barista_extra_models/models/charging_station_v2
[2.507s] -- Up-to-date: /home/user/ros2_ws/install/barista_extra_models/share/barista_extra_models/models/charging_station_v2/model.sdf
[2.508s] -- Up-to-date: /home/user/ros2_ws/install/barista_extra_models/share/barista_extra_models/models/charging_station_v2/meshes
[2.509s] -- Up-to-date: /home/user/ros2_ws/install/barista_extra_models/share/barista_extra_models/models/charging_station_v2/meshes/charging_station_col_v2.stl
[2.511s] -- Up-to-date: /home/user/ros2_ws/install/barista_extra_models/share/barista_extra_models/models/charging_station_v2/meshes/charging_station_visual_v2.dae
[2.511s] -- Up-to-date: /home/user/ros2_ws/install/barista_extra_models/share/barista_extra_models/models/charging_station_v2/blender
[2.512s] -- Up-to-date: /home/user/ros2_ws/install/barista_extra_models/share/barista_extra_models/models/charging_station_v2/blender/charging_station.blend
[2.512s] -- Up-to-date: /home/user/ros2_ws/install/barista_extra_models/share/barista_extra_models/models/charging_station_v2/blender/charging_station.blend1
[2.512s] -- Up-to-date: /home/user/ros2_ws/install/barista_extra_models/share/barista_extra_models/models/charging_station_v2/model.config
[2.512s] -- Up-to-date: /home/user/ros2_ws/install/barista_extra_models/share/barista_extra_models/models/customer
[2.513s] -- Up-to-date: /home/user/ros2_ws/install/barista_extra_models/share/barista_extra_models/models/customer/model.sdf
[2.513s] -- Up-to-date: /home/user/ros2_ws/install/barista_extra_models/share/barista_extra_models/models/customer/meshes
[2.513s] -- Up-to-date: /home/user/ros2_ws/install/barista_extra_models/share/barista_extra_models/models/customer/meshes/customer.dae
[2.513s] -- Up-to-date: /home/user/ros2_ws/install/barista_extra_models/share/barista_extra_models/models/customer/meshes/Material_93_baseColor.png
[2.513s] -- Up-to-date: /home/user/ros2_ws/install/barista_extra_models/share/barista_extra_models/models/customer/meshes/pink.png
[2.514s] -- Up-to-date: /home/user/ros2_ws/install/barista_extra_models/share/barista_extra_models/models/customer/model.config
[2.514s] -- Up-to-date: /home/user/ros2_ws/install/barista_extra_models/share/barista_extra_models/models/cabinet
[2.515s] -- Up-to-date: /home/user/ros2_ws/install/barista_extra_models/share/barista_extra_models/models/cabinet/model-1_2.sdf
[2.515s] -- Up-to-date: /home/user/ros2_ws/install/barista_extra_models/share/barista_extra_models/models/cabinet/model-1_3.sdf
[2.515s] -- Up-to-date: /home/user/ros2_ws/install/barista_extra_models/share/barista_extra_models/models/cabinet/model.sdf
[2.516s] -- Up-to-date: /home/user/ros2_ws/install/barista_extra_models/share/barista_extra_models/models/cabinet/model-1_4.sdf
[2.516s] -- Up-to-date: /home/user/ros2_ws/install/barista_extra_models/share/barista_extra_models/models/cabinet/model.config
[2.516s] -- Up-to-date: /home/user/ros2_ws/install/barista_extra_models/share/barista_extra_models/models/countertop
[2.516s] -- Up-to-date: /home/user/ros2_ws/install/barista_extra_models/share/barista_extra_models/models/countertop/model.sdf
[2.516s] -- Up-to-date: /home/user/ros2_ws/install/barista_extra_models/share/barista_extra_models/models/countertop/model.config
[2.517s] -- Up-to-date: /home/user/ros2_ws/install/barista_extra_models/share/barista_extra_models/models/armchair
[2.517s] -- Up-to-date: /home/user/ros2_ws/install/barista_extra_models/share/barista_extra_models/models/armchair/model.sdf
[2.590s] -- Up-to-date: /home/user/ros2_ws/install/barista_extra_models/share/barista_extra_models/models/armchair/meshes
[2.591s] -- Up-to-date: /home/user/ros2_ws/install/barista_extra_models/share/barista_extra_models/models/armchair/meshes/sillon
[2.591s] -- Up-to-date: /home/user/ros2_ws/install/barista_extra_models/share/barista_extra_models/models/armchair/meshes/sillon/material_2.png
[2.591s] -- Up-to-date: /home/user/ros2_ws/install/barista_extra_models/share/barista_extra_models/models/armchair/meshes/sillon/material_5.tif
[2.591s] -- Up-to-date: /home/user/ros2_ws/install/barista_extra_models/share/barista_extra_models/models/armchair/meshes/sillon/material_4_1.tif
[2.591s] -- Up-to-date: /home/user/ros2_ws/install/barista_extra_models/share/barista_extra_models/models/armchair/meshes/sillon/material_1.png
[2.591s] -- Up-to-date: /home/user/ros2_ws/install/barista_extra_models/share/barista_extra_models/models/armchair/meshes/sillon/material_5.png
[2.592s] -- Up-to-date: /home/user/ros2_ws/install/barista_extra_models/share/barista_extra_models/models/armchair/meshes/sillon/material_4_0.png
[2.592s] -- Up-to-date: /home/user/ros2_ws/install/barista_extra_models/share/barista_extra_models/models/armchair/meshes/sillon/material_4_1.png
[2.592s] -- Up-to-date: /home/user/ros2_ws/install/barista_extra_models/share/barista_extra_models/models/armchair/meshes/sillon/material_4.tif
[2.592s] -- Up-to-date: /home/user/ros2_ws/install/barista_extra_models/share/barista_extra_models/models/armchair/meshes/sillon/material_1.tif
[2.592s] -- Up-to-date: /home/user/ros2_ws/install/barista_extra_models/share/barista_extra_models/models/armchair/meshes/sillon/material_3.jpg
[2.592s] -- Up-to-date: /home/user/ros2_ws/install/barista_extra_models/share/barista_extra_models/models/armchair/meshes/sillon/material_4.png
[2.592s] -- Up-to-date: /home/user/ros2_ws/install/barista_extra_models/share/barista_extra_models/models/armchair/meshes/sillon/material_4_0.tif
[2.592s] -- Up-to-date: /home/user/ros2_ws/install/barista_extra_models/share/barista_extra_models/models/armchair/meshes/sillon/material_2.tif
[2.593s] -- Up-to-date: /home/user/ros2_ws/install/barista_extra_models/share/barista_extra_models/models/armchair/meshes/armchair.dae
[2.593s] -- Up-to-date: /home/user/ros2_ws/install/barista_extra_models/share/barista_extra_models/models/armchair/model.config
[2.593s] -- Up-to-date: /home/user/ros2_ws/install/barista_extra_models/share/barista_extra_models/models/portable_cup_2
[2.593s] -- Up-to-date: /home/user/ros2_ws/install/barista_extra_models/share/barista_extra_models/models/portable_cup_2/model.sdf
[2.593s] -- Up-to-date: /home/user/ros2_ws/install/barista_extra_models/share/barista_extra_models/models/portable_cup_2/meshes
[2.593s] -- Up-to-date: /home/user/ros2_ws/install/barista_extra_models/share/barista_extra_models/models/portable_cup_2/meshes/model
[2.594s] -- Up-to-date: /home/user/ros2_ws/install/barista_extra_models/share/barista_extra_models/models/portable_cup_2/meshes/model/Starbucks_ring.png
[2.602s] -- Up-to-date: /home/user/ros2_ws/install/barista_extra_models/share/barista_extra_models/models/portable_cup_2/meshes/portable_cup_2.dae
[2.608s] -- Up-to-date: /home/user/ros2_ws/install/barista_extra_models/share/barista_extra_models/models/portable_cup_2/meshes/Starbucks_ring.png
[2.609s] -- Up-to-date: /home/user/ros2_ws/install/barista_extra_models/share/barista_extra_models/models/portable_cup_2/meshes/cup_col.stl
[2.609s] -- Up-to-date: /home/user/ros2_ws/install/barista_extra_models/share/barista_extra_models/models/portable_cup_2/meshes/Starbucks_ring_old.png
[2.609s] -- Up-to-date: /home/user/ros2_ws/install/barista_extra_models/share/barista_extra_models/models/portable_cup_2/model.config
[2.609s] -- Up-to-date: /home/user/ros2_ws/install/barista_extra_models/share/barista_extra_models/models/cute_mug
[2.609s] -- Up-to-date: /home/user/ros2_ws/install/barista_extra_models/share/barista_extra_models/models/cute_mug/model.sdf
[2.609s] -- Up-to-date: /home/user/ros2_ws/install/barista_extra_models/share/barista_extra_models/models/cute_mug/meshes
[2.609s] -- Up-to-date: /home/user/ros2_ws/install/barista_extra_models/share/barista_extra_models/models/cute_mug/meshes/cute_mug_col.stl
[2.610s] -- Up-to-date: /home/user/ros2_ws/install/barista_extra_models/share/barista_extra_models/models/cute_mug/meshes/brown.png
[2.610s] -- Up-to-date: /home/user/ros2_ws/install/barista_extra_models/share/barista_extra_models/models/cute_mug/meshes/white.png
[2.610s] -- Up-to-date: /home/user/ros2_ws/install/barista_extra_models/share/barista_extra_models/models/cute_mug/meshes/Starbucks_ring.png
[2.610s] -- Up-to-date: /home/user/ros2_ws/install/barista_extra_models/share/barista_extra_models/models/cute_mug/meshes/black.png
[2.610s] -- Up-to-date: /home/user/ros2_ws/install/barista_extra_models/share/barista_extra_models/models/cute_mug/meshes/cute_mug.dae
[2.610s] -- Up-to-date: /home/user/ros2_ws/install/barista_extra_models/share/barista_extra_models/models/cute_mug/model.config
[2.610s] -- Up-to-date: /home/user/ros2_ws/install/barista_extra_models/share/barista_extra_models/models/turtlebot_env
[2.610s] -- Up-to-date: /home/user/ros2_ws/install/barista_extra_models/share/barista_extra_models/models/turtlebot_env/model_simple.sdf
[2.611s] -- Up-to-date: /home/user/ros2_ws/install/barista_extra_models/share/barista_extra_models/models/turtlebot_env/model.sdf
[2.611s] -- Up-to-date: /home/user/ros2_ws/install/barista_extra_models/share/barista_extra_models/models/turtlebot_env/meshes
[2.611s] -- Up-to-date: /home/user/ros2_ws/install/barista_extra_models/share/barista_extra_models/models/turtlebot_env/meshes/GreenColumn.png
[2.611s] -- Up-to-date: /home/user/ros2_ws/install/barista_extra_models/share/barista_extra_models/models/turtlebot_env/meshes/floorTexture.png
[2.611s] -- Up-to-date: /home/user/ros2_ws/install/barista_extra_models/share/barista_extra_models/models/turtlebot_env/meshes/turtlebot_env_only_floor.dae
[2.611s] -- Up-to-date: /home/user/ros2_ws/install/barista_extra_models/share/barista_extra_models/models/turtlebot_env/meshes/WallTexture.png
[2.611s] -- Up-to-date: /home/user/ros2_ws/install/barista_extra_models/share/barista_extra_models/models/turtlebot_env/meshes/floorTexture_clean.png
[2.611s] -- Up-to-date: /home/user/ros2_ws/install/barista_extra_models/share/barista_extra_models/models/turtlebot_env/meshes/turtlebot_env_HD.dae
[2.611s] -- Up-to-date: /home/user/ros2_ws/install/barista_extra_models/share/barista_extra_models/models/turtlebot_env/meshes/floorTexture.ase
[2.616s] -- Up-to-date: /home/user/ros2_ws/install/barista_extra_models/share/barista_extra_models/models/turtlebot_env/meshes/Columns.png
[2.616s] -- Up-to-date: /home/user/ros2_ws/install/barista_extra_models/share/barista_extra_models/models/turtlebot_env/meshes/ColumnsTexture.png
[2.616s] -- Up-to-date: /home/user/ros2_ws/install/barista_extra_models/share/barista_extra_models/models/turtlebot_env/meshes/turtlebot_env.dae
[2.617s] -- Up-to-date: /home/user/ros2_ws/install/barista_extra_models/share/barista_extra_models/models/turtlebot_env/meshes/WallsTexture.png
[2.617s] -- Up-to-date: /home/user/ros2_ws/install/barista_extra_models/share/barista_extra_models/models/turtlebot_env/meshes/turtlebot_env_col.stl
[2.617s] -- Up-to-date: /home/user/ros2_ws/install/barista_extra_models/share/barista_extra_models/models/turtlebot_env/blender
[2.617s] -- Up-to-date: /home/user/ros2_ws/install/barista_extra_models/share/barista_extra_models/models/turtlebot_env/blender/turtlebot_env.blend
[2.617s] -- Up-to-date: /home/user/ros2_ws/install/barista_extra_models/share/barista_extra_models/models/turtlebot_env/blender/turtlebot_env_floor_lights_cut.blend
[2.617s] -- Up-to-date: /home/user/ros2_ws/install/barista_extra_models/share/barista_extra_models/models/turtlebot_env/blender/turtlebot_env_floor_lights.blend1
[2.686s] -- Up-to-date: /home/user/ros2_ws/install/barista_extra_models/share/barista_extra_models/models/turtlebot_env/blender/turtlebot_env_floor_lights_cut.blend1
[2.687s] -- Up-to-date: /home/user/ros2_ws/install/barista_extra_models/share/barista_extra_models/models/turtlebot_env/blender/turtlebot_env_floor_lights.blend
[2.687s] -- Up-to-date: /home/user/ros2_ws/install/barista_extra_models/share/barista_extra_models/models/turtlebot_env/blender/turtlebot_env.blend1
[2.687s] -- Up-to-date: /home/user/ros2_ws/install/barista_extra_models/share/barista_extra_models/models/turtlebot_env/blender/turtlebot_env_floor.blend
[2.687s] -- Up-to-date: /home/user/ros2_ws/install/barista_extra_models/share/barista_extra_models/models/turtlebot_env/blender/turtlebot_env_floor_lights_cut_nolights.blend
[2.688s] -- Up-to-date: /home/user/ros2_ws/install/barista_extra_models/share/barista_extra_models/models/turtlebot_env/blender/turtlebot_env_floor.blend1
[2.688s] -- Up-to-date: /home/user/ros2_ws/install/barista_extra_models/share/barista_extra_models/models/turtlebot_env/blender/turtlebot_env_floor_lights_cut_nolights.blend1
[2.688s] -- Up-to-date: /home/user/ros2_ws/install/barista_extra_models/share/barista_extra_models/models/turtlebot_env/model.config
[2.688s] -- Up-to-date: /home/user/ros2_ws/install/barista_extra_models/share/barista_extra_models/models/starbots_bartender_dispenser
[2.688s] -- Up-to-date: /home/user/ros2_ws/install/barista_extra_models/share/barista_extra_models/models/starbots_bartender_dispenser/model.sdf
[2.688s] -- Up-to-date: /home/user/ros2_ws/install/barista_extra_models/share/barista_extra_models/models/starbots_bartender_dispenser/meshes
[2.688s] -- Up-to-date: /home/user/ros2_ws/install/barista_extra_models/share/barista_extra_models/models/starbots_bartender_dispenser/meshes/table_dispenser.dae
[2.690s] -- Up-to-date: /home/user/ros2_ws/install/barista_extra_models/share/barista_extra_models/models/starbots_bartender_dispenser/meshes/table_dispenser_nolegs.dae
[2.691s] -- Up-to-date: /home/user/ros2_ws/install/barista_extra_models/share/barista_extra_models/models/starbots_bartender_dispenser/meshes/bartender_dispenser.dae
[2.693s] -- Up-to-date: /home/user/ros2_ws/install/barista_extra_models/share/barista_extra_models/models/starbots_bartender_dispenser/model.config
[2.693s] -- Up-to-date: /home/user/ros2_ws/install/barista_extra_models/share/barista_extra_models/models/worktop_aluminium
[2.693s] -- Up-to-date: /home/user/ros2_ws/install/barista_extra_models/share/barista_extra_models/models/worktop_aluminium/model.sdf
[2.693s] -- Up-to-date: /home/user/ros2_ws/install/barista_extra_models/share/barista_extra_models/models/worktop_aluminium/meshes
[2.694s] -- Up-to-date: /home/user/ros2_ws/install/barista_extra_models/share/barista_extra_models/models/worktop_aluminium/meshes/worktop_aluminium.dae
[2.694s] -- Up-to-date: /home/user/ros2_ws/install/barista_extra_models/share/barista_extra_models/models/worktop_aluminium/meshes/encimera-blanca
[2.694s] -- Up-to-date: /home/user/ros2_ws/install/barista_extra_models/share/barista_extra_models/models/worktop_aluminium/meshes/encimera-blanca/Steel_Brushed_Stainless.jpg
[2.695s] -- Up-to-date: /home/user/ros2_ws/install/barista_extra_models/share/barista_extra_models/models/worktop_aluminium/meshes/encimera-blanca/__auto_3.jpg
[2.695s] -- Up-to-date: /home/user/ros2_ws/install/barista_extra_models/share/barista_extra_models/models/worktop_aluminium/model.config
[2.695s] -- Up-to-date: /home/user/ros2_ws/install/barista_extra_models/share/barista_extra_models/models/reflective_tag
[2.696s] -- Up-to-date: /home/user/ros2_ws/install/barista_extra_models/share/barista_extra_models/models/reflective_tag/model.sdf
[2.696s] -- Up-to-date: /home/user/ros2_ws/install/barista_extra_models/share/barista_extra_models/models/reflective_tag/model.config
[2.696s] -- Up-to-date: /home/user/ros2_ws/install/barista_extra_models/share/barista_extra_models/models/espresso_machine
[2.696s] -- Up-to-date: /home/user/ros2_ws/install/barista_extra_models/share/barista_extra_models/models/espresso_machine/model.sdf
[2.697s] -- Up-to-date: /home/user/ros2_ws/install/barista_extra_models/share/barista_extra_models/models/espresso_machine/meshes
[2.697s] -- Up-to-date: /home/user/ros2_ws/install/barista_extra_models/share/barista_extra_models/models/espresso_machine/meshes/espresso_machine.dae
[2.697s] -- Up-to-date: /home/user/ros2_ws/install/barista_extra_models/share/barista_extra_models/models/espresso_machine/model.config
[2.697s] -- Up-to-date: /home/user/ros2_ws/install/barista_extra_models/share/barista_extra_models/models/barstool
[2.698s] -- Up-to-date: /home/user/ros2_ws/install/barista_extra_models/share/barista_extra_models/models/barstool/model.sdf
[2.698s] -- Up-to-date: /home/user/ros2_ws/install/barista_extra_models/share/barista_extra_models/models/barstool/model_copy.sdf
[2.698s] -- Up-to-date: /home/user/ros2_ws/install/barista_extra_models/share/barista_extra_models/models/barstool/meshes
[2.698s] -- Up-to-date: /home/user/ros2_ws/install/barista_extra_models/share/barista_extra_models/models/barstool/meshes/barstool.dae
[2.699s] -- Up-to-date: /home/user/ros2_ws/install/barista_extra_models/share/barista_extra_models/models/barstool/model.config
[2.699s] -- Up-to-date: /home/user/ros2_ws/install/barista_extra_models/share/barista_extra_models/models/coffee_table
[2.699s] -- Up-to-date: /home/user/ros2_ws/install/barista_extra_models/share/barista_extra_models/models/coffee_table/model.sdf
[2.700s] -- Up-to-date: /home/user/ros2_ws/install/barista_extra_models/share/barista_extra_models/models/coffee_table/meshes
[2.700s] -- Up-to-date: /home/user/ros2_ws/install/barista_extra_models/share/barista_extra_models/models/coffee_table/meshes/coffee_table.dae
[2.700s] -- Up-to-date: /home/user/ros2_ws/install/barista_extra_models/share/barista_extra_models/models/coffee_table/meshes/mesa
[2.701s] -- Up-to-date: /home/user/ros2_ws/install/barista_extra_models/share/barista_extra_models/models/coffee_table/meshes/mesa/__White_12.jpg
[2.701s] -- Up-to-date: /home/user/ros2_ws/install/barista_extra_models/share/barista_extra_models/models/coffee_table/model.config
[2.701s] -- Up-to-date: /home/user/ros2_ws/install/barista_extra_models/share/barista_extra_models/models/coffeeshop
[2.702s] -- Up-to-date: /home/user/ros2_ws/install/barista_extra_models/share/barista_extra_models/models/coffeeshop/model.sdf
[2.702s] -- Up-to-date: /home/user/ros2_ws/install/barista_extra_models/share/barista_extra_models/models/coffeeshop/meshes
[2.703s] -- Up-to-date: /home/user/ros2_ws/install/barista_extra_models/share/barista_extra_models/models/coffeeshop/meshes/coffeeshop.dae
[2.703s] -- Up-to-date: /home/user/ros2_ws/install/barista_extra_models/share/barista_extra_models/models/coffeeshop/meshes/splintered_wool_texture.png
[2.703s] -- Up-to-date: /home/user/ros2_ws/install/barista_extra_models/share/barista_extra_models/models/coffeeshop/model.config
[2.703s] -- Up-to-date: /home/user/ros2_ws/install/barista_extra_models/share/barista_extra_models/models/bartender_dispenser
[2.703s] -- Up-to-date: /home/user/ros2_ws/install/barista_extra_models/share/barista_extra_models/models/bartender_dispenser/model.sdf
[2.704s] -- Up-to-date: /home/user/ros2_ws/install/barista_extra_models/share/barista_extra_models/models/bartender_dispenser/meshes
[2.704s] -- Up-to-date: /home/user/ros2_ws/install/barista_extra_models/share/barista_extra_models/models/bartender_dispenser/meshes/table_dispenser.dae
[2.706s] -- Up-to-date: /home/user/ros2_ws/install/barista_extra_models/share/barista_extra_models/models/bartender_dispenser/meshes/table_dispenser_nolegs.dae
[2.706s] -- Up-to-date: /home/user/ros2_ws/install/barista_extra_models/share/barista_extra_models/models/bartender_dispenser/meshes/bartender_dispenser.dae
[2.707s] -- Up-to-date: /home/user/ros2_ws/install/barista_extra_models/share/barista_extra_models/models/bartender_dispenser/model.config
[2.707s] -- Up-to-date: /home/user/ros2_ws/install/barista_extra_models/share/barista_extra_models/models/couch
[2.707s] -- Up-to-date: /home/user/ros2_ws/install/barista_extra_models/share/barista_extra_models/models/couch/model.sdf
[2.707s] -- Up-to-date: /home/user/ros2_ws/install/barista_extra_models/share/barista_extra_models/models/couch/meshes
[2.708s] -- Up-to-date: /home/user/ros2_ws/install/barista_extra_models/share/barista_extra_models/models/couch/meshes/couch.dae
[2.709s] -- Up-to-date: /home/user/ros2_ws/install/barista_extra_models/share/barista_extra_models/models/couch/model.config
[2.790s] -- Up-to-date: /home/user/ros2_ws/install/barista_extra_models/share/barista_extra_models/models/starbots_table_ingestor
[2.791s] -- Up-to-date: /home/user/ros2_ws/install/barista_extra_models/share/barista_extra_models/models/starbots_table_ingestor/model.sdf
[2.791s] -- Up-to-date: /home/user/ros2_ws/install/barista_extra_models/share/barista_extra_models/models/starbots_table_ingestor/meshes
[2.793s] -- Up-to-date: /home/user/ros2_ws/install/barista_extra_models/share/barista_extra_models/models/starbots_table_ingestor/meshes/voxeltable_nolegs.dae
[2.793s] -- Up-to-date: /home/user/ros2_ws/install/barista_extra_models/share/barista_extra_models/models/starbots_table_ingestor/meshes/voxeltable.dae
[2.793s] -- Up-to-date: /home/user/ros2_ws/install/barista_extra_models/share/barista_extra_models/models/starbots_table_ingestor/model.config
[2.793s] -- Up-to-date: /home/user/ros2_ws/install/barista_extra_models/share/barista_extra_models/models/table
[2.793s] -- Up-to-date: /home/user/ros2_ws/install/barista_extra_models/share/barista_extra_models/models/table/model-1_2.sdf
[2.794s] -- Up-to-date: /home/user/ros2_ws/install/barista_extra_models/share/barista_extra_models/models/table/model-1_3.sdf
[2.794s] -- Up-to-date: /home/user/ros2_ws/install/barista_extra_models/share/barista_extra_models/models/table/model.sdf
[2.794s] -- Up-to-date: /home/user/ros2_ws/install/barista_extra_models/share/barista_extra_models/models/table/model-1_4.sdf
[2.794s] -- Up-to-date: /home/user/ros2_ws/install/barista_extra_models/share/barista_extra_models/models/table/model.config
[2.794s] -- Up-to-date: /home/user/ros2_ws/install/barista_extra_models/share/ament_index/resource_index/package_run_dependencies/barista_extra_models
[2.795s] -- Up-to-date: /home/user/ros2_ws/install/barista_extra_models/share/ament_index/resource_index/parent_prefix_path/barista_extra_models
[2.795s] -- Up-to-date: /home/user/ros2_ws/install/barista_extra_models/share/barista_extra_models/environment/ament_prefix_path.sh
[2.795s] -- Up-to-date: /home/user/ros2_ws/install/barista_extra_models/share/barista_extra_models/environment/ament_prefix_path.dsv
[2.795s] -- Up-to-date: /home/user/ros2_ws/install/barista_extra_models/share/barista_extra_models/environment/path.sh
[2.796s] -- Up-to-date: /home/user/ros2_ws/install/barista_extra_models/share/barista_extra_models/environment/path.dsv
[2.796s] -- Up-to-date: /home/user/ros2_ws/install/barista_extra_models/share/barista_extra_models/local_setup.bash
[2.796s] -- Up-to-date: /home/user/ros2_ws/install/barista_extra_models/share/barista_extra_models/local_setup.sh
[2.796s] -- Up-to-date: /home/user/ros2_ws/install/barista_extra_models/share/barista_extra_models/local_setup.zsh
[2.796s] -- Up-to-date: /home/user/ros2_ws/install/barista_extra_models/share/barista_extra_models/local_setup.dsv
[2.796s] -- Installing: /home/user/ros2_ws/install/barista_extra_models/share/barista_extra_models/package.dsv
[2.797s] -- Up-to-date: /home/user/ros2_ws/install/barista_extra_models/share/ament_index/resource_index/packages/barista_extra_models
[2.798s] -- Up-to-date: /home/user/ros2_ws/install/barista_extra_models/share/barista_extra_models/cmake/barista_extra_modelsConfig.cmake
[2.798s] -- Up-to-date: /home/user/ros2_ws/install/barista_extra_models/share/barista_extra_models/cmake/barista_extra_modelsConfig-version.cmake
[2.798s] -- Up-to-date: /home/user/ros2_ws/install/barista_extra_models/share/barista_extra_models/package.xml
[2.799s] Invoked command in '/home/user/ros2_ws/build/barista_extra_models' returned '0': CMAKE_PREFIX_PATH=${CMAKE_PREFIX_PATH}:/home/simulations/ros2_sims_ws/install/rclrs_tests:/home/simulations/ros2_sims_ws/install/examples_rclrs_minimal_client_service:/home/simulations/ros2_sims_ws/install/sensor_msgs_py:/home/simulations/ros2_sims_ws/install/examples_rclrs_minimal_pub_sub:/home/simulations/ros2_sims_ws/install/examples_rclrs_message_demo:/home/simulations/ros2_sims_ws/install/rclrs:/home/simulations/ros2_sims_ws/install/rosidl_runtime_rs:/home/user/ros2_ws/install/ros2test:/home/user/ros2_ws/install/robotiq_85_driver:/home/user/ros2_ws/install/path_planner_server:/home/user/ros2_ws/install/moveit_configs_utils:/home/user/ros2_ws/install/localization_server:/home/user/ros2_ws/install/cartographer_slam:/opt/ros/humble _=/usr/bin/env /usr/bin/cmake --install /home/user/ros2_ws/build/barista_extra_models
