[0.730s] Invoking command in '/home/user/ros2_ws/build/barista_dock_charger_station': CMAKE_PREFIX_PATH=${CMAKE_PREFIX_PATH}:/home/simulations/ros2_sims_ws/install/rclrs_tests:/home/simulations/ros2_sims_ws/install/examples_rclrs_minimal_client_service:/home/simulations/ros2_sims_ws/install/sensor_msgs_py:/home/simulations/ros2_sims_ws/install/examples_rclrs_minimal_pub_sub:/home/simulations/ros2_sims_ws/install/examples_rclrs_message_demo:/home/simulations/ros2_sims_ws/install/rclrs:/home/simulations/ros2_sims_ws/install/rosidl_runtime_rs:/home/user/ros2_ws/install/ros2test:/home/user/ros2_ws/install/robotiq_85_driver:/home/user/ros2_ws/install/path_planner_server:/home/user/ros2_ws/install/moveit_configs_utils:/home/user/ros2_ws/install/localization_server:/home/user/ros2_ws/install/cartographer_slam:/opt/ros/humble _=/usr/bin/env /usr/bin/cmake --build /home/user/ros2_ws/build/barista_dock_charger_station -- -j8 -l8
[1.401s] [  2%] [34m[1mGenerating Rust code for ROS interfaces[0m
[1.514s] [ 12%] Built target barista_dock_charger_station__rosidl_generator_c
[1.520s] [ 15%] Built target barista_dock_charger_station__cpp
[1.797s] [ 15%] Built target ament_cmake_python_copy_barista_dock_charger_station
[2.498s] [ 25%] Built target barista_dock_charger_station__rosidl_typesupport_introspection_cpp
[2.597s] [ 35%] Built target barista_dock_charger_station__rosidl_typesupport_cpp
[2.601s] [ 45%] Built target barista_dock_charger_station__rosidl_typesupport_fastrtps_c
[2.618s] [ 55%] Built target barista_dock_charger_station__rosidl_typesupport_c
[2.696s] [ 65%] Built target barista_dock_charger_station__rosidl_typesupport_introspection_c
[2.795s] [ 75%] Built target barista_dock_charger_station__rosidl_typesupport_fastrtps_cpp
[4.207s] running egg_info
[4.208s] writing barista_dock_charger_station.egg-info/PKG-INFO
[4.209s] writing dependency_links to barista_dock_charger_station.egg-info/dependency_links.txt
[4.210s] writing top-level names to barista_dock_charger_station.egg-info/top_level.txt
[4.214s] reading manifest file 'barista_dock_charger_station.egg-info/SOURCES.txt'
[4.218s] writing manifest file 'barista_dock_charger_station.egg-info/SOURCES.txt'
[4.712s] [ 75%] Built target ament_cmake_python_build_barista_dock_charger_station_egg
[4.803s] [ 75%] Built target barista_dock_charger_station__rs
[5.099s] [ 75%] Built target barista_dock_charger_station
[5.224s] [ 77%] Built target barista_dock_charger_station__py
[5.402s] [ 85%] Built target barista_dock_charger_station__rosidl_generator_py
[5.609s] [ 90%] Built target barista_dock_charger_station__rosidl_typesupport_introspection_c__pyext
[5.622s] [ 95%] Built target barista_dock_charger_station__rosidl_typesupport_c__pyext
[5.702s] [100%] Built target barista_dock_charger_station__rosidl_typesupport_fastrtps_c__pyext
[6.041s] Invoked command in '/home/user/ros2_ws/build/barista_dock_charger_station' returned '0': CMAKE_PREFIX_PATH=${CMAKE_PREFIX_PATH}:/home/simulations/ros2_sims_ws/install/rclrs_tests:/home/simulations/ros2_sims_ws/install/examples_rclrs_minimal_client_service:/home/simulations/ros2_sims_ws/install/sensor_msgs_py:/home/simulations/ros2_sims_ws/install/examples_rclrs_minimal_pub_sub:/home/simulations/ros2_sims_ws/install/examples_rclrs_message_demo:/home/simulations/ros2_sims_ws/install/rclrs:/home/simulations/ros2_sims_ws/install/rosidl_runtime_rs:/home/user/ros2_ws/install/ros2test:/home/user/ros2_ws/install/robotiq_85_driver:/home/user/ros2_ws/install/path_planner_server:/home/user/ros2_ws/install/moveit_configs_utils:/home/user/ros2_ws/install/localization_server:/home/user/ros2_ws/install/cartographer_slam:/opt/ros/humble _=/usr/bin/env /usr/bin/cmake --build /home/user/ros2_ws/build/barista_dock_charger_station -- -j8 -l8
[7.011s] Invoking command in '/home/user/ros2_ws/build/barista_dock_charger_station': CMAKE_PREFIX_PATH=${CMAKE_PREFIX_PATH}:/home/simulations/ros2_sims_ws/install/rclrs_tests:/home/simulations/ros2_sims_ws/install/examples_rclrs_minimal_client_service:/home/simulations/ros2_sims_ws/install/sensor_msgs_py:/home/simulations/ros2_sims_ws/install/examples_rclrs_minimal_pub_sub:/home/simulations/ros2_sims_ws/install/examples_rclrs_message_demo:/home/simulations/ros2_sims_ws/install/rclrs:/home/simulations/ros2_sims_ws/install/rosidl_runtime_rs:/home/user/ros2_ws/install/ros2test:/home/user/ros2_ws/install/robotiq_85_driver:/home/user/ros2_ws/install/path_planner_server:/home/user/ros2_ws/install/moveit_configs_utils:/home/user/ros2_ws/install/localization_server:/home/user/ros2_ws/install/cartographer_slam:/opt/ros/humble _=/usr/bin/env /usr/bin/cmake --install /home/user/ros2_ws/build/barista_dock_charger_station
[7.016s] -- Install configuration: ""
[7.016s] -- Up-to-date: /home/user/ros2_ws/install/barista_dock_charger_station/share/ament_index/resource_index/rosidl_interfaces/barista_dock_charger_station
[7.016s] -- Up-to-date: /home/user/ros2_ws/install/barista_dock_charger_station/include/barista_dock_charger_station/barista_dock_charger_station
[7.018s] -- Up-to-date: /home/user/ros2_ws/install/barista_dock_charger_station/include/barista_dock_charger_station/barista_dock_charger_station/srv
[7.023s] -- Up-to-date: /home/user/ros2_ws/install/barista_dock_charger_station/include/barista_dock_charger_station/barista_dock_charger_station/srv/detail
[7.023s] -- Up-to-date: /home/user/ros2_ws/install/barista_dock_charger_station/include/barista_dock_charger_station/barista_dock_charger_station/srv/detail/dock_charger_station__functions.h
[7.023s] -- Up-to-date: /home/user/ros2_ws/install/barista_dock_charger_station/include/barista_dock_charger_station/barista_dock_charger_station/srv/detail/dock_charger_station__functions.c
[7.024s] -- Up-to-date: /home/user/ros2_ws/install/barista_dock_charger_station/include/barista_dock_charger_station/barista_dock_charger_station/srv/detail/dock_charger_station__type_support.h
[7.024s] -- Up-to-date: /home/user/ros2_ws/install/barista_dock_charger_station/include/barista_dock_charger_station/barista_dock_charger_station/srv/detail/dock_charger_station__struct.h
[7.024s] -- Up-to-date: /home/user/ros2_ws/install/barista_dock_charger_station/include/barista_dock_charger_station/barista_dock_charger_station/srv/dock_charger_station.h
[7.024s] -- Up-to-date: /home/user/ros2_ws/install/barista_dock_charger_station/include/barista_dock_charger_station/barista_dock_charger_station/msg
[7.027s] -- Up-to-date: /home/user/ros2_ws/install/barista_dock_charger_station/include/barista_dock_charger_station/barista_dock_charger_station/msg/detail
[7.028s] -- Up-to-date: /home/user/ros2_ws/install/barista_dock_charger_station/include/barista_dock_charger_station/barista_dock_charger_station/msg/detail/fleet_dock_status__functions.c
[7.028s] -- Up-to-date: /home/user/ros2_ws/install/barista_dock_charger_station/include/barista_dock_charger_station/barista_dock_charger_station/msg/detail/fleet_dock_status__struct.h
[7.029s] -- Up-to-date: /home/user/ros2_ws/install/barista_dock_charger_station/include/barista_dock_charger_station/barista_dock_charger_station/msg/detail/fleet_dock_status__type_support.h
[7.029s] -- Up-to-date: /home/user/ros2_ws/install/barista_dock_charger_station/include/barista_dock_charger_station/barista_dock_charger_station/msg/detail/fleet_dock_status__functions.h
[7.029s] -- Up-to-date: /home/user/ros2_ws/install/barista_dock_charger_station/include/barista_dock_charger_station/barista_dock_charger_station/msg/rosidl_generator_c__visibility_control.h
[7.029s] -- Up-to-date: /home/user/ros2_ws/install/barista_dock_charger_station/include/barista_dock_charger_station/barista_dock_charger_station/msg/fleet_dock_status.h
[7.029s] -- Up-to-date: /home/user/ros2_ws/install/barista_dock_charger_station/share/barista_dock_charger_station/environment/library_path.sh
[7.029s] -- Up-to-date: /home/user/ros2_ws/install/barista_dock_charger_station/share/barista_dock_charger_station/environment/library_path.dsv
[7.030s] -- Up-to-date: /home/user/ros2_ws/install/barista_dock_charger_station/lib/libbarista_dock_charger_station__rosidl_generator_c.so
[7.030s] -- Up-to-date: /home/user/ros2_ws/install/barista_dock_charger_station/include/barista_dock_charger_station/barista_dock_charger_station
[7.030s] -- Up-to-date: /home/user/ros2_ws/install/barista_dock_charger_station/include/barista_dock_charger_station/barista_dock_charger_station/srv
[7.030s] -- Up-to-date: /home/user/ros2_ws/install/barista_dock_charger_station/include/barista_dock_charger_station/barista_dock_charger_station/srv/detail
[7.030s] -- Up-to-date: /home/user/ros2_ws/install/barista_dock_charger_station/include/barista_dock_charger_station/barista_dock_charger_station/srv/detail/dock_charger_station__rosidl_typesupport_fastrtps_c.h
[7.030s] -- Up-to-date: /home/user/ros2_ws/install/barista_dock_charger_station/include/barista_dock_charger_station/barista_dock_charger_station/msg
[7.030s] -- Up-to-date: /home/user/ros2_ws/install/barista_dock_charger_station/include/barista_dock_charger_station/barista_dock_charger_station/msg/detail
[7.030s] -- Up-to-date: /home/user/ros2_ws/install/barista_dock_charger_station/include/barista_dock_charger_station/barista_dock_charger_station/msg/detail/fleet_dock_status__rosidl_typesupport_fastrtps_c.h
[7.031s] -- Up-to-date: /home/user/ros2_ws/install/barista_dock_charger_station/include/barista_dock_charger_station/barista_dock_charger_station/msg/rosidl_typesupport_fastrtps_c__visibility_control.h
[7.031s] -- Up-to-date: /home/user/ros2_ws/install/barista_dock_charger_station/lib/libbarista_dock_charger_station__rosidl_typesupport_fastrtps_c.so
[7.031s] -- Up-to-date: /home/user/ros2_ws/install/barista_dock_charger_station/include/barista_dock_charger_station/barista_dock_charger_station
[7.031s] -- Up-to-date: /home/user/ros2_ws/install/barista_dock_charger_station/include/barista_dock_charger_station/barista_dock_charger_station/srv
[7.031s] -- Up-to-date: /home/user/ros2_ws/install/barista_dock_charger_station/include/barista_dock_charger_station/barista_dock_charger_station/srv/detail
[7.031s] -- Up-to-date: /home/user/ros2_ws/install/barista_dock_charger_station/include/barista_dock_charger_station/barista_dock_charger_station/srv/detail/dock_charger_station__struct.hpp
[7.031s] -- Up-to-date: /home/user/ros2_ws/install/barista_dock_charger_station/include/barista_dock_charger_station/barista_dock_charger_station/srv/detail/dock_charger_station__builder.hpp
[7.031s] -- Up-to-date: /home/user/ros2_ws/install/barista_dock_charger_station/include/barista_dock_charger_station/barista_dock_charger_station/srv/detail/dock_charger_station__traits.hpp
[7.032s] -- Up-to-date: /home/user/ros2_ws/install/barista_dock_charger_station/include/barista_dock_charger_station/barista_dock_charger_station/srv/dock_charger_station.hpp
[7.032s] -- Up-to-date: /home/user/ros2_ws/install/barista_dock_charger_station/include/barista_dock_charger_station/barista_dock_charger_station/msg
[7.032s] -- Up-to-date: /home/user/ros2_ws/install/barista_dock_charger_station/include/barista_dock_charger_station/barista_dock_charger_station/msg/detail
[7.032s] -- Up-to-date: /home/user/ros2_ws/install/barista_dock_charger_station/include/barista_dock_charger_station/barista_dock_charger_station/msg/detail/fleet_dock_status__struct.hpp
[7.032s] -- Up-to-date: /home/user/ros2_ws/install/barista_dock_charger_station/include/barista_dock_charger_station/barista_dock_charger_station/msg/detail/fleet_dock_status__builder.hpp
[7.032s] -- Up-to-date: /home/user/ros2_ws/install/barista_dock_charger_station/include/barista_dock_charger_station/barista_dock_charger_station/msg/detail/fleet_dock_status__traits.hpp
[7.032s] -- Up-to-date: /home/user/ros2_ws/install/barista_dock_charger_station/include/barista_dock_charger_station/barista_dock_charger_station/msg/fleet_dock_status.hpp
[7.032s] -- Up-to-date: /home/user/ros2_ws/install/barista_dock_charger_station/include/barista_dock_charger_station/barista_dock_charger_station
[7.033s] -- Up-to-date: /home/user/ros2_ws/install/barista_dock_charger_station/include/barista_dock_charger_station/barista_dock_charger_station/srv
[7.033s] -- Up-to-date: /home/user/ros2_ws/install/barista_dock_charger_station/include/barista_dock_charger_station/barista_dock_charger_station/srv/detail
[7.033s] -- Up-to-date: /home/user/ros2_ws/install/barista_dock_charger_station/include/barista_dock_charger_station/barista_dock_charger_station/srv/detail/dock_charger_station__rosidl_typesupport_fastrtps_cpp.hpp
[7.033s] -- Up-to-date: /home/user/ros2_ws/install/barista_dock_charger_station/include/barista_dock_charger_station/barista_dock_charger_station/srv/detail/dds_fastrtps
[7.033s] -- Up-to-date: /home/user/ros2_ws/install/barista_dock_charger_station/include/barista_dock_charger_station/barista_dock_charger_station/msg
[7.033s] -- Up-to-date: /home/user/ros2_ws/install/barista_dock_charger_station/include/barista_dock_charger_station/barista_dock_charger_station/msg/detail
[7.033s] -- Up-to-date: /home/user/ros2_ws/install/barista_dock_charger_station/include/barista_dock_charger_station/barista_dock_charger_station/msg/detail/dds_fastrtps
[7.033s] -- Up-to-date: /home/user/ros2_ws/install/barista_dock_charger_station/include/barista_dock_charger_station/barista_dock_charger_station/msg/detail/fleet_dock_status__rosidl_typesupport_fastrtps_cpp.hpp
[7.034s] -- Up-to-date: /home/user/ros2_ws/install/barista_dock_charger_station/include/barista_dock_charger_station/barista_dock_charger_station/msg/rosidl_typesupport_fastrtps_cpp__visibility_control.h
[7.034s] -- Up-to-date: /home/user/ros2_ws/install/barista_dock_charger_station/lib/libbarista_dock_charger_station__rosidl_typesupport_fastrtps_cpp.so
[7.034s] -- Up-to-date: /home/user/ros2_ws/install/barista_dock_charger_station/include/barista_dock_charger_station/barista_dock_charger_station
[7.034s] -- Up-to-date: /home/user/ros2_ws/install/barista_dock_charger_station/include/barista_dock_charger_station/barista_dock_charger_station/srv
[7.034s] -- Up-to-date: /home/user/ros2_ws/install/barista_dock_charger_station/include/barista_dock_charger_station/barista_dock_charger_station/srv/detail
[7.034s] -- Up-to-date: /home/user/ros2_ws/install/barista_dock_charger_station/include/barista_dock_charger_station/barista_dock_charger_station/srv/detail/dock_charger_station__rosidl_typesupport_introspection_c.h
[7.034s] -- Up-to-date: /home/user/ros2_ws/install/barista_dock_charger_station/include/barista_dock_charger_station/barista_dock_charger_station/srv/detail/dock_charger_station__type_support.c
[7.034s] -- Up-to-date: /home/user/ros2_ws/install/barista_dock_charger_station/include/barista_dock_charger_station/barista_dock_charger_station/msg
[7.035s] -- Up-to-date: /home/user/ros2_ws/install/barista_dock_charger_station/include/barista_dock_charger_station/barista_dock_charger_station/msg/detail
[7.103s] -- Up-to-date: /home/user/ros2_ws/install/barista_dock_charger_station/include/barista_dock_charger_station/barista_dock_charger_station/msg/detail/fleet_dock_status__type_support.c
[7.104s] -- Up-to-date: /home/user/ros2_ws/install/barista_dock_charger_station/include/barista_dock_charger_station/barista_dock_charger_station/msg/detail/fleet_dock_status__rosidl_typesupport_introspection_c.h
[7.104s] -- Up-to-date: /home/user/ros2_ws/install/barista_dock_charger_station/include/barista_dock_charger_station/barista_dock_charger_station/msg/rosidl_typesupport_introspection_c__visibility_control.h
[7.104s] -- Up-to-date: /home/user/ros2_ws/install/barista_dock_charger_station/lib/libbarista_dock_charger_station__rosidl_typesupport_introspection_c.so
[7.104s] -- Up-to-date: /home/user/ros2_ws/install/barista_dock_charger_station/lib/libbarista_dock_charger_station__rosidl_typesupport_c.so
[7.104s] -- Up-to-date: /home/user/ros2_ws/install/barista_dock_charger_station/include/barista_dock_charger_station/barista_dock_charger_station
[7.104s] -- Up-to-date: /home/user/ros2_ws/install/barista_dock_charger_station/include/barista_dock_charger_station/barista_dock_charger_station/srv
[7.104s] -- Up-to-date: /home/user/ros2_ws/install/barista_dock_charger_station/include/barista_dock_charger_station/barista_dock_charger_station/srv/detail
[7.104s] -- Up-to-date: /home/user/ros2_ws/install/barista_dock_charger_station/include/barista_dock_charger_station/barista_dock_charger_station/srv/detail/dock_charger_station__type_support.cpp
[7.104s] -- Up-to-date: /home/user/ros2_ws/install/barista_dock_charger_station/include/barista_dock_charger_station/barista_dock_charger_station/srv/detail/dock_charger_station__rosidl_typesupport_introspection_cpp.hpp
[7.104s] -- Up-to-date: /home/user/ros2_ws/install/barista_dock_charger_station/include/barista_dock_charger_station/barista_dock_charger_station/msg
[7.105s] -- Up-to-date: /home/user/ros2_ws/install/barista_dock_charger_station/include/barista_dock_charger_station/barista_dock_charger_station/msg/detail
[7.105s] -- Up-to-date: /home/user/ros2_ws/install/barista_dock_charger_station/include/barista_dock_charger_station/barista_dock_charger_station/msg/detail/fleet_dock_status__type_support.cpp
[7.105s] -- Up-to-date: /home/user/ros2_ws/install/barista_dock_charger_station/include/barista_dock_charger_station/barista_dock_charger_station/msg/detail/fleet_dock_status__rosidl_typesupport_introspection_cpp.hpp
[7.105s] -- Up-to-date: /home/user/ros2_ws/install/barista_dock_charger_station/lib/libbarista_dock_charger_station__rosidl_typesupport_introspection_cpp.so
[7.105s] -- Up-to-date: /home/user/ros2_ws/install/barista_dock_charger_station/lib/libbarista_dock_charger_station__rosidl_typesupport_cpp.so
[7.105s] -- Up-to-date: /home/user/ros2_ws/install/barista_dock_charger_station/share/ament_index/resource_index/rust_packages/barista_dock_charger_station
[7.105s] -- Up-to-date: /home/user/ros2_ws/install/barista_dock_charger_station/share/barista_dock_charger_station/rust
[7.105s] -- Installing: /home/user/ros2_ws/install/barista_dock_charger_station/share/barista_dock_charger_station/rust/Cargo.toml
[7.105s] -- Up-to-date: /home/user/ros2_ws/install/barista_dock_charger_station/share/barista_dock_charger_station/rust/src
[7.105s] -- Installing: /home/user/ros2_ws/install/barista_dock_charger_station/share/barista_dock_charger_station/rust/src/msg.rs
[7.106s] -- Installing: /home/user/ros2_ws/install/barista_dock_charger_station/share/barista_dock_charger_station/rust/src/srv.rs
[7.106s] -- Installing: /home/user/ros2_ws/install/barista_dock_charger_station/share/barista_dock_charger_station/rust/src/lib.rs
[7.106s] -- Installing: /home/user/ros2_ws/install/barista_dock_charger_station/share/barista_dock_charger_station/rust/build.rs
[7.106s] -- Up-to-date: /home/user/ros2_ws/install/barista_dock_charger_station/share/barista_dock_charger_station/rust
[7.106s] -- Up-to-date: /home/user/ros2_ws/install/barista_dock_charger_station/share/barista_dock_charger_station/rust/Cargo.toml
[7.106s] -- Up-to-date: /home/user/ros2_ws/install/barista_dock_charger_station/share/barista_dock_charger_station/rust/src
[7.107s] -- Up-to-date: /home/user/ros2_ws/install/barista_dock_charger_station/share/barista_dock_charger_station/rust/src/msg.rs
[7.107s] -- Up-to-date: /home/user/ros2_ws/install/barista_dock_charger_station/share/barista_dock_charger_station/rust/src/srv.rs
[7.107s] -- Up-to-date: /home/user/ros2_ws/install/barista_dock_charger_station/share/barista_dock_charger_station/rust/src/lib.rs
[7.107s] -- Up-to-date: /home/user/ros2_ws/install/barista_dock_charger_station/share/barista_dock_charger_station/rust/build.rs
[7.107s] -- Up-to-date: /home/user/ros2_ws/install/barista_dock_charger_station/share/barista_dock_charger_station/rust
[7.107s] -- Up-to-date: /home/user/ros2_ws/install/barista_dock_charger_station/share/barista_dock_charger_station/rust/Cargo.toml
[7.108s] -- Up-to-date: /home/user/ros2_ws/install/barista_dock_charger_station/share/barista_dock_charger_station/rust/src
[7.108s] -- Up-to-date: /home/user/ros2_ws/install/barista_dock_charger_station/share/barista_dock_charger_station/rust/src/msg.rs
[7.108s] -- Up-to-date: /home/user/ros2_ws/install/barista_dock_charger_station/share/barista_dock_charger_station/rust/src/srv.rs
[7.108s] -- Up-to-date: /home/user/ros2_ws/install/barista_dock_charger_station/share/barista_dock_charger_station/rust/src/lib.rs
[7.108s] -- Up-to-date: /home/user/ros2_ws/install/barista_dock_charger_station/share/barista_dock_charger_station/rust/build.rs
[7.108s] -- Up-to-date: /home/user/ros2_ws/install/barista_dock_charger_station/share/barista_dock_charger_station/environment/pythonpath.sh
[7.108s] -- Up-to-date: /home/user/ros2_ws/install/barista_dock_charger_station/share/barista_dock_charger_station/environment/pythonpath.dsv
[7.108s] -- Up-to-date: /home/user/ros2_ws/install/barista_dock_charger_station/local/lib/python3.10/dist-packages/barista_dock_charger_station-0.0.0-py3.10.egg-info
[7.108s] -- Installing: /home/user/ros2_ws/install/barista_dock_charger_station/local/lib/python3.10/dist-packages/barista_dock_charger_station-0.0.0-py3.10.egg-info/PKG-INFO
[7.109s] -- Installing: /home/user/ros2_ws/install/barista_dock_charger_station/local/lib/python3.10/dist-packages/barista_dock_charger_station-0.0.0-py3.10.egg-info/top_level.txt
[7.115s] -- Installing: /home/user/ros2_ws/install/barista_dock_charger_station/local/lib/python3.10/dist-packages/barista_dock_charger_station-0.0.0-py3.10.egg-info/SOURCES.txt
[7.116s] -- Installing: /home/user/ros2_ws/install/barista_dock_charger_station/local/lib/python3.10/dist-packages/barista_dock_charger_station-0.0.0-py3.10.egg-info/dependency_links.txt
[7.116s] -- Up-to-date: /home/user/ros2_ws/install/barista_dock_charger_station/local/lib/python3.10/dist-packages/barista_dock_charger_station
[7.116s] -- Up-to-date: /home/user/ros2_ws/install/barista_dock_charger_station/local/lib/python3.10/dist-packages/barista_dock_charger_station/_barista_dock_charger_station_s.ep.rosidl_typesupport_fastrtps_c.c
[7.122s] -- Up-to-date: /home/user/ros2_ws/install/barista_dock_charger_station/local/lib/python3.10/dist-packages/barista_dock_charger_station/_barista_dock_charger_station_s.ep.rosidl_typesupport_introspection_c.c
[7.126s] -- Up-to-date: /home/user/ros2_ws/install/barista_dock_charger_station/local/lib/python3.10/dist-packages/barista_dock_charger_station/srv
[7.126s] -- Up-to-date: /home/user/ros2_ws/install/barista_dock_charger_station/local/lib/python3.10/dist-packages/barista_dock_charger_station/srv/_dock_charger_station_s.c
[7.126s] -- Up-to-date: /home/user/ros2_ws/install/barista_dock_charger_station/local/lib/python3.10/dist-packages/barista_dock_charger_station/srv/_dock_charger_station.py
[7.127s] -- Up-to-date: /home/user/ros2_ws/install/barista_dock_charger_station/local/lib/python3.10/dist-packages/barista_dock_charger_station/srv/__init__.py
[7.127s] -- Up-to-date: /home/user/ros2_ws/install/barista_dock_charger_station/local/lib/python3.10/dist-packages/barista_dock_charger_station/_barista_dock_charger_station_s.ep.rosidl_typesupport_c.c
[7.127s] -- Up-to-date: /home/user/ros2_ws/install/barista_dock_charger_station/local/lib/python3.10/dist-packages/barista_dock_charger_station/msg
[7.127s] -- Up-to-date: /home/user/ros2_ws/install/barista_dock_charger_station/local/lib/python3.10/dist-packages/barista_dock_charger_station/msg/_fleet_dock_status_s.c
[7.127s] -- Up-to-date: /home/user/ros2_ws/install/barista_dock_charger_station/local/lib/python3.10/dist-packages/barista_dock_charger_station/msg/_fleet_dock_status.py
[7.127s] -- Up-to-date: /home/user/ros2_ws/install/barista_dock_charger_station/local/lib/python3.10/dist-packages/barista_dock_charger_station/msg/__init__.py
[7.127s] -- Up-to-date: /home/user/ros2_ws/install/barista_dock_charger_station/local/lib/python3.10/dist-packages/barista_dock_charger_station/__init__.py
[7.127s] -- Up-to-date: /home/user/ros2_ws/install/barista_dock_charger_station/local/lib/python3.10/dist-packages/barista_dock_charger_station/libbarista_dock_charger_station__rosidl_generator_py.so
[7.128s] -- Up-to-date: /home/user/ros2_ws/install/barista_dock_charger_station/local/lib/python3.10/dist-packages/barista_dock_charger_station/barista_dock_charger_station_s__rosidl_typesupport_introspection_c.cpython-310-x86_64-linux-gnu.so
[7.128s] -- Up-to-date: /home/user/ros2_ws/install/barista_dock_charger_station/local/lib/python3.10/dist-packages/barista_dock_charger_station/barista_dock_charger_station_s__rosidl_typesupport_c.cpython-310-x86_64-linux-gnu.so
[7.128s] -- Up-to-date: /home/user/ros2_ws/install/barista_dock_charger_station/local/lib/python3.10/dist-packages/barista_dock_charger_station/barista_dock_charger_station_s__rosidl_typesupport_fastrtps_c.cpython-310-x86_64-linux-gnu.so
[7.323s] Listing '/home/user/ros2_ws/install/barista_dock_charger_station/local/lib/python3.10/dist-packages/barista_dock_charger_station'...
[7.324s] Listing '/home/user/ros2_ws/install/barista_dock_charger_station/local/lib/python3.10/dist-packages/barista_dock_charger_station/msg'...
[7.324s] Listing '/home/user/ros2_ws/install/barista_dock_charger_station/local/lib/python3.10/dist-packages/barista_dock_charger_station/srv'...
[7.334s] -- Up-to-date: /home/user/ros2_ws/install/barista_dock_charger_station/local/lib/python3.10/dist-packages/barista_dock_charger_station/barista_dock_charger_station_s__rosidl_typesupport_fastrtps_c.cpython-310-x86_64-linux-gnu.so
[7.336s] -- Up-to-date: /home/user/ros2_ws/install/barista_dock_charger_station/local/lib/python3.10/dist-packages/barista_dock_charger_station/barista_dock_charger_station_s__rosidl_typesupport_introspection_c.cpython-310-x86_64-linux-gnu.so
[7.398s] -- Up-to-date: /home/user/ros2_ws/install/barista_dock_charger_station/local/lib/python3.10/dist-packages/barista_dock_charger_station/barista_dock_charger_station_s__rosidl_typesupport_c.cpython-310-x86_64-linux-gnu.so
[7.400s] -- Up-to-date: /home/user/ros2_ws/install/barista_dock_charger_station/lib/libbarista_dock_charger_station__rosidl_generator_py.so
[7.400s] -- Up-to-date: /home/user/ros2_ws/install/barista_dock_charger_station/share/barista_dock_charger_station/srv/DockChargerStation.idl
[7.401s] -- Up-to-date: /home/user/ros2_ws/install/barista_dock_charger_station/share/barista_dock_charger_station/msg/FleetDockStatus.idl
[7.401s] -- Up-to-date: /home/user/ros2_ws/install/barista_dock_charger_station/share/barista_dock_charger_station/srv/DockChargerStation.srv
[7.401s] -- Up-to-date: /home/user/ros2_ws/install/barista_dock_charger_station/share/barista_dock_charger_station/srv/DockChargerStation_Request.msg
[7.401s] -- Up-to-date: /home/user/ros2_ws/install/barista_dock_charger_station/share/barista_dock_charger_station/srv/DockChargerStation_Response.msg
[7.402s] -- Up-to-date: /home/user/ros2_ws/install/barista_dock_charger_station/share/barista_dock_charger_station/msg/FleetDockStatus.msg
[7.402s] -- Up-to-date: /home/user/ros2_ws/install/barista_dock_charger_station/share/barista_dock_charger_station//launch
[7.402s] -- Up-to-date: /home/user/ros2_ws/install/barista_dock_charger_station/share/barista_dock_charger_station//launch/barista_1_charge_server_v3.launch.xml
[7.402s] -- Up-to-date: /home/user/ros2_ws/install/barista_dock_charger_station/share/barista_dock_charger_station//launch/barista_1_charge_server.launch.xml
[7.402s] -- Up-to-date: /home/user/ros2_ws/install/barista_dock_charger_station/share/barista_dock_charger_station//launch/barista_2_start_dock_charger_station_server.launch.xml
[7.403s] -- Up-to-date: /home/user/ros2_ws/install/barista_dock_charger_station/share/barista_dock_charger_station//launch/cleaner_1_start_dock_charger_station_server.launch.xml
[7.403s] -- Up-to-date: /home/user/ros2_ws/install/barista_dock_charger_station/share/barista_dock_charger_station//launch/launch_one_turtleE_charge_servers.launch.xml
[7.403s] -- Up-to-date: /home/user/ros2_ws/install/barista_dock_charger_station/share/barista_dock_charger_station//launch/launch_two_barista_charge_servers.launch.xml
[7.403s] -- Up-to-date: /home/user/ros2_ws/install/barista_dock_charger_station/share/barista_dock_charger_station//launch/barista_2_charge_server_v3.launch.xml
[7.404s] -- Up-to-date: /home/user/ros2_ws/install/barista_dock_charger_station/share/barista_dock_charger_station//launch/start_dock_charger_station_server.launch.xml
[7.404s] -- Up-to-date: /home/user/ros2_ws/install/barista_dock_charger_station/share/barista_dock_charger_station//launch/start_fleet_robots_are_docked.launch.xml
[7.404s] -- Up-to-date: /home/user/ros2_ws/install/barista_dock_charger_station/share/barista_dock_charger_station//launch/start_two_teleport_charge_servers.launch.xml
[7.404s] -- Up-to-date: /home/user/ros2_ws/install/barista_dock_charger_station/share/barista_dock_charger_station//launch/barista_2_charge_server.launch.xml
[7.404s] -- Up-to-date: /home/user/ros2_ws/install/barista_dock_charger_station/share/barista_dock_charger_station//launch/barista_1_start_dock_charger_station_server.launch.xml
[7.405s] -- Up-to-date: /home/user/ros2_ws/install/barista_dock_charger_station/share/barista_dock_charger_station//launch/barista_three_start_dock_charger_station_server.launch.xml
[7.405s] -- Up-to-date: /home/user/ros2_ws/install/barista_dock_charger_station/share/barista_dock_charger_station//launch/barista_charge_server.launch.xml
[7.405s] -- Up-to-date: /home/user/ros2_ws/install/barista_dock_charger_station/lib/barista_dock_charger_station/start_dock_charger_station_server.py
[7.405s] -- Up-to-date: /home/user/ros2_ws/install/barista_dock_charger_station/lib/barista_dock_charger_station/start_fleet_robots_are_docked.py
[7.405s] -- Up-to-date: /home/user/ros2_ws/install/barista_dock_charger_station/lib/barista_dock_charger_station/barista_dock_node.py
[7.406s] -- Up-to-date: /home/user/ros2_ws/install/barista_dock_charger_station/lib/barista_dock_charger_station/barista_dock_node_v2.py
[7.406s] -- Up-to-date: /home/user/ros2_ws/install/barista_dock_charger_station/lib/barista_dock_charger_station/barista_dock_node_v3.py
[7.406s] -- Up-to-date: /home/user/ros2_ws/install/barista_dock_charger_station/lib/barista_dock_charger_station/scan_orientation.py
[7.406s] -- Up-to-date: /home/user/ros2_ws/install/barista_dock_charger_station/share/ament_index/resource_index/package_run_dependencies/barista_dock_charger_station
[7.406s] -- Up-to-date: /home/user/ros2_ws/install/barista_dock_charger_station/share/ament_index/resource_index/parent_prefix_path/barista_dock_charger_station
[7.407s] -- Up-to-date: /home/user/ros2_ws/install/barista_dock_charger_station/share/barista_dock_charger_station/environment/ament_prefix_path.sh
[7.407s] -- Up-to-date: /home/user/ros2_ws/install/barista_dock_charger_station/share/barista_dock_charger_station/environment/ament_prefix_path.dsv
[7.407s] -- Up-to-date: /home/user/ros2_ws/install/barista_dock_charger_station/share/barista_dock_charger_station/environment/path.sh
[7.407s] -- Up-to-date: /home/user/ros2_ws/install/barista_dock_charger_station/share/barista_dock_charger_station/environment/path.dsv
[7.408s] -- Up-to-date: /home/user/ros2_ws/install/barista_dock_charger_station/share/barista_dock_charger_station/local_setup.bash
[7.408s] -- Up-to-date: /home/user/ros2_ws/install/barista_dock_charger_station/share/barista_dock_charger_station/local_setup.sh
[7.408s] -- Up-to-date: /home/user/ros2_ws/install/barista_dock_charger_station/share/barista_dock_charger_station/local_setup.zsh
[7.408s] -- Up-to-date: /home/user/ros2_ws/install/barista_dock_charger_station/share/barista_dock_charger_station/local_setup.dsv
[7.409s] -- Installing: /home/user/ros2_ws/install/barista_dock_charger_station/share/barista_dock_charger_station/package.dsv
[7.409s] -- Up-to-date: /home/user/ros2_ws/install/barista_dock_charger_station/share/ament_index/resource_index/packages/barista_dock_charger_station
[7.409s] -- Up-to-date: /home/user/ros2_ws/install/barista_dock_charger_station/share/barista_dock_charger_station/cmake/export_barista_dock_charger_station__rosidl_generator_cExport.cmake
[7.409s] -- Up-to-date: /home/user/ros2_ws/install/barista_dock_charger_station/share/barista_dock_charger_station/cmake/export_barista_dock_charger_station__rosidl_generator_cExport-noconfig.cmake
[7.409s] -- Up-to-date: /home/user/ros2_ws/install/barista_dock_charger_station/share/barista_dock_charger_station/cmake/export_barista_dock_charger_station__rosidl_typesupport_fastrtps_cExport.cmake
[7.410s] -- Up-to-date: /home/user/ros2_ws/install/barista_dock_charger_station/share/barista_dock_charger_station/cmake/export_barista_dock_charger_station__rosidl_typesupport_fastrtps_cExport-noconfig.cmake
[7.410s] -- Up-to-date: /home/user/ros2_ws/install/barista_dock_charger_station/share/barista_dock_charger_station/cmake/export_barista_dock_charger_station__rosidl_generator_cppExport.cmake
[7.410s] -- Up-to-date: /home/user/ros2_ws/install/barista_dock_charger_station/share/barista_dock_charger_station/cmake/export_barista_dock_charger_station__rosidl_typesupport_fastrtps_cppExport.cmake
[7.410s] -- Up-to-date: /home/user/ros2_ws/install/barista_dock_charger_station/share/barista_dock_charger_station/cmake/export_barista_dock_charger_station__rosidl_typesupport_fastrtps_cppExport-noconfig.cmake
[7.411s] -- Up-to-date: /home/user/ros2_ws/install/barista_dock_charger_station/share/barista_dock_charger_station/cmake/barista_dock_charger_station__rosidl_typesupport_introspection_cExport.cmake
[7.411s] -- Up-to-date: /home/user/ros2_ws/install/barista_dock_charger_station/share/barista_dock_charger_station/cmake/barista_dock_charger_station__rosidl_typesupport_introspection_cExport-noconfig.cmake
[7.412s] -- Up-to-date: /home/user/ros2_ws/install/barista_dock_charger_station/share/barista_dock_charger_station/cmake/barista_dock_charger_station__rosidl_typesupport_cExport.cmake
[7.413s] -- Up-to-date: /home/user/ros2_ws/install/barista_dock_charger_station/share/barista_dock_charger_station/cmake/barista_dock_charger_station__rosidl_typesupport_cExport-noconfig.cmake
[7.413s] -- Up-to-date: /home/user/ros2_ws/install/barista_dock_charger_station/share/barista_dock_charger_station/cmake/barista_dock_charger_station__rosidl_typesupport_introspection_cppExport.cmake
[7.414s] -- Up-to-date: /home/user/ros2_ws/install/barista_dock_charger_station/share/barista_dock_charger_station/cmake/barista_dock_charger_station__rosidl_typesupport_introspection_cppExport-noconfig.cmake
[7.415s] -- Up-to-date: /home/user/ros2_ws/install/barista_dock_charger_station/share/barista_dock_charger_station/cmake/barista_dock_charger_station__rosidl_typesupport_cppExport.cmake
[7.416s] -- Up-to-date: /home/user/ros2_ws/install/barista_dock_charger_station/share/barista_dock_charger_station/cmake/barista_dock_charger_station__rosidl_typesupport_cppExport-noconfig.cmake
[7.418s] -- Up-to-date: /home/user/ros2_ws/install/barista_dock_charger_station/share/barista_dock_charger_station/cmake/export_barista_dock_charger_station__rosidl_generator_pyExport.cmake
[7.418s] -- Up-to-date: /home/user/ros2_ws/install/barista_dock_charger_station/share/barista_dock_charger_station/cmake/export_barista_dock_charger_station__rosidl_generator_pyExport-noconfig.cmake
[7.419s] -- Up-to-date: /home/user/ros2_ws/install/barista_dock_charger_station/share/barista_dock_charger_station/cmake/rosidl_cmake-extras.cmake
[7.419s] -- Up-to-date: /home/user/ros2_ws/install/barista_dock_charger_station/share/barista_dock_charger_station/cmake/ament_cmake_export_include_directories-extras.cmake
[7.499s] -- Up-to-date: /home/user/ros2_ws/install/barista_dock_charger_station/share/barista_dock_charger_station/cmake/ament_cmake_export_libraries-extras.cmake
[7.500s] -- Up-to-date: /home/user/ros2_ws/install/barista_dock_charger_station/share/barista_dock_charger_station/cmake/ament_cmake_export_targets-extras.cmake
[7.500s] -- Up-to-date: /home/user/ros2_ws/install/barista_dock_charger_station/share/barista_dock_charger_station/cmake/rosidl_cmake_export_typesupport_targets-extras.cmake
[7.500s] -- Up-to-date: /home/user/ros2_ws/install/barista_dock_charger_station/share/barista_dock_charger_station/cmake/ament_cmake_export_dependencies-extras.cmake
[7.500s] -- Up-to-date: /home/user/ros2_ws/install/barista_dock_charger_station/share/barista_dock_charger_station/cmake/rosidl_cmake_export_typesupport_libraries-extras.cmake
[7.500s] -- Up-to-date: /home/user/ros2_ws/install/barista_dock_charger_station/share/barista_dock_charger_station/cmake/barista_dock_charger_stationConfig.cmake
[7.500s] -- Up-to-date: /home/user/ros2_ws/install/barista_dock_charger_station/share/barista_dock_charger_station/cmake/barista_dock_charger_stationConfig-version.cmake
[7.501s] -- Up-to-date: /home/user/ros2_ws/install/barista_dock_charger_station/share/barista_dock_charger_station/package.xml
[7.501s] Invoked command in '/home/user/ros2_ws/build/barista_dock_charger_station' returned '0': CMAKE_PREFIX_PATH=${CMAKE_PREFIX_PATH}:/home/simulations/ros2_sims_ws/install/rclrs_tests:/home/simulations/ros2_sims_ws/install/examples_rclrs_minimal_client_service:/home/simulations/ros2_sims_ws/install/sensor_msgs_py:/home/simulations/ros2_sims_ws/install/examples_rclrs_minimal_pub_sub:/home/simulations/ros2_sims_ws/install/examples_rclrs_message_demo:/home/simulations/ros2_sims_ws/install/rclrs:/home/simulations/ros2_sims_ws/install/rosidl_runtime_rs:/home/user/ros2_ws/install/ros2test:/home/user/ros2_ws/install/robotiq_85_driver:/home/user/ros2_ws/install/path_planner_server:/home/user/ros2_ws/install/moveit_configs_utils:/home/user/ros2_ws/install/localization_server:/home/user/ros2_ws/install/cartographer_slam:/opt/ros/humble _=/usr/bin/env /usr/bin/cmake --install /home/user/ros2_ws/build/barista_dock_charger_station
