[0.058s] Invoking command in '/home/user/ros2_ws/build/barista_gazebo': CMAKE_PREFIX_PATH=${CMAKE_PREFIX_PATH}:/home/simulations/ros2_sims_ws/install/rclrs_tests:/home/simulations/ros2_sims_ws/install/examples_rclrs_minimal_client_service:/home/simulations/ros2_sims_ws/install/sensor_msgs_py:/home/simulations/ros2_sims_ws/install/examples_rclrs_minimal_pub_sub:/home/simulations/ros2_sims_ws/install/examples_rclrs_message_demo:/home/simulations/ros2_sims_ws/install/rclrs:/home/simulations/ros2_sims_ws/install/rosidl_runtime_rs:/home/user/ros2_ws/install/ros2test:/home/user/ros2_ws/install/robotiq_85_driver:/home/user/ros2_ws/install/path_planner_server:/home/user/ros2_ws/install/moveit_configs_utils:/home/user/ros2_ws/install/localization_server:/home/user/ros2_ws/install/cartographer_slam:/opt/ros/humble _=/usr/bin/env /usr/bin/cmake --build /home/user/ros2_ws/build/barista_gazebo -- -j8 -l8
[0.224s] Invoked command in '/home/user/ros2_ws/build/barista_gazebo' returned '0': CMAKE_PREFIX_PATH=${CMAKE_PREFIX_PATH}:/home/simulations/ros2_sims_ws/install/rclrs_tests:/home/simulations/ros2_sims_ws/install/examples_rclrs_minimal_client_service:/home/simulations/ros2_sims_ws/install/sensor_msgs_py:/home/simulations/ros2_sims_ws/install/examples_rclrs_minimal_pub_sub:/home/simulations/ros2_sims_ws/install/examples_rclrs_message_demo:/home/simulations/ros2_sims_ws/install/rclrs:/home/simulations/ros2_sims_ws/install/rosidl_runtime_rs:/home/user/ros2_ws/install/ros2test:/home/user/ros2_ws/install/robotiq_85_driver:/home/user/ros2_ws/install/path_planner_server:/home/user/ros2_ws/install/moveit_configs_utils:/home/user/ros2_ws/install/localization_server:/home/user/ros2_ws/install/cartographer_slam:/opt/ros/humble _=/usr/bin/env /usr/bin/cmake --build /home/user/ros2_ws/build/barista_gazebo -- -j8 -l8
[0.516s] Invoking command in '/home/user/ros2_ws/build/barista_gazebo': CMAKE_PREFIX_PATH=${CMAKE_PREFIX_PATH}:/home/simulations/ros2_sims_ws/install/rclrs_tests:/home/simulations/ros2_sims_ws/install/examples_rclrs_minimal_client_service:/home/simulations/ros2_sims_ws/install/sensor_msgs_py:/home/simulations/ros2_sims_ws/install/examples_rclrs_minimal_pub_sub:/home/simulations/ros2_sims_ws/install/examples_rclrs_message_demo:/home/simulations/ros2_sims_ws/install/rclrs:/home/simulations/ros2_sims_ws/install/rosidl_runtime_rs:/home/user/ros2_ws/install/ros2test:/home/user/ros2_ws/install/robotiq_85_driver:/home/user/ros2_ws/install/path_planner_server:/home/user/ros2_ws/install/moveit_configs_utils:/home/user/ros2_ws/install/localization_server:/home/user/ros2_ws/install/cartographer_slam:/opt/ros/humble _=/usr/bin/env /usr/bin/cmake --install /home/user/ros2_ws/build/barista_gazebo
[0.542s] -- Install configuration: ""
[0.543s] -- Up-to-date: /home/user/ros2_ws/install/barista_gazebo/share/barista_gazebo/launch
[0.543s] -- Up-to-date: /home/user/ros2_ws/install/barista_gazebo/share/barista_gazebo/launch/start_multiple_sim_battery.launch.xml
[0.543s] -- Up-to-date: /home/user/ros2_ws/install/barista_gazebo/share/barista_gazebo/launch/turtleE_1.launch.py
[0.544s] -- Up-to-date: /home/user/ros2_ws/install/barista_gazebo/share/barista_gazebo/launch/main_one_robots_with_tables.launch.xml
[0.544s] -- Up-to-date: /home/user/ros2_ws/install/barista_gazebo/share/barista_gazebo/launch/barista_1_ramenshop_pantry.launch.py
[0.544s] -- Up-to-date: /home/user/ros2_ws/install/barista_gazebo/share/barista_gazebo/launch/one_barista_bat_system.launch.xml
[0.544s] -- Up-to-date: /home/user/ros2_ws/install/barista_gazebo/share/barista_gazebo/launch/unit8_pandaarm.launch.xml
[0.544s] -- Up-to-date: /home/user/ros2_ws/install/barista_gazebo/share/barista_gazebo/launch/start_multiple_sim_battery_three.launch.xml
[0.545s] -- Up-to-date: /home/user/ros2_ws/install/barista_gazebo/share/barista_gazebo/launch/main_two_robots_turtleworld.launch.xml
[0.545s] -- Up-to-date: /home/user/ros2_ws/install/barista_gazebo/share/barista_gazebo/launch/barista_1_ramenshop.launch.py
[0.545s] -- Up-to-date: /home/user/ros2_ws/install/barista_gazebo/share/barista_gazebo/launch/mule_1.launch.py
[0.545s] -- Up-to-date: /home/user/ros2_ws/install/barista_gazebo/share/barista_gazebo/launch/multi_barista.launch.py
[0.545s] -- Up-to-date: /home/user/ros2_ws/install/barista_gazebo/share/barista_gazebo/launch/start_world_turtleworld.launch.py
[0.546s] -- Up-to-date: /home/user/ros2_ws/install/barista_gazebo/share/barista_gazebo/launch/start_barista_1_stuff.launch.xml
[0.546s] -- Up-to-date: /home/user/ros2_ws/install/barista_gazebo/share/barista_gazebo/launch/start_rviz_basic_systems_main.launch.xml
[0.546s] -- Up-to-date: /home/user/ros2_ws/install/barista_gazebo/share/barista_gazebo/launch/start_turtleworld.launch.py
[0.546s] -- Up-to-date: /home/user/ros2_ws/install/barista_gazebo/share/barista_gazebo/launch/start_sim_battery.launch_copy.xml
[0.546s] -- Up-to-date: /home/user/ros2_ws/install/barista_gazebo/share/barista_gazebo/launch/barista_1_turtleworld.launch.py
[0.546s] -- Up-to-date: /home/user/ros2_ws/install/barista_gazebo/share/barista_gazebo/launch/start_world_turtleworld_empty.launch.py
[0.547s] -- Up-to-date: /home/user/ros2_ws/install/barista_gazebo/share/barista_gazebo/launch/main_two_robots.launch.xml
[0.547s] -- Up-to-date: /home/user/ros2_ws/install/barista_gazebo/share/barista_gazebo/launch/barista_1.launch.py
[0.547s] -- Up-to-date: /home/user/ros2_ws/install/barista_gazebo/share/barista_gazebo/launch/barista_2_turtleworld.launch.py
[0.547s] -- Up-to-date: /home/user/ros2_ws/install/barista_gazebo/share/barista_gazebo/launch/start_world_standalone.launch.py
[0.548s] -- Up-to-date: /home/user/ros2_ws/install/barista_gazebo/share/barista_gazebo/launch/start_sim_battery.launch.xml
[0.548s] -- Up-to-date: /home/user/ros2_ws/install/barista_gazebo/share/barista_gazebo/launch/start_turtleworld_empty.launch.py
[0.548s] -- Up-to-date: /home/user/ros2_ws/install/barista_gazebo/share/barista_gazebo/launch/barista_1_slotcar.launch.py
[0.548s] -- Up-to-date: /home/user/ros2_ws/install/barista_gazebo/share/barista_gazebo/launch/start_free_fleet_barista_1.launch.xml
[0.548s] -- Up-to-date: /home/user/ros2_ws/install/barista_gazebo/share/barista_gazebo/launch/start_world_panda_arm.launch.py
[0.548s] -- Up-to-date: /home/user/ros2_ws/install/barista_gazebo/share/barista_gazebo/launch/start_ramenshop_world.launch.py
[0.548s] -- Up-to-date: /home/user/ros2_ws/install/barista_gazebo/share/barista_gazebo/launch/barista_2.launch.py
[0.549s] -- Up-to-date: /home/user/ros2_ws/install/barista_gazebo/share/barista_gazebo/launch/start_ff_client_barista.launch.xml
[0.549s] -- Up-to-date: /home/user/ros2_ws/install/barista_gazebo/share/barista_gazebo/launch/start_sim_battery_barista_1.launch.xml
[0.549s] -- Up-to-date: /home/user/ros2_ws/install/barista_gazebo/share/barista_gazebo/launch/start_rviz_basic_systems.launch.py
[0.549s] -- Up-to-date: /home/user/ros2_ws/install/barista_gazebo/share/barista_gazebo/launch/ff_server_barista_fleet.launch.xml
[0.549s] -- Up-to-date: /home/user/ros2_ws/install/barista_gazebo/share/barista_gazebo/launch/multi_barista.launch.xml
[0.549s] -- Up-to-date: /home/user/ros2_ws/install/barista_gazebo/share/barista_gazebo/launch/start_multiple_ff_clients.launch.xml
[0.549s] -- Up-to-date: /home/user/ros2_ws/install/barista_gazebo/share/barista_gazebo/launch/barista_2_slotcar.launch.py
[0.550s] -- Up-to-date: /home/user/ros2_ws/install/barista_gazebo/share/barista_gazebo/launch/mule_1_turtleworld.launch.py
[0.550s] -- Up-to-date: /home/user/ros2_ws/install/barista_gazebo/share/barista_gazebo/launch/main_three_robots.launch.xml
[0.550s] -- Up-to-date: /home/user/ros2_ws/install/barista_gazebo/share/barista_gazebo/launch/start_world_tables.launch.py
[0.550s] -- Up-to-date: /home/user/ros2_ws/install/barista_gazebo/share/barista_gazebo/launch/start_one_sim_dummy_battery.launch.xml
[0.550s] -- Up-to-date: /home/user/ros2_ws/install/barista_gazebo/share/barista_gazebo/launch/main_one_robots.launch.xml
[0.550s] -- Up-to-date: /home/user/ros2_ws/install/barista_gazebo/share/barista_gazebo/launch/main_three_robots_turtleworld.launch.xml
[0.550s] -- Up-to-date: /home/user/ros2_ws/install/barista_gazebo/share/barista_gazebo/launch/start_free_flee.launch.xml
[0.550s] -- Up-to-date: /home/user/ros2_ws/install/barista_gazebo/share/barista_gazebo/launch/start_tables.launch.py
[0.551s] -- Up-to-date: /home/user/ros2_ws/install/barista_gazebo/share/barista_gazebo/launch/start_world.launch.py
[0.551s] -- Up-to-date: /home/user/ros2_ws/install/barista_gazebo/share/barista_gazebo/worlds
[0.551s] -- Up-to-date: /home/user/ros2_ws/install/barista_gazebo/share/barista_gazebo/worlds/tc_human_win.dae
[0.551s] -- Up-to-date: /home/user/ros2_ws/install/barista_gazebo/share/barista_gazebo/worlds/turtlebot3_world_empty.world
[0.551s] -- Up-to-date: /home/user/ros2_ws/install/barista_gazebo/share/barista_gazebo/worlds/panda_arm_animated_ingestor.world
[0.551s] -- Up-to-date: /home/user/ros2_ws/install/barista_gazebo/share/barista_gazebo/worlds/tc_coffeeshop.world
[0.551s] -- Up-to-date: /home/user/ros2_ws/install/barista_gazebo/share/barista_gazebo/worlds/tc_human_talk.dae
[0.551s] -- Up-to-date: /home/user/ros2_ws/install/barista_gazebo/share/barista_gazebo/worlds/turtlebot3_world.world
[0.551s] -- Up-to-date: /home/user/ros2_ws/install/barista_gazebo/share/barista_gazebo/worlds/yellow_texture.png
[0.552s] -- Up-to-date: /home/user/ros2_ws/install/barista_gazebo/share/barista_gazebo/worlds/tc_human_talk_yellow.dae
[0.552s] -- Up-to-date: /home/user/ros2_ws/install/barista_gazebo/share/barista_gazebo/worlds/pink_texture.png
[0.552s] -- Up-to-date: /home/user/ros2_ws/install/barista_gazebo/share/barista_gazebo/scripts
[0.552s] -- Up-to-date: /home/user/ros2_ws/install/barista_gazebo/share/barista_gazebo/scripts/battery_state_sim_barista_v2.py
[0.552s] -- Up-to-date: /home/user/ros2_ws/install/barista_gazebo/share/barista_gazebo/rviz
[0.555s] -- Up-to-date: /home/user/ros2_ws/install/barista_gazebo/share/barista_gazebo/rviz/basic_systems.rviz
[0.556s] -- Up-to-date: /home/user/ros2_ws/install/barista_gazebo/share/barista_gazebo/rviz/barista_1.rviz
[0.556s] -- Up-to-date: /home/user/ros2_ws/install/barista_gazebo/lib/barista_gazebo/battery_state_sim_barista_v2.py
[0.556s] -- Up-to-date: /home/user/ros2_ws/install/barista_gazebo/share/ament_index/resource_index/package_run_dependencies/barista_gazebo
[0.557s] -- Up-to-date: /home/user/ros2_ws/install/barista_gazebo/share/ament_index/resource_index/parent_prefix_path/barista_gazebo
[0.557s] -- Up-to-date: /home/user/ros2_ws/install/barista_gazebo/share/barista_gazebo/environment/ament_prefix_path.sh
[0.557s] -- Up-to-date: /home/user/ros2_ws/install/barista_gazebo/share/barista_gazebo/environment/ament_prefix_path.dsv
[0.557s] -- Up-to-date: /home/user/ros2_ws/install/barista_gazebo/share/barista_gazebo/environment/path.sh
[0.557s] -- Up-to-date: /home/user/ros2_ws/install/barista_gazebo/share/barista_gazebo/environment/path.dsv
[0.558s] -- Up-to-date: /home/user/ros2_ws/install/barista_gazebo/share/barista_gazebo/local_setup.bash
[0.558s] -- Up-to-date: /home/user/ros2_ws/install/barista_gazebo/share/barista_gazebo/local_setup.sh
[0.558s] -- Up-to-date: /home/user/ros2_ws/install/barista_gazebo/share/barista_gazebo/local_setup.zsh
[0.558s] -- Up-to-date: /home/user/ros2_ws/install/barista_gazebo/share/barista_gazebo/local_setup.dsv
[0.558s] -- Installing: /home/user/ros2_ws/install/barista_gazebo/share/barista_gazebo/package.dsv
[0.559s] -- Up-to-date: /home/user/ros2_ws/install/barista_gazebo/share/ament_index/resource_index/packages/barista_gazebo
[0.559s] -- Up-to-date: /home/user/ros2_ws/install/barista_gazebo/share/barista_gazebo/cmake/barista_gazeboConfig.cmake
[0.559s] -- Up-to-date: /home/user/ros2_ws/install/barista_gazebo/share/barista_gazebo/cmake/barista_gazeboConfig-version.cmake
[0.559s] -- Up-to-date: /home/user/ros2_ws/install/barista_gazebo/share/barista_gazebo/package.xml
[0.560s] Invoked command in '/home/user/ros2_ws/build/barista_gazebo' returned '0': CMAKE_PREFIX_PATH=${CMAKE_PREFIX_PATH}:/home/simulations/ros2_sims_ws/install/rclrs_tests:/home/simulations/ros2_sims_ws/install/examples_rclrs_minimal_client_service:/home/simulations/ros2_sims_ws/install/sensor_msgs_py:/home/simulations/ros2_sims_ws/install/examples_rclrs_minimal_pub_sub:/home/simulations/ros2_sims_ws/install/examples_rclrs_message_demo:/home/simulations/ros2_sims_ws/install/rclrs:/home/simulations/ros2_sims_ws/install/rosidl_runtime_rs:/home/user/ros2_ws/install/ros2test:/home/user/ros2_ws/install/robotiq_85_driver:/home/user/ros2_ws/install/path_planner_server:/home/user/ros2_ws/install/moveit_configs_utils:/home/user/ros2_ws/install/localization_server:/home/user/ros2_ws/install/cartographer_slam:/opt/ros/humble _=/usr/bin/env /usr/bin/cmake --install /home/user/ros2_ws/build/barista_gazebo
