[1.524s] Invoking command in '/home/user/ros2_ws/src/universal_robot_ros2/barista_ros2/barista_navigation/path_planner_server': PYTHONPATH=/home/user/ros2_ws/build/path_planner_server/prefix_override:/home/user/ros2_ws/install/path_planner_server/lib/python3.10/site-packages:${PYTHONPATH} _=/usr/bin/env /usr/bin/python3 setup.py egg_info --egg-base ../../../../../build/path_planner_server build --build-base /home/user/ros2_ws/build/path_planner_server/build install --record /home/user/ros2_ws/build/path_planner_server/install.log --single-version-externally-managed
[1.975s] running egg_info
[1.975s] writing ../../../../../build/path_planner_server/path_planner_server.egg-info/PKG-INFO
[1.976s] writing dependency_links to ../../../../../build/path_planner_server/path_planner_server.egg-info/dependency_links.txt
[1.976s] writing entry points to ../../../../../build/path_planner_server/path_planner_server.egg-info/entry_points.txt
[1.976s] writing requirements to ../../../../../build/path_planner_server/path_planner_server.egg-info/requires.txt
[1.976s] writing top-level names to ../../../../../build/path_planner_server/path_planner_server.egg-info/top_level.txt
[1.977s] reading manifest file '../../../../../build/path_planner_server/path_planner_server.egg-info/SOURCES.txt'
[1.979s] writing manifest file '../../../../../build/path_planner_server/path_planner_server.egg-info/SOURCES.txt'
[1.979s] running build
[1.979s] running build_py
[1.980s] running install
[1.980s] /usr/lib/python3/dist-packages/setuptools/command/install.py:34: SetuptoolsDeprecationWarning: setup.py install is deprecated. Use build and pip and other standards-based tools.
[1.980s]   warnings.warn(
[1.980s] running install_lib
[1.982s] running install_data
[1.984s] running install_egg_info
[1.989s] removing '/home/user/ros2_ws/install/path_planner_server/lib/python3.10/site-packages/path_planner_server-0.0.0-py3.10.egg-info' (and everything under it)
[1.989s] Copying ../../../../../build/path_planner_server/path_planner_server.egg-info to /home/user/ros2_ws/install/path_planner_server/lib/python3.10/site-packages/path_planner_server-0.0.0-py3.10.egg-info
[1.989s] running install_scripts
[2.027s] writing list of installed files to '/home/user/ros2_ws/build/path_planner_server/install.log'
[2.064s] Invoked command in '/home/user/ros2_ws/src/universal_robot_ros2/barista_ros2/barista_navigation/path_planner_server' returned '0': PYTHONPATH=/home/user/ros2_ws/build/path_planner_server/prefix_override:/home/user/ros2_ws/install/path_planner_server/lib/python3.10/site-packages:${PYTHONPATH} _=/usr/bin/env /usr/bin/python3 setup.py egg_info --egg-base ../../../../../build/path_planner_server build --build-base /home/user/ros2_ws/build/path_planner_server/build install --record /home/user/ros2_ws/build/path_planner_server/install.log --single-version-externally-managed
