-- Install configuration: ""
-- Up-to-date: /home/user/ros2_ws/install/rg2_gripper_description/share/rg2_gripper_description/meshes
-- Up-to-date: /home/user/ros2_ws/install/rg2_gripper_description/share/rg2_gripper_description/meshes/rg2_base.stl
-- Up-to-date: /home/user/ros2_ws/install/rg2_gripper_description/share/rg2_gripper_description/meshes/rg2_left_finger.stl
-- Up-to-date: /home/user/ros2_ws/install/rg2_gripper_description/share/rg2_gripper_description/meshes/rg2_left_thumb.stl
-- Up-to-date: /home/user/ros2_ws/install/rg2_gripper_description/share/rg2_gripper_description/urdf
-- Up-to-date: /home/user/ros2_ws/install/rg2_gripper_description/share/rg2_gripper_description/urdf/rg2_gripper.urdf.xacro
-- Up-to-date: /home/user/ros2_ws/install/rg2_gripper_description/share/rg2_gripper_description/urdf/rg2_gripper_gz.ros2_control.xacro
-- Up-to-date: /home/user/ros2_ws/install/rg2_gripper_description/share/ament_index/resource_index/package_run_dependencies/rg2_gripper_description
-- Up-to-date: /home/user/ros2_ws/install/rg2_gripper_description/share/ament_index/resource_index/parent_prefix_path/rg2_gripper_description
-- Up-to-date: /home/user/ros2_ws/install/rg2_gripper_description/share/rg2_gripper_description/environment/ament_prefix_path.sh
-- Up-to-date: /home/user/ros2_ws/install/rg2_gripper_description/share/rg2_gripper_description/environment/ament_prefix_path.dsv
-- Up-to-date: /home/user/ros2_ws/install/rg2_gripper_description/share/rg2_gripper_description/environment/path.sh
-- Up-to-date: /home/user/ros2_ws/install/rg2_gripper_description/share/rg2_gripper_description/environment/path.dsv
-- Up-to-date: /home/user/ros2_ws/install/rg2_gripper_description/share/rg2_gripper_description/local_setup.bash
-- Up-to-date: /home/user/ros2_ws/install/rg2_gripper_description/share/rg2_gripper_description/local_setup.sh
-- Up-to-date: /home/user/ros2_ws/install/rg2_gripper_description/share/rg2_gripper_description/local_setup.zsh
-- Up-to-date: /home/user/ros2_ws/install/rg2_gripper_description/share/rg2_gripper_description/local_setup.dsv
-- Installing: /home/user/ros2_ws/install/rg2_gripper_description/share/rg2_gripper_description/package.dsv
-- Up-to-date: /home/user/ros2_ws/install/rg2_gripper_description/share/ament_index/resource_index/packages/rg2_gripper_description
-- Up-to-date: /home/user/ros2_ws/install/rg2_gripper_description/share/rg2_gripper_description/cmake/rg2_gripper_descriptionConfig.cmake
-- Up-to-date: /home/user/ros2_ws/install/rg2_gripper_description/share/rg2_gripper_description/cmake/rg2_gripper_descriptionConfig-version.cmake
-- Up-to-date: /home/user/ros2_ws/install/rg2_gripper_description/share/rg2_gripper_description/package.xml
