/home/user/ros2_ws/install/path_planner_server/lib/python3.10/site-packages/path_planner_server/__init__.py
/home/user/ros2_ws/install/path_planner_server/lib/python3.10/site-packages/path_planner_server/__pycache__/__init__.cpython-310.pyc
/home/user/ros2_ws/install/path_planner_server/share/ament_index/resource_index/packages/path_planner_server
/home/user/ros2_ws/install/path_planner_server/share/path_planner_server/package.xml
/home/user/ros2_ws/install/path_planner_server/share/path_planner_server/launch/pathplanner_with_mule.launch.py
/home/user/ros2_ws/install/path_planner_server/share/path_planner_server/launch/barista_2_pathplanner.launch.py
/home/user/ros2_ws/install/path_planner_server/share/path_planner_server/launch/pathplanner.launch.py
/home/user/ros2_ws/install/path_planner_server/share/path_planner_server/launch/pathplanner_three.launch.py
/home/user/ros2_ws/install/path_planner_server/share/path_planner_server/launch/barista_1_pathplanner.launch.py
/home/user/ros2_ws/install/path_planner_server/share/path_planner_server/config/turtleE_1_behavior.xml
/home/user/ros2_ws/install/path_planner_server/share/path_planner_server/config/recovery_mule_1.yaml
/home/user/ros2_ws/install/path_planner_server/share/path_planner_server/config/planner_server_barista_2.yaml
/home/user/ros2_ws/install/path_planner_server/share/path_planner_server/config/barista_2_behavior.xml
/home/user/ros2_ws/install/path_planner_server/share/path_planner_server/config/recovery_turtleE_1.yaml
/home/user/ros2_ws/install/path_planner_server/share/path_planner_server/config/barista_1_behavior.xml
/home/user/ros2_ws/install/path_planner_server/share/path_planner_server/config/controller_barista_2.yaml
/home/user/ros2_ws/install/path_planner_server/share/path_planner_server/config/recovery_barista_2.yaml
/home/user/ros2_ws/install/path_planner_server/share/path_planner_server/config/mule_1_behavior.xml
/home/user/ros2_ws/install/path_planner_server/share/path_planner_server/config/bt_navigator_mule_1.yaml
/home/user/ros2_ws/install/path_planner_server/share/path_planner_server/config/bt_navigator_barista_2.yaml
/home/user/ros2_ws/install/path_planner_server/share/path_planner_server/config/bt_navigator_barista_1.yaml
/home/user/ros2_ws/install/path_planner_server/share/path_planner_server/config/controller_mule_1.yaml
/home/user/ros2_ws/install/path_planner_server/share/path_planner_server/config/bt_navigator_turtleE_1.yaml
/home/user/ros2_ws/install/path_planner_server/share/path_planner_server/config/controller_barista_1.yaml
/home/user/ros2_ws/install/path_planner_server/share/path_planner_server/config/recovery_barista_1.yaml
/home/user/ros2_ws/install/path_planner_server/share/path_planner_server/config/controller_turtleE_1.yaml
/home/user/ros2_ws/install/path_planner_server/share/path_planner_server/config/planner_server_turtleE_1.yaml
/home/user/ros2_ws/install/path_planner_server/share/path_planner_server/config/planner_server_barista_1.yaml
/home/user/ros2_ws/install/path_planner_server/share/path_planner_server/config/planner_server_mule_1.yaml
/home/user/ros2_ws/install/path_planner_server/lib/python3.10/site-packages/path_planner_server-0.0.0-py3.10.egg-info/PKG-INFO
/home/user/ros2_ws/install/path_planner_server/lib/python3.10/site-packages/path_planner_server-0.0.0-py3.10.egg-info/zip-safe
/home/user/ros2_ws/install/path_planner_server/lib/python3.10/site-packages/path_planner_server-0.0.0-py3.10.egg-info/top_level.txt
/home/user/ros2_ws/install/path_planner_server/lib/python3.10/site-packages/path_planner_server-0.0.0-py3.10.egg-info/requires.txt
/home/user/ros2_ws/install/path_planner_server/lib/python3.10/site-packages/path_planner_server-0.0.0-py3.10.egg-info/entry_points.txt
/home/user/ros2_ws/install/path_planner_server/lib/python3.10/site-packages/path_planner_server-0.0.0-py3.10.egg-info/SOURCES.txt
/home/user/ros2_ws/install/path_planner_server/lib/python3.10/site-packages/path_planner_server-0.0.0-py3.10.egg-info/dependency_links.txt
