[0.108s] Invoking command in '/home/user/ros2_ws/build/barista_description': CMAKE_PREFIX_PATH=${CMAKE_PREFIX_PATH}:/home/simulations/ros2_sims_ws/install/rclrs_tests:/home/simulations/ros2_sims_ws/install/examples_rclrs_minimal_client_service:/home/simulations/ros2_sims_ws/install/sensor_msgs_py:/home/simulations/ros2_sims_ws/install/examples_rclrs_minimal_pub_sub:/home/simulations/ros2_sims_ws/install/examples_rclrs_message_demo:/home/simulations/ros2_sims_ws/install/rclrs:/home/simulations/ros2_sims_ws/install/rosidl_runtime_rs:/home/user/ros2_ws/install/ros2test:/home/user/ros2_ws/install/robotiq_85_driver:/home/user/ros2_ws/install/path_planner_server:/home/user/ros2_ws/install/moveit_configs_utils:/home/user/ros2_ws/install/localization_server:/home/user/ros2_ws/install/cartographer_slam:/opt/ros/humble _=/usr/bin/env /usr/bin/cmake --build /home/user/ros2_ws/build/barista_description -- -j8 -l8
[0.453s] Invoked command in '/home/user/ros2_ws/build/barista_description' returned '0': CMAKE_PREFIX_PATH=${CMAKE_PREFIX_PATH}:/home/simulations/ros2_sims_ws/install/rclrs_tests:/home/simulations/ros2_sims_ws/install/examples_rclrs_minimal_client_service:/home/simulations/ros2_sims_ws/install/sensor_msgs_py:/home/simulations/ros2_sims_ws/install/examples_rclrs_minimal_pub_sub:/home/simulations/ros2_sims_ws/install/examples_rclrs_message_demo:/home/simulations/ros2_sims_ws/install/rclrs:/home/simulations/ros2_sims_ws/install/rosidl_runtime_rs:/home/user/ros2_ws/install/ros2test:/home/user/ros2_ws/install/robotiq_85_driver:/home/user/ros2_ws/install/path_planner_server:/home/user/ros2_ws/install/moveit_configs_utils:/home/user/ros2_ws/install/localization_server:/home/user/ros2_ws/install/cartographer_slam:/opt/ros/humble _=/usr/bin/env /usr/bin/cmake --build /home/user/ros2_ws/build/barista_description -- -j8 -l8
[0.814s] Invoking command in '/home/user/ros2_ws/build/barista_description': CMAKE_PREFIX_PATH=${CMAKE_PREFIX_PATH}:/home/simulations/ros2_sims_ws/install/rclrs_tests:/home/simulations/ros2_sims_ws/install/examples_rclrs_minimal_client_service:/home/simulations/ros2_sims_ws/install/sensor_msgs_py:/home/simulations/ros2_sims_ws/install/examples_rclrs_minimal_pub_sub:/home/simulations/ros2_sims_ws/install/examples_rclrs_message_demo:/home/simulations/ros2_sims_ws/install/rclrs:/home/simulations/ros2_sims_ws/install/rosidl_runtime_rs:/home/user/ros2_ws/install/ros2test:/home/user/ros2_ws/install/robotiq_85_driver:/home/user/ros2_ws/install/path_planner_server:/home/user/ros2_ws/install/moveit_configs_utils:/home/user/ros2_ws/install/localization_server:/home/user/ros2_ws/install/cartographer_slam:/opt/ros/humble _=/usr/bin/env /usr/bin/cmake --install /home/user/ros2_ws/build/barista_description
[0.920s] -- Install configuration: ""
[0.920s] -- Up-to-date: /home/user/ros2_ws/install/barista_description/share/barista_description/src
[0.921s] -- Up-to-date: /home/user/ros2_ws/install/barista_description/share/barista_description/src/description
[0.921s] -- Up-to-date: /home/user/ros2_ws/install/barista_description/share/barista_description/src/description/barista_hexagons_asus_xtion_pro.urdf
[0.921s] -- Up-to-date: /home/user/ros2_ws/install/barista_description/share/barista_description/src/description/barista.urdf.xacro
[0.921s] -- Up-to-date: /home/user/ros2_ws/install/barista_description/share/barista_description/src/description/barista_hexagons_asus_xtion_pro.urdf.xacro
[0.921s] -- Up-to-date: /home/user/ros2_ws/install/barista_description/share/barista_description/src/description/barista.urdf
[0.921s] -- Up-to-date: /home/user/ros2_ws/install/barista_description/share/barista_description/src/description/barista.sdf
[0.921s] -- Up-to-date: /home/user/ros2_ws/install/barista_description/share/barista_description/src/description/barista_hexagons_asus_xtion_pro.sdf
[0.921s] -- Up-to-date: /home/user/ros2_ws/install/barista_description/share/barista_description/launch
[0.921s] -- Up-to-date: /home/user/ros2_ws/install/barista_description/share/barista_description/launch/spawn_slotcar.launch.py
[0.922s] -- Up-to-date: /home/user/ros2_ws/install/barista_description/share/barista_description/launch/spawn.launch.py
[0.922s] -- Up-to-date: /home/user/ros2_ws/install/barista_description/share/barista_description/rviz
[0.922s] -- Up-to-date: /home/user/ros2_ws/install/barista_description/share/barista_description/rviz/diffbot.rviz
[0.922s] -- Up-to-date: /home/user/ros2_ws/install/barista_description/share/barista_description/meshes
[0.922s] -- Up-to-date: /home/user/ros2_ws/install/barista_description/share/barista_description/meshes/sensors
[0.922s] -- Up-to-date: /home/user/ros2_ws/install/barista_description/share/barista_description/meshes/sensors/sensor_pole.dae
[0.922s] -- Up-to-date: /home/user/ros2_ws/install/barista_description/share/barista_description/meshes/sensors/xtion_pro_camera.jpg
[0.922s] -- Up-to-date: /home/user/ros2_ws/install/barista_description/share/barista_description/meshes/sensors/hokuyo.dae
[0.922s] -- Up-to-date: /home/user/ros2_ws/install/barista_description/share/barista_description/meshes/sensors/asus_xtion_pro_live.dae
[0.923s] -- Up-to-date: /home/user/ros2_ws/install/barista_description/share/barista_description/meshes/sensors/kinect.jpg
[0.923s] -- Up-to-date: /home/user/ros2_ws/install/barista_description/share/barista_description/meshes/sensors/xtion_pro.jpg
[0.923s] -- Up-to-date: /home/user/ros2_ws/install/barista_description/share/barista_description/meshes/sensors/asus_xtion_pro_live.png
[0.923s] -- Up-to-date: /home/user/ros2_ws/install/barista_description/share/barista_description/meshes/sensors/kinect.dae
[0.923s] -- Up-to-date: /home/user/ros2_ws/install/barista_description/share/barista_description/meshes/sensors/xtion_pro_camera.dae
[0.923s] -- Up-to-date: /home/user/ros2_ws/install/barista_description/share/barista_description/meshes/sensors/kinect.tga
[0.923s] -- Up-to-date: /home/user/ros2_ws/install/barista_description/share/barista_description/meshes/sensors/xtion_pro_stack.dae
[0.923s] -- Up-to-date: /home/user/ros2_ws/install/barista_description/share/barista_description/meshes/sensors/0_xtion_pro.jpg
[0.923s] -- Up-to-date: /home/user/ros2_ws/install/barista_description/share/barista_description/meshes/wheel.dae
[0.924s] -- Up-to-date: /home/user/ros2_ws/install/barista_description/share/barista_description/meshes/main_body.dae
[0.924s] -- Up-to-date: /home/user/ros2_ws/install/barista_description/share/barista_description/meshes/stacks
[0.941s] -- Up-to-date: /home/user/ros2_ws/install/barista_description/share/barista_description/meshes/stacks/hexagons
[0.942s] -- Up-to-date: /home/user/ros2_ws/install/barista_description/share/barista_description/meshes/stacks/hexagons/plate_bottom.dae
[0.942s] -- Up-to-date: /home/user/ros2_ws/install/barista_description/share/barista_description/meshes/stacks/hexagons/pole_kinect.dae
[0.942s] -- Up-to-date: /home/user/ros2_ws/install/barista_description/share/barista_description/meshes/stacks/hexagons/plate_middle.dae
[0.942s] -- Up-to-date: /home/user/ros2_ws/install/barista_description/share/barista_description/meshes/stacks/hexagons/pole_top.dae
[0.943s] -- Up-to-date: /home/user/ros2_ws/install/barista_description/share/barista_description/meshes/stacks/hexagons/pole_bottom.dae
[0.943s] -- Up-to-date: /home/user/ros2_ws/install/barista_description/share/barista_description/meshes/stacks/hexagons/plate_top.dae
[0.943s] -- Up-to-date: /home/user/ros2_ws/install/barista_description/share/barista_description/meshes/stacks/hexagons/pole_middle.dae
[0.943s] -- Up-to-date: /home/user/ros2_ws/install/barista_description/share/barista_description/meshes/stacks/hexagons/images
[0.944s] -- Up-to-date: /home/user/ros2_ws/install/barista_description/share/barista_description/meshes/stacks/hexagons/images/1f_stack.jpg
[0.944s] -- Up-to-date: /home/user/ros2_ws/install/barista_description/share/barista_description/meshes/stacks/hexagons/images/3f_pole.jpg
[0.944s] -- Up-to-date: /home/user/ros2_ws/install/barista_description/share/barista_description/meshes/stacks/hexagons/images/3f_stack.jpg
[0.944s] -- Up-to-date: /home/user/ros2_ws/install/barista_description/share/barista_description/meshes/stacks/hexagons/images/1f_pole.jpg
[0.944s] -- Up-to-date: /home/user/ros2_ws/install/barista_description/share/barista_description/meshes/stacks/hexagons/images/2f_pole.jpg
[0.944s] -- Up-to-date: /home/user/ros2_ws/install/barista_description/share/barista_description/meshes/stacks/hexagons/images/kinect_pole_old.jpg
[0.944s] -- Up-to-date: /home/user/ros2_ws/install/barista_description/share/barista_description/meshes/stacks/hexagons/images/kinect_pole.jpg
[0.944s] -- Up-to-date: /home/user/ros2_ws/install/barista_description/share/barista_description/meshes/stacks/hexagons/images/3f_stack1.jpg
[0.945s] -- Up-to-date: /home/user/ros2_ws/install/barista_description/share/barista_description/meshes/stacks/hexagons/images/2f_stack.jpg
[0.945s] -- Up-to-date: /home/user/ros2_ws/install/barista_description/share/barista_description/meshes/stacks/circles
[0.945s] -- Up-to-date: /home/user/ros2_ws/install/barista_description/share/barista_description/meshes/stacks/circles/plate_0_logo.tga
[0.945s] -- Up-to-date: /home/user/ros2_ws/install/barista_description/share/barista_description/meshes/stacks/circles/68-04556-RA_Kinect_Standoff_Assy.3ds
[0.945s] -- Up-to-date: /home/user/ros2_ws/install/barista_description/share/barista_description/meshes/stacks/circles/68-04552-2000-RA_Turtlebot_M-F_Standoff_color.png
[0.945s] -- Up-to-date: /home/user/ros2_ws/install/barista_description/share/barista_description/meshes/stacks/circles/plate_2_logo.tga
[0.945s] -- Up-to-date: /home/user/ros2_ws/install/barista_description/share/barista_description/meshes/stacks/circles/68-04552-2000-RA_Turtlebot_M-F_Standoff.dae
[0.945s] -- Up-to-date: /home/user/ros2_ws/install/barista_description/share/barista_description/meshes/stacks/circles/68-04552-1000-RA_Turtlebot_M-F_Standoff.dae
[0.946s] -- Up-to-date: /home/user/ros2_ws/install/barista_description/share/barista_description/meshes/stacks/circles/68-04552-1000-RA_Turtlebot_M-F_Standoff_color.png
[0.946s] -- Up-to-date: /home/user/ros2_ws/install/barista_description/share/barista_description/meshes/stacks/circles/68-02403-125_Spacer.dae
[0.946s] -- Up-to-date: /home/user/ros2_ws/install/barista_description/share/barista_description/meshes/stacks/circles/plate_1_logo.tga
[0.946s] -- Up-to-date: /home/user/ros2_ws/install/barista_description/share/barista_description/meshes/stacks/circles/plate_0_logo.dae
[0.946s] -- Up-to-date: /home/user/ros2_ws/install/barista_description/share/barista_description/meshes/stacks/circles/68-04556-RA_Kinect_Standoff_Assy.dae
[0.946s] -- Up-to-date: /home/user/ros2_ws/install/barista_description/share/barista_description/meshes/stacks/circles/plate_1_logo.dae
[0.946s] -- Up-to-date: /home/user/ros2_ws/install/barista_description/share/barista_description/meshes/stacks/circles/68-02421-8000-RA_Turtlebot_F-F_Standoff_color.png
[0.946s] -- Up-to-date: /home/user/ros2_ws/install/barista_description/share/barista_description/meshes/stacks/circles/plate_2_logo.dae
[0.947s] -- Up-to-date: /home/user/ros2_ws/install/barista_description/share/barista_description/meshes/stacks/circles/68-02421-8000-RA_Turtlebot_F-F_Standoff.dae
[0.947s] -- Up-to-date: /home/user/ros2_ws/install/barista_description/share/barista_description/meshes/barista_single_mesh
[0.947s] -- Up-to-date: /home/user/ros2_ws/install/barista_description/share/barista_description/meshes/barista_single_mesh/3f_pole.jpg
[0.947s] -- Up-to-date: /home/user/ros2_ws/install/barista_description/share/barista_description/meshes/barista_single_mesh/barista.dae
[0.947s] -- Up-to-date: /home/user/ros2_ws/install/barista_description/share/barista_description/meshes/kobuki
[0.947s] -- Up-to-date: /home/user/ros2_ws/install/barista_description/share/barista_description/meshes/kobuki/sensors
[0.947s] -- Up-to-date: /home/user/ros2_ws/install/barista_description/share/barista_description/meshes/kobuki/sensors/sensor_pole.dae
[0.947s] -- Up-to-date: /home/user/ros2_ws/install/barista_description/share/barista_description/meshes/kobuki/sensors/xtion_pro_camera.jpg
[0.948s] -- Up-to-date: /home/user/ros2_ws/install/barista_description/share/barista_description/meshes/kobuki/sensors/asus_xtion_pro_live.dae
[0.948s] -- Up-to-date: /home/user/ros2_ws/install/barista_description/share/barista_description/meshes/kobuki/sensors/kinect.jpg
[0.948s] -- Up-to-date: /home/user/ros2_ws/install/barista_description/share/barista_description/meshes/kobuki/sensors/xtion_pro.jpg
[0.949s] -- Up-to-date: /home/user/ros2_ws/install/barista_description/share/barista_description/meshes/kobuki/sensors/asus_xtion_pro_live.png
[0.949s] -- Up-to-date: /home/user/ros2_ws/install/barista_description/share/barista_description/meshes/kobuki/sensors/kinect.dae
[0.949s] -- Up-to-date: /home/user/ros2_ws/install/barista_description/share/barista_description/meshes/kobuki/sensors/xtion_pro_camera.dae
[0.949s] -- Up-to-date: /home/user/ros2_ws/install/barista_description/share/barista_description/meshes/kobuki/sensors/kinect.tga
[0.950s] -- Up-to-date: /home/user/ros2_ws/install/barista_description/share/barista_description/meshes/kobuki/sensors/xtion_pro_stack.dae
[0.950s] -- Up-to-date: /home/user/ros2_ws/install/barista_description/share/barista_description/meshes/kobuki/sensors/0_xtion_pro.jpg
[0.950s] -- Up-to-date: /home/user/ros2_ws/install/barista_description/share/barista_description/meshes/kobuki/wheel.dae
[0.950s] -- Up-to-date: /home/user/ros2_ws/install/barista_description/share/barista_description/meshes/kobuki/main_body.dae
[0.950s] -- Up-to-date: /home/user/ros2_ws/install/barista_description/share/barista_description/meshes/kobuki/stacks
[0.950s] -- Up-to-date: /home/user/ros2_ws/install/barista_description/share/barista_description/meshes/kobuki/stacks/hexagons
[0.950s] -- Up-to-date: /home/user/ros2_ws/install/barista_description/share/barista_description/meshes/kobuki/stacks/hexagons/plate_bottom.dae
[0.950s] -- Up-to-date: /home/user/ros2_ws/install/barista_description/share/barista_description/meshes/kobuki/stacks/hexagons/pole_kinect.dae
[0.950s] -- Up-to-date: /home/user/ros2_ws/install/barista_description/share/barista_description/meshes/kobuki/stacks/hexagons/plate_middle.dae
[0.951s] -- Up-to-date: /home/user/ros2_ws/install/barista_description/share/barista_description/meshes/kobuki/stacks/hexagons/pole_top.dae
[0.951s] -- Up-to-date: /home/user/ros2_ws/install/barista_description/share/barista_description/meshes/kobuki/stacks/hexagons/pole_bottom.dae
[0.951s] -- Up-to-date: /home/user/ros2_ws/install/barista_description/share/barista_description/meshes/kobuki/stacks/hexagons/plate_top.dae
[0.951s] -- Up-to-date: /home/user/ros2_ws/install/barista_description/share/barista_description/meshes/kobuki/stacks/hexagons/pole_middle.dae
[0.951s] -- Up-to-date: /home/user/ros2_ws/install/barista_description/share/barista_description/meshes/kobuki/stacks/hexagons/images
[0.951s] -- Up-to-date: /home/user/ros2_ws/install/barista_description/share/barista_description/meshes/kobuki/stacks/hexagons/images/1f_stack.jpg
[0.951s] -- Up-to-date: /home/user/ros2_ws/install/barista_description/share/barista_description/meshes/kobuki/stacks/hexagons/images/3f_pole.jpg
[0.951s] -- Up-to-date: /home/user/ros2_ws/install/barista_description/share/barista_description/meshes/kobuki/stacks/hexagons/images/3f_stack.jpg
[0.952s] -- Up-to-date: /home/user/ros2_ws/install/barista_description/share/barista_description/meshes/kobuki/stacks/hexagons/images/1f_pole.jpg
[0.952s] -- Up-to-date: /home/user/ros2_ws/install/barista_description/share/barista_description/meshes/kobuki/stacks/hexagons/images/2f_pole.jpg
[0.952s] -- Up-to-date: /home/user/ros2_ws/install/barista_description/share/barista_description/meshes/kobuki/stacks/hexagons/images/kinect_pole_old.jpg
[0.952s] -- Up-to-date: /home/user/ros2_ws/install/barista_description/share/barista_description/meshes/kobuki/stacks/hexagons/images/kinect_pole.jpg
[0.952s] -- Up-to-date: /home/user/ros2_ws/install/barista_description/share/barista_description/meshes/kobuki/stacks/hexagons/images/3f_stack1.jpg
[0.952s] -- Up-to-date: /home/user/ros2_ws/install/barista_description/share/barista_description/meshes/kobuki/stacks/hexagons/images/2f_stack.jpg
[0.952s] -- Up-to-date: /home/user/ros2_ws/install/barista_description/share/barista_description/meshes/kobuki/stacks/circles
[0.952s] -- Up-to-date: /home/user/ros2_ws/install/barista_description/share/barista_description/meshes/kobuki/stacks/circles/plate_0_logo.tga
[0.953s] -- Up-to-date: /home/user/ros2_ws/install/barista_description/share/barista_description/meshes/kobuki/stacks/circles/68-04556-RA_Kinect_Standoff_Assy.3ds
[0.953s] -- Up-to-date: /home/user/ros2_ws/install/barista_description/share/barista_description/meshes/kobuki/stacks/circles/68-04552-2000-RA_Turtlebot_M-F_Standoff_color.png
[0.953s] -- Up-to-date: /home/user/ros2_ws/install/barista_description/share/barista_description/meshes/kobuki/stacks/circles/plate_2_logo.tga
[0.953s] -- Up-to-date: /home/user/ros2_ws/install/barista_description/share/barista_description/meshes/kobuki/stacks/circles/68-04552-2000-RA_Turtlebot_M-F_Standoff.dae
[0.953s] -- Up-to-date: /home/user/ros2_ws/install/barista_description/share/barista_description/meshes/kobuki/stacks/circles/68-04552-1000-RA_Turtlebot_M-F_Standoff.dae
[0.953s] -- Up-to-date: /home/user/ros2_ws/install/barista_description/share/barista_description/meshes/kobuki/stacks/circles/68-04552-1000-RA_Turtlebot_M-F_Standoff_color.png
[0.953s] -- Up-to-date: /home/user/ros2_ws/install/barista_description/share/barista_description/meshes/kobuki/stacks/circles/68-02403-125_Spacer.dae
[0.953s] -- Up-to-date: /home/user/ros2_ws/install/barista_description/share/barista_description/meshes/kobuki/stacks/circles/plate_1_logo.tga
[0.954s] -- Up-to-date: /home/user/ros2_ws/install/barista_description/share/barista_description/meshes/kobuki/stacks/circles/plate_0_logo.dae
[0.954s] -- Up-to-date: /home/user/ros2_ws/install/barista_description/share/barista_description/meshes/kobuki/stacks/circles/68-04556-RA_Kinect_Standoff_Assy.dae
[0.954s] -- Up-to-date: /home/user/ros2_ws/install/barista_description/share/barista_description/meshes/kobuki/stacks/circles/plate_1_logo.dae
[0.954s] -- Up-to-date: /home/user/ros2_ws/install/barista_description/share/barista_description/meshes/kobuki/stacks/circles/68-02421-8000-RA_Turtlebot_F-F_Standoff_color.png
[0.954s] -- Up-to-date: /home/user/ros2_ws/install/barista_description/share/barista_description/meshes/kobuki/stacks/circles/plate_2_logo.dae
[0.954s] -- Up-to-date: /home/user/ros2_ws/install/barista_description/share/barista_description/meshes/kobuki/stacks/circles/68-02421-8000-RA_Turtlebot_F-F_Standoff.dae
[0.954s] -- Up-to-date: /home/user/ros2_ws/install/barista_description/share/barista_description/meshes/kobuki/images
[0.954s] -- Up-to-date: /home/user/ros2_ws/install/barista_description/share/barista_description/meshes/kobuki/images/main_body.jpg
[0.955s] -- Up-to-date: /home/user/ros2_ws/install/barista_description/share/barista_description/meshes/kobuki/images/wheel.jpg
[0.955s] -- Up-to-date: /home/user/ros2_ws/install/barista_description/share/barista_description/meshes/turtlebot
[0.955s] -- Up-to-date: /home/user/ros2_ws/install/barista_description/share/barista_description/meshes/turtlebot/sensors
[0.955s] -- Up-to-date: /home/user/ros2_ws/install/barista_description/share/barista_description/meshes/turtlebot/sensors/sensor_pole.dae
[0.955s] -- Up-to-date: /home/user/ros2_ws/install/barista_description/share/barista_description/meshes/turtlebot/sensors/xtion_pro_camera.jpg
[0.955s] -- Up-to-date: /home/user/ros2_ws/install/barista_description/share/barista_description/meshes/turtlebot/sensors/hokuyo.dae
[0.955s] -- Up-to-date: /home/user/ros2_ws/install/barista_description/share/barista_description/meshes/turtlebot/sensors/asus_xtion_pro_live.dae
[0.956s] -- Up-to-date: /home/user/ros2_ws/install/barista_description/share/barista_description/meshes/turtlebot/sensors/kinect.jpg
[0.956s] -- Up-to-date: /home/user/ros2_ws/install/barista_description/share/barista_description/meshes/turtlebot/sensors/xtion_pro.jpg
[0.959s] -- Up-to-date: /home/user/ros2_ws/install/barista_description/share/barista_description/meshes/turtlebot/sensors/asus_xtion_pro_live.png
[0.960s] -- Up-to-date: /home/user/ros2_ws/install/barista_description/share/barista_description/meshes/turtlebot/sensors/kinect.dae
[0.960s] -- Up-to-date: /home/user/ros2_ws/install/barista_description/share/barista_description/meshes/turtlebot/sensors/xtion_pro_camera.dae
[0.960s] -- Up-to-date: /home/user/ros2_ws/install/barista_description/share/barista_description/meshes/turtlebot/sensors/kinect.tga
[0.960s] -- Up-to-date: /home/user/ros2_ws/install/barista_description/share/barista_description/meshes/turtlebot/sensors/xtion_pro_stack.dae
[0.960s] -- Up-to-date: /home/user/ros2_ws/install/barista_description/share/barista_description/meshes/turtlebot/sensors/0_xtion_pro.jpg
[0.960s] -- Up-to-date: /home/user/ros2_ws/install/barista_description/share/barista_description/meshes/turtlebot/stacks
[0.960s] -- Up-to-date: /home/user/ros2_ws/install/barista_description/share/barista_description/meshes/turtlebot/stacks/hexagons
[0.960s] -- Up-to-date: /home/user/ros2_ws/install/barista_description/share/barista_description/meshes/turtlebot/stacks/hexagons/plate_bottom.dae
[0.960s] -- Up-to-date: /home/user/ros2_ws/install/barista_description/share/barista_description/meshes/turtlebot/stacks/hexagons/1f_stack.jpg
[0.961s] -- Up-to-date: /home/user/ros2_ws/install/barista_description/share/barista_description/meshes/turtlebot/stacks/hexagons/pole_kinect.dae
[0.961s] -- Up-to-date: /home/user/ros2_ws/install/barista_description/share/barista_description/meshes/turtlebot/stacks/hexagons/plate_middle_v2.dae
[0.961s] -- Up-to-date: /home/user/ros2_ws/install/barista_description/share/barista_description/meshes/turtlebot/stacks/hexagons/pole_middle_v2.dae
[0.961s] -- Up-to-date: /home/user/ros2_ws/install/barista_description/share/barista_description/meshes/turtlebot/stacks/hexagons/3f_pole.jpg
[0.962s] -- Up-to-date: /home/user/ros2_ws/install/barista_description/share/barista_description/meshes/turtlebot/stacks/hexagons/plate_middle.dae
[0.962s] -- Up-to-date: /home/user/ros2_ws/install/barista_description/share/barista_description/meshes/turtlebot/stacks/hexagons/3f_stack.jpg
[0.962s] -- Up-to-date: /home/user/ros2_ws/install/barista_description/share/barista_description/meshes/turtlebot/stacks/hexagons/1f_pole.jpg
[0.962s] -- Up-to-date: /home/user/ros2_ws/install/barista_description/share/barista_description/meshes/turtlebot/stacks/hexagons/2f_pole.jpg
[0.962s] -- Up-to-date: /home/user/ros2_ws/install/barista_description/share/barista_description/meshes/turtlebot/stacks/hexagons/plate_top_v2.dae
[0.962s] -- Up-to-date: /home/user/ros2_ws/install/barista_description/share/barista_description/meshes/turtlebot/stacks/hexagons/pole_bottom_v2.dae
[0.962s] -- Up-to-date: /home/user/ros2_ws/install/barista_description/share/barista_description/meshes/turtlebot/stacks/hexagons/pole_top.dae
[0.963s] -- Up-to-date: /home/user/ros2_ws/install/barista_description/share/barista_description/meshes/turtlebot/stacks/hexagons/pole_bottom.dae
[0.963s] -- Up-to-date: /home/user/ros2_ws/install/barista_description/share/barista_description/meshes/turtlebot/stacks/hexagons/pole_top_v2.dae
[0.963s] -- Up-to-date: /home/user/ros2_ws/install/barista_description/share/barista_description/meshes/turtlebot/stacks/hexagons/plate_top.dae
[0.963s] -- Up-to-date: /home/user/ros2_ws/install/barista_description/share/barista_description/meshes/turtlebot/stacks/hexagons/pole_middle.dae
[0.963s] -- Up-to-date: /home/user/ros2_ws/install/barista_description/share/barista_description/meshes/turtlebot/stacks/hexagons/2f_stack.jpg
[0.963s] -- Up-to-date: /home/user/ros2_ws/install/barista_description/share/barista_description/meshes/turtlebot/stacks/hexagons/images
[0.963s] -- Up-to-date: /home/user/ros2_ws/install/barista_description/share/barista_description/meshes/turtlebot/stacks/hexagons/images/1f_stack.jpg
[0.963s] -- Up-to-date: /home/user/ros2_ws/install/barista_description/share/barista_description/meshes/turtlebot/stacks/hexagons/images/3f_pole.jpg
[0.964s] -- Up-to-date: /home/user/ros2_ws/install/barista_description/share/barista_description/meshes/turtlebot/stacks/hexagons/images/3f_stack.jpg
[0.964s] -- Up-to-date: /home/user/ros2_ws/install/barista_description/share/barista_description/meshes/turtlebot/stacks/hexagons/images/1f_pole.jpg
[0.964s] -- Up-to-date: /home/user/ros2_ws/install/barista_description/share/barista_description/meshes/turtlebot/stacks/hexagons/images/2f_pole.jpg
[0.964s] -- Up-to-date: /home/user/ros2_ws/install/barista_description/share/barista_description/meshes/turtlebot/stacks/hexagons/images/kinect_pole_old.jpg
[0.964s] -- Up-to-date: /home/user/ros2_ws/install/barista_description/share/barista_description/meshes/turtlebot/stacks/hexagons/images/kinect_pole.jpg
[0.964s] -- Up-to-date: /home/user/ros2_ws/install/barista_description/share/barista_description/meshes/turtlebot/stacks/hexagons/images/3f_stack1.jpg
[0.964s] -- Up-to-date: /home/user/ros2_ws/install/barista_description/share/barista_description/meshes/turtlebot/stacks/hexagons/images/2f_stack.jpg
[0.964s] -- Up-to-date: /home/user/ros2_ws/install/barista_description/share/barista_description/meshes/turtlebot/stacks/hexagons/plate_bottom_v2.dae
[0.965s] -- Up-to-date: /home/user/ros2_ws/install/barista_description/share/barista_description/meshes/turtlebot/stacks/circles
[0.965s] -- Up-to-date: /home/user/ros2_ws/install/barista_description/share/barista_description/meshes/turtlebot/stacks/circles/plate_0_logo.tga
[0.965s] -- Up-to-date: /home/user/ros2_ws/install/barista_description/share/barista_description/meshes/turtlebot/stacks/circles/68-04556-RA_Kinect_Standoff_Assy.3ds
[0.965s] -- Up-to-date: /home/user/ros2_ws/install/barista_description/share/barista_description/meshes/turtlebot/stacks/circles/68-04552-2000-RA_Turtlebot_M-F_Standoff_color.png
[0.965s] -- Up-to-date: /home/user/ros2_ws/install/barista_description/share/barista_description/meshes/turtlebot/stacks/circles/plate_2_logo.tga
[0.965s] -- Up-to-date: /home/user/ros2_ws/install/barista_description/share/barista_description/meshes/turtlebot/stacks/circles/68-04552-2000-RA_Turtlebot_M-F_Standoff.dae
[0.965s] -- Up-to-date: /home/user/ros2_ws/install/barista_description/share/barista_description/meshes/turtlebot/stacks/circles/68-04552-1000-RA_Turtlebot_M-F_Standoff.dae
[0.965s] -- Up-to-date: /home/user/ros2_ws/install/barista_description/share/barista_description/meshes/turtlebot/stacks/circles/68-04552-1000-RA_Turtlebot_M-F_Standoff_color.png
[0.965s] -- Up-to-date: /home/user/ros2_ws/install/barista_description/share/barista_description/meshes/turtlebot/stacks/circles/68-02403-125_Spacer.dae
[0.965s] -- Up-to-date: /home/user/ros2_ws/install/barista_description/share/barista_description/meshes/turtlebot/stacks/circles/plate_1_logo.tga
[0.966s] -- Up-to-date: /home/user/ros2_ws/install/barista_description/share/barista_description/meshes/turtlebot/stacks/circles/plate_0_logo.dae
[0.966s] -- Up-to-date: /home/user/ros2_ws/install/barista_description/share/barista_description/meshes/turtlebot/stacks/circles/68-04556-RA_Kinect_Standoff_Assy.dae
[0.966s] -- Up-to-date: /home/user/ros2_ws/install/barista_description/share/barista_description/meshes/turtlebot/stacks/circles/plate_1_logo.dae
[0.966s] -- Up-to-date: /home/user/ros2_ws/install/barista_description/share/barista_description/meshes/turtlebot/stacks/circles/68-02421-8000-RA_Turtlebot_F-F_Standoff_color.png
[0.966s] -- Up-to-date: /home/user/ros2_ws/install/barista_description/share/barista_description/meshes/turtlebot/stacks/circles/plate_2_logo.dae
[0.966s] -- Up-to-date: /home/user/ros2_ws/install/barista_description/share/barista_description/meshes/turtlebot/stacks/circles/68-02421-8000-RA_Turtlebot_F-F_Standoff.dae
[0.966s] -- Up-to-date: /home/user/ros2_ws/install/barista_description/share/barista_description/meshes/barista
[0.966s] -- Up-to-date: /home/user/ros2_ws/install/barista_description/share/barista_description/meshes/barista/TOP_collision_lip.stl
[0.967s] -- Up-to-date: /home/user/ros2_ws/install/barista_description/share/barista_description/meshes/barista/TOP_colour.dae
[0.967s] -- Up-to-date: /home/user/ros2_ws/install/barista_description/share/barista_description/meshes/barista/main_body.jpg
[0.967s] -- Up-to-date: /home/user/ros2_ws/install/barista_description/share/barista_description/meshes/barista/TOP_mule_col_sd.stl
[0.967s] -- Up-to-date: /home/user/ros2_ws/install/barista_description/share/barista_description/meshes/barista/TOP_mule.dae
[0.967s] -- Up-to-date: /home/user/ros2_ws/install/barista_description/share/barista_description/meshes/barista/BOTTOM_colour_2.dae
[0.967s] -- Up-to-date: /home/user/ros2_ws/install/barista_description/share/barista_description/meshes/barista/BOTTOM_fixed_centered.dae
[0.967s] -- Up-to-date: /home/user/ros2_ws/install/barista_description/share/barista_description/meshes/barista/TOP_collision_lip_sd.stl
[0.967s] -- Up-to-date: /home/user/ros2_ws/install/barista_description/share/barista_description/meshes/barista/TOP_colour_2.dae
[0.968s] -- Up-to-date: /home/user/ros2_ws/install/barista_description/share/barista_description/meshes/barista/bowtie_fixed_colour.dae
[0.968s] -- Up-to-date: /home/user/ros2_ws/install/barista_description/share/barista_description/meshes/barista/TOP_fixed_color.dae
[0.968s] -- Up-to-date: /home/user/ros2_ws/install/barista_description/share/barista_description/meshes/barista/BOTTOM_colour_1.dae
[0.968s] -- Up-to-date: /home/user/ros2_ws/install/barista_description/share/barista_description/meshes/barista/BOTTOM_colour.dae
[0.968s] -- Up-to-date: /home/user/ros2_ws/install/barista_description/share/barista_description/meshes/barista/TOP_mule_col.stl
[0.968s] -- Up-to-date: /home/user/ros2_ws/install/barista_description/share/barista_description/meshes/barista/BOTTOM_mule.dae
[0.968s] -- Up-to-date: /home/user/ros2_ws/install/barista_description/share/barista_description/meshes/barista/TOP_colour_1.dae
[0.968s] -- Up-to-date: /home/user/ros2_ws/install/barista_description/share/barista_description/meshes/images
[0.968s] -- Up-to-date: /home/user/ros2_ws/install/barista_description/share/barista_description/meshes/images/main_body.jpg
[1.005s] -- Up-to-date: /home/user/ros2_ws/install/barista_description/share/barista_description/meshes/images/wheel.jpg
[1.005s] -- Up-to-date: /home/user/ros2_ws/install/barista_description/share/barista_description/worlds
[1.006s] -- Up-to-date: /home/user/ros2_ws/install/barista_description/share/barista_description/worlds/tc_coffeeshop.world
[1.006s] -- Up-to-date: /home/user/ros2_ws/install/barista_description/share/barista_description/models
[1.007s] -- Up-to-date: /home/user/ros2_ws/install/barista_description/share/barista_description/models/chair
[1.007s] -- Up-to-date: /home/user/ros2_ws/install/barista_description/share/barista_description/models/chair/model.sdf
[1.007s] -- Up-to-date: /home/user/ros2_ws/install/barista_description/share/barista_description/models/chair/meshes
[1.007s] -- Up-to-date: /home/user/ros2_ws/install/barista_description/share/barista_description/models/chair/meshes/model
[1.007s] -- Up-to-date: /home/user/ros2_ws/install/barista_description/share/barista_description/models/chair/meshes/model/Paged_Lubi_Nogi.jpg
[1.007s] -- Up-to-date: /home/user/ros2_ws/install/barista_description/share/barista_description/models/chair/meshes/model/Paged_Lubi_Nogi_0.jpg
[1.007s] -- Up-to-date: /home/user/ros2_ws/install/barista_description/share/barista_description/models/chair/meshes/model/Paged_Lubi_Tapicerka.jpg
[1.007s] -- Up-to-date: /home/user/ros2_ws/install/barista_description/share/barista_description/models/chair/meshes/chair.dae
[1.008s] -- Up-to-date: /home/user/ros2_ws/install/barista_description/share/barista_description/models/chair/model.config
[1.008s] -- Up-to-date: /home/user/ros2_ws/install/barista_description/share/barista_description/models/countertop_2
[1.008s] -- Up-to-date: /home/user/ros2_ws/install/barista_description/share/barista_description/models/countertop_2/model.sdf
[1.008s] -- Up-to-date: /home/user/ros2_ws/install/barista_description/share/barista_description/models/countertop_2/model.config
[1.008s] -- Up-to-date: /home/user/ros2_ws/install/barista_description/share/barista_description/models/dashed_picture
[1.008s] -- Up-to-date: /home/user/ros2_ws/install/barista_description/share/barista_description/models/dashed_picture/model.sdf
[1.009s] -- Up-to-date: /home/user/ros2_ws/install/barista_description/share/barista_description/models/dashed_picture/meshes
[1.009s] -- Up-to-date: /home/user/ros2_ws/install/barista_description/share/barista_description/models/dashed_picture/meshes/latte
[1.009s] -- Up-to-date: /home/user/ros2_ws/install/barista_description/share/barista_description/models/dashed_picture/meshes/latte/material_1.jpg
[1.009s] -- Up-to-date: /home/user/ros2_ws/install/barista_description/share/barista_description/models/dashed_picture/meshes/dashed_picture.dae
[1.009s] -- Up-to-date: /home/user/ros2_ws/install/barista_description/share/barista_description/models/dashed_picture/model.config
[1.009s] -- Up-to-date: /home/user/ros2_ws/install/barista_description/share/barista_description/models/newspaper
[1.009s] -- Up-to-date: /home/user/ros2_ws/install/barista_description/share/barista_description/models/newspaper/model.sdf
[1.010s] -- Up-to-date: /home/user/ros2_ws/install/barista_description/share/barista_description/models/newspaper/meshes
[1.010s] -- Up-to-date: /home/user/ros2_ws/install/barista_description/share/barista_description/models/newspaper/meshes/newspaper.dae
[1.010s] -- Up-to-date: /home/user/ros2_ws/install/barista_description/share/barista_description/models/newspaper/meshes/perio
[1.010s] -- Up-to-date: /home/user/ros2_ws/install/barista_description/share/barista_description/models/newspaper/meshes/perio/texture_0.png
[1.010s] -- Up-to-date: /home/user/ros2_ws/install/barista_description/share/barista_description/models/newspaper/meshes/perio/_20_minutos_4.jpg
[1.011s] -- Up-to-date: /home/user/ros2_ws/install/barista_description/share/barista_description/models/newspaper/meshes/perio/_20_minutos_1.jpg
[1.011s] -- Up-to-date: /home/user/ros2_ws/install/barista_description/share/barista_description/models/newspaper/meshes/perio/Periodico_20_minutos.jpg
[1.011s] -- Up-to-date: /home/user/ros2_ws/install/barista_description/share/barista_description/models/newspaper/meshes/perio/texture.png
[1.011s] -- Up-to-date: /home/user/ros2_ws/install/barista_description/share/barista_description/models/newspaper/meshes/perio/_20_minutos_2.jpg
[1.011s] -- Up-to-date: /home/user/ros2_ws/install/barista_description/share/barista_description/models/newspaper/meshes/perio/Lomo_largo_20_minutos.jpg
[1.011s] -- Up-to-date: /home/user/ros2_ws/install/barista_description/share/barista_description/models/newspaper/meshes/perio/Lomo_corto_20_minutos.jpg
[1.011s] -- Up-to-date: /home/user/ros2_ws/install/barista_description/share/barista_description/models/newspaper/model.config
[1.011s] -- Up-to-date: /home/user/ros2_ws/install/barista_description/share/barista_description/models/countertop
[1.012s] -- Up-to-date: /home/user/ros2_ws/install/barista_description/share/barista_description/models/countertop/model.sdf
[1.012s] -- Up-to-date: /home/user/ros2_ws/install/barista_description/share/barista_description/models/countertop/model.config
[1.012s] -- Up-to-date: /home/user/ros2_ws/install/barista_description/share/barista_description/models/cake_showcase
[1.012s] -- Up-to-date: /home/user/ros2_ws/install/barista_description/share/barista_description/models/cake_showcase/model.sdf
[1.012s] -- Up-to-date: /home/user/ros2_ws/install/barista_description/share/barista_description/models/cake_showcase/meshes
[1.012s] -- Up-to-date: /home/user/ros2_ws/install/barista_description/share/barista_description/models/cake_showcase/meshes/model
[1.012s] -- Up-to-date: /home/user/ros2_ws/install/barista_description/share/barista_description/models/cake_showcase/meshes/model/Metal_Corrogated_Shiny.jpg
[1.012s] -- Up-to-date: /home/user/ros2_ws/install/barista_description/share/barista_description/models/cake_showcase/meshes/model/Metal_Aluminum_Anodized.jpg
[1.013s] -- Up-to-date: /home/user/ros2_ws/install/barista_description/share/barista_description/models/cake_showcase/meshes/cake_showcase.dae
[1.013s] -- Up-to-date: /home/user/ros2_ws/install/barista_description/share/barista_description/models/cake_showcase/model.config
[1.013s] -- Up-to-date: /home/user/ros2_ws/install/barista_description/share/barista_description/models/baby_chair
[1.013s] -- Up-to-date: /home/user/ros2_ws/install/barista_description/share/barista_description/models/baby_chair/model.sdf
[1.013s] -- Up-to-date: /home/user/ros2_ws/install/barista_description/share/barista_description/models/baby_chair/meshes
[1.013s] -- Up-to-date: /home/user/ros2_ws/install/barista_description/share/barista_description/models/baby_chair/meshes/model
[1.013s] -- Up-to-date: /home/user/ros2_ws/install/barista_description/share/barista_description/models/baby_chair/meshes/model/material_3_0.jpg
[1.013s] -- Up-to-date: /home/user/ros2_ws/install/barista_description/share/barista_description/models/baby_chair/meshes/model/material_2_1.jpg
[1.014s] -- Up-to-date: /home/user/ros2_ws/install/barista_description/share/barista_description/models/baby_chair/meshes/model/material_2.jpg
[1.014s] -- Up-to-date: /home/user/ros2_ws/install/barista_description/share/barista_description/models/baby_chair/meshes/model/material_3.jpg
[1.014s] -- Up-to-date: /home/user/ros2_ws/install/barista_description/share/barista_description/models/baby_chair/meshes/baby_chair.dae
[1.015s] -- Up-to-date: /home/user/ros2_ws/install/barista_description/share/barista_description/models/baby_chair/model.config
[1.015s] -- Up-to-date: /home/user/ros2_ws/install/barista_description/share/barista_description/models/costa-gv
[1.015s] -- Up-to-date: /home/user/ros2_ws/install/barista_description/share/barista_description/models/costa-gv/model.sdf
[1.016s] -- Up-to-date: /home/user/ros2_ws/install/barista_description/share/barista_description/models/costa-gv/model.config
[1.016s] -- Up-to-date: /home/user/ros2_ws/install/barista_description/share/barista_description/models/wall_sofa
[1.016s] -- Up-to-date: /home/user/ros2_ws/install/barista_description/share/barista_description/models/wall_sofa/model.sdf
[1.017s] -- Up-to-date: /home/user/ros2_ws/install/barista_description/share/barista_description/models/wall_sofa/meshes
[1.017s] -- Up-to-date: /home/user/ros2_ws/install/barista_description/share/barista_description/models/wall_sofa/meshes/canape
[1.017s] -- Up-to-date: /home/user/ros2_ws/install/barista_description/share/barista_description/models/wall_sofa/meshes/canape/sofa_lit.jpg
[1.018s] -- Up-to-date: /home/user/ros2_ws/install/barista_description/share/barista_description/models/wall_sofa/meshes/canape/material_3.jpg
[1.018s] -- Up-to-date: /home/user/ros2_ws/install/barista_description/share/barista_description/models/wall_sofa/meshes/canape/sofa_cama.jpg
[1.018s] -- Up-to-date: /home/user/ros2_ws/install/barista_description/share/barista_description/models/wall_sofa/meshes/wall_sofa.dae
[1.019s] -- Up-to-date: /home/user/ros2_ws/install/barista_description/share/barista_description/models/wall_sofa/model.config
[1.019s] -- Up-to-date: /home/user/ros2_ws/install/barista_description/share/barista_description/models/box
[1.033s] -- Up-to-date: /home/user/ros2_ws/install/barista_description/share/barista_description/models/box/model.sdf
[1.033s] -- Up-to-date: /home/user/ros2_ws/install/barista_description/share/barista_description/models/box/meshes
[1.034s] -- Up-to-date: /home/user/ros2_ws/install/barista_description/share/barista_description/models/box/meshes/box.dae
[1.034s] -- Up-to-date: /home/user/ros2_ws/install/barista_description/share/barista_description/models/box/meshes/table
[1.052s] -- Up-to-date: /home/user/ros2_ws/install/barista_description/share/barista_description/models/box/meshes/table/material_2.JPG
[1.052s] -- Up-to-date: /home/user/ros2_ws/install/barista_description/share/barista_description/models/box/meshes/table/material_1.JPG
[1.052s] -- Up-to-date: /home/user/ros2_ws/install/barista_description/share/barista_description/models/box/model.config
[1.052s] -- Up-to-date: /home/user/ros2_ws/install/barista_description/share/barista_description/models/door
[1.053s] -- Up-to-date: /home/user/ros2_ws/install/barista_description/share/barista_description/models/door/model.sdf
[1.053s] -- Up-to-date: /home/user/ros2_ws/install/barista_description/share/barista_description/models/door/meshes
[1.053s] -- Up-to-date: /home/user/ros2_ws/install/barista_description/share/barista_description/models/door/meshes/model
[1.053s] -- Up-to-date: /home/user/ros2_ws/install/barista_description/share/barista_description/models/door/meshes/model/__Wood_Cherry_Original_3.jpg
[1.053s] -- Up-to-date: /home/user/ros2_ws/install/barista_description/share/barista_description/models/door/meshes/model/material_18.jpg
[1.053s] -- Up-to-date: /home/user/ros2_ws/install/barista_description/share/barista_description/models/door/meshes/model/Metal_Aluminum_Anodized.jpg
[1.053s] -- Up-to-date: /home/user/ros2_ws/install/barista_description/share/barista_description/models/door/meshes/door.dae
[1.053s] -- Up-to-date: /home/user/ros2_ws/install/barista_description/share/barista_description/models/door/model.config
[1.054s] -- Up-to-date: /home/user/ros2_ws/install/barista_description/share/barista_description/models/ground_plane
[1.054s] -- Up-to-date: /home/user/ros2_ws/install/barista_description/share/barista_description/models/ground_plane/model-1_2.sdf
[1.054s] -- Up-to-date: /home/user/ros2_ws/install/barista_description/share/barista_description/models/ground_plane/model-1_3.sdf
[1.054s] -- Up-to-date: /home/user/ros2_ws/install/barista_description/share/barista_description/models/ground_plane/model.sdf
[1.054s] -- Up-to-date: /home/user/ros2_ws/install/barista_description/share/barista_description/models/ground_plane/model-1_4.sdf
[1.054s] -- Up-to-date: /home/user/ros2_ws/install/barista_description/share/barista_description/models/ground_plane/model.config
[1.054s] -- Up-to-date: /home/user/ros2_ws/install/barista_description/share/barista_description/models/coffeeshop
[1.054s] -- Up-to-date: /home/user/ros2_ws/install/barista_description/share/barista_description/models/coffeeshop/model.sdf
[1.055s] -- Up-to-date: /home/user/ros2_ws/install/barista_description/share/barista_description/models/coffeeshop/meshes
[1.055s] -- Up-to-date: /home/user/ros2_ws/install/barista_description/share/barista_description/models/coffeeshop/meshes/coffeeshop.dae
[1.055s] -- Up-to-date: /home/user/ros2_ws/install/barista_description/share/barista_description/models/coffeeshop/meshes/splintered_wool_texture.png
[1.055s] -- Up-to-date: /home/user/ros2_ws/install/barista_description/share/barista_description/models/coffeeshop/model.config
[1.056s] -- Up-to-date: /home/user/ros2_ws/install/barista_description/share/barista_description/models/condiment
[1.056s] -- Up-to-date: /home/user/ros2_ws/install/barista_description/share/barista_description/models/condiment/model.sdf
[1.056s] -- Up-to-date: /home/user/ros2_ws/install/barista_description/share/barista_description/models/condiment/meshes
[1.056s] -- Up-to-date: /home/user/ros2_ws/install/barista_description/share/barista_description/models/condiment/meshes/condiment.dae
[1.056s] -- Up-to-date: /home/user/ros2_ws/install/barista_description/share/barista_description/models/condiment/meshes/condiment
[1.056s] -- Up-to-date: /home/user/ros2_ws/install/barista_description/share/barista_description/models/condiment/meshes/condiment/material_3.jpg
[1.056s] -- Up-to-date: /home/user/ros2_ws/install/barista_description/share/barista_description/models/condiment/model.config
[1.056s] -- Up-to-date: /home/user/ros2_ws/install/barista_description/share/barista_description/models/cup_massimo
[1.057s] -- Up-to-date: /home/user/ros2_ws/install/barista_description/share/barista_description/models/cup_massimo/model.sdf
[1.057s] -- Up-to-date: /home/user/ros2_ws/install/barista_description/share/barista_description/models/cup_massimo/meshes
[1.057s] -- Up-to-date: /home/user/ros2_ws/install/barista_description/share/barista_description/models/cup_massimo/meshes/cup_massimo.dae
[1.057s] -- Up-to-date: /home/user/ros2_ws/install/barista_description/share/barista_description/models/cup_massimo/model.config
[1.057s] -- Up-to-date: /home/user/ros2_ws/install/barista_description/share/barista_description/models/fence
[1.057s] -- Up-to-date: /home/user/ros2_ws/install/barista_description/share/barista_description/models/fence/model.sdf
[1.057s] -- Up-to-date: /home/user/ros2_ws/install/barista_description/share/barista_description/models/fence/meshes
[1.057s] -- Up-to-date: /home/user/ros2_ws/install/barista_description/share/barista_description/models/fence/meshes/model
[1.057s] -- Up-to-date: /home/user/ros2_ws/install/barista_description/share/barista_description/models/fence/meshes/model/Wood_Cherry_Original_0.jpg
[1.058s] -- Up-to-date: /home/user/ros2_ws/install/barista_description/share/barista_description/models/fence/meshes/model/Wood_Cherry_Original.jpg
[1.058s] -- Up-to-date: /home/user/ros2_ws/install/barista_description/share/barista_description/models/fence/meshes/fence.dae
[1.059s] -- Up-to-date: /home/user/ros2_ws/install/barista_description/share/barista_description/models/fence/model.config
[1.059s] -- Up-to-date: /home/user/ros2_ws/install/barista_description/share/barista_description/models/round_table
[1.059s] -- Up-to-date: /home/user/ros2_ws/install/barista_description/share/barista_description/models/round_table/model.sdf
[1.059s] -- Up-to-date: /home/user/ros2_ws/install/barista_description/share/barista_description/models/round_table/meshes
[1.059s] -- Up-to-date: /home/user/ros2_ws/install/barista_description/share/barista_description/models/round_table/meshes/round_table.dae
[1.059s] -- Up-to-date: /home/user/ros2_ws/install/barista_description/share/barista_description/models/round_table/meshes/mesa
[1.059s] -- Up-to-date: /home/user/ros2_ws/install/barista_description/share/barista_description/models/round_table/meshes/mesa/material_1_0.jpg
[1.060s] -- Up-to-date: /home/user/ros2_ws/install/barista_description/share/barista_description/models/round_table/meshes/mesa/Wood_Bamboo.jpg
[1.060s] -- Up-to-date: /home/user/ros2_ws/install/barista_description/share/barista_description/models/round_table/meshes/mesa/material_1.jpg
[1.060s] -- Up-to-date: /home/user/ros2_ws/install/barista_description/share/barista_description/models/round_table/meshes/mesa/__WhiteSmoke_17.jpg
[1.060s] -- Up-to-date: /home/user/ros2_ws/install/barista_description/share/barista_description/models/round_table/model.config
[1.060s] -- Up-to-date: /home/user/ros2_ws/install/barista_description/share/barista_description/models/square_table
[1.060s] -- Up-to-date: /home/user/ros2_ws/install/barista_description/share/barista_description/models/square_table/model.sdf
[1.060s] -- Up-to-date: /home/user/ros2_ws/install/barista_description/share/barista_description/models/square_table/meshes
[1.060s] -- Up-to-date: /home/user/ros2_ws/install/barista_description/share/barista_description/models/square_table/meshes/square_table.dae
[1.061s] -- Up-to-date: /home/user/ros2_ws/install/barista_description/share/barista_description/models/square_table/meshes/mesa
[1.061s] -- Up-to-date: /home/user/ros2_ws/install/barista_description/share/barista_description/models/square_table/meshes/mesa/material_1_0.jpg
[1.061s] -- Up-to-date: /home/user/ros2_ws/install/barista_description/share/barista_description/models/square_table/meshes/mesa/Wood_Bamboo.jpg
[1.061s] -- Up-to-date: /home/user/ros2_ws/install/barista_description/share/barista_description/models/square_table/meshes/mesa/material_1.jpg
[1.061s] -- Up-to-date: /home/user/ros2_ws/install/barista_description/share/barista_description/models/square_table/model.config
[1.061s] -- Up-to-date: /home/user/ros2_ws/install/barista_description/share/barista_description/robot
[1.062s] -- Up-to-date: /home/user/ros2_ws/install/barista_description/share/barista_description/robot/mule_barista.xacro
[1.062s] -- Up-to-date: /home/user/ros2_ws/install/barista_description/share/barista_description/robot/mule_barista copy.xacro
[1.062s] -- Up-to-date: /home/user/ros2_ws/install/barista_description/share/barista_description/robot/barista_kobuki_gazebo.xacro
[1.062s] -- Up-to-date: /home/user/ros2_ws/install/barista_description/share/barista_description/robot/barista_properties.xacro
[1.062s] -- Up-to-date: /home/user/ros2_ws/install/barista_description/share/barista_description/robot/common_properties.xacro
[1.062s] -- Up-to-date: /home/user/ros2_ws/install/barista_description/share/barista_description/robot/barista_mod copy.xacro
[1.062s] -- Up-to-date: /home/user/ros2_ws/install/barista_description/share/barista_description/robot/kobuki
[1.062s] -- Up-to-date: /home/user/ros2_ws/install/barista_description/share/barista_description/robot/kobuki/common_properties.urdf.xacro
[1.062s] -- Up-to-date: /home/user/ros2_ws/install/barista_description/share/barista_description/robot/barista_kobuki.xacro
[1.063s] -- Up-to-date: /home/user/ros2_ws/install/barista_description/share/barista_description/robot/turtlebot
[1.063s] -- Up-to-date: /home/user/ros2_ws/install/barista_description/share/barista_description/robot/turtlebot/common_properties.urdf.xacro
[1.063s] -- Up-to-date: /home/user/ros2_ws/install/barista_description/share/barista_description/robot/barista_kobuki_slotcar.xacro
[1.063s] -- Up-to-date: /home/user/ros2_ws/install/barista_description/share/barista_description/robot/barista_kobuki_gazebo_slotcar.xacro
[1.063s] -- Up-to-date: /home/user/ros2_ws/install/barista_description/share/barista_description/robot/barista_mod.xacro
[1.063s] -- Up-to-date: /home/user/ros2_ws/install/barista_description/share/barista_description/robot/barista.xacro
[1.064s] -- Up-to-date: /home/user/ros2_ws/install/barista_description/share/barista_description/robot/barista_slotcar.xacro
[1.064s] -- Up-to-date: /home/user/ros2_ws/install/barista_description/share/barista_description/robot/barista_hexagons.xacro
[1.064s] -- Up-to-date: /home/user/ros2_ws/install/barista_description/share/barista_description/robot/barista_hokuyo.xacro
[1.065s] -- Up-to-date: /home/user/ros2_ws/install/barista_description/lib/barista_description/spawn.launch.py
[1.065s] -- Up-to-date: /home/user/ros2_ws/install/barista_description/share/ament_index/resource_index/package_run_dependencies/barista_description
[1.065s] -- Up-to-date: /home/user/ros2_ws/install/barista_description/share/ament_index/resource_index/parent_prefix_path/barista_description
[1.065s] -- Up-to-date: /home/user/ros2_ws/install/barista_description/share/barista_description/environment/ament_prefix_path.sh
[1.065s] -- Up-to-date: /home/user/ros2_ws/install/barista_description/share/barista_description/environment/ament_prefix_path.dsv
[1.065s] -- Up-to-date: /home/user/ros2_ws/install/barista_description/share/barista_description/environment/path.sh
[1.065s] -- Up-to-date: /home/user/ros2_ws/install/barista_description/share/barista_description/environment/path.dsv
[1.066s] -- Up-to-date: /home/user/ros2_ws/install/barista_description/share/barista_description/local_setup.bash
[1.066s] -- Up-to-date: /home/user/ros2_ws/install/barista_description/share/barista_description/local_setup.sh
[1.066s] -- Up-to-date: /home/user/ros2_ws/install/barista_description/share/barista_description/local_setup.zsh
[1.066s] -- Up-to-date: /home/user/ros2_ws/install/barista_description/share/barista_description/local_setup.dsv
[1.066s] -- Installing: /home/user/ros2_ws/install/barista_description/share/barista_description/package.dsv
[1.066s] -- Up-to-date: /home/user/ros2_ws/install/barista_description/share/ament_index/resource_index/packages/barista_description
[1.067s] -- Up-to-date: /home/user/ros2_ws/install/barista_description/share/barista_description/cmake/barista_descriptionConfig.cmake
[1.067s] -- Up-to-date: /home/user/ros2_ws/install/barista_description/share/barista_description/cmake/barista_descriptionConfig-version.cmake
[1.067s] -- Up-to-date: /home/user/ros2_ws/install/barista_description/share/barista_description/package.xml
[1.067s] Invoked command in '/home/user/ros2_ws/build/barista_description' returned '0': CMAKE_PREFIX_PATH=${CMAKE_PREFIX_PATH}:/home/simulations/ros2_sims_ws/install/rclrs_tests:/home/simulations/ros2_sims_ws/install/examples_rclrs_minimal_client_service:/home/simulations/ros2_sims_ws/install/sensor_msgs_py:/home/simulations/ros2_sims_ws/install/examples_rclrs_minimal_pub_sub:/home/simulations/ros2_sims_ws/install/examples_rclrs_message_demo:/home/simulations/ros2_sims_ws/install/rclrs:/home/simulations/ros2_sims_ws/install/rosidl_runtime_rs:/home/user/ros2_ws/install/ros2test:/home/user/ros2_ws/install/robotiq_85_driver:/home/user/ros2_ws/install/path_planner_server:/home/user/ros2_ws/install/moveit_configs_utils:/home/user/ros2_ws/install/localization_server:/home/user/ros2_ws/install/cartographer_slam:/opt/ros/humble _=/usr/bin/env /usr/bin/cmake --install /home/user/ros2_ws/build/barista_description
