[0.523s] Invoking command in '/home/user/ros2_ws/build/main_navigation': CMAKE_PREFIX_PATH=${CMAKE_PREFIX_PATH}:/home/simulations/ros2_sims_ws/install/rclrs_tests:/home/simulations/ros2_sims_ws/install/examples_rclrs_minimal_client_service:/home/simulations/ros2_sims_ws/install/sensor_msgs_py:/home/simulations/ros2_sims_ws/install/examples_rclrs_minimal_pub_sub:/home/simulations/ros2_sims_ws/install/examples_rclrs_message_demo:/home/simulations/ros2_sims_ws/install/rclrs:/home/simulations/ros2_sims_ws/install/rosidl_runtime_rs:/home/user/ros2_ws/install/ros2test:/home/user/ros2_ws/install/robotiq_85_driver:/home/user/ros2_ws/install/path_planner_server:/home/user/ros2_ws/install/moveit_configs_utils:/home/user/ros2_ws/install/localization_server:/home/user/ros2_ws/install/cartographer_slam:/opt/ros/humble _=/usr/bin/env /usr/bin/cmake --build /home/user/ros2_ws/build/main_navigation -- -j8 -l8
[0.597s] Invoked command in '/home/user/ros2_ws/build/main_navigation' returned '0': CMAKE_PREFIX_PATH=${CMAKE_PREFIX_PATH}:/home/simulations/ros2_sims_ws/install/rclrs_tests:/home/simulations/ros2_sims_ws/install/examples_rclrs_minimal_client_service:/home/simulations/ros2_sims_ws/install/sensor_msgs_py:/home/simulations/ros2_sims_ws/install/examples_rclrs_minimal_pub_sub:/home/simulations/ros2_sims_ws/install/examples_rclrs_message_demo:/home/simulations/ros2_sims_ws/install/rclrs:/home/simulations/ros2_sims_ws/install/rosidl_runtime_rs:/home/user/ros2_ws/install/ros2test:/home/user/ros2_ws/install/robotiq_85_driver:/home/user/ros2_ws/install/path_planner_server:/home/user/ros2_ws/install/moveit_configs_utils:/home/user/ros2_ws/install/localization_server:/home/user/ros2_ws/install/cartographer_slam:/opt/ros/humble _=/usr/bin/env /usr/bin/cmake --build /home/user/ros2_ws/build/main_navigation -- -j8 -l8
[0.762s] Invoking command in '/home/user/ros2_ws/build/main_navigation': CMAKE_PREFIX_PATH=${CMAKE_PREFIX_PATH}:/home/simulations/ros2_sims_ws/install/rclrs_tests:/home/simulations/ros2_sims_ws/install/examples_rclrs_minimal_client_service:/home/simulations/ros2_sims_ws/install/sensor_msgs_py:/home/simulations/ros2_sims_ws/install/examples_rclrs_minimal_pub_sub:/home/simulations/ros2_sims_ws/install/examples_rclrs_message_demo:/home/simulations/ros2_sims_ws/install/rclrs:/home/simulations/ros2_sims_ws/install/rosidl_runtime_rs:/home/user/ros2_ws/install/ros2test:/home/user/ros2_ws/install/robotiq_85_driver:/home/user/ros2_ws/install/path_planner_server:/home/user/ros2_ws/install/moveit_configs_utils:/home/user/ros2_ws/install/localization_server:/home/user/ros2_ws/install/cartographer_slam:/opt/ros/humble _=/usr/bin/env /usr/bin/cmake --install /home/user/ros2_ws/build/main_navigation
[0.803s] -- Install configuration: ""
[0.803s] -- Up-to-date: /home/user/ros2_ws/install/main_navigation/share/main_navigation/launch
[0.803s] -- Up-to-date: /home/user/ros2_ws/install/main_navigation/share/main_navigation/launch/start_nav_barista_1_2_turtleworld.launch.xml
[0.803s] -- Up-to-date: /home/user/ros2_ws/install/main_navigation/share/main_navigation/launch/start_nav_barista_1_ramenshop_pantry.launch.xml
[0.807s] -- Up-to-date: /home/user/ros2_ws/install/main_navigation/share/main_navigation/launch/start_nav_barista_1.launch.xml
[0.807s] -- Up-to-date: /home/user/ros2_ws/install/main_navigation/share/main_navigation/launch/start_nav_barista_1_ramenshop.launch.xml
[0.807s] -- Up-to-date: /home/user/ros2_ws/install/main_navigation/share/main_navigation/launch/start_nav_barista_2.launch.xml
[0.807s] -- Up-to-date: /home/user/ros2_ws/install/main_navigation/share/main_navigation/launch/start_navigation_rviz_starbots_three.launch.xml
[0.807s] -- Up-to-date: /home/user/ros2_ws/install/main_navigation/share/main_navigation/launch/start_nav.launch.xml
[0.807s] -- Up-to-date: /home/user/ros2_ws/install/main_navigation/share/main_navigation/launch/start_rviz.launch.py
[0.807s] -- Up-to-date: /home/user/ros2_ws/install/main_navigation/share/main_navigation/launch/start_nav_barista_2_turtleworld.launch.xml
[0.807s] -- Up-to-date: /home/user/ros2_ws/install/main_navigation/share/main_navigation/launch/start_navigation_rviz.launch.xml
[0.807s] -- Up-to-date: /home/user/ros2_ws/install/main_navigation/share/main_navigation/launch/start_navigation_rviz_starbots.launch.xml
[0.808s] -- Up-to-date: /home/user/ros2_ws/install/main_navigation/share/main_navigation/launch/start_nav_barista_1_turtleworld.launch.xml
[0.808s] -- Up-to-date: /home/user/ros2_ws/install/main_navigation/share/main_navigation/launch/start_nav_barista_1_2_mule_turtleworld.launch.xml
[0.808s] -- Up-to-date: /home/user/ros2_ws/install/main_navigation/share/main_navigation/rviz
[0.808s] -- Up-to-date: /home/user/ros2_ws/install/main_navigation/share/main_navigation/rviz/navigation copy.rviz
[0.808s] -- Up-to-date: /home/user/ros2_ws/install/main_navigation/share/main_navigation/rviz/baristas_turtleE_starbots.rviz
[0.808s] -- Up-to-date: /home/user/ros2_ws/install/main_navigation/share/main_navigation/rviz/navigation_turtleworld copy.rviz
[0.808s] -- Up-to-date: /home/user/ros2_ws/install/main_navigation/share/main_navigation/rviz/baristas_starbots.rviz
[0.808s] -- Up-to-date: /home/user/ros2_ws/install/main_navigation/share/main_navigation/rviz/navigation_turtleworld.rviz
[0.808s] -- Up-to-date: /home/user/ros2_ws/install/main_navigation/share/main_navigation/rviz/ramenshop.rviz
[0.808s] -- Up-to-date: /home/user/ros2_ws/install/main_navigation/share/main_navigation/rviz/navigation.rviz
[0.809s] -- Up-to-date: /home/user/ros2_ws/install/main_navigation/share/main_navigation/params
[0.809s] -- Up-to-date: /home/user/ros2_ws/install/main_navigation/share/main_navigation/params/dummy.txt
[0.809s] -- Up-to-date: /home/user/ros2_ws/install/main_navigation/share/ament_index/resource_index/package_run_dependencies/main_navigation
[0.809s] -- Up-to-date: /home/user/ros2_ws/install/main_navigation/share/ament_index/resource_index/parent_prefix_path/main_navigation
[0.809s] -- Up-to-date: /home/user/ros2_ws/install/main_navigation/share/main_navigation/environment/ament_prefix_path.sh
[0.809s] -- Up-to-date: /home/user/ros2_ws/install/main_navigation/share/main_navigation/environment/ament_prefix_path.dsv
[0.809s] -- Up-to-date: /home/user/ros2_ws/install/main_navigation/share/main_navigation/environment/path.sh
[0.809s] -- Up-to-date: /home/user/ros2_ws/install/main_navigation/share/main_navigation/environment/path.dsv
[0.809s] -- Up-to-date: /home/user/ros2_ws/install/main_navigation/share/main_navigation/local_setup.bash
[0.809s] -- Up-to-date: /home/user/ros2_ws/install/main_navigation/share/main_navigation/local_setup.sh
[0.809s] -- Up-to-date: /home/user/ros2_ws/install/main_navigation/share/main_navigation/local_setup.zsh
[0.810s] -- Up-to-date: /home/user/ros2_ws/install/main_navigation/share/main_navigation/local_setup.dsv
[0.810s] -- Installing: /home/user/ros2_ws/install/main_navigation/share/main_navigation/package.dsv
[0.810s] -- Up-to-date: /home/user/ros2_ws/install/main_navigation/share/ament_index/resource_index/packages/main_navigation
[0.810s] -- Up-to-date: /home/user/ros2_ws/install/main_navigation/share/main_navigation/cmake/main_navigationConfig.cmake
[0.810s] -- Up-to-date: /home/user/ros2_ws/install/main_navigation/share/main_navigation/cmake/main_navigationConfig-version.cmake
[0.810s] -- Up-to-date: /home/user/ros2_ws/install/main_navigation/share/main_navigation/package.xml
[0.810s] Invoked command in '/home/user/ros2_ws/build/main_navigation' returned '0': CMAKE_PREFIX_PATH=${CMAKE_PREFIX_PATH}:/home/simulations/ros2_sims_ws/install/rclrs_tests:/home/simulations/ros2_sims_ws/install/examples_rclrs_minimal_client_service:/home/simulations/ros2_sims_ws/install/sensor_msgs_py:/home/simulations/ros2_sims_ws/install/examples_rclrs_minimal_pub_sub:/home/simulations/ros2_sims_ws/install/examples_rclrs_message_demo:/home/simulations/ros2_sims_ws/install/rclrs:/home/simulations/ros2_sims_ws/install/rosidl_runtime_rs:/home/user/ros2_ws/install/ros2test:/home/user/ros2_ws/install/robotiq_85_driver:/home/user/ros2_ws/install/path_planner_server:/home/user/ros2_ws/install/moveit_configs_utils:/home/user/ros2_ws/install/localization_server:/home/user/ros2_ws/install/cartographer_slam:/opt/ros/humble _=/usr/bin/env /usr/bin/cmake --install /home/user/ros2_ws/build/main_navigation
