[0.244s] Invoking command in '/home/user/ros2_ws/build/barista_table_finder': CMAKE_PREFIX_PATH=${CMAKE_PREFIX_PATH}:/home/simulations/ros2_sims_ws/install/rclrs_tests:/home/simulations/ros2_sims_ws/install/examples_rclrs_minimal_client_service:/home/simulations/ros2_sims_ws/install/sensor_msgs_py:/home/simulations/ros2_sims_ws/install/examples_rclrs_minimal_pub_sub:/home/simulations/ros2_sims_ws/install/examples_rclrs_message_demo:/home/simulations/ros2_sims_ws/install/rclrs:/home/simulations/ros2_sims_ws/install/rosidl_runtime_rs:/home/user/ros2_ws/install/ros2test:/home/user/ros2_ws/install/robotiq_85_driver:/home/user/ros2_ws/install/path_planner_server:/home/user/ros2_ws/install/moveit_configs_utils:/home/user/ros2_ws/install/localization_server:/home/user/ros2_ws/install/cartographer_slam:/home/user/ros2_ws/install/aruco_detection_tests:/opt/ros/humble _=/usr/bin/env /usr/bin/cmake --build /home/user/ros2_ws/build/barista_table_finder -- -j8 -l8
[0.695s] [  2%] Built target barista_table_finder__rs
[0.886s] [  2%] Built target ament_cmake_python_copy_barista_table_finder
[0.987s] [  5%] Built target barista_table_finder__cpp
[1.887s] running egg_info
[1.888s] writing barista_table_finder.egg-info/PKG-INFO
[1.889s] writing dependency_links to barista_table_finder.egg-info/dependency_links.txt
[1.889s] writing top-level names to barista_table_finder.egg-info/top_level.txt
[1.893s] reading manifest file 'barista_table_finder.egg-info/SOURCES.txt'
[1.893s] writing manifest file 'barista_table_finder.egg-info/SOURCES.txt'
[1.976s] [  5%] Built target ament_cmake_python_build_barista_table_finder_egg
[2.147s] [ 15%] Built target barista_table_finder__rosidl_typesupport_cpp
[2.265s] [ 25%] Built target barista_table_finder__rosidl_typesupport_introspection_cpp
[2.434s] [ 35%] Built target barista_table_finder__rosidl_typesupport_fastrtps_cpp
[2.544s] [ 45%] Built target barista_table_finder__rosidl_generator_c
[2.693s] [ 55%] Built target barista_table_finder__rosidl_typesupport_fastrtps_c
[2.838s] [ 65%] Built target barista_table_finder__rosidl_typesupport_c
[3.070s] [ 75%] Built target barista_table_finder__rosidl_typesupport_introspection_c
[3.258s] [ 75%] Built target barista_table_finder
[3.476s] [ 77%] Built target barista_table_finder__py
[3.618s] [ 85%] Built target barista_table_finder__rosidl_generator_py
[3.779s] [ 90%] Built target barista_table_finder__rosidl_typesupport_fastrtps_c__pyext
[4.004s] [ 95%] Built target barista_table_finder__rosidl_typesupport_c__pyext
[4.264s] [100%] Built target barista_table_finder__rosidl_typesupport_introspection_c__pyext
[4.326s] Invoked command in '/home/user/ros2_ws/build/barista_table_finder' returned '0': CMAKE_PREFIX_PATH=${CMAKE_PREFIX_PATH}:/home/simulations/ros2_sims_ws/install/rclrs_tests:/home/simulations/ros2_sims_ws/install/examples_rclrs_minimal_client_service:/home/simulations/ros2_sims_ws/install/sensor_msgs_py:/home/simulations/ros2_sims_ws/install/examples_rclrs_minimal_pub_sub:/home/simulations/ros2_sims_ws/install/examples_rclrs_message_demo:/home/simulations/ros2_sims_ws/install/rclrs:/home/simulations/ros2_sims_ws/install/rosidl_runtime_rs:/home/user/ros2_ws/install/ros2test:/home/user/ros2_ws/install/robotiq_85_driver:/home/user/ros2_ws/install/path_planner_server:/home/user/ros2_ws/install/moveit_configs_utils:/home/user/ros2_ws/install/localization_server:/home/user/ros2_ws/install/cartographer_slam:/home/user/ros2_ws/install/aruco_detection_tests:/opt/ros/humble _=/usr/bin/env /usr/bin/cmake --build /home/user/ros2_ws/build/barista_table_finder -- -j8 -l8
[5.999s] Invoking command in '/home/user/ros2_ws/build/barista_table_finder': CMAKE_PREFIX_PATH=${CMAKE_PREFIX_PATH}:/home/simulations/ros2_sims_ws/install/rclrs_tests:/home/simulations/ros2_sims_ws/install/examples_rclrs_minimal_client_service:/home/simulations/ros2_sims_ws/install/sensor_msgs_py:/home/simulations/ros2_sims_ws/install/examples_rclrs_minimal_pub_sub:/home/simulations/ros2_sims_ws/install/examples_rclrs_message_demo:/home/simulations/ros2_sims_ws/install/rclrs:/home/simulations/ros2_sims_ws/install/rosidl_runtime_rs:/home/user/ros2_ws/install/ros2test:/home/user/ros2_ws/install/robotiq_85_driver:/home/user/ros2_ws/install/path_planner_server:/home/user/ros2_ws/install/moveit_configs_utils:/home/user/ros2_ws/install/localization_server:/home/user/ros2_ws/install/cartographer_slam:/home/user/ros2_ws/install/aruco_detection_tests:/opt/ros/humble _=/usr/bin/env /usr/bin/cmake --install /home/user/ros2_ws/build/barista_table_finder
[6.033s] -- Install configuration: ""
[6.033s] -- Up-to-date: /home/user/ros2_ws/install/barista_table_finder/share/barista_table_finder//launch
[6.033s] -- Up-to-date: /home/user/ros2_ws/install/barista_table_finder/share/barista_table_finder//launch/barista_1_table_finder_server.launch.xml
[6.033s] -- Up-to-date: /home/user/ros2_ws/install/barista_table_finder/share/barista_table_finder//launch/cleaner_1_table_finder_server.launch.xml
[6.033s] -- Up-to-date: /home/user/ros2_ws/install/barista_table_finder/share/ament_index/resource_index/rosidl_interfaces/barista_table_finder
[6.033s] -- Up-to-date: /home/user/ros2_ws/install/barista_table_finder/include/barista_table_finder/barista_table_finder
[6.033s] -- Up-to-date: /home/user/ros2_ws/install/barista_table_finder/include/barista_table_finder/barista_table_finder/msg
[6.034s] -- Up-to-date: /home/user/ros2_ws/install/barista_table_finder/include/barista_table_finder/barista_table_finder/msg/rosidl_generator_c__visibility_control.h
[6.034s] -- Up-to-date: /home/user/ros2_ws/install/barista_table_finder/include/barista_table_finder/barista_table_finder/action
[6.034s] -- Up-to-date: /home/user/ros2_ws/install/barista_table_finder/include/barista_table_finder/barista_table_finder/action/detail
[6.034s] -- Up-to-date: /home/user/ros2_ws/install/barista_table_finder/include/barista_table_finder/barista_table_finder/action/detail/align_barista__struct.h
[6.034s] -- Up-to-date: /home/user/ros2_ws/install/barista_table_finder/include/barista_table_finder/barista_table_finder/action/detail/align_barista__type_support.h
[6.034s] -- Up-to-date: /home/user/ros2_ws/install/barista_table_finder/include/barista_table_finder/barista_table_finder/action/detail/go_under_table__struct.h
[6.034s] -- Up-to-date: /home/user/ros2_ws/install/barista_table_finder/include/barista_table_finder/barista_table_finder/action/detail/align_barista__functions.h
[6.034s] -- Up-to-date: /home/user/ros2_ws/install/barista_table_finder/include/barista_table_finder/barista_table_finder/action/detail/go_under_table__functions.h
[6.034s] -- Up-to-date: /home/user/ros2_ws/install/barista_table_finder/include/barista_table_finder/barista_table_finder/action/detail/go_under_table__functions.c
[6.034s] -- Up-to-date: /home/user/ros2_ws/install/barista_table_finder/include/barista_table_finder/barista_table_finder/action/detail/align_barista__functions.c
[6.034s] -- Up-to-date: /home/user/ros2_ws/install/barista_table_finder/include/barista_table_finder/barista_table_finder/action/detail/go_under_table__type_support.h
[6.035s] -- Up-to-date: /home/user/ros2_ws/install/barista_table_finder/include/barista_table_finder/barista_table_finder/action/go_under_table.h
[6.035s] -- Up-to-date: /home/user/ros2_ws/install/barista_table_finder/include/barista_table_finder/barista_table_finder/action/align_barista.h
[6.036s] -- Up-to-date: /home/user/ros2_ws/install/barista_table_finder/share/barista_table_finder/environment/library_path.sh
[6.036s] -- Up-to-date: /home/user/ros2_ws/install/barista_table_finder/share/barista_table_finder/environment/library_path.dsv
[6.036s] -- Up-to-date: /home/user/ros2_ws/install/barista_table_finder/lib/libbarista_table_finder__rosidl_generator_c.so
[6.036s] -- Up-to-date: /home/user/ros2_ws/install/barista_table_finder/include/barista_table_finder/barista_table_finder
[6.036s] -- Up-to-date: /home/user/ros2_ws/install/barista_table_finder/include/barista_table_finder/barista_table_finder/msg
[6.036s] -- Up-to-date: /home/user/ros2_ws/install/barista_table_finder/include/barista_table_finder/barista_table_finder/msg/rosidl_typesupport_fastrtps_c__visibility_control.h
[6.036s] -- Up-to-date: /home/user/ros2_ws/install/barista_table_finder/include/barista_table_finder/barista_table_finder/action
[6.036s] -- Up-to-date: /home/user/ros2_ws/install/barista_table_finder/include/barista_table_finder/barista_table_finder/action/detail
[6.037s] -- Up-to-date: /home/user/ros2_ws/install/barista_table_finder/include/barista_table_finder/barista_table_finder/action/detail/go_under_table__rosidl_typesupport_fastrtps_c.h
[6.037s] -- Up-to-date: /home/user/ros2_ws/install/barista_table_finder/include/barista_table_finder/barista_table_finder/action/detail/align_barista__rosidl_typesupport_fastrtps_c.h
[6.037s] -- Up-to-date: /home/user/ros2_ws/install/barista_table_finder/lib/libbarista_table_finder__rosidl_typesupport_fastrtps_c.so
[6.037s] -- Up-to-date: /home/user/ros2_ws/install/barista_table_finder/include/barista_table_finder/barista_table_finder
[6.037s] -- Up-to-date: /home/user/ros2_ws/install/barista_table_finder/include/barista_table_finder/barista_table_finder/action
[6.037s] -- Up-to-date: /home/user/ros2_ws/install/barista_table_finder/include/barista_table_finder/barista_table_finder/action/detail
[6.037s] -- Up-to-date: /home/user/ros2_ws/install/barista_table_finder/include/barista_table_finder/barista_table_finder/action/detail/align_barista__struct.hpp
[6.037s] -- Up-to-date: /home/user/ros2_ws/install/barista_table_finder/include/barista_table_finder/barista_table_finder/action/detail/align_barista__builder.hpp
[6.038s] -- Up-to-date: /home/user/ros2_ws/install/barista_table_finder/include/barista_table_finder/barista_table_finder/action/detail/go_under_table__struct.hpp
[6.038s] -- Up-to-date: /home/user/ros2_ws/install/barista_table_finder/include/barista_table_finder/barista_table_finder/action/detail/align_barista__traits.hpp
[6.038s] -- Up-to-date: /home/user/ros2_ws/install/barista_table_finder/include/barista_table_finder/barista_table_finder/action/detail/go_under_table__traits.hpp
[6.038s] -- Up-to-date: /home/user/ros2_ws/install/barista_table_finder/include/barista_table_finder/barista_table_finder/action/detail/go_under_table__builder.hpp
[6.038s] -- Up-to-date: /home/user/ros2_ws/install/barista_table_finder/include/barista_table_finder/barista_table_finder/action/go_under_table.hpp
[6.038s] -- Up-to-date: /home/user/ros2_ws/install/barista_table_finder/include/barista_table_finder/barista_table_finder/action/align_barista.hpp
[6.038s] -- Up-to-date: /home/user/ros2_ws/install/barista_table_finder/include/barista_table_finder/barista_table_finder
[6.038s] -- Up-to-date: /home/user/ros2_ws/install/barista_table_finder/include/barista_table_finder/barista_table_finder/msg
[6.038s] -- Up-to-date: /home/user/ros2_ws/install/barista_table_finder/include/barista_table_finder/barista_table_finder/msg/rosidl_typesupport_fastrtps_cpp__visibility_control.h
[6.038s] -- Up-to-date: /home/user/ros2_ws/install/barista_table_finder/include/barista_table_finder/barista_table_finder/action
[6.038s] -- Up-to-date: /home/user/ros2_ws/install/barista_table_finder/include/barista_table_finder/barista_table_finder/action/detail
[6.039s] -- Up-to-date: /home/user/ros2_ws/install/barista_table_finder/include/barista_table_finder/barista_table_finder/action/detail/align_barista__rosidl_typesupport_fastrtps_cpp.hpp
[6.039s] -- Up-to-date: /home/user/ros2_ws/install/barista_table_finder/include/barista_table_finder/barista_table_finder/action/detail/dds_fastrtps
[6.039s] -- Up-to-date: /home/user/ros2_ws/install/barista_table_finder/include/barista_table_finder/barista_table_finder/action/detail/go_under_table__rosidl_typesupport_fastrtps_cpp.hpp
[6.039s] -- Up-to-date: /home/user/ros2_ws/install/barista_table_finder/lib/libbarista_table_finder__rosidl_typesupport_fastrtps_cpp.so
[6.039s] -- Up-to-date: /home/user/ros2_ws/install/barista_table_finder/include/barista_table_finder/barista_table_finder
[6.039s] -- Up-to-date: /home/user/ros2_ws/install/barista_table_finder/include/barista_table_finder/barista_table_finder/msg
[6.039s] -- Up-to-date: /home/user/ros2_ws/install/barista_table_finder/include/barista_table_finder/barista_table_finder/msg/rosidl_typesupport_introspection_c__visibility_control.h
[6.039s] -- Up-to-date: /home/user/ros2_ws/install/barista_table_finder/include/barista_table_finder/barista_table_finder/action
[6.039s] -- Up-to-date: /home/user/ros2_ws/install/barista_table_finder/include/barista_table_finder/barista_table_finder/action/detail
[6.039s] -- Up-to-date: /home/user/ros2_ws/install/barista_table_finder/include/barista_table_finder/barista_table_finder/action/detail/go_under_table__rosidl_typesupport_introspection_c.h
[6.039s] -- Up-to-date: /home/user/ros2_ws/install/barista_table_finder/include/barista_table_finder/barista_table_finder/action/detail/go_under_table__type_support.c
[6.039s] -- Up-to-date: /home/user/ros2_ws/install/barista_table_finder/include/barista_table_finder/barista_table_finder/action/detail/align_barista__rosidl_typesupport_introspection_c.h
[6.039s] -- Up-to-date: /home/user/ros2_ws/install/barista_table_finder/include/barista_table_finder/barista_table_finder/action/detail/align_barista__type_support.c
[6.039s] -- Up-to-date: /home/user/ros2_ws/install/barista_table_finder/lib/libbarista_table_finder__rosidl_typesupport_introspection_c.so
[6.039s] -- Up-to-date: /home/user/ros2_ws/install/barista_table_finder/lib/libbarista_table_finder__rosidl_typesupport_c.so
[6.040s] -- Up-to-date: /home/user/ros2_ws/install/barista_table_finder/include/barista_table_finder/barista_table_finder
[6.040s] -- Up-to-date: /home/user/ros2_ws/install/barista_table_finder/include/barista_table_finder/barista_table_finder/action
[6.040s] -- Up-to-date: /home/user/ros2_ws/install/barista_table_finder/include/barista_table_finder/barista_table_finder/action/detail
[6.040s] -- Up-to-date: /home/user/ros2_ws/install/barista_table_finder/include/barista_table_finder/barista_table_finder/action/detail/align_barista__type_support.cpp
[6.040s] -- Up-to-date: /home/user/ros2_ws/install/barista_table_finder/include/barista_table_finder/barista_table_finder/action/detail/go_under_table__type_support.cpp
[6.040s] -- Up-to-date: /home/user/ros2_ws/install/barista_table_finder/include/barista_table_finder/barista_table_finder/action/detail/align_barista__rosidl_typesupport_introspection_cpp.hpp
[6.040s] -- Up-to-date: /home/user/ros2_ws/install/barista_table_finder/include/barista_table_finder/barista_table_finder/action/detail/go_under_table__rosidl_typesupport_introspection_cpp.hpp
[6.040s] -- Up-to-date: /home/user/ros2_ws/install/barista_table_finder/lib/libbarista_table_finder__rosidl_typesupport_introspection_cpp.so
[6.040s] -- Up-to-date: /home/user/ros2_ws/install/barista_table_finder/lib/libbarista_table_finder__rosidl_typesupport_cpp.so
[6.040s] -- Up-to-date: /home/user/ros2_ws/install/barista_table_finder/share/ament_index/resource_index/rust_packages/barista_table_finder
[6.040s] -- Up-to-date: /home/user/ros2_ws/install/barista_table_finder/share/barista_table_finder/rust
[6.040s] -- Up-to-date: /home/user/ros2_ws/install/barista_table_finder/share/barista_table_finder/rust/Cargo.toml
[6.040s] -- Up-to-date: /home/user/ros2_ws/install/barista_table_finder/share/barista_table_finder/rust/src
[6.041s] -- Up-to-date: /home/user/ros2_ws/install/barista_table_finder/share/barista_table_finder/rust/src/lib.rs
[6.041s] -- Up-to-date: /home/user/ros2_ws/install/barista_table_finder/share/barista_table_finder/rust/build.rs
[6.041s] -- Up-to-date: /home/user/ros2_ws/install/barista_table_finder/share/barista_table_finder/rust
[6.041s] -- Up-to-date: /home/user/ros2_ws/install/barista_table_finder/share/barista_table_finder/rust/Cargo.toml
[6.041s] -- Up-to-date: /home/user/ros2_ws/install/barista_table_finder/share/barista_table_finder/rust/src
[6.041s] -- Up-to-date: /home/user/ros2_ws/install/barista_table_finder/share/barista_table_finder/rust/src/lib.rs
[6.041s] -- Up-to-date: /home/user/ros2_ws/install/barista_table_finder/share/barista_table_finder/rust/build.rs
[6.041s] -- Up-to-date: /home/user/ros2_ws/install/barista_table_finder/share/barista_table_finder/rust
[6.041s] -- Up-to-date: /home/user/ros2_ws/install/barista_table_finder/share/barista_table_finder/rust/Cargo.toml
[6.041s] -- Up-to-date: /home/user/ros2_ws/install/barista_table_finder/share/barista_table_finder/rust/src
[6.041s] -- Up-to-date: /home/user/ros2_ws/install/barista_table_finder/share/barista_table_finder/rust/src/lib.rs
[6.041s] -- Up-to-date: /home/user/ros2_ws/install/barista_table_finder/share/barista_table_finder/rust/build.rs
[6.042s] -- Up-to-date: /home/user/ros2_ws/install/barista_table_finder/share/barista_table_finder/environment/pythonpath.sh
[6.042s] -- Up-to-date: /home/user/ros2_ws/install/barista_table_finder/share/barista_table_finder/environment/pythonpath.dsv
[6.042s] -- Up-to-date: /home/user/ros2_ws/install/barista_table_finder/local/lib/python3.10/dist-packages/barista_table_finder-0.0.0-py3.10.egg-info
[6.042s] -- Installing: /home/user/ros2_ws/install/barista_table_finder/local/lib/python3.10/dist-packages/barista_table_finder-0.0.0-py3.10.egg-info/PKG-INFO
[6.042s] -- Installing: /home/user/ros2_ws/install/barista_table_finder/local/lib/python3.10/dist-packages/barista_table_finder-0.0.0-py3.10.egg-info/top_level.txt
[6.042s] -- Installing: /home/user/ros2_ws/install/barista_table_finder/local/lib/python3.10/dist-packages/barista_table_finder-0.0.0-py3.10.egg-info/SOURCES.txt
[6.042s] -- Installing: /home/user/ros2_ws/install/barista_table_finder/local/lib/python3.10/dist-packages/barista_table_finder-0.0.0-py3.10.egg-info/dependency_links.txt
[6.042s] -- Up-to-date: /home/user/ros2_ws/install/barista_table_finder/local/lib/python3.10/dist-packages/barista_table_finder
[6.042s] -- Up-to-date: /home/user/ros2_ws/install/barista_table_finder/local/lib/python3.10/dist-packages/barista_table_finder/barista_table_finder_s__rosidl_typesupport_c.cpython-310-x86_64-linux-gnu.so
[6.042s] -- Up-to-date: /home/user/ros2_ws/install/barista_table_finder/local/lib/python3.10/dist-packages/barista_table_finder/libbarista_table_finder__rosidl_generator_py.so
[6.042s] -- Up-to-date: /home/user/ros2_ws/install/barista_table_finder/local/lib/python3.10/dist-packages/barista_table_finder/barista_table_finder_s__rosidl_typesupport_introspection_c.cpython-310-x86_64-linux-gnu.so
[6.042s] -- Up-to-date: /home/user/ros2_ws/install/barista_table_finder/local/lib/python3.10/dist-packages/barista_table_finder/__init__.py
[6.043s] -- Up-to-date: /home/user/ros2_ws/install/barista_table_finder/local/lib/python3.10/dist-packages/barista_table_finder/_barista_table_finder_s.ep.rosidl_typesupport_introspection_c.c
[6.043s] -- Up-to-date: /home/user/ros2_ws/install/barista_table_finder/local/lib/python3.10/dist-packages/barista_table_finder/_barista_table_finder_s.ep.rosidl_typesupport_c.c
[6.043s] -- Up-to-date: /home/user/ros2_ws/install/barista_table_finder/local/lib/python3.10/dist-packages/barista_table_finder/barista_table_finder_s__rosidl_typesupport_fastrtps_c.cpython-310-x86_64-linux-gnu.so
[6.043s] -- Up-to-date: /home/user/ros2_ws/install/barista_table_finder/local/lib/python3.10/dist-packages/barista_table_finder/_barista_table_finder_s.ep.rosidl_typesupport_fastrtps_c.c
[6.043s] -- Up-to-date: /home/user/ros2_ws/install/barista_table_finder/local/lib/python3.10/dist-packages/barista_table_finder/action
[6.043s] -- Up-to-date: /home/user/ros2_ws/install/barista_table_finder/local/lib/python3.10/dist-packages/barista_table_finder/action/_go_under_table_s.c
[6.043s] -- Up-to-date: /home/user/ros2_ws/install/barista_table_finder/local/lib/python3.10/dist-packages/barista_table_finder/action/_align_barista_s.c
[6.043s] -- Up-to-date: /home/user/ros2_ws/install/barista_table_finder/local/lib/python3.10/dist-packages/barista_table_finder/action/_go_under_table.py
[6.043s] -- Up-to-date: /home/user/ros2_ws/install/barista_table_finder/local/lib/python3.10/dist-packages/barista_table_finder/action/__init__.py
[6.043s] -- Up-to-date: /home/user/ros2_ws/install/barista_table_finder/local/lib/python3.10/dist-packages/barista_table_finder/action/_align_barista.py
[6.364s] Listing '/home/user/ros2_ws/install/barista_table_finder/local/lib/python3.10/dist-packages/barista_table_finder'...
[6.365s] Listing '/home/user/ros2_ws/install/barista_table_finder/local/lib/python3.10/dist-packages/barista_table_finder/action'...
[6.381s] -- Up-to-date: /home/user/ros2_ws/install/barista_table_finder/local/lib/python3.10/dist-packages/barista_table_finder/barista_table_finder_s__rosidl_typesupport_fastrtps_c.cpython-310-x86_64-linux-gnu.so
[6.382s] -- Up-to-date: /home/user/ros2_ws/install/barista_table_finder/local/lib/python3.10/dist-packages/barista_table_finder/barista_table_finder_s__rosidl_typesupport_introspection_c.cpython-310-x86_64-linux-gnu.so
[6.382s] -- Up-to-date: /home/user/ros2_ws/install/barista_table_finder/local/lib/python3.10/dist-packages/barista_table_finder/barista_table_finder_s__rosidl_typesupport_c.cpython-310-x86_64-linux-gnu.so
[6.383s] -- Up-to-date: /home/user/ros2_ws/install/barista_table_finder/lib/libbarista_table_finder__rosidl_generator_py.so
[6.384s] -- Up-to-date: /home/user/ros2_ws/install/barista_table_finder/share/barista_table_finder/action/AlignBarista.idl
[6.384s] -- Up-to-date: /home/user/ros2_ws/install/barista_table_finder/share/barista_table_finder/action/GoUnderTable.idl
[6.384s] -- Up-to-date: /home/user/ros2_ws/install/barista_table_finder/share/barista_table_finder/action/AlignBarista.action
[6.385s] -- Up-to-date: /home/user/ros2_ws/install/barista_table_finder/share/barista_table_finder/action/GoUnderTable.action
[6.385s] -- Up-to-date: /home/user/ros2_ws/install/barista_table_finder/lib/barista_table_finder/table_finder.py
[6.385s] -- Up-to-date: /home/user/ros2_ws/install/barista_table_finder/share/ament_index/resource_index/package_run_dependencies/barista_table_finder
[6.386s] -- Up-to-date: /home/user/ros2_ws/install/barista_table_finder/share/ament_index/resource_index/parent_prefix_path/barista_table_finder
[6.386s] -- Up-to-date: /home/user/ros2_ws/install/barista_table_finder/share/barista_table_finder/environment/ament_prefix_path.sh
[6.386s] -- Up-to-date: /home/user/ros2_ws/install/barista_table_finder/share/barista_table_finder/environment/ament_prefix_path.dsv
[6.387s] -- Up-to-date: /home/user/ros2_ws/install/barista_table_finder/share/barista_table_finder/environment/path.sh
[6.387s] -- Up-to-date: /home/user/ros2_ws/install/barista_table_finder/share/barista_table_finder/environment/path.dsv
[6.387s] -- Up-to-date: /home/user/ros2_ws/install/barista_table_finder/share/barista_table_finder/local_setup.bash
[6.387s] -- Up-to-date: /home/user/ros2_ws/install/barista_table_finder/share/barista_table_finder/local_setup.sh
[6.390s] -- Up-to-date: /home/user/ros2_ws/install/barista_table_finder/share/barista_table_finder/local_setup.zsh
[6.390s] -- Up-to-date: /home/user/ros2_ws/install/barista_table_finder/share/barista_table_finder/local_setup.dsv
[6.390s] -- Installing: /home/user/ros2_ws/install/barista_table_finder/share/barista_table_finder/package.dsv
[6.390s] -- Up-to-date: /home/user/ros2_ws/install/barista_table_finder/share/ament_index/resource_index/packages/barista_table_finder
[6.390s] -- Up-to-date: /home/user/ros2_ws/install/barista_table_finder/share/barista_table_finder/cmake/export_barista_table_finder__rosidl_generator_cExport.cmake
[6.390s] -- Up-to-date: /home/user/ros2_ws/install/barista_table_finder/share/barista_table_finder/cmake/export_barista_table_finder__rosidl_generator_cExport-noconfig.cmake
[6.390s] -- Up-to-date: /home/user/ros2_ws/install/barista_table_finder/share/barista_table_finder/cmake/export_barista_table_finder__rosidl_typesupport_fastrtps_cExport.cmake
[6.390s] -- Up-to-date: /home/user/ros2_ws/install/barista_table_finder/share/barista_table_finder/cmake/export_barista_table_finder__rosidl_typesupport_fastrtps_cExport-noconfig.cmake
[6.390s] -- Up-to-date: /home/user/ros2_ws/install/barista_table_finder/share/barista_table_finder/cmake/export_barista_table_finder__rosidl_generator_cppExport.cmake
[6.390s] -- Up-to-date: /home/user/ros2_ws/install/barista_table_finder/share/barista_table_finder/cmake/export_barista_table_finder__rosidl_typesupport_fastrtps_cppExport.cmake
[6.401s] -- Up-to-date: /home/user/ros2_ws/install/barista_table_finder/share/barista_table_finder/cmake/export_barista_table_finder__rosidl_typesupport_fastrtps_cppExport-noconfig.cmake
[6.401s] -- Up-to-date: /home/user/ros2_ws/install/barista_table_finder/share/barista_table_finder/cmake/barista_table_finder__rosidl_typesupport_introspection_cExport.cmake
[6.401s] -- Up-to-date: /home/user/ros2_ws/install/barista_table_finder/share/barista_table_finder/cmake/barista_table_finder__rosidl_typesupport_introspection_cExport-noconfig.cmake
[6.401s] -- Up-to-date: /home/user/ros2_ws/install/barista_table_finder/share/barista_table_finder/cmake/barista_table_finder__rosidl_typesupport_cExport.cmake
[6.402s] -- Up-to-date: /home/user/ros2_ws/install/barista_table_finder/share/barista_table_finder/cmake/barista_table_finder__rosidl_typesupport_cExport-noconfig.cmake
[6.402s] -- Up-to-date: /home/user/ros2_ws/install/barista_table_finder/share/barista_table_finder/cmake/barista_table_finder__rosidl_typesupport_introspection_cppExport.cmake
[6.402s] -- Up-to-date: /home/user/ros2_ws/install/barista_table_finder/share/barista_table_finder/cmake/barista_table_finder__rosidl_typesupport_introspection_cppExport-noconfig.cmake
[6.402s] -- Up-to-date: /home/user/ros2_ws/install/barista_table_finder/share/barista_table_finder/cmake/barista_table_finder__rosidl_typesupport_cppExport.cmake
[6.402s] -- Up-to-date: /home/user/ros2_ws/install/barista_table_finder/share/barista_table_finder/cmake/barista_table_finder__rosidl_typesupport_cppExport-noconfig.cmake
[6.402s] -- Up-to-date: /home/user/ros2_ws/install/barista_table_finder/share/barista_table_finder/cmake/export_barista_table_finder__rosidl_generator_pyExport.cmake
[6.402s] -- Up-to-date: /home/user/ros2_ws/install/barista_table_finder/share/barista_table_finder/cmake/export_barista_table_finder__rosidl_generator_pyExport-noconfig.cmake
[6.402s] -- Up-to-date: /home/user/ros2_ws/install/barista_table_finder/share/barista_table_finder/cmake/rosidl_cmake-extras.cmake
[6.402s] -- Up-to-date: /home/user/ros2_ws/install/barista_table_finder/share/barista_table_finder/cmake/ament_cmake_export_dependencies-extras.cmake
[6.402s] -- Up-to-date: /home/user/ros2_ws/install/barista_table_finder/share/barista_table_finder/cmake/ament_cmake_export_include_directories-extras.cmake
[6.402s] -- Up-to-date: /home/user/ros2_ws/install/barista_table_finder/share/barista_table_finder/cmake/ament_cmake_export_libraries-extras.cmake
[6.403s] -- Up-to-date: /home/user/ros2_ws/install/barista_table_finder/share/barista_table_finder/cmake/ament_cmake_export_targets-extras.cmake
[6.403s] -- Up-to-date: /home/user/ros2_ws/install/barista_table_finder/share/barista_table_finder/cmake/rosidl_cmake_export_typesupport_targets-extras.cmake
[6.403s] -- Up-to-date: /home/user/ros2_ws/install/barista_table_finder/share/barista_table_finder/cmake/rosidl_cmake_export_typesupport_libraries-extras.cmake
[6.404s] -- Up-to-date: /home/user/ros2_ws/install/barista_table_finder/share/barista_table_finder/cmake/barista_table_finderConfig.cmake
[6.404s] -- Up-to-date: /home/user/ros2_ws/install/barista_table_finder/share/barista_table_finder/cmake/barista_table_finderConfig-version.cmake
[6.404s] -- Up-to-date: /home/user/ros2_ws/install/barista_table_finder/share/barista_table_finder/package.xml
[6.410s] Invoked command in '/home/user/ros2_ws/build/barista_table_finder' returned '0': CMAKE_PREFIX_PATH=${CMAKE_PREFIX_PATH}:/home/simulations/ros2_sims_ws/install/rclrs_tests:/home/simulations/ros2_sims_ws/install/examples_rclrs_minimal_client_service:/home/simulations/ros2_sims_ws/install/sensor_msgs_py:/home/simulations/ros2_sims_ws/install/examples_rclrs_minimal_pub_sub:/home/simulations/ros2_sims_ws/install/examples_rclrs_message_demo:/home/simulations/ros2_sims_ws/install/rclrs:/home/simulations/ros2_sims_ws/install/rosidl_runtime_rs:/home/user/ros2_ws/install/ros2test:/home/user/ros2_ws/install/robotiq_85_driver:/home/user/ros2_ws/install/path_planner_server:/home/user/ros2_ws/install/moveit_configs_utils:/home/user/ros2_ws/install/localization_server:/home/user/ros2_ws/install/cartographer_slam:/home/user/ros2_ws/install/aruco_detection_tests:/opt/ros/humble _=/usr/bin/env /usr/bin/cmake --install /home/user/ros2_ws/build/barista_table_finder
