/home/user/ros2_ws/install/cartographer_slam/lib/python3.10/site-packages/cartographer_slam/__init__.py
/home/user/ros2_ws/install/cartographer_slam/lib/python3.10/site-packages/cartographer_slam/__pycache__/__init__.cpython-310.pyc
/home/user/ros2_ws/install/cartographer_slam/share/ament_index/resource_index/packages/cartographer_slam
/home/user/ros2_ws/install/cartographer_slam/share/cartographer_slam/package.xml
/home/user/ros2_ws/install/cartographer_slam/share/cartographer_slam/launch/cartographer.launch.py
/home/user/ros2_ws/install/cartographer_slam/share/cartographer_slam/launch/cartographer_humble.launch.py
/home/user/ros2_ws/install/cartographer_slam/share/cartographer_slam/config/turtlebot_area.yaml
/home/user/ros2_ws/install/cartographer_slam/share/cartographer_slam/config/world.pgm
/home/user/ros2_ws/install/cartographer_slam/share/cartographer_slam/config/starbots_barista_real.yaml
/home/user/ros2_ws/install/cartographer_slam/share/cartographer_slam/config/starbots_barista_real.pgm
/home/user/ros2_ws/install/cartographer_slam/share/cartographer_slam/config/turtlebot_area.pgm
/home/user/ros2_ws/install/cartographer_slam/share/cartographer_slam/config/ramenshoppantry.pgm
/home/user/ros2_ws/install/cartographer_slam/share/cartographer_slam/config/ramenshop.pgm
/home/user/ros2_ws/install/cartographer_slam/share/cartographer_slam/config/ramenshoppantry.png
/home/user/ros2_ws/install/cartographer_slam/share/cartographer_slam/config/theconstruct_office_v2.yaml
/home/user/ros2_ws/install/cartographer_slam/share/cartographer_slam/config/starbots_with_kitchen.yaml
/home/user/ros2_ws/install/cartographer_slam/share/cartographer_slam/config/starbots_sim.yaml
/home/user/ros2_ws/install/cartographer_slam/share/cartographer_slam/config/theconstruct_office_v2.pgm
/home/user/ros2_ws/install/cartographer_slam/share/cartographer_slam/config/theconstruct_office.pgm
/home/user/ros2_ws/install/cartographer_slam/share/cartographer_slam/config/starbots_with_kitchen_edited.yaml
/home/user/ros2_ws/install/cartographer_slam/share/cartographer_slam/config/starbots_new_edited.pgm
/home/user/ros2_ws/install/cartographer_slam/share/cartographer_slam/config/ramenshoppantry.yaml
/home/user/ros2_ws/install/cartographer_slam/share/cartographer_slam/config/starbots_with_warehouse.pgm
/home/user/ros2_ws/install/cartographer_slam/share/cartographer_slam/config/starbots_complete_sim.pgm
/home/user/ros2_ws/install/cartographer_slam/share/cartographer_slam/config/starbots_complete_sim.yaml
/home/user/ros2_ws/install/cartographer_slam/share/cartographer_slam/config/turtleworld.pgm
/home/user/ros2_ws/install/cartographer_slam/share/cartographer_slam/config/turtleworld.yaml
/home/user/ros2_ws/install/cartographer_slam/share/cartographer_slam/config/starbots_with_kitchen.pgm
/home/user/ros2_ws/install/cartographer_slam/share/cartographer_slam/config/starbots_sim.pgm
/home/user/ros2_ws/install/cartographer_slam/share/cartographer_slam/config/ramenshop.yaml
/home/user/ros2_ws/install/cartographer_slam/share/cartographer_slam/config/starbots.yaml
/home/user/ros2_ws/install/cartographer_slam/share/cartographer_slam/config/ramenshop.png
/home/user/ros2_ws/install/cartographer_slam/share/cartographer_slam/config/starbots_with_warehouse.yaml
/home/user/ros2_ws/install/cartographer_slam/share/cartographer_slam/config/theconstruct_office.yaml
/home/user/ros2_ws/install/cartographer_slam/share/cartographer_slam/config/starbots.pgm
/home/user/ros2_ws/install/cartographer_slam/share/cartographer_slam/config/starbots_with_warehouse_edited.yaml
/home/user/ros2_ws/install/cartographer_slam/share/cartographer_slam/config/starbots_with_kitchen_edited.pgm
/home/user/ros2_ws/install/cartographer_slam/share/cartographer_slam/config/starbots_new_edited.yaml
/home/user/ros2_ws/install/cartographer_slam/share/cartographer_slam/config/cartographer.lua
/home/user/ros2_ws/install/cartographer_slam/share/cartographer_slam/config/world.yaml
/home/user/ros2_ws/install/cartographer_slam/share/cartographer_slam/config/starbots_with_warehouse_edited.pgm
/home/user/ros2_ws/install/cartographer_slam/lib/python3.10/site-packages/cartographer_slam-0.0.0-py3.10.egg-info/PKG-INFO
/home/user/ros2_ws/install/cartographer_slam/lib/python3.10/site-packages/cartographer_slam-0.0.0-py3.10.egg-info/zip-safe
/home/user/ros2_ws/install/cartographer_slam/lib/python3.10/site-packages/cartographer_slam-0.0.0-py3.10.egg-info/top_level.txt
/home/user/ros2_ws/install/cartographer_slam/lib/python3.10/site-packages/cartographer_slam-0.0.0-py3.10.egg-info/requires.txt
/home/user/ros2_ws/install/cartographer_slam/lib/python3.10/site-packages/cartographer_slam-0.0.0-py3.10.egg-info/entry_points.txt
/home/user/ros2_ws/install/cartographer_slam/lib/python3.10/site-packages/cartographer_slam-0.0.0-py3.10.egg-info/SOURCES.txt
/home/user/ros2_ws/install/cartographer_slam/lib/python3.10/site-packages/cartographer_slam-0.0.0-py3.10.egg-info/dependency_links.txt
