[1.471s] Invoking command in '/home/user/ros2_ws/src/universal_robot_ros2/barista_ros2/barista_navigation/cartographer_slam': PYTHONPATH=/home/user/ros2_ws/build/cartographer_slam/prefix_override:/home/user/ros2_ws/install/cartographer_slam/lib/python3.10/site-packages:${PYTHONPATH} _=/usr/bin/env /usr/bin/python3 setup.py egg_info --egg-base ../../../../../build/cartographer_slam build --build-base /home/user/ros2_ws/build/cartographer_slam/build install --record /home/user/ros2_ws/build/cartographer_slam/install.log --single-version-externally-managed
[1.958s] running egg_info
[1.959s] writing ../../../../../build/cartographer_slam/cartographer_slam.egg-info/PKG-INFO
[1.959s] writing dependency_links to ../../../../../build/cartographer_slam/cartographer_slam.egg-info/dependency_links.txt
[1.959s] writing entry points to ../../../../../build/cartographer_slam/cartographer_slam.egg-info/entry_points.txt
[1.959s] writing requirements to ../../../../../build/cartographer_slam/cartographer_slam.egg-info/requires.txt
[1.960s] writing top-level names to ../../../../../build/cartographer_slam/cartographer_slam.egg-info/top_level.txt
[1.963s] reading manifest file '../../../../../build/cartographer_slam/cartographer_slam.egg-info/SOURCES.txt'
[1.965s] writing manifest file '../../../../../build/cartographer_slam/cartographer_slam.egg-info/SOURCES.txt'
[1.965s] running build
[1.966s] running build_py
[1.966s] running install
[1.966s] /usr/lib/python3/dist-packages/setuptools/command/install.py:34: SetuptoolsDeprecationWarning: setup.py install is deprecated. Use build and pip and other standards-based tools.
[1.966s]   warnings.warn(
[1.967s] running install_lib
[1.969s] running install_data
[1.971s] running install_egg_info
[1.973s] removing '/home/user/ros2_ws/install/cartographer_slam/lib/python3.10/site-packages/cartographer_slam-0.0.0-py3.10.egg-info' (and everything under it)
[1.974s] Copying ../../../../../build/cartographer_slam/cartographer_slam.egg-info to /home/user/ros2_ws/install/cartographer_slam/lib/python3.10/site-packages/cartographer_slam-0.0.0-py3.10.egg-info
[1.975s] running install_scripts
[2.012s] writing list of installed files to '/home/user/ros2_ws/build/cartographer_slam/install.log'
[2.170s] Invoked command in '/home/user/ros2_ws/src/universal_robot_ros2/barista_ros2/barista_navigation/cartographer_slam' returned '0': PYTHONPATH=/home/user/ros2_ws/build/cartographer_slam/prefix_override:/home/user/ros2_ws/install/cartographer_slam/lib/python3.10/site-packages:${PYTHONPATH} _=/usr/bin/env /usr/bin/python3 setup.py egg_info --egg-base ../../../../../build/cartographer_slam build --build-base /home/user/ros2_ws/build/cartographer_slam/build install --record /home/user/ros2_ws/build/cartographer_slam/install.log --single-version-externally-managed
