[0.175s] Invoking command in '/home/user/ros2_ws/build/gazebo_version_helpers': CMAKE_PREFIX_PATH=${CMAKE_PREFIX_PATH}:/home/simulations/ros2_sims_ws/install/rclrs_tests:/home/simulations/ros2_sims_ws/install/examples_rclrs_minimal_client_service:/home/simulations/ros2_sims_ws/install/sensor_msgs_py:/home/simulations/ros2_sims_ws/install/examples_rclrs_minimal_pub_sub:/home/simulations/ros2_sims_ws/install/examples_rclrs_message_demo:/home/simulations/ros2_sims_ws/install/rclrs:/home/simulations/ros2_sims_ws/install/rosidl_runtime_rs:/home/user/ros2_ws/install/ros2test:/home/user/ros2_ws/install/robotiq_85_driver:/home/user/ros2_ws/install/path_planner_server:/home/user/ros2_ws/install/moveit_configs_utils:/home/user/ros2_ws/install/localization_server:/home/user/ros2_ws/install/cartographer_slam:/home/user/ros2_ws/install/aruco_detection_tests:/opt/ros/humble _=/usr/bin/env /usr/bin/cmake --build /home/user/ros2_ws/build/gazebo_version_helpers -- -j8 -l8
[5.246s] [100%] Built target gazebo_version_helpers
[5.291s] Invoked command in '/home/user/ros2_ws/build/gazebo_version_helpers' returned '0': CMAKE_PREFIX_PATH=${CMAKE_PREFIX_PATH}:/home/simulations/ros2_sims_ws/install/rclrs_tests:/home/simulations/ros2_sims_ws/install/examples_rclrs_minimal_client_service:/home/simulations/ros2_sims_ws/install/sensor_msgs_py:/home/simulations/ros2_sims_ws/install/examples_rclrs_minimal_pub_sub:/home/simulations/ros2_sims_ws/install/examples_rclrs_message_demo:/home/simulations/ros2_sims_ws/install/rclrs:/home/simulations/ros2_sims_ws/install/rosidl_runtime_rs:/home/user/ros2_ws/install/ros2test:/home/user/ros2_ws/install/robotiq_85_driver:/home/user/ros2_ws/install/path_planner_server:/home/user/ros2_ws/install/moveit_configs_utils:/home/user/ros2_ws/install/localization_server:/home/user/ros2_ws/install/cartographer_slam:/home/user/ros2_ws/install/aruco_detection_tests:/opt/ros/humble _=/usr/bin/env /usr/bin/cmake --build /home/user/ros2_ws/build/gazebo_version_helpers -- -j8 -l8
[5.782s] Invoking command in '/home/user/ros2_ws/build/gazebo_version_helpers': CMAKE_PREFIX_PATH=${CMAKE_PREFIX_PATH}:/home/simulations/ros2_sims_ws/install/rclrs_tests:/home/simulations/ros2_sims_ws/install/examples_rclrs_minimal_client_service:/home/simulations/ros2_sims_ws/install/sensor_msgs_py:/home/simulations/ros2_sims_ws/install/examples_rclrs_minimal_pub_sub:/home/simulations/ros2_sims_ws/install/examples_rclrs_message_demo:/home/simulations/ros2_sims_ws/install/rclrs:/home/simulations/ros2_sims_ws/install/rosidl_runtime_rs:/home/user/ros2_ws/install/ros2test:/home/user/ros2_ws/install/robotiq_85_driver:/home/user/ros2_ws/install/path_planner_server:/home/user/ros2_ws/install/moveit_configs_utils:/home/user/ros2_ws/install/localization_server:/home/user/ros2_ws/install/cartographer_slam:/home/user/ros2_ws/install/aruco_detection_tests:/opt/ros/humble _=/usr/bin/env /usr/bin/cmake --install /home/user/ros2_ws/build/gazebo_version_helpers
[5.842s] -- Install configuration: ""
[5.842s] -- Up-to-date: /home/user/ros2_ws/install/gazebo_version_helpers/lib/libgazebo_version_helpers.so
[5.842s] -- Up-to-date: /home/user/ros2_ws/install/gazebo_version_helpers/include
[5.843s] -- Up-to-date: /home/user/ros2_ws/install/gazebo_version_helpers/include/gazebo_version_helpers
[5.843s] -- Up-to-date: /home/user/ros2_ws/install/gazebo_version_helpers/include/gazebo_version_helpers/GazeboVersionHelpers.h
[5.846s] -- Up-to-date: /home/user/ros2_ws/install/gazebo_version_helpers/share/gazebo_version_helpers/environment/library_path.sh
[5.846s] -- Up-to-date: /home/user/ros2_ws/install/gazebo_version_helpers/share/gazebo_version_helpers/environment/library_path.dsv
[5.847s] -- Up-to-date: /home/user/ros2_ws/install/gazebo_version_helpers/share/ament_index/resource_index/package_run_dependencies/gazebo_version_helpers
[5.847s] -- Up-to-date: /home/user/ros2_ws/install/gazebo_version_helpers/share/ament_index/resource_index/parent_prefix_path/gazebo_version_helpers
[5.847s] -- Up-to-date: /home/user/ros2_ws/install/gazebo_version_helpers/share/gazebo_version_helpers/environment/ament_prefix_path.sh
[5.847s] -- Up-to-date: /home/user/ros2_ws/install/gazebo_version_helpers/share/gazebo_version_helpers/environment/ament_prefix_path.dsv
[5.847s] -- Up-to-date: /home/user/ros2_ws/install/gazebo_version_helpers/share/gazebo_version_helpers/environment/path.sh
[5.848s] -- Up-to-date: /home/user/ros2_ws/install/gazebo_version_helpers/share/gazebo_version_helpers/environment/path.dsv
[5.848s] -- Up-to-date: /home/user/ros2_ws/install/gazebo_version_helpers/share/gazebo_version_helpers/local_setup.bash
[5.848s] -- Up-to-date: /home/user/ros2_ws/install/gazebo_version_helpers/share/gazebo_version_helpers/local_setup.sh
[5.848s] -- Up-to-date: /home/user/ros2_ws/install/gazebo_version_helpers/share/gazebo_version_helpers/local_setup.zsh
[5.849s] -- Up-to-date: /home/user/ros2_ws/install/gazebo_version_helpers/share/gazebo_version_helpers/local_setup.dsv
[5.849s] -- Installing: /home/user/ros2_ws/install/gazebo_version_helpers/share/gazebo_version_helpers/package.dsv
[5.849s] -- Up-to-date: /home/user/ros2_ws/install/gazebo_version_helpers/share/ament_index/resource_index/packages/gazebo_version_helpers
[5.849s] -- Up-to-date: /home/user/ros2_ws/install/gazebo_version_helpers/share/gazebo_version_helpers/cmake/ament_cmake_export_include_directories-extras.cmake
[5.849s] -- Up-to-date: /home/user/ros2_ws/install/gazebo_version_helpers/share/gazebo_version_helpers/cmake/ament_cmake_export_libraries-extras.cmake
[5.850s] -- Up-to-date: /home/user/ros2_ws/install/gazebo_version_helpers/share/gazebo_version_helpers/cmake/ament_cmake_export_dependencies-extras.cmake
[5.850s] -- Up-to-date: /home/user/ros2_ws/install/gazebo_version_helpers/share/gazebo_version_helpers/cmake/gazebo_version_helpersConfig.cmake
[5.850s] -- Up-to-date: /home/user/ros2_ws/install/gazebo_version_helpers/share/gazebo_version_helpers/cmake/gazebo_version_helpersConfig-version.cmake
[5.850s] -- Up-to-date: /home/user/ros2_ws/install/gazebo_version_helpers/share/gazebo_version_helpers/package.xml
[5.870s] Invoked command in '/home/user/ros2_ws/build/gazebo_version_helpers' returned '0': CMAKE_PREFIX_PATH=${CMAKE_PREFIX_PATH}:/home/simulations/ros2_sims_ws/install/rclrs_tests:/home/simulations/ros2_sims_ws/install/examples_rclrs_minimal_client_service:/home/simulations/ros2_sims_ws/install/sensor_msgs_py:/home/simulations/ros2_sims_ws/install/examples_rclrs_minimal_pub_sub:/home/simulations/ros2_sims_ws/install/examples_rclrs_message_demo:/home/simulations/ros2_sims_ws/install/rclrs:/home/simulations/ros2_sims_ws/install/rosidl_runtime_rs:/home/user/ros2_ws/install/ros2test:/home/user/ros2_ws/install/robotiq_85_driver:/home/user/ros2_ws/install/path_planner_server:/home/user/ros2_ws/install/moveit_configs_utils:/home/user/ros2_ws/install/localization_server:/home/user/ros2_ws/install/cartographer_slam:/home/user/ros2_ws/install/aruco_detection_tests:/opt/ros/humble _=/usr/bin/env /usr/bin/cmake --install /home/user/ros2_ws/build/gazebo_version_helpers
