-- Install configuration: ""
-- Up-to-date: /home/user/ros2_ws/install/barista_gazebo/share/barista_gazebo/launch
-- Up-to-date: /home/user/ros2_ws/install/barista_gazebo/share/barista_gazebo/launch/start_multiple_sim_battery.launch.xml
-- Up-to-date: /home/user/ros2_ws/install/barista_gazebo/share/barista_gazebo/launch/turtleE_1.launch.py
-- Up-to-date: /home/user/ros2_ws/install/barista_gazebo/share/barista_gazebo/launch/main_one_robots_with_tables.launch.xml
-- Up-to-date: /home/user/ros2_ws/install/barista_gazebo/share/barista_gazebo/launch/barista_1_ramenshop_pantry.launch.py
-- Up-to-date: /home/user/ros2_ws/install/barista_gazebo/share/barista_gazebo/launch/one_barista_bat_system.launch.xml
-- Up-to-date: /home/user/ros2_ws/install/barista_gazebo/share/barista_gazebo/launch/unit8_pandaarm.launch.xml
-- Up-to-date: /home/user/ros2_ws/install/barista_gazebo/share/barista_gazebo/launch/start_multiple_sim_battery_three.launch.xml
-- Up-to-date: /home/user/ros2_ws/install/barista_gazebo/share/barista_gazebo/launch/main_two_robots_turtleworld.launch.xml
-- Up-to-date: /home/user/ros2_ws/install/barista_gazebo/share/barista_gazebo/launch/barista_1_ramenshop.launch.py
-- Up-to-date: /home/user/ros2_ws/install/barista_gazebo/share/barista_gazebo/launch/mule_1.launch.py
-- Up-to-date: /home/user/ros2_ws/install/barista_gazebo/share/barista_gazebo/launch/multi_barista.launch.py
-- Up-to-date: /home/user/ros2_ws/install/barista_gazebo/share/barista_gazebo/launch/start_world_turtleworld.launch.py
-- Up-to-date: /home/user/ros2_ws/install/barista_gazebo/share/barista_gazebo/launch/start_barista_1_stuff.launch.xml
-- Up-to-date: /home/user/ros2_ws/install/barista_gazebo/share/barista_gazebo/launch/start_rviz_basic_systems_main.launch.xml
-- Up-to-date: /home/user/ros2_ws/install/barista_gazebo/share/barista_gazebo/launch/start_turtleworld.launch.py
-- Up-to-date: /home/user/ros2_ws/install/barista_gazebo/share/barista_gazebo/launch/start_sim_battery.launch_copy.xml
-- Up-to-date: /home/user/ros2_ws/install/barista_gazebo/share/barista_gazebo/launch/barista_1_turtleworld.launch.py
-- Up-to-date: /home/user/ros2_ws/install/barista_gazebo/share/barista_gazebo/launch/start_world_turtleworld_empty.launch.py
-- Up-to-date: /home/user/ros2_ws/install/barista_gazebo/share/barista_gazebo/launch/main_two_robots.launch.xml
-- Up-to-date: /home/user/ros2_ws/install/barista_gazebo/share/barista_gazebo/launch/barista_1.launch.py
-- Up-to-date: /home/user/ros2_ws/install/barista_gazebo/share/barista_gazebo/launch/barista_2_turtleworld.launch.py
-- Up-to-date: /home/user/ros2_ws/install/barista_gazebo/share/barista_gazebo/launch/start_world_standalone.launch.py
-- Up-to-date: /home/user/ros2_ws/install/barista_gazebo/share/barista_gazebo/launch/start_sim_battery.launch.xml
-- Up-to-date: /home/user/ros2_ws/install/barista_gazebo/share/barista_gazebo/launch/start_turtleworld_empty.launch.py
-- Up-to-date: /home/user/ros2_ws/install/barista_gazebo/share/barista_gazebo/launch/barista_1_slotcar.launch.py
-- Up-to-date: /home/user/ros2_ws/install/barista_gazebo/share/barista_gazebo/launch/start_free_fleet_barista_1.launch.xml
-- Up-to-date: /home/user/ros2_ws/install/barista_gazebo/share/barista_gazebo/launch/start_world_panda_arm.launch.py
-- Up-to-date: /home/user/ros2_ws/install/barista_gazebo/share/barista_gazebo/launch/start_ramenshop_world.launch.py
-- Up-to-date: /home/user/ros2_ws/install/barista_gazebo/share/barista_gazebo/launch/barista_2.launch.py
-- Up-to-date: /home/user/ros2_ws/install/barista_gazebo/share/barista_gazebo/launch/start_ff_client_barista.launch.xml
-- Up-to-date: /home/user/ros2_ws/install/barista_gazebo/share/barista_gazebo/launch/start_sim_battery_barista_1.launch.xml
-- Up-to-date: /home/user/ros2_ws/install/barista_gazebo/share/barista_gazebo/launch/start_rviz_basic_systems.launch.py
-- Up-to-date: /home/user/ros2_ws/install/barista_gazebo/share/barista_gazebo/launch/ff_server_barista_fleet.launch.xml
-- Up-to-date: /home/user/ros2_ws/install/barista_gazebo/share/barista_gazebo/launch/multi_barista.launch.xml
-- Up-to-date: /home/user/ros2_ws/install/barista_gazebo/share/barista_gazebo/launch/start_multiple_ff_clients.launch.xml
-- Up-to-date: /home/user/ros2_ws/install/barista_gazebo/share/barista_gazebo/launch/barista_2_slotcar.launch.py
-- Up-to-date: /home/user/ros2_ws/install/barista_gazebo/share/barista_gazebo/launch/mule_1_turtleworld.launch.py
-- Up-to-date: /home/user/ros2_ws/install/barista_gazebo/share/barista_gazebo/launch/main_three_robots.launch.xml
-- Up-to-date: /home/user/ros2_ws/install/barista_gazebo/share/barista_gazebo/launch/start_world_tables.launch.py
-- Up-to-date: /home/user/ros2_ws/install/barista_gazebo/share/barista_gazebo/launch/start_one_sim_dummy_battery.launch.xml
-- Up-to-date: /home/user/ros2_ws/install/barista_gazebo/share/barista_gazebo/launch/main_one_robots.launch.xml
-- Up-to-date: /home/user/ros2_ws/install/barista_gazebo/share/barista_gazebo/launch/main_three_robots_turtleworld.launch.xml
-- Up-to-date: /home/user/ros2_ws/install/barista_gazebo/share/barista_gazebo/launch/start_free_flee.launch.xml
-- Up-to-date: /home/user/ros2_ws/install/barista_gazebo/share/barista_gazebo/launch/start_tables.launch.py
-- Up-to-date: /home/user/ros2_ws/install/barista_gazebo/share/barista_gazebo/launch/start_world.launch.py
-- Up-to-date: /home/user/ros2_ws/install/barista_gazebo/share/barista_gazebo/worlds
-- Up-to-date: /home/user/ros2_ws/install/barista_gazebo/share/barista_gazebo/worlds/tc_human_win.dae
-- Up-to-date: /home/user/ros2_ws/install/barista_gazebo/share/barista_gazebo/worlds/turtlebot3_world_empty.world
-- Up-to-date: /home/user/ros2_ws/install/barista_gazebo/share/barista_gazebo/worlds/panda_arm_animated_ingestor.world
-- Up-to-date: /home/user/ros2_ws/install/barista_gazebo/share/barista_gazebo/worlds/tc_coffeeshop.world
-- Up-to-date: /home/user/ros2_ws/install/barista_gazebo/share/barista_gazebo/worlds/tc_human_talk.dae
-- Up-to-date: /home/user/ros2_ws/install/barista_gazebo/share/barista_gazebo/worlds/turtlebot3_world.world
-- Up-to-date: /home/user/ros2_ws/install/barista_gazebo/share/barista_gazebo/worlds/yellow_texture.png
-- Up-to-date: /home/user/ros2_ws/install/barista_gazebo/share/barista_gazebo/worlds/tc_human_talk_yellow.dae
-- Up-to-date: /home/user/ros2_ws/install/barista_gazebo/share/barista_gazebo/worlds/pink_texture.png
-- Up-to-date: /home/user/ros2_ws/install/barista_gazebo/share/barista_gazebo/scripts
-- Up-to-date: /home/user/ros2_ws/install/barista_gazebo/share/barista_gazebo/scripts/battery_state_sim_barista_v2.py
-- Up-to-date: /home/user/ros2_ws/install/barista_gazebo/share/barista_gazebo/rviz
-- Up-to-date: /home/user/ros2_ws/install/barista_gazebo/share/barista_gazebo/rviz/basic_systems.rviz
-- Up-to-date: /home/user/ros2_ws/install/barista_gazebo/share/barista_gazebo/rviz/barista_1.rviz
-- Up-to-date: /home/user/ros2_ws/install/barista_gazebo/lib/barista_gazebo/battery_state_sim_barista_v2.py
-- Up-to-date: /home/user/ros2_ws/install/barista_gazebo/share/ament_index/resource_index/package_run_dependencies/barista_gazebo
-- Up-to-date: /home/user/ros2_ws/install/barista_gazebo/share/ament_index/resource_index/parent_prefix_path/barista_gazebo
-- Up-to-date: /home/user/ros2_ws/install/barista_gazebo/share/barista_gazebo/environment/ament_prefix_path.sh
-- Up-to-date: /home/user/ros2_ws/install/barista_gazebo/share/barista_gazebo/environment/ament_prefix_path.dsv
-- Up-to-date: /home/user/ros2_ws/install/barista_gazebo/share/barista_gazebo/environment/path.sh
-- Up-to-date: /home/user/ros2_ws/install/barista_gazebo/share/barista_gazebo/environment/path.dsv
-- Up-to-date: /home/user/ros2_ws/install/barista_gazebo/share/barista_gazebo/local_setup.bash
-- Up-to-date: /home/user/ros2_ws/install/barista_gazebo/share/barista_gazebo/local_setup.sh
-- Up-to-date: /home/user/ros2_ws/install/barista_gazebo/share/barista_gazebo/local_setup.zsh
-- Up-to-date: /home/user/ros2_ws/install/barista_gazebo/share/barista_gazebo/local_setup.dsv
-- Installing: /home/user/ros2_ws/install/barista_gazebo/share/barista_gazebo/package.dsv
-- Up-to-date: /home/user/ros2_ws/install/barista_gazebo/share/ament_index/resource_index/packages/barista_gazebo
-- Up-to-date: /home/user/ros2_ws/install/barista_gazebo/share/barista_gazebo/cmake/barista_gazeboConfig.cmake
-- Up-to-date: /home/user/ros2_ws/install/barista_gazebo/share/barista_gazebo/cmake/barista_gazeboConfig-version.cmake
-- Up-to-date: /home/user/ros2_ws/install/barista_gazebo/share/barista_gazebo/package.xml
