[0.082s] Invoking command in '/home/user/ros2_ws/build/barista_extra_models': CMAKE_PREFIX_PATH=${CMAKE_PREFIX_PATH}:/home/user/ros2_ws/install/aruco_detection_tests:/home/simulations/ros2_sims_ws/install/rclrs_tests:/home/simulations/ros2_sims_ws/install/examples_rclrs_minimal_client_service:/home/simulations/ros2_sims_ws/install/sensor_msgs_py:/home/simulations/ros2_sims_ws/install/examples_rclrs_minimal_pub_sub:/home/simulations/ros2_sims_ws/install/examples_rclrs_message_demo:/home/simulations/ros2_sims_ws/install/rclrs:/home/simulations/ros2_sims_ws/install/rosidl_runtime_rs:/home/user/ros2_ws/install/ros2test:/home/user/ros2_ws/install/robotiq_85_driver:/home/user/ros2_ws/install/path_planner_server:/home/user/ros2_ws/install/moveit_configs_utils:/home/user/ros2_ws/install/localization_server:/home/user/ros2_ws/install/cartographer_slam:/opt/ros/humble _=/usr/bin/env /usr/bin/cmake --build /home/user/ros2_ws/build/barista_extra_models -- -j8 -l8
[0.302s] Invoked command in '/home/user/ros2_ws/build/barista_extra_models' returned '0': CMAKE_PREFIX_PATH=${CMAKE_PREFIX_PATH}:/home/user/ros2_ws/install/aruco_detection_tests:/home/simulations/ros2_sims_ws/install/rclrs_tests:/home/simulations/ros2_sims_ws/install/examples_rclrs_minimal_client_service:/home/simulations/ros2_sims_ws/install/sensor_msgs_py:/home/simulations/ros2_sims_ws/install/examples_rclrs_minimal_pub_sub:/home/simulations/ros2_sims_ws/install/examples_rclrs_message_demo:/home/simulations/ros2_sims_ws/install/rclrs:/home/simulations/ros2_sims_ws/install/rosidl_runtime_rs:/home/user/ros2_ws/install/ros2test:/home/user/ros2_ws/install/robotiq_85_driver:/home/user/ros2_ws/install/path_planner_server:/home/user/ros2_ws/install/moveit_configs_utils:/home/user/ros2_ws/install/localization_server:/home/user/ros2_ws/install/cartographer_slam:/opt/ros/humble _=/usr/bin/env /usr/bin/cmake --build /home/user/ros2_ws/build/barista_extra_models -- -j8 -l8
[0.683s] Invoking command in '/home/user/ros2_ws/build/barista_extra_models': CMAKE_PREFIX_PATH=${CMAKE_PREFIX_PATH}:/home/user/ros2_ws/install/aruco_detection_tests:/home/simulations/ros2_sims_ws/install/rclrs_tests:/home/simulations/ros2_sims_ws/install/examples_rclrs_minimal_client_service:/home/simulations/ros2_sims_ws/install/sensor_msgs_py:/home/simulations/ros2_sims_ws/install/examples_rclrs_minimal_pub_sub:/home/simulations/ros2_sims_ws/install/examples_rclrs_message_demo:/home/simulations/ros2_sims_ws/install/rclrs:/home/simulations/ros2_sims_ws/install/rosidl_runtime_rs:/home/user/ros2_ws/install/ros2test:/home/user/ros2_ws/install/robotiq_85_driver:/home/user/ros2_ws/install/path_planner_server:/home/user/ros2_ws/install/moveit_configs_utils:/home/user/ros2_ws/install/localization_server:/home/user/ros2_ws/install/cartographer_slam:/opt/ros/humble _=/usr/bin/env /usr/bin/cmake --install /home/user/ros2_ws/build/barista_extra_models
[0.708s] -- Install configuration: ""
[0.708s] -- Up-to-date: /home/user/ros2_ws/install/barista_extra_models/share/barista_extra_models/models
[0.708s] -- Up-to-date: /home/user/ros2_ws/install/barista_extra_models/share/barista_extra_models/models/stool
[0.708s] -- Up-to-date: /home/user/ros2_ws/install/barista_extra_models/share/barista_extra_models/models/stool/model.sdf
[0.708s] -- Up-to-date: /home/user/ros2_ws/install/barista_extra_models/share/barista_extra_models/models/stool/meshes
[0.708s] -- Up-to-date: /home/user/ros2_ws/install/barista_extra_models/share/barista_extra_models/models/stool/meshes/Material_93_baseColor.png
[0.708s] -- Up-to-date: /home/user/ros2_ws/install/barista_extra_models/share/barista_extra_models/models/stool/meshes/stool_v3.dae
[0.708s] -- Up-to-date: /home/user/ros2_ws/install/barista_extra_models/share/barista_extra_models/models/stool/model.config
[0.709s] -- Up-to-date: /home/user/ros2_ws/install/barista_extra_models/share/barista_extra_models/models/worktop
[0.709s] -- Up-to-date: /home/user/ros2_ws/install/barista_extra_models/share/barista_extra_models/models/worktop/model.sdf
[0.709s] -- Up-to-date: /home/user/ros2_ws/install/barista_extra_models/share/barista_extra_models/models/worktop/meshes
[0.709s] -- Up-to-date: /home/user/ros2_ws/install/barista_extra_models/share/barista_extra_models/models/worktop/meshes/worktop.dae
[0.709s] -- Up-to-date: /home/user/ros2_ws/install/barista_extra_models/share/barista_extra_models/models/worktop/meshes/encimera_negra
[0.709s] -- Up-to-date: /home/user/ros2_ws/install/barista_extra_models/share/barista_extra_models/models/worktop/meshes/encimera_negra/__auto_3.jpg
[0.709s] -- Up-to-date: /home/user/ros2_ws/install/barista_extra_models/share/barista_extra_models/models/worktop/model.config
[0.709s] -- Up-to-date: /home/user/ros2_ws/install/barista_extra_models/share/barista_extra_models/models/human_worker
[0.709s] -- Up-to-date: /home/user/ros2_ws/install/barista_extra_models/share/barista_extra_models/models/human_worker/model.sdf
[0.709s] -- Up-to-date: /home/user/ros2_ws/install/barista_extra_models/share/barista_extra_models/models/human_worker/meshes
[0.709s] -- Up-to-date: /home/user/ros2_ws/install/barista_extra_models/share/barista_extra_models/models/human_worker/meshes/constructionworker.dae
[0.710s] -- Up-to-date: /home/user/ros2_ws/install/barista_extra_models/share/barista_extra_models/models/human_worker/meshes/blue_deep.png
[0.710s] -- Up-to-date: /home/user/ros2_ws/install/barista_extra_models/share/barista_extra_models/models/human_worker/meshes/pink.png
[0.710s] -- Up-to-date: /home/user/ros2_ws/install/barista_extra_models/share/barista_extra_models/models/human_worker/meshes/orange.png
[0.710s] -- Up-to-date: /home/user/ros2_ws/install/barista_extra_models/share/barista_extra_models/models/human_worker/meshes/blue_dark.png
[0.710s] -- Up-to-date: /home/user/ros2_ws/install/barista_extra_models/share/barista_extra_models/models/human_worker/model.config
[0.710s] -- Up-to-date: /home/user/ros2_ws/install/barista_extra_models/share/barista_extra_models/models/countertop_2
[0.710s] -- Up-to-date: /home/user/ros2_ws/install/barista_extra_models/share/barista_extra_models/models/countertop_2/materials
[0.710s] -- Up-to-date: /home/user/ros2_ws/install/barista_extra_models/share/barista_extra_models/models/countertop_2/materials/scripts
[0.710s] -- Up-to-date: /home/user/ros2_ws/install/barista_extra_models/share/barista_extra_models/models/countertop_2/materials/scripts/countertop_2.material
[0.710s] -- Up-to-date: /home/user/ros2_ws/install/barista_extra_models/share/barista_extra_models/models/countertop_2/materials/textures
[0.710s] -- Up-to-date: /home/user/ros2_ws/install/barista_extra_models/share/barista_extra_models/models/countertop_2/materials/textures/starbots_coffee_logo.png
[0.710s] -- Up-to-date: /home/user/ros2_ws/install/barista_extra_models/share/barista_extra_models/models/countertop_2/model.sdf
[0.711s] -- Up-to-date: /home/user/ros2_ws/install/barista_extra_models/share/barista_extra_models/models/countertop_2/model.config
[0.711s] -- Up-to-date: /home/user/ros2_ws/install/barista_extra_models/share/barista_extra_models/models/cafe_table
[0.711s] -- Up-to-date: /home/user/ros2_ws/install/barista_extra_models/share/barista_extra_models/models/cafe_table/materials
[0.711s] -- Up-to-date: /home/user/ros2_ws/install/barista_extra_models/share/barista_extra_models/models/cafe_table/materials/textures
[0.711s] -- Up-to-date: /home/user/ros2_ws/install/barista_extra_models/share/barista_extra_models/models/cafe_table/materials/textures/Wood_Floor_Dark.jpg
[0.711s] -- Up-to-date: /home/user/ros2_ws/install/barista_extra_models/share/barista_extra_models/models/cafe_table/materials/textures/Maple.jpg
[0.711s] -- Up-to-date: /home/user/ros2_ws/install/barista_extra_models/share/barista_extra_models/models/cafe_table/model.sdf
[0.711s] -- Up-to-date: /home/user/ros2_ws/install/barista_extra_models/share/barista_extra_models/models/cafe_table/meshes
[0.711s] -- Up-to-date: /home/user/ros2_ws/install/barista_extra_models/share/barista_extra_models/models/cafe_table/meshes/cafe_table.dae
[0.711s] -- Up-to-date: /home/user/ros2_ws/install/barista_extra_models/share/barista_extra_models/models/cafe_table/model-1_4.sdf
[0.711s] -- Up-to-date: /home/user/ros2_ws/install/barista_extra_models/share/barista_extra_models/models/cafe_table/model.config
[0.712s] -- Up-to-date: /home/user/ros2_ws/install/barista_extra_models/share/barista_extra_models/models/table_ingestor
[0.712s] -- Up-to-date: /home/user/ros2_ws/install/barista_extra_models/share/barista_extra_models/models/table_ingestor/model.sdf
[0.712s] -- Up-to-date: /home/user/ros2_ws/install/barista_extra_models/share/barista_extra_models/models/table_ingestor/meshes
[0.712s] -- Up-to-date: /home/user/ros2_ws/install/barista_extra_models/share/barista_extra_models/models/table_ingestor/meshes/voxeltable_nolegs.dae
[0.712s] -- Up-to-date: /home/user/ros2_ws/install/barista_extra_models/share/barista_extra_models/models/table_ingestor/meshes/voxeltable.dae
[0.712s] -- Up-to-date: /home/user/ros2_ws/install/barista_extra_models/share/barista_extra_models/models/table_ingestor/model.config
[0.712s] -- Up-to-date: /home/user/ros2_ws/install/barista_extra_models/share/barista_extra_models/models/charging_station_v2
[0.712s] -- Up-to-date: /home/user/ros2_ws/install/barista_extra_models/share/barista_extra_models/models/charging_station_v2/model.sdf
[0.712s] -- Up-to-date: /home/user/ros2_ws/install/barista_extra_models/share/barista_extra_models/models/charging_station_v2/meshes
[0.712s] -- Up-to-date: /home/user/ros2_ws/install/barista_extra_models/share/barista_extra_models/models/charging_station_v2/meshes/charging_station_col_v2.stl
[0.712s] -- Up-to-date: /home/user/ros2_ws/install/barista_extra_models/share/barista_extra_models/models/charging_station_v2/meshes/charging_station_visual_v2.dae
[0.713s] -- Up-to-date: /home/user/ros2_ws/install/barista_extra_models/share/barista_extra_models/models/charging_station_v2/blender
[0.713s] -- Up-to-date: /home/user/ros2_ws/install/barista_extra_models/share/barista_extra_models/models/charging_station_v2/blender/charging_station.blend
[0.713s] -- Up-to-date: /home/user/ros2_ws/install/barista_extra_models/share/barista_extra_models/models/charging_station_v2/blender/charging_station.blend1
[0.713s] -- Up-to-date: /home/user/ros2_ws/install/barista_extra_models/share/barista_extra_models/models/charging_station_v2/model.config
[0.713s] -- Up-to-date: /home/user/ros2_ws/install/barista_extra_models/share/barista_extra_models/models/customer
[0.713s] -- Up-to-date: /home/user/ros2_ws/install/barista_extra_models/share/barista_extra_models/models/customer/model.sdf
[0.713s] -- Up-to-date: /home/user/ros2_ws/install/barista_extra_models/share/barista_extra_models/models/customer/meshes
[0.713s] -- Up-to-date: /home/user/ros2_ws/install/barista_extra_models/share/barista_extra_models/models/customer/meshes/customer.dae
[0.713s] -- Up-to-date: /home/user/ros2_ws/install/barista_extra_models/share/barista_extra_models/models/customer/meshes/Material_93_baseColor.png
[0.713s] -- Up-to-date: /home/user/ros2_ws/install/barista_extra_models/share/barista_extra_models/models/customer/meshes/pink.png
[0.713s] -- Up-to-date: /home/user/ros2_ws/install/barista_extra_models/share/barista_extra_models/models/customer/model.config
[0.714s] -- Up-to-date: /home/user/ros2_ws/install/barista_extra_models/share/barista_extra_models/models/cabinet
[0.714s] -- Up-to-date: /home/user/ros2_ws/install/barista_extra_models/share/barista_extra_models/models/cabinet/model-1_2.sdf
[0.714s] -- Up-to-date: /home/user/ros2_ws/install/barista_extra_models/share/barista_extra_models/models/cabinet/model-1_3.sdf
[0.714s] -- Up-to-date: /home/user/ros2_ws/install/barista_extra_models/share/barista_extra_models/models/cabinet/model.sdf
[0.714s] -- Up-to-date: /home/user/ros2_ws/install/barista_extra_models/share/barista_extra_models/models/cabinet/model-1_4.sdf
[0.714s] -- Up-to-date: /home/user/ros2_ws/install/barista_extra_models/share/barista_extra_models/models/cabinet/model.config
[0.714s] -- Up-to-date: /home/user/ros2_ws/install/barista_extra_models/share/barista_extra_models/models/countertop
[0.714s] -- Up-to-date: /home/user/ros2_ws/install/barista_extra_models/share/barista_extra_models/models/countertop/model.sdf
[0.714s] -- Up-to-date: /home/user/ros2_ws/install/barista_extra_models/share/barista_extra_models/models/countertop/model.config
[0.714s] -- Up-to-date: /home/user/ros2_ws/install/barista_extra_models/share/barista_extra_models/models/armchair
[0.714s] -- Up-to-date: /home/user/ros2_ws/install/barista_extra_models/share/barista_extra_models/models/armchair/model.sdf
[0.714s] -- Up-to-date: /home/user/ros2_ws/install/barista_extra_models/share/barista_extra_models/models/armchair/meshes
[0.715s] -- Up-to-date: /home/user/ros2_ws/install/barista_extra_models/share/barista_extra_models/models/armchair/meshes/sillon
[0.715s] -- Up-to-date: /home/user/ros2_ws/install/barista_extra_models/share/barista_extra_models/models/armchair/meshes/sillon/material_2.png
[0.715s] -- Up-to-date: /home/user/ros2_ws/install/barista_extra_models/share/barista_extra_models/models/armchair/meshes/sillon/material_5.tif
[0.715s] -- Up-to-date: /home/user/ros2_ws/install/barista_extra_models/share/barista_extra_models/models/armchair/meshes/sillon/material_4_1.tif
[0.715s] -- Up-to-date: /home/user/ros2_ws/install/barista_extra_models/share/barista_extra_models/models/armchair/meshes/sillon/material_1.png
[0.715s] -- Up-to-date: /home/user/ros2_ws/install/barista_extra_models/share/barista_extra_models/models/armchair/meshes/sillon/material_5.png
[0.715s] -- Up-to-date: /home/user/ros2_ws/install/barista_extra_models/share/barista_extra_models/models/armchair/meshes/sillon/material_4_0.png
[0.715s] -- Up-to-date: /home/user/ros2_ws/install/barista_extra_models/share/barista_extra_models/models/armchair/meshes/sillon/material_4_1.png
[0.715s] -- Up-to-date: /home/user/ros2_ws/install/barista_extra_models/share/barista_extra_models/models/armchair/meshes/sillon/material_4.tif
[0.715s] -- Up-to-date: /home/user/ros2_ws/install/barista_extra_models/share/barista_extra_models/models/armchair/meshes/sillon/material_1.tif
[0.715s] -- Up-to-date: /home/user/ros2_ws/install/barista_extra_models/share/barista_extra_models/models/armchair/meshes/sillon/material_3.jpg
[0.715s] -- Up-to-date: /home/user/ros2_ws/install/barista_extra_models/share/barista_extra_models/models/armchair/meshes/sillon/material_4.png
[0.716s] -- Up-to-date: /home/user/ros2_ws/install/barista_extra_models/share/barista_extra_models/models/armchair/meshes/sillon/material_4_0.tif
[0.716s] -- Up-to-date: /home/user/ros2_ws/install/barista_extra_models/share/barista_extra_models/models/armchair/meshes/sillon/material_2.tif
[0.716s] -- Up-to-date: /home/user/ros2_ws/install/barista_extra_models/share/barista_extra_models/models/armchair/meshes/armchair.dae
[0.716s] -- Up-to-date: /home/user/ros2_ws/install/barista_extra_models/share/barista_extra_models/models/armchair/model.config
[0.716s] -- Up-to-date: /home/user/ros2_ws/install/barista_extra_models/share/barista_extra_models/models/portable_cup_2
[0.716s] -- Up-to-date: /home/user/ros2_ws/install/barista_extra_models/share/barista_extra_models/models/portable_cup_2/model.sdf
[0.716s] -- Up-to-date: /home/user/ros2_ws/install/barista_extra_models/share/barista_extra_models/models/portable_cup_2/meshes
[0.716s] -- Up-to-date: /home/user/ros2_ws/install/barista_extra_models/share/barista_extra_models/models/portable_cup_2/meshes/model
[0.716s] -- Up-to-date: /home/user/ros2_ws/install/barista_extra_models/share/barista_extra_models/models/portable_cup_2/meshes/model/Starbucks_ring.png
[0.716s] -- Up-to-date: /home/user/ros2_ws/install/barista_extra_models/share/barista_extra_models/models/portable_cup_2/meshes/portable_cup_2.dae
[0.717s] -- Up-to-date: /home/user/ros2_ws/install/barista_extra_models/share/barista_extra_models/models/portable_cup_2/meshes/Starbucks_ring.png
[0.717s] -- Up-to-date: /home/user/ros2_ws/install/barista_extra_models/share/barista_extra_models/models/portable_cup_2/meshes/cup_col.stl
[0.717s] -- Up-to-date: /home/user/ros2_ws/install/barista_extra_models/share/barista_extra_models/models/portable_cup_2/meshes/Starbucks_ring_old.png
[0.717s] -- Up-to-date: /home/user/ros2_ws/install/barista_extra_models/share/barista_extra_models/models/portable_cup_2/model.config
[0.717s] -- Up-to-date: /home/user/ros2_ws/install/barista_extra_models/share/barista_extra_models/models/cute_mug
[0.717s] -- Up-to-date: /home/user/ros2_ws/install/barista_extra_models/share/barista_extra_models/models/cute_mug/model.sdf
[0.717s] -- Up-to-date: /home/user/ros2_ws/install/barista_extra_models/share/barista_extra_models/models/cute_mug/meshes
[0.718s] -- Up-to-date: /home/user/ros2_ws/install/barista_extra_models/share/barista_extra_models/models/cute_mug/meshes/cute_mug_col.stl
[0.718s] -- Up-to-date: /home/user/ros2_ws/install/barista_extra_models/share/barista_extra_models/models/cute_mug/meshes/brown.png
[0.718s] -- Up-to-date: /home/user/ros2_ws/install/barista_extra_models/share/barista_extra_models/models/cute_mug/meshes/white.png
[0.718s] -- Up-to-date: /home/user/ros2_ws/install/barista_extra_models/share/barista_extra_models/models/cute_mug/meshes/Starbucks_ring.png
[0.718s] -- Up-to-date: /home/user/ros2_ws/install/barista_extra_models/share/barista_extra_models/models/cute_mug/meshes/black.png
[0.718s] -- Up-to-date: /home/user/ros2_ws/install/barista_extra_models/share/barista_extra_models/models/cute_mug/meshes/cute_mug.dae
[0.718s] -- Up-to-date: /home/user/ros2_ws/install/barista_extra_models/share/barista_extra_models/models/cute_mug/model.config
[0.718s] -- Up-to-date: /home/user/ros2_ws/install/barista_extra_models/share/barista_extra_models/models/turtlebot_env
[0.718s] -- Up-to-date: /home/user/ros2_ws/install/barista_extra_models/share/barista_extra_models/models/turtlebot_env/model_simple.sdf
[0.718s] -- Up-to-date: /home/user/ros2_ws/install/barista_extra_models/share/barista_extra_models/models/turtlebot_env/model.sdf
[0.718s] -- Up-to-date: /home/user/ros2_ws/install/barista_extra_models/share/barista_extra_models/models/turtlebot_env/meshes
[0.719s] -- Up-to-date: /home/user/ros2_ws/install/barista_extra_models/share/barista_extra_models/models/turtlebot_env/meshes/GreenColumn.png
[0.719s] -- Up-to-date: /home/user/ros2_ws/install/barista_extra_models/share/barista_extra_models/models/turtlebot_env/meshes/floorTexture.png
[0.719s] -- Up-to-date: /home/user/ros2_ws/install/barista_extra_models/share/barista_extra_models/models/turtlebot_env/meshes/turtlebot_env_only_floor.dae
[0.719s] -- Up-to-date: /home/user/ros2_ws/install/barista_extra_models/share/barista_extra_models/models/turtlebot_env/meshes/WallTexture.png
[0.719s] -- Up-to-date: /home/user/ros2_ws/install/barista_extra_models/share/barista_extra_models/models/turtlebot_env/meshes/floorTexture_clean.png
[0.719s] -- Up-to-date: /home/user/ros2_ws/install/barista_extra_models/share/barista_extra_models/models/turtlebot_env/meshes/turtlebot_env_HD.dae
[0.719s] -- Up-to-date: /home/user/ros2_ws/install/barista_extra_models/share/barista_extra_models/models/turtlebot_env/meshes/floorTexture.ase
[0.719s] -- Up-to-date: /home/user/ros2_ws/install/barista_extra_models/share/barista_extra_models/models/turtlebot_env/meshes/Columns.png
[0.719s] -- Up-to-date: /home/user/ros2_ws/install/barista_extra_models/share/barista_extra_models/models/turtlebot_env/meshes/ColumnsTexture.png
[0.719s] -- Up-to-date: /home/user/ros2_ws/install/barista_extra_models/share/barista_extra_models/models/turtlebot_env/meshes/turtlebot_env.dae
[0.719s] -- Up-to-date: /home/user/ros2_ws/install/barista_extra_models/share/barista_extra_models/models/turtlebot_env/meshes/WallsTexture.png
[0.719s] -- Up-to-date: /home/user/ros2_ws/install/barista_extra_models/share/barista_extra_models/models/turtlebot_env/meshes/turtlebot_env_col.stl
[0.720s] -- Up-to-date: /home/user/ros2_ws/install/barista_extra_models/share/barista_extra_models/models/turtlebot_env/blender
[0.720s] -- Up-to-date: /home/user/ros2_ws/install/barista_extra_models/share/barista_extra_models/models/turtlebot_env/blender/turtlebot_env.blend
[0.720s] -- Up-to-date: /home/user/ros2_ws/install/barista_extra_models/share/barista_extra_models/models/turtlebot_env/blender/turtlebot_env_floor_lights_cut.blend
[0.720s] -- Up-to-date: /home/user/ros2_ws/install/barista_extra_models/share/barista_extra_models/models/turtlebot_env/blender/turtlebot_env_floor_lights.blend1
[0.720s] -- Up-to-date: /home/user/ros2_ws/install/barista_extra_models/share/barista_extra_models/models/turtlebot_env/blender/turtlebot_env_floor_lights_cut.blend1
[0.720s] -- Up-to-date: /home/user/ros2_ws/install/barista_extra_models/share/barista_extra_models/models/turtlebot_env/blender/turtlebot_env_floor_lights.blend
[0.720s] -- Up-to-date: /home/user/ros2_ws/install/barista_extra_models/share/barista_extra_models/models/turtlebot_env/blender/turtlebot_env.blend1
[0.720s] -- Up-to-date: /home/user/ros2_ws/install/barista_extra_models/share/barista_extra_models/models/turtlebot_env/blender/turtlebot_env_floor.blend
[0.720s] -- Up-to-date: /home/user/ros2_ws/install/barista_extra_models/share/barista_extra_models/models/turtlebot_env/blender/turtlebot_env_floor_lights_cut_nolights.blend
[0.720s] -- Up-to-date: /home/user/ros2_ws/install/barista_extra_models/share/barista_extra_models/models/turtlebot_env/blender/turtlebot_env_floor.blend1
[0.721s] -- Up-to-date: /home/user/ros2_ws/install/barista_extra_models/share/barista_extra_models/models/turtlebot_env/blender/turtlebot_env_floor_lights_cut_nolights.blend1
[0.721s] -- Up-to-date: /home/user/ros2_ws/install/barista_extra_models/share/barista_extra_models/models/turtlebot_env/model.config
[0.721s] -- Up-to-date: /home/user/ros2_ws/install/barista_extra_models/share/barista_extra_models/models/starbots_bartender_dispenser
[0.721s] -- Up-to-date: /home/user/ros2_ws/install/barista_extra_models/share/barista_extra_models/models/starbots_bartender_dispenser/model.sdf
[0.721s] -- Up-to-date: /home/user/ros2_ws/install/barista_extra_models/share/barista_extra_models/models/starbots_bartender_dispenser/meshes
[0.721s] -- Up-to-date: /home/user/ros2_ws/install/barista_extra_models/share/barista_extra_models/models/starbots_bartender_dispenser/meshes/table_dispenser.dae
[0.721s] -- Up-to-date: /home/user/ros2_ws/install/barista_extra_models/share/barista_extra_models/models/starbots_bartender_dispenser/meshes/table_dispenser_nolegs.dae
[0.721s] -- Up-to-date: /home/user/ros2_ws/install/barista_extra_models/share/barista_extra_models/models/starbots_bartender_dispenser/meshes/bartender_dispenser.dae
[0.721s] -- Up-to-date: /home/user/ros2_ws/install/barista_extra_models/share/barista_extra_models/models/starbots_bartender_dispenser/model.config
[0.721s] -- Up-to-date: /home/user/ros2_ws/install/barista_extra_models/share/barista_extra_models/models/worktop_aluminium
[0.721s] -- Up-to-date: /home/user/ros2_ws/install/barista_extra_models/share/barista_extra_models/models/worktop_aluminium/model.sdf
[0.721s] -- Up-to-date: /home/user/ros2_ws/install/barista_extra_models/share/barista_extra_models/models/worktop_aluminium/meshes
[0.722s] -- Up-to-date: /home/user/ros2_ws/install/barista_extra_models/share/barista_extra_models/models/worktop_aluminium/meshes/worktop_aluminium.dae
[0.722s] -- Up-to-date: /home/user/ros2_ws/install/barista_extra_models/share/barista_extra_models/models/worktop_aluminium/meshes/encimera-blanca
[0.722s] -- Up-to-date: /home/user/ros2_ws/install/barista_extra_models/share/barista_extra_models/models/worktop_aluminium/meshes/encimera-blanca/Steel_Brushed_Stainless.jpg
[0.722s] -- Up-to-date: /home/user/ros2_ws/install/barista_extra_models/share/barista_extra_models/models/worktop_aluminium/meshes/encimera-blanca/__auto_3.jpg
[0.722s] -- Up-to-date: /home/user/ros2_ws/install/barista_extra_models/share/barista_extra_models/models/worktop_aluminium/model.config
[0.722s] -- Up-to-date: /home/user/ros2_ws/install/barista_extra_models/share/barista_extra_models/models/reflective_tag
[0.722s] -- Up-to-date: /home/user/ros2_ws/install/barista_extra_models/share/barista_extra_models/models/reflective_tag/model.sdf
[0.722s] -- Up-to-date: /home/user/ros2_ws/install/barista_extra_models/share/barista_extra_models/models/reflective_tag/model.config
[0.722s] -- Up-to-date: /home/user/ros2_ws/install/barista_extra_models/share/barista_extra_models/models/espresso_machine
[0.722s] -- Up-to-date: /home/user/ros2_ws/install/barista_extra_models/share/barista_extra_models/models/espresso_machine/model.sdf
[0.722s] -- Up-to-date: /home/user/ros2_ws/install/barista_extra_models/share/barista_extra_models/models/espresso_machine/meshes
[0.722s] -- Up-to-date: /home/user/ros2_ws/install/barista_extra_models/share/barista_extra_models/models/espresso_machine/meshes/espresso_machine.dae
[0.723s] -- Up-to-date: /home/user/ros2_ws/install/barista_extra_models/share/barista_extra_models/models/espresso_machine/model.config
[0.723s] -- Up-to-date: /home/user/ros2_ws/install/barista_extra_models/share/barista_extra_models/models/barstool
[0.723s] -- Up-to-date: /home/user/ros2_ws/install/barista_extra_models/share/barista_extra_models/models/barstool/model.sdf
[0.723s] -- Up-to-date: /home/user/ros2_ws/install/barista_extra_models/share/barista_extra_models/models/barstool/model_copy.sdf
[0.723s] -- Up-to-date: /home/user/ros2_ws/install/barista_extra_models/share/barista_extra_models/models/barstool/meshes
[0.723s] -- Up-to-date: /home/user/ros2_ws/install/barista_extra_models/share/barista_extra_models/models/barstool/meshes/barstool.dae
[0.723s] -- Up-to-date: /home/user/ros2_ws/install/barista_extra_models/share/barista_extra_models/models/barstool/model.config
[0.732s] -- Up-to-date: /home/user/ros2_ws/install/barista_extra_models/share/barista_extra_models/models/coffee_table
[0.732s] -- Up-to-date: /home/user/ros2_ws/install/barista_extra_models/share/barista_extra_models/models/coffee_table/model.sdf
[0.732s] -- Up-to-date: /home/user/ros2_ws/install/barista_extra_models/share/barista_extra_models/models/coffee_table/meshes
[0.732s] -- Up-to-date: /home/user/ros2_ws/install/barista_extra_models/share/barista_extra_models/models/coffee_table/meshes/coffee_table.dae
[0.732s] -- Up-to-date: /home/user/ros2_ws/install/barista_extra_models/share/barista_extra_models/models/coffee_table/meshes/mesa
[0.733s] -- Up-to-date: /home/user/ros2_ws/install/barista_extra_models/share/barista_extra_models/models/coffee_table/meshes/mesa/__White_12.jpg
[0.733s] -- Up-to-date: /home/user/ros2_ws/install/barista_extra_models/share/barista_extra_models/models/coffee_table/model.config
[0.733s] -- Up-to-date: /home/user/ros2_ws/install/barista_extra_models/share/barista_extra_models/models/coffeeshop
[0.733s] -- Up-to-date: /home/user/ros2_ws/install/barista_extra_models/share/barista_extra_models/models/coffeeshop/model.sdf
[0.733s] -- Up-to-date: /home/user/ros2_ws/install/barista_extra_models/share/barista_extra_models/models/coffeeshop/meshes
[0.733s] -- Up-to-date: /home/user/ros2_ws/install/barista_extra_models/share/barista_extra_models/models/coffeeshop/meshes/coffeeshop.dae
[0.733s] -- Up-to-date: /home/user/ros2_ws/install/barista_extra_models/share/barista_extra_models/models/coffeeshop/meshes/splintered_wool_texture.png
[0.733s] -- Up-to-date: /home/user/ros2_ws/install/barista_extra_models/share/barista_extra_models/models/coffeeshop/model.config
[0.733s] -- Up-to-date: /home/user/ros2_ws/install/barista_extra_models/share/barista_extra_models/models/bartender_dispenser
[0.733s] -- Up-to-date: /home/user/ros2_ws/install/barista_extra_models/share/barista_extra_models/models/bartender_dispenser/model.sdf
[0.733s] -- Up-to-date: /home/user/ros2_ws/install/barista_extra_models/share/barista_extra_models/models/bartender_dispenser/meshes
[0.733s] -- Up-to-date: /home/user/ros2_ws/install/barista_extra_models/share/barista_extra_models/models/bartender_dispenser/meshes/table_dispenser.dae
[0.734s] -- Up-to-date: /home/user/ros2_ws/install/barista_extra_models/share/barista_extra_models/models/bartender_dispenser/meshes/table_dispenser_nolegs.dae
[0.734s] -- Up-to-date: /home/user/ros2_ws/install/barista_extra_models/share/barista_extra_models/models/bartender_dispenser/meshes/bartender_dispenser.dae
[0.734s] -- Up-to-date: /home/user/ros2_ws/install/barista_extra_models/share/barista_extra_models/models/bartender_dispenser/model.config
[0.734s] -- Up-to-date: /home/user/ros2_ws/install/barista_extra_models/share/barista_extra_models/models/couch
[0.734s] -- Up-to-date: /home/user/ros2_ws/install/barista_extra_models/share/barista_extra_models/models/couch/model.sdf
[0.734s] -- Up-to-date: /home/user/ros2_ws/install/barista_extra_models/share/barista_extra_models/models/couch/meshes
[0.734s] -- Up-to-date: /home/user/ros2_ws/install/barista_extra_models/share/barista_extra_models/models/couch/meshes/couch.dae
[0.734s] -- Up-to-date: /home/user/ros2_ws/install/barista_extra_models/share/barista_extra_models/models/couch/model.config
[0.734s] -- Up-to-date: /home/user/ros2_ws/install/barista_extra_models/share/barista_extra_models/models/starbots_table_ingestor
[0.734s] -- Up-to-date: /home/user/ros2_ws/install/barista_extra_models/share/barista_extra_models/models/starbots_table_ingestor/model.sdf
[0.734s] -- Up-to-date: /home/user/ros2_ws/install/barista_extra_models/share/barista_extra_models/models/starbots_table_ingestor/meshes
[0.735s] -- Up-to-date: /home/user/ros2_ws/install/barista_extra_models/share/barista_extra_models/models/starbots_table_ingestor/meshes/voxeltable_nolegs.dae
[0.735s] -- Up-to-date: /home/user/ros2_ws/install/barista_extra_models/share/barista_extra_models/models/starbots_table_ingestor/meshes/voxeltable.dae
[0.735s] -- Up-to-date: /home/user/ros2_ws/install/barista_extra_models/share/barista_extra_models/models/starbots_table_ingestor/model.config
[0.735s] -- Up-to-date: /home/user/ros2_ws/install/barista_extra_models/share/barista_extra_models/models/table
[0.735s] -- Up-to-date: /home/user/ros2_ws/install/barista_extra_models/share/barista_extra_models/models/table/model-1_2.sdf
[0.735s] -- Up-to-date: /home/user/ros2_ws/install/barista_extra_models/share/barista_extra_models/models/table/model-1_3.sdf
[0.735s] -- Up-to-date: /home/user/ros2_ws/install/barista_extra_models/share/barista_extra_models/models/table/model.sdf
[0.735s] -- Up-to-date: /home/user/ros2_ws/install/barista_extra_models/share/barista_extra_models/models/table/model-1_4.sdf
[0.736s] -- Up-to-date: /home/user/ros2_ws/install/barista_extra_models/share/barista_extra_models/models/table/model.config
[0.736s] -- Up-to-date: /home/user/ros2_ws/install/barista_extra_models/share/ament_index/resource_index/package_run_dependencies/barista_extra_models
[0.736s] -- Up-to-date: /home/user/ros2_ws/install/barista_extra_models/share/ament_index/resource_index/parent_prefix_path/barista_extra_models
[0.736s] -- Up-to-date: /home/user/ros2_ws/install/barista_extra_models/share/barista_extra_models/environment/ament_prefix_path.sh
[0.736s] -- Up-to-date: /home/user/ros2_ws/install/barista_extra_models/share/barista_extra_models/environment/ament_prefix_path.dsv
[0.736s] -- Up-to-date: /home/user/ros2_ws/install/barista_extra_models/share/barista_extra_models/environment/path.sh
[0.736s] -- Up-to-date: /home/user/ros2_ws/install/barista_extra_models/share/barista_extra_models/environment/path.dsv
[0.736s] -- Up-to-date: /home/user/ros2_ws/install/barista_extra_models/share/barista_extra_models/local_setup.bash
[0.736s] -- Up-to-date: /home/user/ros2_ws/install/barista_extra_models/share/barista_extra_models/local_setup.sh
[0.736s] -- Up-to-date: /home/user/ros2_ws/install/barista_extra_models/share/barista_extra_models/local_setup.zsh
[0.737s] -- Up-to-date: /home/user/ros2_ws/install/barista_extra_models/share/barista_extra_models/local_setup.dsv
[0.737s] -- Installing: /home/user/ros2_ws/install/barista_extra_models/share/barista_extra_models/package.dsv
[0.737s] -- Up-to-date: /home/user/ros2_ws/install/barista_extra_models/share/ament_index/resource_index/packages/barista_extra_models
[0.737s] -- Up-to-date: /home/user/ros2_ws/install/barista_extra_models/share/barista_extra_models/cmake/barista_extra_modelsConfig.cmake
[0.737s] -- Up-to-date: /home/user/ros2_ws/install/barista_extra_models/share/barista_extra_models/cmake/barista_extra_modelsConfig-version.cmake
[0.737s] -- Up-to-date: /home/user/ros2_ws/install/barista_extra_models/share/barista_extra_models/package.xml
[0.752s] Invoked command in '/home/user/ros2_ws/build/barista_extra_models' returned '0': CMAKE_PREFIX_PATH=${CMAKE_PREFIX_PATH}:/home/user/ros2_ws/install/aruco_detection_tests:/home/simulations/ros2_sims_ws/install/rclrs_tests:/home/simulations/ros2_sims_ws/install/examples_rclrs_minimal_client_service:/home/simulations/ros2_sims_ws/install/sensor_msgs_py:/home/simulations/ros2_sims_ws/install/examples_rclrs_minimal_pub_sub:/home/simulations/ros2_sims_ws/install/examples_rclrs_message_demo:/home/simulations/ros2_sims_ws/install/rclrs:/home/simulations/ros2_sims_ws/install/rosidl_runtime_rs:/home/user/ros2_ws/install/ros2test:/home/user/ros2_ws/install/robotiq_85_driver:/home/user/ros2_ws/install/path_planner_server:/home/user/ros2_ws/install/moveit_configs_utils:/home/user/ros2_ws/install/localization_server:/home/user/ros2_ws/install/cartographer_slam:/opt/ros/humble _=/usr/bin/env /usr/bin/cmake --install /home/user/ros2_ws/build/barista_extra_models
