[0.366s] Invoking command in '/home/user/ros2_ws/build/the_construct_office_gazebo': CMAKE_PREFIX_PATH=${CMAKE_PREFIX_PATH}:/home/simulations/ros2_sims_ws/install/rclrs_tests:/home/simulations/ros2_sims_ws/install/examples_rclrs_minimal_client_service:/home/simulations/ros2_sims_ws/install/sensor_msgs_py:/home/simulations/ros2_sims_ws/install/examples_rclrs_minimal_pub_sub:/home/simulations/ros2_sims_ws/install/examples_rclrs_message_demo:/home/simulations/ros2_sims_ws/install/rclrs:/home/simulations/ros2_sims_ws/install/rosidl_runtime_rs:/home/user/ros2_ws/install/ros2test:/home/user/ros2_ws/install/robotiq_85_driver:/home/user/ros2_ws/install/path_planner_server:/home/user/ros2_ws/install/moveit_configs_utils:/home/user/ros2_ws/install/localization_server:/home/user/ros2_ws/install/cartographer_slam:/home/user/ros2_ws/install/aruco_detection_tests:/opt/ros/humble _=/usr/bin/env /usr/bin/cmake --build /home/user/ros2_ws/build/the_construct_office_gazebo -- -j8 -l8
[0.770s] Invoked command in '/home/user/ros2_ws/build/the_construct_office_gazebo' returned '0': CMAKE_PREFIX_PATH=${CMAKE_PREFIX_PATH}:/home/simulations/ros2_sims_ws/install/rclrs_tests:/home/simulations/ros2_sims_ws/install/examples_rclrs_minimal_client_service:/home/simulations/ros2_sims_ws/install/sensor_msgs_py:/home/simulations/ros2_sims_ws/install/examples_rclrs_minimal_pub_sub:/home/simulations/ros2_sims_ws/install/examples_rclrs_message_demo:/home/simulations/ros2_sims_ws/install/rclrs:/home/simulations/ros2_sims_ws/install/rosidl_runtime_rs:/home/user/ros2_ws/install/ros2test:/home/user/ros2_ws/install/robotiq_85_driver:/home/user/ros2_ws/install/path_planner_server:/home/user/ros2_ws/install/moveit_configs_utils:/home/user/ros2_ws/install/localization_server:/home/user/ros2_ws/install/cartographer_slam:/home/user/ros2_ws/install/aruco_detection_tests:/opt/ros/humble _=/usr/bin/env /usr/bin/cmake --build /home/user/ros2_ws/build/the_construct_office_gazebo -- -j8 -l8
[1.311s] Invoking command in '/home/user/ros2_ws/build/the_construct_office_gazebo': CMAKE_PREFIX_PATH=${CMAKE_PREFIX_PATH}:/home/simulations/ros2_sims_ws/install/rclrs_tests:/home/simulations/ros2_sims_ws/install/examples_rclrs_minimal_client_service:/home/simulations/ros2_sims_ws/install/sensor_msgs_py:/home/simulations/ros2_sims_ws/install/examples_rclrs_minimal_pub_sub:/home/simulations/ros2_sims_ws/install/examples_rclrs_message_demo:/home/simulations/ros2_sims_ws/install/rclrs:/home/simulations/ros2_sims_ws/install/rosidl_runtime_rs:/home/user/ros2_ws/install/ros2test:/home/user/ros2_ws/install/robotiq_85_driver:/home/user/ros2_ws/install/path_planner_server:/home/user/ros2_ws/install/moveit_configs_utils:/home/user/ros2_ws/install/localization_server:/home/user/ros2_ws/install/cartographer_slam:/home/user/ros2_ws/install/aruco_detection_tests:/opt/ros/humble _=/usr/bin/env /usr/bin/cmake --install /home/user/ros2_ws/build/the_construct_office_gazebo
[1.337s] -- Install configuration: ""
[1.337s] -- Up-to-date: /home/user/ros2_ws/install/the_construct_office_gazebo/share/ament_index/resource_index/package_run_dependencies/the_construct_office_gazebo
[1.337s] -- Up-to-date: /home/user/ros2_ws/install/the_construct_office_gazebo/share/ament_index/resource_index/parent_prefix_path/the_construct_office_gazebo
[1.338s] -- Up-to-date: /home/user/ros2_ws/install/the_construct_office_gazebo/share/the_construct_office_gazebo/environment/ament_prefix_path.sh
[1.338s] -- Up-to-date: /home/user/ros2_ws/install/the_construct_office_gazebo/share/the_construct_office_gazebo/environment/ament_prefix_path.dsv
[1.338s] -- Up-to-date: /home/user/ros2_ws/install/the_construct_office_gazebo/share/the_construct_office_gazebo/environment/path.sh
[1.338s] -- Up-to-date: /home/user/ros2_ws/install/the_construct_office_gazebo/share/the_construct_office_gazebo/environment/path.dsv
[1.338s] -- Up-to-date: /home/user/ros2_ws/install/the_construct_office_gazebo/share/the_construct_office_gazebo/local_setup.bash
[1.338s] -- Up-to-date: /home/user/ros2_ws/install/the_construct_office_gazebo/share/the_construct_office_gazebo/local_setup.sh
[1.339s] -- Up-to-date: /home/user/ros2_ws/install/the_construct_office_gazebo/share/the_construct_office_gazebo/local_setup.zsh
[1.339s] -- Up-to-date: /home/user/ros2_ws/install/the_construct_office_gazebo/share/the_construct_office_gazebo/local_setup.dsv
[1.339s] -- Installing: /home/user/ros2_ws/install/the_construct_office_gazebo/share/the_construct_office_gazebo/package.dsv
[1.339s] -- Up-to-date: /home/user/ros2_ws/install/the_construct_office_gazebo/share/ament_index/resource_index/packages/the_construct_office_gazebo
[1.339s] -- Up-to-date: /home/user/ros2_ws/install/the_construct_office_gazebo/share/the_construct_office_gazebo/cmake/the_construct_office_gazeboConfig.cmake
[1.340s] -- Up-to-date: /home/user/ros2_ws/install/the_construct_office_gazebo/share/the_construct_office_gazebo/cmake/the_construct_office_gazeboConfig-version.cmake
[1.341s] -- Up-to-date: /home/user/ros2_ws/install/the_construct_office_gazebo/share/the_construct_office_gazebo/package.xml
[1.341s] -- Up-to-date: /home/user/ros2_ws/install/the_construct_office_gazebo/share/the_construct_office_gazebo/launch
[1.341s] -- Up-to-date: /home/user/ros2_ws/install/the_construct_office_gazebo/share/the_construct_office_gazebo/launch/starbots_ur3e.launch.xml
[1.341s] -- Up-to-date: /home/user/ros2_ws/install/the_construct_office_gazebo/share/the_construct_office_gazebo/launch/start_world.launch.py
[1.341s] -- Up-to-date: /home/user/ros2_ws/install/the_construct_office_gazebo/share/the_construct_office_gazebo/models
[1.341s] -- Up-to-date: /home/user/ros2_ws/install/the_construct_office_gazebo/share/the_construct_office_gazebo/models/portable_cup_2
[1.341s] -- Up-to-date: /home/user/ros2_ws/install/the_construct_office_gazebo/share/the_construct_office_gazebo/models/portable_cup_2/model.sdf
[1.341s] -- Up-to-date: /home/user/ros2_ws/install/the_construct_office_gazebo/share/the_construct_office_gazebo/models/portable_cup_2/meshes
[1.341s] -- Up-to-date: /home/user/ros2_ws/install/the_construct_office_gazebo/share/the_construct_office_gazebo/models/portable_cup_2/meshes/model
[1.342s] -- Up-to-date: /home/user/ros2_ws/install/the_construct_office_gazebo/share/the_construct_office_gazebo/models/portable_cup_2/meshes/model/Starbucks_ring.png
[1.342s] -- Up-to-date: /home/user/ros2_ws/install/the_construct_office_gazebo/share/the_construct_office_gazebo/models/portable_cup_2/meshes/portable_cup_2.dae
[1.342s] -- Up-to-date: /home/user/ros2_ws/install/the_construct_office_gazebo/share/the_construct_office_gazebo/models/portable_cup_2/meshes/Starbucks_ring.png
[1.342s] -- Up-to-date: /home/user/ros2_ws/install/the_construct_office_gazebo/share/the_construct_office_gazebo/models/portable_cup_2/meshes/cup_col.stl
[1.342s] -- Up-to-date: /home/user/ros2_ws/install/the_construct_office_gazebo/share/the_construct_office_gazebo/models/portable_cup_2/meshes/Starbucks_ring_old.png
[1.342s] -- Up-to-date: /home/user/ros2_ws/install/the_construct_office_gazebo/share/the_construct_office_gazebo/models/portable_cup_2/model.config
[1.342s] -- Up-to-date: /home/user/ros2_ws/install/the_construct_office_gazebo/share/the_construct_office_gazebo/models/wall
[1.343s] -- Up-to-date: /home/user/ros2_ws/install/the_construct_office_gazebo/share/the_construct_office_gazebo/models/wall/model.sdf
[1.343s] -- Up-to-date: /home/user/ros2_ws/install/the_construct_office_gazebo/share/the_construct_office_gazebo/models/wall/model.config
[1.343s] -- Up-to-date: /home/user/ros2_ws/install/the_construct_office_gazebo/share/the_construct_office_gazebo/models/starbots_bartender_dispenser
[1.343s] -- Up-to-date: /home/user/ros2_ws/install/the_construct_office_gazebo/share/the_construct_office_gazebo/models/starbots_bartender_dispenser/model.sdf
[1.343s] -- Up-to-date: /home/user/ros2_ws/install/the_construct_office_gazebo/share/the_construct_office_gazebo/models/starbots_bartender_dispenser/model.config
[1.343s] -- Up-to-date: /home/user/ros2_ws/install/the_construct_office_gazebo/share/the_construct_office_gazebo/models/coffee_machine
[1.344s] -- Up-to-date: /home/user/ros2_ws/install/the_construct_office_gazebo/share/the_construct_office_gazebo/models/coffee_machine/model.sdf
[1.350s] -- Up-to-date: /home/user/ros2_ws/install/the_construct_office_gazebo/share/the_construct_office_gazebo/models/coffee_machine/meshes
[1.350s] -- Up-to-date: /home/user/ros2_ws/install/the_construct_office_gazebo/share/the_construct_office_gazebo/models/coffee_machine/meshes/scene.bin
[1.350s] -- Up-to-date: /home/user/ros2_ws/install/the_construct_office_gazebo/share/the_construct_office_gazebo/models/coffee_machine/meshes/cafeteria.dae
[1.350s] -- Up-to-date: /home/user/ros2_ws/install/the_construct_office_gazebo/share/the_construct_office_gazebo/models/coffee_machine/meshes/scene.gltf
[1.350s] -- Up-to-date: /home/user/ros2_ws/install/the_construct_office_gazebo/share/the_construct_office_gazebo/models/coffee_machine/meshes/license.txt
[1.350s] -- Up-to-date: /home/user/ros2_ws/install/the_construct_office_gazebo/share/the_construct_office_gazebo/models/coffee_machine/meshes/Display_baseColor.jpeg
[1.351s] -- Up-to-date: /home/user/ros2_ws/install/the_construct_office_gazebo/share/the_construct_office_gazebo/models/coffee_machine/meshes/textures
[1.351s] -- Up-to-date: /home/user/ros2_ws/install/the_construct_office_gazebo/share/the_construct_office_gazebo/models/coffee_machine/meshes/textures/Wood_baseColor.jpeg
[1.351s] -- Up-to-date: /home/user/ros2_ws/install/the_construct_office_gazebo/share/the_construct_office_gazebo/models/coffee_machine/meshes/textures/Display_baseColor.jpeg
[1.351s] -- Up-to-date: /home/user/ros2_ws/install/the_construct_office_gazebo/share/the_construct_office_gazebo/models/coffee_machine/model.config
[1.351s] -- Up-to-date: /home/user/ros2_ws/install/the_construct_office_gazebo/share/the_construct_office_gazebo/models/ground_plane
[1.351s] -- Up-to-date: /home/user/ros2_ws/install/the_construct_office_gazebo/share/the_construct_office_gazebo/models/ground_plane/model-1_2.sdf
[1.351s] -- Up-to-date: /home/user/ros2_ws/install/the_construct_office_gazebo/share/the_construct_office_gazebo/models/ground_plane/model-1_3.sdf
[1.351s] -- Up-to-date: /home/user/ros2_ws/install/the_construct_office_gazebo/share/the_construct_office_gazebo/models/ground_plane/model.sdf
[1.351s] -- Up-to-date: /home/user/ros2_ws/install/the_construct_office_gazebo/share/the_construct_office_gazebo/models/ground_plane/model-1_4.sdf
[1.351s] -- Up-to-date: /home/user/ros2_ws/install/the_construct_office_gazebo/share/the_construct_office_gazebo/models/ground_plane/model.config
[1.351s] -- Up-to-date: /home/user/ros2_ws/install/the_construct_office_gazebo/share/the_construct_office_gazebo/models/barista_model
[1.352s] -- Up-to-date: /home/user/ros2_ws/install/the_construct_office_gazebo/share/the_construct_office_gazebo/models/barista_model/model.sdf
[1.352s] -- Up-to-date: /home/user/ros2_ws/install/the_construct_office_gazebo/share/the_construct_office_gazebo/models/barista_model/meshes
[1.352s] -- Up-to-date: /home/user/ros2_ws/install/the_construct_office_gazebo/share/the_construct_office_gazebo/models/barista_model/meshes/TOP_fixed_color.dae
[1.352s] -- Up-to-date: /home/user/ros2_ws/install/the_construct_office_gazebo/share/the_construct_office_gazebo/models/barista_model/meshes/TOP_colour_1.dae
[1.352s] -- Up-to-date: /home/user/ros2_ws/install/the_construct_office_gazebo/share/the_construct_office_gazebo/models/barista_model/model.config
[1.352s] -- Up-to-date: /home/user/ros2_ws/install/the_construct_office_gazebo/share/the_construct_office_gazebo/models/sun
[1.353s] -- Up-to-date: /home/user/ros2_ws/install/the_construct_office_gazebo/share/the_construct_office_gazebo/models/sun/model-1_2.sdf
[1.353s] -- Up-to-date: /home/user/ros2_ws/install/the_construct_office_gazebo/share/the_construct_office_gazebo/models/sun/model-1_3.sdf
[1.353s] -- Up-to-date: /home/user/ros2_ws/install/the_construct_office_gazebo/share/the_construct_office_gazebo/models/sun/model.sdf
[1.353s] -- Up-to-date: /home/user/ros2_ws/install/the_construct_office_gazebo/share/the_construct_office_gazebo/models/sun/model-1_4.sdf
[1.353s] -- Up-to-date: /home/user/ros2_ws/install/the_construct_office_gazebo/share/the_construct_office_gazebo/models/sun/model.config
[1.353s] -- Up-to-date: /home/user/ros2_ws/install/the_construct_office_gazebo/share/the_construct_office_gazebo/worlds
[1.353s] -- Up-to-date: /home/user/ros2_ws/install/the_construct_office_gazebo/share/the_construct_office_gazebo/worlds/starbots_complete.world
[1.353s] Invoked command in '/home/user/ros2_ws/build/the_construct_office_gazebo' returned '0': CMAKE_PREFIX_PATH=${CMAKE_PREFIX_PATH}:/home/simulations/ros2_sims_ws/install/rclrs_tests:/home/simulations/ros2_sims_ws/install/examples_rclrs_minimal_client_service:/home/simulations/ros2_sims_ws/install/sensor_msgs_py:/home/simulations/ros2_sims_ws/install/examples_rclrs_minimal_pub_sub:/home/simulations/ros2_sims_ws/install/examples_rclrs_message_demo:/home/simulations/ros2_sims_ws/install/rclrs:/home/simulations/ros2_sims_ws/install/rosidl_runtime_rs:/home/user/ros2_ws/install/ros2test:/home/user/ros2_ws/install/robotiq_85_driver:/home/user/ros2_ws/install/path_planner_server:/home/user/ros2_ws/install/moveit_configs_utils:/home/user/ros2_ws/install/localization_server:/home/user/ros2_ws/install/cartographer_slam:/home/user/ros2_ws/install/aruco_detection_tests:/opt/ros/humble _=/usr/bin/env /usr/bin/cmake --install /home/user/ros2_ws/build/the_construct_office_gazebo
