[0.086s] Invoking command in '/home/user/ros2_ws/build/robotnik_sensors': CMAKE_PREFIX_PATH=${CMAKE_PREFIX_PATH}:/home/simulations/ros2_sims_ws/install/rclrs_tests:/home/simulations/ros2_sims_ws/install/examples_rclrs_minimal_client_service:/home/simulations/ros2_sims_ws/install/sensor_msgs_py:/home/simulations/ros2_sims_ws/install/examples_rclrs_minimal_pub_sub:/home/simulations/ros2_sims_ws/install/examples_rclrs_message_demo:/home/simulations/ros2_sims_ws/install/rclrs:/home/simulations/ros2_sims_ws/install/rosidl_runtime_rs:/home/user/ros2_ws/install/ros2test:/home/user/ros2_ws/install/robotiq_85_driver:/home/user/ros2_ws/install/path_planner_server:/home/user/ros2_ws/install/moveit_configs_utils:/home/user/ros2_ws/install/localization_server:/home/user/ros2_ws/install/cartographer_slam:/opt/ros/humble _=/usr/bin/env /usr/bin/cmake --build /home/user/ros2_ws/build/robotnik_sensors -- -j8 -l8
[0.550s] Invoked command in '/home/user/ros2_ws/build/robotnik_sensors' returned '0': CMAKE_PREFIX_PATH=${CMAKE_PREFIX_PATH}:/home/simulations/ros2_sims_ws/install/rclrs_tests:/home/simulations/ros2_sims_ws/install/examples_rclrs_minimal_client_service:/home/simulations/ros2_sims_ws/install/sensor_msgs_py:/home/simulations/ros2_sims_ws/install/examples_rclrs_minimal_pub_sub:/home/simulations/ros2_sims_ws/install/examples_rclrs_message_demo:/home/simulations/ros2_sims_ws/install/rclrs:/home/simulations/ros2_sims_ws/install/rosidl_runtime_rs:/home/user/ros2_ws/install/ros2test:/home/user/ros2_ws/install/robotiq_85_driver:/home/user/ros2_ws/install/path_planner_server:/home/user/ros2_ws/install/moveit_configs_utils:/home/user/ros2_ws/install/localization_server:/home/user/ros2_ws/install/cartographer_slam:/opt/ros/humble _=/usr/bin/env /usr/bin/cmake --build /home/user/ros2_ws/build/robotnik_sensors -- -j8 -l8
[0.743s] Invoking command in '/home/user/ros2_ws/build/robotnik_sensors': CMAKE_PREFIX_PATH=${CMAKE_PREFIX_PATH}:/home/simulations/ros2_sims_ws/install/rclrs_tests:/home/simulations/ros2_sims_ws/install/examples_rclrs_minimal_client_service:/home/simulations/ros2_sims_ws/install/sensor_msgs_py:/home/simulations/ros2_sims_ws/install/examples_rclrs_minimal_pub_sub:/home/simulations/ros2_sims_ws/install/examples_rclrs_message_demo:/home/simulations/ros2_sims_ws/install/rclrs:/home/simulations/ros2_sims_ws/install/rosidl_runtime_rs:/home/user/ros2_ws/install/ros2test:/home/user/ros2_ws/install/robotiq_85_driver:/home/user/ros2_ws/install/path_planner_server:/home/user/ros2_ws/install/moveit_configs_utils:/home/user/ros2_ws/install/localization_server:/home/user/ros2_ws/install/cartographer_slam:/opt/ros/humble _=/usr/bin/env /usr/bin/cmake --install /home/user/ros2_ws/build/robotnik_sensors
[0.790s] -- Install configuration: ""
[0.790s] -- Up-to-date: /home/user/ros2_ws/install/robotnik_sensors/share/ament_index/resource_index/package_run_dependencies/robotnik_sensors
[0.791s] -- Up-to-date: /home/user/ros2_ws/install/robotnik_sensors/share/ament_index/resource_index/parent_prefix_path/robotnik_sensors
[0.791s] -- Up-to-date: /home/user/ros2_ws/install/robotnik_sensors/share/robotnik_sensors/environment/ament_prefix_path.sh
[0.791s] -- Up-to-date: /home/user/ros2_ws/install/robotnik_sensors/share/robotnik_sensors/environment/ament_prefix_path.dsv
[0.791s] -- Up-to-date: /home/user/ros2_ws/install/robotnik_sensors/share/robotnik_sensors/environment/path.sh
[0.791s] -- Up-to-date: /home/user/ros2_ws/install/robotnik_sensors/share/robotnik_sensors/environment/path.dsv
[0.791s] -- Up-to-date: /home/user/ros2_ws/install/robotnik_sensors/share/robotnik_sensors/local_setup.bash
[0.791s] -- Up-to-date: /home/user/ros2_ws/install/robotnik_sensors/share/robotnik_sensors/local_setup.sh
[0.791s] -- Up-to-date: /home/user/ros2_ws/install/robotnik_sensors/share/robotnik_sensors/local_setup.zsh
[0.791s] -- Up-to-date: /home/user/ros2_ws/install/robotnik_sensors/share/robotnik_sensors/local_setup.dsv
[0.792s] -- Installing: /home/user/ros2_ws/install/robotnik_sensors/share/robotnik_sensors/package.dsv
[0.792s] -- Up-to-date: /home/user/ros2_ws/install/robotnik_sensors/share/ament_index/resource_index/packages/robotnik_sensors
[0.792s] -- Up-to-date: /home/user/ros2_ws/install/robotnik_sensors/share/robotnik_sensors/cmake/robotnik_sensorsConfig.cmake
[0.792s] -- Up-to-date: /home/user/ros2_ws/install/robotnik_sensors/share/robotnik_sensors/cmake/robotnik_sensorsConfig-version.cmake
[0.792s] -- Up-to-date: /home/user/ros2_ws/install/robotnik_sensors/share/robotnik_sensors/package.xml
[0.792s] -- Up-to-date: /home/user/ros2_ws/install/robotnik_sensors/share/robotnik_sensors//meshes
[0.792s] -- Up-to-date: /home/user/ros2_ws/install/robotnik_sensors/share/robotnik_sensors//meshes/kinectv2.dae
[0.792s] -- Up-to-date: /home/user/ros2_ws/install/robotnik_sensors/share/robotnik_sensors//meshes/sick_outdoorscan3.stl
[0.792s] -- Up-to-date: /home/user/ros2_ws/install/robotnik_sensors/share/robotnik_sensors//meshes/orbbec_astra.stl
[0.792s] -- Up-to-date: /home/user/ros2_ws/install/robotnik_sensors/share/robotnik_sensors//meshes/intel_d435_color.dae
[0.792s] -- Up-to-date: /home/user/ros2_ws/install/robotnik_sensors/share/robotnik_sensors//meshes/asus_xtion_pro_live.dae
[0.793s] -- Up-to-date: /home/user/ros2_ws/install/robotnik_sensors/share/robotnik_sensors//meshes/axis_q8641_n2-1.STL
[0.793s] -- Up-to-date: /home/user/ros2_ws/install/robotnik_sensors/share/robotnik_sensors//meshes/kinect.jpg
[0.793s] -- Up-to-date: /home/user/ros2_ws/install/robotnik_sensors/share/robotnik_sensors//meshes/sick_tim571.dae
[0.793s] -- Up-to-date: /home/user/ros2_ws/install/robotnik_sensors/share/robotnik_sensors//meshes/orbbec_astra_embedded_s.stl
[0.794s] -- Up-to-date: /home/user/ros2_ws/install/robotnik_sensors/share/robotnik_sensors//meshes/antenna_3GO16.stl
[0.794s] -- Up-to-date: /home/user/ros2_ws/install/robotnik_sensors/share/robotnik_sensors//meshes/zedm.stl
[0.794s] -- Up-to-date: /home/user/ros2_ws/install/robotnik_sensors/share/robotnik_sensors//meshes/sick_mls.stl
[0.794s] -- Up-to-date: /home/user/ros2_ws/install/robotnik_sensors/share/robotnik_sensors//meshes/yujin_yrl.stl
[0.794s] -- Up-to-date: /home/user/ros2_ws/install/robotnik_sensors/share/robotnik_sensors//meshes/axis_q8641_n1-1.STL
[0.795s] -- Up-to-date: /home/user/ros2_ws/install/robotnik_sensors/share/robotnik_sensors//meshes/antenna_ANN_MB.stl
[0.795s] -- Up-to-date: /home/user/ros2_ws/install/robotnik_sensors/share/robotnik_sensors//meshes/sick_s300.stl
[0.795s] -- Up-to-date: /home/user/ros2_ws/install/robotnik_sensors/share/robotnik_sensors//meshes/asus_xtion_pro_live.png
[0.795s] -- Up-to-date: /home/user/ros2_ws/install/robotnik_sensors/share/robotnik_sensors//meshes/sick_s300.png
[0.795s] -- Up-to-date: /home/user/ros2_ws/install/robotnik_sensors/share/robotnik_sensors//meshes/sick_tim551.dae
[0.795s] -- Up-to-date: /home/user/ros2_ws/install/robotnik_sensors/share/robotnik_sensors//meshes/zed.stl
[0.795s] -- Up-to-date: /home/user/ros2_ws/install/robotnik_sensors/share/robotnik_sensors//meshes/hokuyo.png
[0.795s] -- Up-to-date: /home/user/ros2_ws/install/robotnik_sensors/share/robotnik_sensors//meshes/viper.dae
[0.796s] -- Up-to-date: /home/user/ros2_ws/install/robotnik_sensors/share/robotnik_sensors//meshes/rs_bpearl.stl
[0.796s] -- Up-to-date: /home/user/ros2_ws/install/robotnik_sensors/share/robotnik_sensors//meshes/intel_d435.png
[0.796s] -- Up-to-date: /home/user/ros2_ws/install/robotnik_sensors/share/robotnik_sensors//meshes/kinect.dae
[0.796s] -- Up-to-date: /home/user/ros2_ws/install/robotnik_sensors/share/robotnik_sensors//meshes/orbbec_astra_embedded_s.dae
[0.796s] -- Up-to-date: /home/user/ros2_ws/install/robotnik_sensors/share/robotnik_sensors//meshes/sick_tim551.stl
[0.796s] -- Up-to-date: /home/user/ros2_ws/install/robotnik_sensors/share/robotnik_sensors//meshes/sick_tim571.stl
[0.796s] -- Up-to-date: /home/user/ros2_ws/install/robotnik_sensors/share/robotnik_sensors//meshes/axis_p5512.dae
[0.796s] -- Up-to-date: /home/user/ros2_ws/install/robotnik_sensors/share/robotnik_sensors//meshes/hokuyo_utm_30lx.dae
[0.796s] -- Up-to-date: /home/user/ros2_ws/install/robotnik_sensors/share/robotnik_sensors//meshes/pointgrey_bumblebee2.dae
[0.796s] -- Up-to-date: /home/user/ros2_ws/install/robotnik_sensors/share/robotnik_sensors//meshes/hokuyo3d.dae
[0.797s] -- Up-to-date: /home/user/ros2_ws/install/robotnik_sensors/share/robotnik_sensors//meshes/axis_p5514.dae
[0.797s] -- Up-to-date: /home/user/ros2_ws/install/robotnik_sensors/share/robotnik_sensors//meshes/rplidar_a2.stl
[0.797s] -- Up-to-date: /home/user/ros2_ws/install/robotnik_sensors/share/robotnik_sensors//meshes/ueye_cp_gige.stl
[0.797s] -- Up-to-date: /home/user/ros2_ws/install/robotnik_sensors/share/robotnik_sensors//meshes/hokuyo_ust_20lx.dae
[0.797s] -- Up-to-date: /home/user/ros2_ws/install/robotnik_sensors/share/robotnik_sensors//meshes/axis_m5525.dae
[0.797s] -- Up-to-date: /home/user/ros2_ws/install/robotnik_sensors/share/robotnik_sensors//meshes/benewake_ce30d.stl
[0.797s] -- Up-to-date: /home/user/ros2_ws/install/robotnik_sensors/share/robotnik_sensors//meshes/hokuyo3d.jpg
[0.797s] -- Up-to-date: /home/user/ros2_ws/install/robotnik_sensors/share/robotnik_sensors//meshes/viper.stl
[0.797s] -- Up-to-date: /home/user/ros2_ws/install/robotnik_sensors/share/robotnik_sensors//meshes/intel_r430.stl
[0.797s] -- Up-to-date: /home/user/ros2_ws/install/robotnik_sensors/share/robotnik_sensors//meshes/teraranger_tr_duo.stl
[0.797s] -- Up-to-date: /home/user/ros2_ws/install/robotnik_sensors/share/robotnik_sensors//meshes/sick_microscan3.stl
[0.798s] -- Up-to-date: /home/user/ros2_ws/install/robotnik_sensors/share/robotnik_sensors//meshes/hokuyo_urg_04lx.dae
[0.798s] -- Up-to-date: /home/user/ros2_ws/install/robotnik_sensors/share/robotnik_sensors//meshes/intel_d435.dae
[0.798s] -- Up-to-date: /home/user/ros2_ws/install/robotnik_sensors/share/robotnik_sensors//meshes/kinectv2_nobase.dae
[0.798s] -- Up-to-date: /home/user/ros2_ws/install/robotnik_sensors/share/robotnik_sensors//meshes/rplidar.dae
[0.798s] -- Up-to-date: /home/user/ros2_ws/install/robotnik_sensors/share/robotnik_sensors//meshes/hokuyo3d.stl
[0.798s] -- Up-to-date: /home/user/ros2_ws/install/robotnik_sensors/share/robotnik_sensors//meshes/axis_p5514.stl
[0.798s] -- Up-to-date: /home/user/ros2_ws/install/robotnik_sensors/share/robotnik_sensors//meshes/zed2.stl
[0.798s] -- Up-to-date: /home/user/ros2_ws/install/robotnik_sensors/share/robotnik_sensors//meshes/teraranger_tr_duo.dae
[0.799s] -- Up-to-date: /home/user/ros2_ws/install/robotnik_sensors/share/robotnik_sensors//meshes/rplidar_a2.dae
[0.799s] -- Up-to-date: /home/user/ros2_ws/install/robotnik_sensors/share/robotnik_sensors//meshes/rslidar.dae
[0.800s] -- Up-to-date: /home/user/ros2_ws/install/robotnik_sensors/share/robotnik_sensors//meshes/hokuyo_ust_10lx.dae
[0.800s] -- Up-to-date: /home/user/ros2_ws/install/robotnik_sensors/share/robotnik_sensors//meshes/sick_outdoorscan3.dae
[0.800s] -- Up-to-date: /home/user/ros2_ws/install/robotnik_sensors/share/robotnik_sensors//meshes/lidar_mast.STL
[0.801s] -- Up-to-date: /home/user/ros2_ws/install/robotnik_sensors/share/robotnik_sensors//meshes/hokuyo_urg_04lx.stl
[0.801s] -- Up-to-date: /home/user/ros2_ws/install/robotnik_sensors/share/robotnik_sensors//meshes/ueye_cp_gige.dae
[0.803s] -- Up-to-date: /home/user/ros2_ws/install/robotnik_sensors/share/robotnik_sensors//meshes/rs_bpearl.dae
[0.803s] -- Up-to-date: /home/user/ros2_ws/install/robotnik_sensors/share/robotnik_sensors//meshes/axis_m5013.stl
[0.804s] -- Up-to-date: /home/user/ros2_ws/install/robotnik_sensors/share/robotnik_sensors//meshes/sick_s300_color.dae
[0.804s] -- Up-to-date: /home/user/ros2_ws/install/robotnik_sensors/share/robotnik_sensors//meshes/axis_m5013.dae
[0.804s] -- Up-to-date: /home/user/ros2_ws/install/robotnik_sensors/share/robotnik_sensors//meshes/orbbec_astra.dae
[0.805s] -- Up-to-date: /home/user/ros2_ws/install/robotnik_sensors/share/robotnik_sensors//meshes/benewake_ce30d.dae
[0.805s] -- Up-to-date: /home/user/ros2_ws/install/robotnik_sensors/share/robotnik_sensors//meshes/rslidar.stl
[0.807s] -- Up-to-date: /home/user/ros2_ws/install/robotnik_sensors/share/robotnik_sensors//meshes/sick_microscan3.dae
[0.809s] -- Up-to-date: /home/user/ros2_ws/install/robotnik_sensors/share/robotnik_sensors//meshes/sick_s3000.stl
[0.815s] -- Up-to-date: /home/user/ros2_ws/install/robotnik_sensors/share/robotnik_sensors//meshes/ydlidar_4f.dae
[0.824s] -- Up-to-date: /home/user/ros2_ws/install/robotnik_sensors/share/robotnik_sensors//meshes/sick_s300.dae
[0.824s] -- Up-to-date: /home/user/ros2_ws/install/robotnik_sensors/share/robotnik_sensors//meshes/velodyne_vlp16.stl
[0.825s] -- Up-to-date: /home/user/ros2_ws/install/robotnik_sensors/share/robotnik_sensors//meshes/intel_d435.stl
[0.825s] -- Up-to-date: /home/user/ros2_ws/install/robotnik_sensors/share/robotnik_sensors//meshes/fotonic_e.stl
[0.825s] -- Up-to-date: /home/user/ros2_ws/install/robotnik_sensors/share/robotnik_sensors//meshes/intel_r430.dae
[0.825s] -- Up-to-date: /home/user/ros2_ws/install/robotnik_sensors/share/robotnik_sensors//meshes/axis_m5525.stl
[0.825s] -- Up-to-date: /home/user/ros2_ws/install/robotnik_sensors/share/robotnik_sensors//meshes/camera_axis_q8641.STL
[0.825s] -- Up-to-date: /home/user/ros2_ws/install/robotnik_sensors/share/robotnik_sensors//meshes/kinect.tga
[0.825s] -- Up-to-date: /home/user/ros2_ws/install/robotnik_sensors/share/robotnik_sensors//meshes/hokuyo_utm_30lx.stl
[0.826s] -- Up-to-date: /home/user/ros2_ws/install/robotnik_sensors/share/robotnik_sensors//meshes/sick_s3000.dae
[0.826s] -- Up-to-date: /home/user/ros2_ws/install/robotnik_sensors/share/robotnik_sensors//meshes/rslidar_mems.stl
[0.826s] -- Up-to-date: /home/user/ros2_ws/install/robotnik_sensors/share/robotnik_sensors//meshes/vectornav_vn100.stl
[0.826s] -- Up-to-date: /home/user/ros2_ws/install/robotnik_sensors/share/robotnik_sensors//meshes/kinectv2.stl
[0.826s] -- Up-to-date: /home/user/ros2_ws/install/robotnik_sensors/share/robotnik_sensors//meshes/axis_p5512.stl
[0.826s] -- Up-to-date: /home/user/ros2_ws/install/robotnik_sensors/share/robotnik_sensors//meshes/antenna_3GO16.dae
[0.826s] -- Up-to-date: /home/user/ros2_ws/install/robotnik_sensors/share/robotnik_sensors//meshes/ouster1.STL
[0.826s] -- Up-to-date: /home/user/ros2_ws/install/robotnik_sensors/share/robotnik_sensors//meshes/velodyne_vlp16.dae
[0.827s] -- Up-to-date: /home/user/ros2_ws/install/robotnik_sensors/share/robotnik_sensors//meshes/kinectv2_nobase.stl
[0.827s] -- Up-to-date: /home/user/ros2_ws/install/robotnik_sensors/share/robotnik_sensors//meshes/benewake_ce30.stl
[0.827s] -- Up-to-date: /home/user/ros2_ws/install/robotnik_sensors/share/robotnik_sensors//meshes/sick_nanoscan3.stl
[0.827s] -- Up-to-date: /home/user/ros2_ws/install/robotnik_sensors/share/robotnik_sensors//meshes/ydlidar_4f.png
[0.827s] -- Up-to-date: /home/user/ros2_ws/install/robotnik_sensors/share/robotnik_sensors//urdf
[0.827s] -- Up-to-date: /home/user/ros2_ws/install/robotnik_sensors/share/robotnik_sensors//urdf/sick_microscan3.urdf.xacro
[0.827s] -- Up-to-date: /home/user/ros2_ws/install/robotnik_sensors/share/robotnik_sensors//urdf/pointgrey_bumblebee2.urdf.xacro
[0.827s] -- Up-to-date: /home/user/ros2_ws/install/robotnik_sensors/share/robotnik_sensors//urdf/vectornav.urdf.xacro
[0.828s] -- Up-to-date: /home/user/ros2_ws/install/robotnik_sensors/share/robotnik_sensors//urdf/roboteq_mgs.urdf.xacro
[0.828s] -- Up-to-date: /home/user/ros2_ws/install/robotnik_sensors/share/robotnik_sensors//urdf/intel_d435.urdf.xacro
[0.828s] -- Up-to-date: /home/user/ros2_ws/install/robotnik_sensors/share/robotnik_sensors//urdf/kinect.urdf.xacro
[0.828s] -- Up-to-date: /home/user/ros2_ws/install/robotnik_sensors/share/robotnik_sensors//urdf/ublox.urdf.xacro
[0.828s] -- Up-to-date: /home/user/ros2_ws/install/robotnik_sensors/share/robotnik_sensors//urdf/velodyne_vlp16.urdf.xacro
[0.828s] -- Up-to-date: /home/user/ros2_ws/install/robotnik_sensors/share/robotnik_sensors//urdf/intel_r430.urdf.xacro
[0.828s] -- Up-to-date: /home/user/ros2_ws/install/robotnik_sensors/share/robotnik_sensors//urdf/teraranger_tr_duo.urdf.xacro
[0.828s] -- Up-to-date: /home/user/ros2_ws/install/robotnik_sensors/share/robotnik_sensors//urdf/gps.urdf.xacro
[0.829s] -- Up-to-date: /home/user/ros2_ws/install/robotnik_sensors/share/robotnik_sensors//urdf/rubedos_viper.urdf.xacro
[0.829s] -- Up-to-date: /home/user/ros2_ws/install/robotnik_sensors/share/robotnik_sensors//urdf/rslidar.urdf.xacro
[0.829s] -- Up-to-date: /home/user/ros2_ws/install/robotnik_sensors/share/robotnik_sensors//urdf/rplidar_a2.urdf.xacro
[0.829s] -- Up-to-date: /home/user/ros2_ws/install/robotnik_sensors/share/robotnik_sensors//urdf/sick_tim551.urdf.xacro
[0.829s] -- Up-to-date: /home/user/ros2_ws/install/robotnik_sensors/share/robotnik_sensors//urdf/rslidar_mems.urdf.xacro
[0.829s] -- Up-to-date: /home/user/ros2_ws/install/robotnik_sensors/share/robotnik_sensors//urdf/all_sensors.urdf.xacro
[0.830s] -- Up-to-date: /home/user/ros2_ws/install/robotnik_sensors/share/robotnik_sensors//urdf/fotonic_e.urdf.xacro
[0.830s] -- Up-to-date: /home/user/ros2_ws/install/robotnik_sensors/share/robotnik_sensors//urdf/axis.urdf.xacro
[0.830s] -- Up-to-date: /home/user/ros2_ws/install/robotnik_sensors/share/robotnik_sensors//urdf/kinectv2.urdf.xacro
[0.830s] -- Up-to-date: /home/user/ros2_ws/install/robotnik_sensors/share/robotnik_sensors//urdf/orbbec_astra.urdf.xacro
[0.830s] -- Up-to-date: /home/user/ros2_ws/install/robotnik_sensors/share/robotnik_sensors//urdf/sick_s300.urdf.xacro
[0.830s] -- Up-to-date: /home/user/ros2_ws/install/robotnik_sensors/share/robotnik_sensors//urdf/embedded_s.urdf.xacro
[0.830s] -- Up-to-date: /home/user/ros2_ws/install/robotnik_sensors/share/robotnik_sensors//urdf/axis_q8641.urdf.xacro
[0.830s] -- Up-to-date: /home/user/ros2_ws/install/robotnik_sensors/share/robotnik_sensors//urdf/sick_s3000.urdf.xacro
[0.830s] -- Up-to-date: /home/user/ros2_ws/install/robotnik_sensors/share/robotnik_sensors//urdf/pantilt.urdf.xacro
[0.830s] -- Up-to-date: /home/user/ros2_ws/install/robotnik_sensors/share/robotnik_sensors//urdf/gps_with_mast.urdf.xacro
[0.831s] -- Up-to-date: /home/user/ros2_ws/install/robotnik_sensors/share/robotnik_sensors//urdf/yujin_yrl.urdf.xacro
[0.831s] -- Up-to-date: /home/user/ros2_ws/install/robotnik_sensors/share/robotnik_sensors//urdf/imu_hector_plugin.urdf.xacro
[0.831s] -- Up-to-date: /home/user/ros2_ws/install/robotnik_sensors/share/robotnik_sensors//urdf/utils
[0.831s] -- Up-to-date: /home/user/ros2_ws/install/robotnik_sensors/share/robotnik_sensors//urdf/utils/inertia.urdf.xacro
[0.831s] -- Up-to-date: /home/user/ros2_ws/install/robotnik_sensors/share/robotnik_sensors//urdf/rplidar.urdf.xacro
[0.831s] -- Up-to-date: /home/user/ros2_ws/install/robotnik_sensors/share/robotnik_sensors//urdf/sick_outdoorscan3.urdf.xacro
[0.831s] -- Up-to-date: /home/user/ros2_ws/install/robotnik_sensors/share/robotnik_sensors//urdf/flir_ax8.urdf.xacro
[0.831s] -- Up-to-date: /home/user/ros2_ws/install/robotnik_sensors/share/robotnik_sensors//urdf/imu.urdf.xacro
[0.831s] -- Up-to-date: /home/user/ros2_ws/install/robotnik_sensors/share/robotnik_sensors//urdf/sick_nanoscan3.urdf.xacro
[0.832s] -- Up-to-date: /home/user/ros2_ws/install/robotnik_sensors/share/robotnik_sensors//urdf/benewake_ce30d.urdf.xacro
[0.832s] -- Up-to-date: /home/user/ros2_ws/install/robotnik_sensors/share/robotnik_sensors//urdf/asus_xtion_pro.urdf.xacro
[0.832s] -- Up-to-date: /home/user/ros2_ws/install/robotnik_sensors/share/robotnik_sensors//urdf/ouster1.urdf.xacro
[0.832s] -- Up-to-date: /home/user/ros2_ws/install/robotnik_sensors/share/robotnik_sensors//urdf/ueye_cp_gige.urdf.xacro
[0.832s] -- Up-to-date: /home/user/ros2_ws/install/robotnik_sensors/share/robotnik_sensors//urdf/zed2.urdf.xacro
[0.832s] -- Up-to-date: /home/user/ros2_ws/install/robotnik_sensors/share/robotnik_sensors//urdf/hokuyo_ust10lx.urdf.xacro
[0.832s] -- Up-to-date: /home/user/ros2_ws/install/robotnik_sensors/share/robotnik_sensors//urdf/hokuyo3d.urdf.xacro
[0.832s] -- Up-to-date: /home/user/ros2_ws/install/robotnik_sensors/share/robotnik_sensors//urdf/ydlidar_4f.urdf.xacro
[0.833s] -- Up-to-date: /home/user/ros2_ws/install/robotnik_sensors/share/robotnik_sensors//urdf/hokuyo_utm30lx.urdf.xacro
[0.833s] -- Up-to-date: /home/user/ros2_ws/install/robotnik_sensors/share/robotnik_sensors//urdf/lidar_mast.urdf.xacro
[0.833s] -- Up-to-date: /home/user/ros2_ws/install/robotnik_sensors/share/robotnik_sensors//urdf/axis_m5525.urdf.xacro
[0.833s] -- Up-to-date: /home/user/ros2_ws/install/robotnik_sensors/share/robotnik_sensors//urdf/benewake_ce30.urdf.xacro
[0.833s] -- Up-to-date: /home/user/ros2_ws/install/robotnik_sensors/share/robotnik_sensors//urdf/hokuyo_urg04lx.urdf.xacro
[0.833s] -- Up-to-date: /home/user/ros2_ws/install/robotnik_sensors/share/robotnik_sensors//urdf/azure_kinect.urdf.xacro
[0.833s] -- Up-to-date: /home/user/ros2_ws/install/robotnik_sensors/share/robotnik_sensors//urdf/zed.urdf.xacro
[0.833s] -- Up-to-date: /home/user/ros2_ws/install/robotnik_sensors/share/robotnik_sensors//urdf/axis_m5013.urdf.xacro
[0.833s] -- Up-to-date: /home/user/ros2_ws/install/robotnik_sensors/share/robotnik_sensors//urdf/hokuyo_ust20lx.urdf.xacro
[0.834s] -- Up-to-date: /home/user/ros2_ws/install/robotnik_sensors/share/robotnik_sensors//urdf/sick_tim571.urdf.xacro
[0.834s] -- Up-to-date: /home/user/ros2_ws/install/robotnik_sensors/share/robotnik_sensors//urdf/sick_mls.urdf.xacro
[0.834s] -- Up-to-date: /home/user/ros2_ws/install/robotnik_sensors/share/robotnik_sensors//urdf/rs_bpearl.urdf.xacro
[0.928s] Invoked command in '/home/user/ros2_ws/build/robotnik_sensors' returned '0': CMAKE_PREFIX_PATH=${CMAKE_PREFIX_PATH}:/home/simulations/ros2_sims_ws/install/rclrs_tests:/home/simulations/ros2_sims_ws/install/examples_rclrs_minimal_client_service:/home/simulations/ros2_sims_ws/install/sensor_msgs_py:/home/simulations/ros2_sims_ws/install/examples_rclrs_minimal_pub_sub:/home/simulations/ros2_sims_ws/install/examples_rclrs_message_demo:/home/simulations/ros2_sims_ws/install/rclrs:/home/simulations/ros2_sims_ws/install/rosidl_runtime_rs:/home/user/ros2_ws/install/ros2test:/home/user/ros2_ws/install/robotiq_85_driver:/home/user/ros2_ws/install/path_planner_server:/home/user/ros2_ws/install/moveit_configs_utils:/home/user/ros2_ws/install/localization_server:/home/user/ros2_ws/install/cartographer_slam:/opt/ros/humble _=/usr/bin/env /usr/bin/cmake --install /home/user/ros2_ws/build/robotnik_sensors
