[0.112s] Invoking command in '/home/user/ros2_ws/build/barista_alignment': CMAKE_PREFIX_PATH=${CMAKE_PREFIX_PATH}:/home/simulations/ros2_sims_ws/install/rclrs_tests:/home/simulations/ros2_sims_ws/install/examples_rclrs_minimal_client_service:/home/simulations/ros2_sims_ws/install/sensor_msgs_py:/home/simulations/ros2_sims_ws/install/examples_rclrs_minimal_pub_sub:/home/simulations/ros2_sims_ws/install/examples_rclrs_message_demo:/home/simulations/ros2_sims_ws/install/rclrs:/home/simulations/ros2_sims_ws/install/rosidl_runtime_rs:/home/user/ros2_ws/install/ros2test:/home/user/ros2_ws/install/robotiq_85_driver:/home/user/ros2_ws/install/path_planner_server:/home/user/ros2_ws/install/moveit_configs_utils:/home/user/ros2_ws/install/localization_server:/home/user/ros2_ws/install/cartographer_slam:/home/user/ros2_ws/install/aruco_detection_tests:/opt/ros/humble _=/usr/bin/env /usr/bin/cmake --build /home/user/ros2_ws/build/barista_alignment -- -j8 -l8
[0.304s] [  3%] Built target barista_alignment__rs
[0.309s] [  6%] Built target barista_alignment__cpp
[0.345s] [ 15%] Built target barista_alignment__rosidl_generator_c
[0.351s] [ 15%] Built target ament_cmake_python_copy_barista_alignment
[0.459s] [ 25%] Built target barista_alignment__rosidl_typesupport_introspection_c
[0.463s] [ 34%] Built target barista_alignment__rosidl_typesupport_cpp
[0.498s] [ 43%] Built target barista_alignment__rosidl_typesupport_fastrtps_c
[0.500s] [ 53%] Built target barista_alignment__rosidl_typesupport_fastrtps_cpp
[0.513s] [ 62%] Built target barista_alignment__rosidl_typesupport_introspection_cpp
[0.543s] [ 71%] Built target barista_alignment__rosidl_typesupport_c
[0.658s] [ 71%] Built target barista_alignment
[0.860s] [ 75%] Built target barista_alignment__py
[0.963s] running egg_info
[0.964s] writing barista_alignment.egg-info/PKG-INFO
[0.965s] writing dependency_links to barista_alignment.egg-info/dependency_links.txt
[0.965s] writing top-level names to barista_alignment.egg-info/top_level.txt
[0.968s] reading manifest file 'barista_alignment.egg-info/SOURCES.txt'
[0.968s] writing manifest file 'barista_alignment.egg-info/SOURCES.txt'
[1.058s] [ 75%] Built target ament_cmake_python_build_barista_alignment_egg
[1.073s] [ 81%] Built target barista_alignment__rosidl_generator_py
[1.193s] [ 87%] Built target barista_alignment__rosidl_typesupport_fastrtps_c__pyext
[1.193s] [ 93%] Built target barista_alignment__rosidl_typesupport_introspection_c__pyext
[1.210s] [100%] Built target barista_alignment__rosidl_typesupport_c__pyext
[1.235s] Invoked command in '/home/user/ros2_ws/build/barista_alignment' returned '0': CMAKE_PREFIX_PATH=${CMAKE_PREFIX_PATH}:/home/simulations/ros2_sims_ws/install/rclrs_tests:/home/simulations/ros2_sims_ws/install/examples_rclrs_minimal_client_service:/home/simulations/ros2_sims_ws/install/sensor_msgs_py:/home/simulations/ros2_sims_ws/install/examples_rclrs_minimal_pub_sub:/home/simulations/ros2_sims_ws/install/examples_rclrs_message_demo:/home/simulations/ros2_sims_ws/install/rclrs:/home/simulations/ros2_sims_ws/install/rosidl_runtime_rs:/home/user/ros2_ws/install/ros2test:/home/user/ros2_ws/install/robotiq_85_driver:/home/user/ros2_ws/install/path_planner_server:/home/user/ros2_ws/install/moveit_configs_utils:/home/user/ros2_ws/install/localization_server:/home/user/ros2_ws/install/cartographer_slam:/home/user/ros2_ws/install/aruco_detection_tests:/opt/ros/humble _=/usr/bin/env /usr/bin/cmake --build /home/user/ros2_ws/build/barista_alignment -- -j8 -l8
[1.888s] Invoking command in '/home/user/ros2_ws/build/barista_alignment': CMAKE_PREFIX_PATH=${CMAKE_PREFIX_PATH}:/home/simulations/ros2_sims_ws/install/rclrs_tests:/home/simulations/ros2_sims_ws/install/examples_rclrs_minimal_client_service:/home/simulations/ros2_sims_ws/install/sensor_msgs_py:/home/simulations/ros2_sims_ws/install/examples_rclrs_minimal_pub_sub:/home/simulations/ros2_sims_ws/install/examples_rclrs_message_demo:/home/simulations/ros2_sims_ws/install/rclrs:/home/simulations/ros2_sims_ws/install/rosidl_runtime_rs:/home/user/ros2_ws/install/ros2test:/home/user/ros2_ws/install/robotiq_85_driver:/home/user/ros2_ws/install/path_planner_server:/home/user/ros2_ws/install/moveit_configs_utils:/home/user/ros2_ws/install/localization_server:/home/user/ros2_ws/install/cartographer_slam:/home/user/ros2_ws/install/aruco_detection_tests:/opt/ros/humble _=/usr/bin/env /usr/bin/cmake --install /home/user/ros2_ws/build/barista_alignment
[1.912s] -- Install configuration: ""
[1.912s] -- Up-to-date: /home/user/ros2_ws/install/barista_alignment/share/barista_alignment//launch
[1.913s] -- Up-to-date: /home/user/ros2_ws/install/barista_alignment/share/barista_alignment//launch/barista_2_align_server.launch.xml
[1.913s] -- Up-to-date: /home/user/ros2_ws/install/barista_alignment/share/barista_alignment//launch/barista_1_align_server.launch.xml
[1.913s] -- Up-to-date: /home/user/ros2_ws/install/barista_alignment/share/ament_index/resource_index/rosidl_interfaces/barista_alignment
[1.913s] -- Up-to-date: /home/user/ros2_ws/install/barista_alignment/include/barista_alignment/barista_alignment
[1.914s] -- Up-to-date: /home/user/ros2_ws/install/barista_alignment/include/barista_alignment/barista_alignment/msg
[1.914s] -- Up-to-date: /home/user/ros2_ws/install/barista_alignment/include/barista_alignment/barista_alignment/msg/rosidl_generator_c__visibility_control.h
[1.914s] -- Up-to-date: /home/user/ros2_ws/install/barista_alignment/include/barista_alignment/barista_alignment/action
[1.915s] -- Up-to-date: /home/user/ros2_ws/install/barista_alignment/include/barista_alignment/barista_alignment/action/detail
[1.915s] -- Up-to-date: /home/user/ros2_ws/install/barista_alignment/include/barista_alignment/barista_alignment/action/detail/align_barista__struct.h
[1.915s] -- Up-to-date: /home/user/ros2_ws/install/barista_alignment/include/barista_alignment/barista_alignment/action/detail/align_barista__type_support.h
[1.915s] -- Up-to-date: /home/user/ros2_ws/install/barista_alignment/include/barista_alignment/barista_alignment/action/detail/align_barista__functions.h
[1.915s] -- Up-to-date: /home/user/ros2_ws/install/barista_alignment/include/barista_alignment/barista_alignment/action/detail/align_barista__functions.c
[1.916s] -- Up-to-date: /home/user/ros2_ws/install/barista_alignment/include/barista_alignment/barista_alignment/action/align_barista.h
[1.916s] -- Up-to-date: /home/user/ros2_ws/install/barista_alignment/share/barista_alignment/environment/library_path.sh
[1.916s] -- Up-to-date: /home/user/ros2_ws/install/barista_alignment/share/barista_alignment/environment/library_path.dsv
[1.917s] -- Up-to-date: /home/user/ros2_ws/install/barista_alignment/lib/libbarista_alignment__rosidl_generator_c.so
[1.917s] -- Up-to-date: /home/user/ros2_ws/install/barista_alignment/include/barista_alignment/barista_alignment
[1.917s] -- Up-to-date: /home/user/ros2_ws/install/barista_alignment/include/barista_alignment/barista_alignment/msg
[1.917s] -- Up-to-date: /home/user/ros2_ws/install/barista_alignment/include/barista_alignment/barista_alignment/msg/rosidl_typesupport_fastrtps_c__visibility_control.h
[1.918s] -- Up-to-date: /home/user/ros2_ws/install/barista_alignment/include/barista_alignment/barista_alignment/action
[1.918s] -- Up-to-date: /home/user/ros2_ws/install/barista_alignment/include/barista_alignment/barista_alignment/action/detail
[1.918s] -- Up-to-date: /home/user/ros2_ws/install/barista_alignment/include/barista_alignment/barista_alignment/action/detail/align_barista__rosidl_typesupport_fastrtps_c.h
[1.919s] -- Up-to-date: /home/user/ros2_ws/install/barista_alignment/lib/libbarista_alignment__rosidl_typesupport_fastrtps_c.so
[1.919s] -- Up-to-date: /home/user/ros2_ws/install/barista_alignment/include/barista_alignment/barista_alignment
[1.919s] -- Up-to-date: /home/user/ros2_ws/install/barista_alignment/include/barista_alignment/barista_alignment/action
[1.919s] -- Up-to-date: /home/user/ros2_ws/install/barista_alignment/include/barista_alignment/barista_alignment/action/detail
[1.919s] -- Up-to-date: /home/user/ros2_ws/install/barista_alignment/include/barista_alignment/barista_alignment/action/detail/align_barista__struct.hpp
[1.920s] -- Up-to-date: /home/user/ros2_ws/install/barista_alignment/include/barista_alignment/barista_alignment/action/detail/align_barista__builder.hpp
[1.920s] -- Up-to-date: /home/user/ros2_ws/install/barista_alignment/include/barista_alignment/barista_alignment/action/detail/align_barista__traits.hpp
[1.920s] -- Up-to-date: /home/user/ros2_ws/install/barista_alignment/include/barista_alignment/barista_alignment/action/align_barista.hpp
[1.920s] -- Up-to-date: /home/user/ros2_ws/install/barista_alignment/include/barista_alignment/barista_alignment
[1.920s] -- Up-to-date: /home/user/ros2_ws/install/barista_alignment/include/barista_alignment/barista_alignment/msg
[1.920s] -- Up-to-date: /home/user/ros2_ws/install/barista_alignment/include/barista_alignment/barista_alignment/msg/rosidl_typesupport_fastrtps_cpp__visibility_control.h
[1.921s] -- Up-to-date: /home/user/ros2_ws/install/barista_alignment/include/barista_alignment/barista_alignment/action
[1.921s] -- Up-to-date: /home/user/ros2_ws/install/barista_alignment/include/barista_alignment/barista_alignment/action/detail
[1.921s] -- Up-to-date: /home/user/ros2_ws/install/barista_alignment/include/barista_alignment/barista_alignment/action/detail/align_barista__rosidl_typesupport_fastrtps_cpp.hpp
[1.921s] -- Up-to-date: /home/user/ros2_ws/install/barista_alignment/include/barista_alignment/barista_alignment/action/detail/dds_fastrtps
[1.921s] -- Up-to-date: /home/user/ros2_ws/install/barista_alignment/lib/libbarista_alignment__rosidl_typesupport_fastrtps_cpp.so
[1.921s] -- Up-to-date: /home/user/ros2_ws/install/barista_alignment/include/barista_alignment/barista_alignment
[1.921s] -- Up-to-date: /home/user/ros2_ws/install/barista_alignment/include/barista_alignment/barista_alignment/msg
[1.921s] -- Up-to-date: /home/user/ros2_ws/install/barista_alignment/include/barista_alignment/barista_alignment/msg/rosidl_typesupport_introspection_c__visibility_control.h
[1.922s] -- Up-to-date: /home/user/ros2_ws/install/barista_alignment/include/barista_alignment/barista_alignment/action
[1.922s] -- Up-to-date: /home/user/ros2_ws/install/barista_alignment/include/barista_alignment/barista_alignment/action/detail
[1.922s] -- Up-to-date: /home/user/ros2_ws/install/barista_alignment/include/barista_alignment/barista_alignment/action/detail/align_barista__rosidl_typesupport_introspection_c.h
[1.922s] -- Up-to-date: /home/user/ros2_ws/install/barista_alignment/include/barista_alignment/barista_alignment/action/detail/align_barista__type_support.c
[1.922s] -- Up-to-date: /home/user/ros2_ws/install/barista_alignment/lib/libbarista_alignment__rosidl_typesupport_introspection_c.so
[1.922s] -- Up-to-date: /home/user/ros2_ws/install/barista_alignment/lib/libbarista_alignment__rosidl_typesupport_c.so
[1.922s] -- Up-to-date: /home/user/ros2_ws/install/barista_alignment/include/barista_alignment/barista_alignment
[1.922s] -- Up-to-date: /home/user/ros2_ws/install/barista_alignment/include/barista_alignment/barista_alignment/action
[1.923s] -- Up-to-date: /home/user/ros2_ws/install/barista_alignment/include/barista_alignment/barista_alignment/action/detail
[1.923s] -- Up-to-date: /home/user/ros2_ws/install/barista_alignment/include/barista_alignment/barista_alignment/action/detail/align_barista__type_support.cpp
[1.923s] -- Up-to-date: /home/user/ros2_ws/install/barista_alignment/include/barista_alignment/barista_alignment/action/detail/align_barista__rosidl_typesupport_introspection_cpp.hpp
[1.923s] -- Up-to-date: /home/user/ros2_ws/install/barista_alignment/lib/libbarista_alignment__rosidl_typesupport_introspection_cpp.so
[1.923s] -- Up-to-date: /home/user/ros2_ws/install/barista_alignment/lib/libbarista_alignment__rosidl_typesupport_cpp.so
[1.924s] -- Up-to-date: /home/user/ros2_ws/install/barista_alignment/share/ament_index/resource_index/rust_packages/barista_alignment
[1.924s] -- Up-to-date: /home/user/ros2_ws/install/barista_alignment/share/barista_alignment/rust
[1.924s] -- Up-to-date: /home/user/ros2_ws/install/barista_alignment/share/barista_alignment/rust/Cargo.toml
[1.924s] -- Up-to-date: /home/user/ros2_ws/install/barista_alignment/share/barista_alignment/rust/src
[1.925s] -- Up-to-date: /home/user/ros2_ws/install/barista_alignment/share/barista_alignment/rust/src/lib.rs
[1.925s] -- Up-to-date: /home/user/ros2_ws/install/barista_alignment/share/barista_alignment/rust/build.rs
[1.925s] -- Up-to-date: /home/user/ros2_ws/install/barista_alignment/share/barista_alignment/rust
[1.925s] -- Up-to-date: /home/user/ros2_ws/install/barista_alignment/share/barista_alignment/rust/Cargo.toml
[1.925s] -- Up-to-date: /home/user/ros2_ws/install/barista_alignment/share/barista_alignment/rust/src
[1.926s] -- Up-to-date: /home/user/ros2_ws/install/barista_alignment/share/barista_alignment/rust/src/lib.rs
[1.926s] -- Up-to-date: /home/user/ros2_ws/install/barista_alignment/share/barista_alignment/rust/build.rs
[1.926s] -- Up-to-date: /home/user/ros2_ws/install/barista_alignment/share/barista_alignment/rust
[1.926s] -- Up-to-date: /home/user/ros2_ws/install/barista_alignment/share/barista_alignment/rust/Cargo.toml
[1.926s] -- Up-to-date: /home/user/ros2_ws/install/barista_alignment/share/barista_alignment/rust/src
[1.926s] -- Up-to-date: /home/user/ros2_ws/install/barista_alignment/share/barista_alignment/rust/src/lib.rs
[1.926s] -- Up-to-date: /home/user/ros2_ws/install/barista_alignment/share/barista_alignment/rust/build.rs
[1.927s] -- Up-to-date: /home/user/ros2_ws/install/barista_alignment/share/barista_alignment/environment/pythonpath.sh
[1.927s] -- Up-to-date: /home/user/ros2_ws/install/barista_alignment/share/barista_alignment/environment/pythonpath.dsv
[1.927s] -- Up-to-date: /home/user/ros2_ws/install/barista_alignment/local/lib/python3.10/dist-packages/barista_alignment-0.0.0-py3.10.egg-info
[1.927s] -- Installing: /home/user/ros2_ws/install/barista_alignment/local/lib/python3.10/dist-packages/barista_alignment-0.0.0-py3.10.egg-info/PKG-INFO
[1.927s] -- Installing: /home/user/ros2_ws/install/barista_alignment/local/lib/python3.10/dist-packages/barista_alignment-0.0.0-py3.10.egg-info/top_level.txt
[1.927s] -- Installing: /home/user/ros2_ws/install/barista_alignment/local/lib/python3.10/dist-packages/barista_alignment-0.0.0-py3.10.egg-info/SOURCES.txt
[1.927s] -- Installing: /home/user/ros2_ws/install/barista_alignment/local/lib/python3.10/dist-packages/barista_alignment-0.0.0-py3.10.egg-info/dependency_links.txt
[1.928s] -- Up-to-date: /home/user/ros2_ws/install/barista_alignment/local/lib/python3.10/dist-packages/barista_alignment
[1.928s] -- Up-to-date: /home/user/ros2_ws/install/barista_alignment/local/lib/python3.10/dist-packages/barista_alignment/barista_alignment_s__rosidl_typesupport_c.cpython-310-x86_64-linux-gnu.so
[1.928s] -- Up-to-date: /home/user/ros2_ws/install/barista_alignment/local/lib/python3.10/dist-packages/barista_alignment/_barista_alignment_s.ep.rosidl_typesupport_c.c
[1.928s] -- Up-to-date: /home/user/ros2_ws/install/barista_alignment/local/lib/python3.10/dist-packages/barista_alignment/barista_alignment_s__rosidl_typesupport_introspection_c.cpython-310-x86_64-linux-gnu.so
[1.928s] -- Up-to-date: /home/user/ros2_ws/install/barista_alignment/local/lib/python3.10/dist-packages/barista_alignment/__init__.py
[1.928s] -- Up-to-date: /home/user/ros2_ws/install/barista_alignment/local/lib/python3.10/dist-packages/barista_alignment/_barista_alignment_s.ep.rosidl_typesupport_introspection_c.c
[1.929s] -- Up-to-date: /home/user/ros2_ws/install/barista_alignment/local/lib/python3.10/dist-packages/barista_alignment/barista_alignment_s__rosidl_typesupport_fastrtps_c.cpython-310-x86_64-linux-gnu.so
[1.929s] -- Up-to-date: /home/user/ros2_ws/install/barista_alignment/local/lib/python3.10/dist-packages/barista_alignment/libbarista_alignment__rosidl_generator_py.so
[1.930s] -- Up-to-date: /home/user/ros2_ws/install/barista_alignment/local/lib/python3.10/dist-packages/barista_alignment/action
[1.930s] -- Up-to-date: /home/user/ros2_ws/install/barista_alignment/local/lib/python3.10/dist-packages/barista_alignment/action/_align_barista_s.c
[1.930s] -- Up-to-date: /home/user/ros2_ws/install/barista_alignment/local/lib/python3.10/dist-packages/barista_alignment/action/__init__.py
[1.930s] -- Up-to-date: /home/user/ros2_ws/install/barista_alignment/local/lib/python3.10/dist-packages/barista_alignment/action/_align_barista.py
[1.930s] -- Up-to-date: /home/user/ros2_ws/install/barista_alignment/local/lib/python3.10/dist-packages/barista_alignment/_barista_alignment_s.ep.rosidl_typesupport_fastrtps_c.c
[1.999s] Listing '/home/user/ros2_ws/install/barista_alignment/local/lib/python3.10/dist-packages/barista_alignment'...
[1.999s] Listing '/home/user/ros2_ws/install/barista_alignment/local/lib/python3.10/dist-packages/barista_alignment/action'...
[2.006s] -- Up-to-date: /home/user/ros2_ws/install/barista_alignment/local/lib/python3.10/dist-packages/barista_alignment/barista_alignment_s__rosidl_typesupport_fastrtps_c.cpython-310-x86_64-linux-gnu.so
[2.007s] -- Up-to-date: /home/user/ros2_ws/install/barista_alignment/local/lib/python3.10/dist-packages/barista_alignment/barista_alignment_s__rosidl_typesupport_introspection_c.cpython-310-x86_64-linux-gnu.so
[2.007s] -- Up-to-date: /home/user/ros2_ws/install/barista_alignment/local/lib/python3.10/dist-packages/barista_alignment/barista_alignment_s__rosidl_typesupport_c.cpython-310-x86_64-linux-gnu.so
[2.007s] -- Up-to-date: /home/user/ros2_ws/install/barista_alignment/lib/libbarista_alignment__rosidl_generator_py.so
[2.007s] -- Up-to-date: /home/user/ros2_ws/install/barista_alignment/share/barista_alignment/action/AlignBarista.idl
[2.007s] -- Up-to-date: /home/user/ros2_ws/install/barista_alignment/share/barista_alignment/action/AlignBarista.action
[2.007s] -- Up-to-date: /home/user/ros2_ws/install/barista_alignment/lib/barista_alignment/align_barista.py
[2.008s] -- Up-to-date: /home/user/ros2_ws/install/barista_alignment/share/ament_index/resource_index/package_run_dependencies/barista_alignment
[2.008s] -- Up-to-date: /home/user/ros2_ws/install/barista_alignment/share/ament_index/resource_index/parent_prefix_path/barista_alignment
[2.008s] -- Up-to-date: /home/user/ros2_ws/install/barista_alignment/share/barista_alignment/environment/ament_prefix_path.sh
[2.008s] -- Up-to-date: /home/user/ros2_ws/install/barista_alignment/share/barista_alignment/environment/ament_prefix_path.dsv
[2.009s] -- Up-to-date: /home/user/ros2_ws/install/barista_alignment/share/barista_alignment/environment/path.sh
[2.009s] -- Up-to-date: /home/user/ros2_ws/install/barista_alignment/share/barista_alignment/environment/path.dsv
[2.009s] -- Up-to-date: /home/user/ros2_ws/install/barista_alignment/share/barista_alignment/local_setup.bash
[2.009s] -- Up-to-date: /home/user/ros2_ws/install/barista_alignment/share/barista_alignment/local_setup.sh
[2.009s] -- Up-to-date: /home/user/ros2_ws/install/barista_alignment/share/barista_alignment/local_setup.zsh
[2.009s] -- Up-to-date: /home/user/ros2_ws/install/barista_alignment/share/barista_alignment/local_setup.dsv
[2.010s] -- Installing: /home/user/ros2_ws/install/barista_alignment/share/barista_alignment/package.dsv
[2.010s] -- Up-to-date: /home/user/ros2_ws/install/barista_alignment/share/ament_index/resource_index/packages/barista_alignment
[2.010s] -- Up-to-date: /home/user/ros2_ws/install/barista_alignment/share/barista_alignment/cmake/export_barista_alignment__rosidl_generator_cExport.cmake
[2.010s] -- Up-to-date: /home/user/ros2_ws/install/barista_alignment/share/barista_alignment/cmake/export_barista_alignment__rosidl_generator_cExport-noconfig.cmake
[2.010s] -- Up-to-date: /home/user/ros2_ws/install/barista_alignment/share/barista_alignment/cmake/export_barista_alignment__rosidl_typesupport_fastrtps_cExport.cmake
[2.011s] -- Up-to-date: /home/user/ros2_ws/install/barista_alignment/share/barista_alignment/cmake/export_barista_alignment__rosidl_typesupport_fastrtps_cExport-noconfig.cmake
[2.011s] -- Up-to-date: /home/user/ros2_ws/install/barista_alignment/share/barista_alignment/cmake/export_barista_alignment__rosidl_generator_cppExport.cmake
[2.011s] -- Up-to-date: /home/user/ros2_ws/install/barista_alignment/share/barista_alignment/cmake/export_barista_alignment__rosidl_typesupport_fastrtps_cppExport.cmake
[2.012s] -- Up-to-date: /home/user/ros2_ws/install/barista_alignment/share/barista_alignment/cmake/export_barista_alignment__rosidl_typesupport_fastrtps_cppExport-noconfig.cmake
[2.012s] -- Up-to-date: /home/user/ros2_ws/install/barista_alignment/share/barista_alignment/cmake/barista_alignment__rosidl_typesupport_introspection_cExport.cmake
[2.012s] -- Up-to-date: /home/user/ros2_ws/install/barista_alignment/share/barista_alignment/cmake/barista_alignment__rosidl_typesupport_introspection_cExport-noconfig.cmake
[2.013s] -- Up-to-date: /home/user/ros2_ws/install/barista_alignment/share/barista_alignment/cmake/barista_alignment__rosidl_typesupport_cExport.cmake
[2.013s] -- Up-to-date: /home/user/ros2_ws/install/barista_alignment/share/barista_alignment/cmake/barista_alignment__rosidl_typesupport_cExport-noconfig.cmake
[2.013s] -- Up-to-date: /home/user/ros2_ws/install/barista_alignment/share/barista_alignment/cmake/barista_alignment__rosidl_typesupport_introspection_cppExport.cmake
[2.013s] -- Up-to-date: /home/user/ros2_ws/install/barista_alignment/share/barista_alignment/cmake/barista_alignment__rosidl_typesupport_introspection_cppExport-noconfig.cmake
[2.013s] -- Up-to-date: /home/user/ros2_ws/install/barista_alignment/share/barista_alignment/cmake/barista_alignment__rosidl_typesupport_cppExport.cmake
[2.013s] -- Up-to-date: /home/user/ros2_ws/install/barista_alignment/share/barista_alignment/cmake/barista_alignment__rosidl_typesupport_cppExport-noconfig.cmake
[2.013s] -- Up-to-date: /home/user/ros2_ws/install/barista_alignment/share/barista_alignment/cmake/export_barista_alignment__rosidl_generator_pyExport.cmake
[2.014s] -- Up-to-date: /home/user/ros2_ws/install/barista_alignment/share/barista_alignment/cmake/export_barista_alignment__rosidl_generator_pyExport-noconfig.cmake
[2.014s] -- Up-to-date: /home/user/ros2_ws/install/barista_alignment/share/barista_alignment/cmake/rosidl_cmake-extras.cmake
[2.014s] -- Up-to-date: /home/user/ros2_ws/install/barista_alignment/share/barista_alignment/cmake/ament_cmake_export_dependencies-extras.cmake
[2.014s] -- Up-to-date: /home/user/ros2_ws/install/barista_alignment/share/barista_alignment/cmake/ament_cmake_export_include_directories-extras.cmake
[2.014s] -- Up-to-date: /home/user/ros2_ws/install/barista_alignment/share/barista_alignment/cmake/ament_cmake_export_libraries-extras.cmake
[2.014s] -- Up-to-date: /home/user/ros2_ws/install/barista_alignment/share/barista_alignment/cmake/ament_cmake_export_targets-extras.cmake
[2.015s] -- Up-to-date: /home/user/ros2_ws/install/barista_alignment/share/barista_alignment/cmake/rosidl_cmake_export_typesupport_targets-extras.cmake
[2.015s] -- Up-to-date: /home/user/ros2_ws/install/barista_alignment/share/barista_alignment/cmake/rosidl_cmake_export_typesupport_libraries-extras.cmake
[2.015s] -- Up-to-date: /home/user/ros2_ws/install/barista_alignment/share/barista_alignment/cmake/barista_alignmentConfig.cmake
[2.015s] -- Up-to-date: /home/user/ros2_ws/install/barista_alignment/share/barista_alignment/cmake/barista_alignmentConfig-version.cmake
[2.015s] -- Up-to-date: /home/user/ros2_ws/install/barista_alignment/share/barista_alignment/package.xml
[2.355s] Invoked command in '/home/user/ros2_ws/build/barista_alignment' returned '0': CMAKE_PREFIX_PATH=${CMAKE_PREFIX_PATH}:/home/simulations/ros2_sims_ws/install/rclrs_tests:/home/simulations/ros2_sims_ws/install/examples_rclrs_minimal_client_service:/home/simulations/ros2_sims_ws/install/sensor_msgs_py:/home/simulations/ros2_sims_ws/install/examples_rclrs_minimal_pub_sub:/home/simulations/ros2_sims_ws/install/examples_rclrs_message_demo:/home/simulations/ros2_sims_ws/install/rclrs:/home/simulations/ros2_sims_ws/install/rosidl_runtime_rs:/home/user/ros2_ws/install/ros2test:/home/user/ros2_ws/install/robotiq_85_driver:/home/user/ros2_ws/install/path_planner_server:/home/user/ros2_ws/install/moveit_configs_utils:/home/user/ros2_ws/install/localization_server:/home/user/ros2_ws/install/cartographer_slam:/home/user/ros2_ws/install/aruco_detection_tests:/opt/ros/humble _=/usr/bin/env /usr/bin/cmake --install /home/user/ros2_ws/build/barista_alignment
