-- Install configuration: ""
-- Up-to-date: /home/user/ros2_ws/install/the_construct_office_gazebo/share/ament_index/resource_index/package_run_dependencies/the_construct_office_gazebo
-- Up-to-date: /home/user/ros2_ws/install/the_construct_office_gazebo/share/ament_index/resource_index/parent_prefix_path/the_construct_office_gazebo
-- Up-to-date: /home/user/ros2_ws/install/the_construct_office_gazebo/share/the_construct_office_gazebo/environment/ament_prefix_path.sh
-- Up-to-date: /home/user/ros2_ws/install/the_construct_office_gazebo/share/the_construct_office_gazebo/environment/ament_prefix_path.dsv
-- Up-to-date: /home/user/ros2_ws/install/the_construct_office_gazebo/share/the_construct_office_gazebo/environment/path.sh
-- Up-to-date: /home/user/ros2_ws/install/the_construct_office_gazebo/share/the_construct_office_gazebo/environment/path.dsv
-- Up-to-date: /home/user/ros2_ws/install/the_construct_office_gazebo/share/the_construct_office_gazebo/local_setup.bash
-- Up-to-date: /home/user/ros2_ws/install/the_construct_office_gazebo/share/the_construct_office_gazebo/local_setup.sh
-- Up-to-date: /home/user/ros2_ws/install/the_construct_office_gazebo/share/the_construct_office_gazebo/local_setup.zsh
-- Up-to-date: /home/user/ros2_ws/install/the_construct_office_gazebo/share/the_construct_office_gazebo/local_setup.dsv
-- Installing: /home/user/ros2_ws/install/the_construct_office_gazebo/share/the_construct_office_gazebo/package.dsv
-- Up-to-date: /home/user/ros2_ws/install/the_construct_office_gazebo/share/ament_index/resource_index/packages/the_construct_office_gazebo
-- Up-to-date: /home/user/ros2_ws/install/the_construct_office_gazebo/share/the_construct_office_gazebo/cmake/the_construct_office_gazeboConfig.cmake
-- Up-to-date: /home/user/ros2_ws/install/the_construct_office_gazebo/share/the_construct_office_gazebo/cmake/the_construct_office_gazeboConfig-version.cmake
-- Up-to-date: /home/user/ros2_ws/install/the_construct_office_gazebo/share/the_construct_office_gazebo/package.xml
-- Up-to-date: /home/user/ros2_ws/install/the_construct_office_gazebo/share/the_construct_office_gazebo/launch
-- Up-to-date: /home/user/ros2_ws/install/the_construct_office_gazebo/share/the_construct_office_gazebo/launch/starbots_ur3e.launch.xml
-- Up-to-date: /home/user/ros2_ws/install/the_construct_office_gazebo/share/the_construct_office_gazebo/launch/start_world.launch.py
-- Up-to-date: /home/user/ros2_ws/install/the_construct_office_gazebo/share/the_construct_office_gazebo/models
-- Up-to-date: /home/user/ros2_ws/install/the_construct_office_gazebo/share/the_construct_office_gazebo/models/portable_cup_2
-- Up-to-date: /home/user/ros2_ws/install/the_construct_office_gazebo/share/the_construct_office_gazebo/models/portable_cup_2/model.sdf
-- Up-to-date: /home/user/ros2_ws/install/the_construct_office_gazebo/share/the_construct_office_gazebo/models/portable_cup_2/meshes
-- Up-to-date: /home/user/ros2_ws/install/the_construct_office_gazebo/share/the_construct_office_gazebo/models/portable_cup_2/meshes/model
-- Up-to-date: /home/user/ros2_ws/install/the_construct_office_gazebo/share/the_construct_office_gazebo/models/portable_cup_2/meshes/model/Starbucks_ring.png
-- Up-to-date: /home/user/ros2_ws/install/the_construct_office_gazebo/share/the_construct_office_gazebo/models/portable_cup_2/meshes/portable_cup_2.dae
-- Up-to-date: /home/user/ros2_ws/install/the_construct_office_gazebo/share/the_construct_office_gazebo/models/portable_cup_2/meshes/Starbucks_ring.png
-- Up-to-date: /home/user/ros2_ws/install/the_construct_office_gazebo/share/the_construct_office_gazebo/models/portable_cup_2/meshes/cup_col.stl
-- Up-to-date: /home/user/ros2_ws/install/the_construct_office_gazebo/share/the_construct_office_gazebo/models/portable_cup_2/meshes/Starbucks_ring_old.png
-- Up-to-date: /home/user/ros2_ws/install/the_construct_office_gazebo/share/the_construct_office_gazebo/models/portable_cup_2/model.config
-- Up-to-date: /home/user/ros2_ws/install/the_construct_office_gazebo/share/the_construct_office_gazebo/models/wall
-- Up-to-date: /home/user/ros2_ws/install/the_construct_office_gazebo/share/the_construct_office_gazebo/models/wall/model.sdf
-- Up-to-date: /home/user/ros2_ws/install/the_construct_office_gazebo/share/the_construct_office_gazebo/models/wall/model.config
-- Up-to-date: /home/user/ros2_ws/install/the_construct_office_gazebo/share/the_construct_office_gazebo/models/starbots_bartender_dispenser
-- Up-to-date: /home/user/ros2_ws/install/the_construct_office_gazebo/share/the_construct_office_gazebo/models/starbots_bartender_dispenser/model.sdf
-- Up-to-date: /home/user/ros2_ws/install/the_construct_office_gazebo/share/the_construct_office_gazebo/models/starbots_bartender_dispenser/model.config
-- Up-to-date: /home/user/ros2_ws/install/the_construct_office_gazebo/share/the_construct_office_gazebo/models/coffee_machine
-- Up-to-date: /home/user/ros2_ws/install/the_construct_office_gazebo/share/the_construct_office_gazebo/models/coffee_machine/model.sdf
-- Up-to-date: /home/user/ros2_ws/install/the_construct_office_gazebo/share/the_construct_office_gazebo/models/coffee_machine/meshes
-- Up-to-date: /home/user/ros2_ws/install/the_construct_office_gazebo/share/the_construct_office_gazebo/models/coffee_machine/meshes/scene.bin
-- Up-to-date: /home/user/ros2_ws/install/the_construct_office_gazebo/share/the_construct_office_gazebo/models/coffee_machine/meshes/cafeteria.dae
-- Up-to-date: /home/user/ros2_ws/install/the_construct_office_gazebo/share/the_construct_office_gazebo/models/coffee_machine/meshes/scene.gltf
-- Up-to-date: /home/user/ros2_ws/install/the_construct_office_gazebo/share/the_construct_office_gazebo/models/coffee_machine/meshes/license.txt
-- Up-to-date: /home/user/ros2_ws/install/the_construct_office_gazebo/share/the_construct_office_gazebo/models/coffee_machine/meshes/Display_baseColor.jpeg
-- Up-to-date: /home/user/ros2_ws/install/the_construct_office_gazebo/share/the_construct_office_gazebo/models/coffee_machine/meshes/textures
-- Up-to-date: /home/user/ros2_ws/install/the_construct_office_gazebo/share/the_construct_office_gazebo/models/coffee_machine/meshes/textures/Wood_baseColor.jpeg
-- Up-to-date: /home/user/ros2_ws/install/the_construct_office_gazebo/share/the_construct_office_gazebo/models/coffee_machine/meshes/textures/Display_baseColor.jpeg
-- Up-to-date: /home/user/ros2_ws/install/the_construct_office_gazebo/share/the_construct_office_gazebo/models/coffee_machine/model.config
-- Up-to-date: /home/user/ros2_ws/install/the_construct_office_gazebo/share/the_construct_office_gazebo/models/ground_plane
-- Up-to-date: /home/user/ros2_ws/install/the_construct_office_gazebo/share/the_construct_office_gazebo/models/ground_plane/model-1_2.sdf
-- Up-to-date: /home/user/ros2_ws/install/the_construct_office_gazebo/share/the_construct_office_gazebo/models/ground_plane/model-1_3.sdf
-- Up-to-date: /home/user/ros2_ws/install/the_construct_office_gazebo/share/the_construct_office_gazebo/models/ground_plane/model.sdf
-- Up-to-date: /home/user/ros2_ws/install/the_construct_office_gazebo/share/the_construct_office_gazebo/models/ground_plane/model-1_4.sdf
-- Up-to-date: /home/user/ros2_ws/install/the_construct_office_gazebo/share/the_construct_office_gazebo/models/ground_plane/model.config
-- Up-to-date: /home/user/ros2_ws/install/the_construct_office_gazebo/share/the_construct_office_gazebo/models/barista_model
-- Up-to-date: /home/user/ros2_ws/install/the_construct_office_gazebo/share/the_construct_office_gazebo/models/barista_model/model.sdf
-- Up-to-date: /home/user/ros2_ws/install/the_construct_office_gazebo/share/the_construct_office_gazebo/models/barista_model/meshes
-- Up-to-date: /home/user/ros2_ws/install/the_construct_office_gazebo/share/the_construct_office_gazebo/models/barista_model/meshes/TOP_fixed_color.dae
-- Up-to-date: /home/user/ros2_ws/install/the_construct_office_gazebo/share/the_construct_office_gazebo/models/barista_model/meshes/TOP_colour_1.dae
-- Up-to-date: /home/user/ros2_ws/install/the_construct_office_gazebo/share/the_construct_office_gazebo/models/barista_model/model.config
-- Up-to-date: /home/user/ros2_ws/install/the_construct_office_gazebo/share/the_construct_office_gazebo/models/sun
-- Up-to-date: /home/user/ros2_ws/install/the_construct_office_gazebo/share/the_construct_office_gazebo/models/sun/model-1_2.sdf
-- Up-to-date: /home/user/ros2_ws/install/the_construct_office_gazebo/share/the_construct_office_gazebo/models/sun/model-1_3.sdf
-- Up-to-date: /home/user/ros2_ws/install/the_construct_office_gazebo/share/the_construct_office_gazebo/models/sun/model.sdf
-- Up-to-date: /home/user/ros2_ws/install/the_construct_office_gazebo/share/the_construct_office_gazebo/models/sun/model-1_4.sdf
-- Up-to-date: /home/user/ros2_ws/install/the_construct_office_gazebo/share/the_construct_office_gazebo/models/sun/model.config
-- Up-to-date: /home/user/ros2_ws/install/the_construct_office_gazebo/share/the_construct_office_gazebo/worlds
-- Up-to-date: /home/user/ros2_ws/install/the_construct_office_gazebo/share/the_construct_office_gazebo/worlds/starbots_complete.world
