[3.979s] Invoking command in '/home/user/ros2_ws/src/universal_robot_ros2/barista_ros2/barista_navigation/path_planner_server': PYTHONPATH=/home/user/ros2_ws/build/path_planner_server/prefix_override:/home/user/ros2_ws/install/path_planner_server/lib/python3.10/site-packages:${PYTHONPATH} _=/usr/bin/env /usr/bin/python3 setup.py egg_info --egg-base ../../../../../build/path_planner_server build --build-base /home/user/ros2_ws/build/path_planner_server/build install --record /home/user/ros2_ws/build/path_planner_server/install.log --single-version-externally-managed
[6.006s] /usr/lib/python3/dist-packages/setuptools/command/install.py:34: SetuptoolsDeprecationWarning: setup.py install is deprecated. Use build and pip and other standards-based tools.
[6.006s]   warnings.warn(
[6.008s] running egg_info
[6.008s] writing ../../../../../build/path_planner_server/path_planner_server.egg-info/PKG-INFO
[6.008s] writing dependency_links to ../../../../../build/path_planner_server/path_planner_server.egg-info/dependency_links.txt
[6.009s] writing entry points to ../../../../../build/path_planner_server/path_planner_server.egg-info/entry_points.txt
[6.009s] writing requirements to ../../../../../build/path_planner_server/path_planner_server.egg-info/requires.txt
[6.009s] writing top-level names to ../../../../../build/path_planner_server/path_planner_server.egg-info/top_level.txt
[6.009s] reading manifest file '../../../../../build/path_planner_server/path_planner_server.egg-info/SOURCES.txt'
[6.009s] writing manifest file '../../../../../build/path_planner_server/path_planner_server.egg-info/SOURCES.txt'
[6.009s] running build
[6.010s] running build_py
[6.010s] running install
[6.010s] running install_lib
[6.010s] running install_data
[6.010s] running install_egg_info
[6.013s] removing '/home/user/ros2_ws/install/path_planner_server/lib/python3.10/site-packages/path_planner_server-0.0.0-py3.10.egg-info' (and everything under it)
[6.019s] Copying ../../../../../build/path_planner_server/path_planner_server.egg-info to /home/user/ros2_ws/install/path_planner_server/lib/python3.10/site-packages/path_planner_server-0.0.0-py3.10.egg-info
[6.028s] running install_scripts
[6.201s] writing list of installed files to '/home/user/ros2_ws/build/path_planner_server/install.log'
[6.402s] Invoked command in '/home/user/ros2_ws/src/universal_robot_ros2/barista_ros2/barista_navigation/path_planner_server' returned '0': PYTHONPATH=/home/user/ros2_ws/build/path_planner_server/prefix_override:/home/user/ros2_ws/install/path_planner_server/lib/python3.10/site-packages:${PYTHONPATH} _=/usr/bin/env /usr/bin/python3 setup.py egg_info --egg-base ../../../../../build/path_planner_server build --build-base /home/user/ros2_ws/build/path_planner_server/build install --record /home/user/ros2_ws/build/path_planner_server/install.log --single-version-externally-managed
