[0.345s] Invoking command in '/home/user/ros2_ws/build/barista_description': CMAKE_PREFIX_PATH=${CMAKE_PREFIX_PATH}:/home/simulations/ros2_sims_ws/install/rclrs_tests:/home/simulations/ros2_sims_ws/install/examples_rclrs_minimal_client_service:/home/simulations/ros2_sims_ws/install/sensor_msgs_py:/home/simulations/ros2_sims_ws/install/examples_rclrs_minimal_pub_sub:/home/simulations/ros2_sims_ws/install/examples_rclrs_message_demo:/home/simulations/ros2_sims_ws/install/rclrs:/home/simulations/ros2_sims_ws/install/rosidl_runtime_rs:/home/user/ros2_ws/install/ros2test:/home/user/ros2_ws/install/robotiq_85_driver:/home/user/ros2_ws/install/path_planner_server:/home/user/ros2_ws/install/moveit_configs_utils:/home/user/ros2_ws/install/localization_server:/home/user/ros2_ws/install/cartographer_slam:/home/user/ros2_ws/install/aruco_detection_tests:/opt/ros/humble _=/usr/bin/env /usr/bin/cmake --build /home/user/ros2_ws/build/barista_description -- -j8 -l8
[0.612s] Invoked command in '/home/user/ros2_ws/build/barista_description' returned '0': CMAKE_PREFIX_PATH=${CMAKE_PREFIX_PATH}:/home/simulations/ros2_sims_ws/install/rclrs_tests:/home/simulations/ros2_sims_ws/install/examples_rclrs_minimal_client_service:/home/simulations/ros2_sims_ws/install/sensor_msgs_py:/home/simulations/ros2_sims_ws/install/examples_rclrs_minimal_pub_sub:/home/simulations/ros2_sims_ws/install/examples_rclrs_message_demo:/home/simulations/ros2_sims_ws/install/rclrs:/home/simulations/ros2_sims_ws/install/rosidl_runtime_rs:/home/user/ros2_ws/install/ros2test:/home/user/ros2_ws/install/robotiq_85_driver:/home/user/ros2_ws/install/path_planner_server:/home/user/ros2_ws/install/moveit_configs_utils:/home/user/ros2_ws/install/localization_server:/home/user/ros2_ws/install/cartographer_slam:/home/user/ros2_ws/install/aruco_detection_tests:/opt/ros/humble _=/usr/bin/env /usr/bin/cmake --build /home/user/ros2_ws/build/barista_description -- -j8 -l8
[1.014s] Invoking command in '/home/user/ros2_ws/build/barista_description': CMAKE_PREFIX_PATH=${CMAKE_PREFIX_PATH}:/home/simulations/ros2_sims_ws/install/rclrs_tests:/home/simulations/ros2_sims_ws/install/examples_rclrs_minimal_client_service:/home/simulations/ros2_sims_ws/install/sensor_msgs_py:/home/simulations/ros2_sims_ws/install/examples_rclrs_minimal_pub_sub:/home/simulations/ros2_sims_ws/install/examples_rclrs_message_demo:/home/simulations/ros2_sims_ws/install/rclrs:/home/simulations/ros2_sims_ws/install/rosidl_runtime_rs:/home/user/ros2_ws/install/ros2test:/home/user/ros2_ws/install/robotiq_85_driver:/home/user/ros2_ws/install/path_planner_server:/home/user/ros2_ws/install/moveit_configs_utils:/home/user/ros2_ws/install/localization_server:/home/user/ros2_ws/install/cartographer_slam:/home/user/ros2_ws/install/aruco_detection_tests:/opt/ros/humble _=/usr/bin/env /usr/bin/cmake --install /home/user/ros2_ws/build/barista_description
[1.112s] -- Install configuration: ""
[1.113s] -- Up-to-date: /home/user/ros2_ws/install/barista_description/share/barista_description/src
[1.113s] -- Up-to-date: /home/user/ros2_ws/install/barista_description/share/barista_description/src/description
[1.113s] -- Up-to-date: /home/user/ros2_ws/install/barista_description/share/barista_description/src/description/barista_hexagons_asus_xtion_pro.urdf
[1.117s] -- Up-to-date: /home/user/ros2_ws/install/barista_description/share/barista_description/src/description/barista.urdf.xacro
[1.117s] -- Up-to-date: /home/user/ros2_ws/install/barista_description/share/barista_description/src/description/barista_hexagons_asus_xtion_pro.urdf.xacro
[1.117s] -- Up-to-date: /home/user/ros2_ws/install/barista_description/share/barista_description/src/description/barista.urdf
[1.117s] -- Up-to-date: /home/user/ros2_ws/install/barista_description/share/barista_description/src/description/barista.sdf
[1.118s] -- Up-to-date: /home/user/ros2_ws/install/barista_description/share/barista_description/src/description/barista_hexagons_asus_xtion_pro.sdf
[1.118s] -- Up-to-date: /home/user/ros2_ws/install/barista_description/share/barista_description/launch
[1.118s] -- Up-to-date: /home/user/ros2_ws/install/barista_description/share/barista_description/launch/spawn_slotcar.launch.py
[1.118s] -- Up-to-date: /home/user/ros2_ws/install/barista_description/share/barista_description/launch/spawn.launch.py
[1.118s] -- Up-to-date: /home/user/ros2_ws/install/barista_description/share/barista_description/rviz
[1.118s] -- Up-to-date: /home/user/ros2_ws/install/barista_description/share/barista_description/rviz/diffbot.rviz
[1.119s] -- Up-to-date: /home/user/ros2_ws/install/barista_description/share/barista_description/meshes
[1.122s] -- Up-to-date: /home/user/ros2_ws/install/barista_description/share/barista_description/meshes/sensors
[1.122s] -- Up-to-date: /home/user/ros2_ws/install/barista_description/share/barista_description/meshes/sensors/sensor_pole.dae
[1.122s] -- Up-to-date: /home/user/ros2_ws/install/barista_description/share/barista_description/meshes/sensors/xtion_pro_camera.jpg
[1.122s] -- Up-to-date: /home/user/ros2_ws/install/barista_description/share/barista_description/meshes/sensors/hokuyo.dae
[1.122s] -- Up-to-date: /home/user/ros2_ws/install/barista_description/share/barista_description/meshes/sensors/asus_xtion_pro_live.dae
[1.123s] -- Up-to-date: /home/user/ros2_ws/install/barista_description/share/barista_description/meshes/sensors/kinect.jpg
[1.123s] -- Up-to-date: /home/user/ros2_ws/install/barista_description/share/barista_description/meshes/sensors/xtion_pro.jpg
[1.123s] -- Up-to-date: /home/user/ros2_ws/install/barista_description/share/barista_description/meshes/sensors/asus_xtion_pro_live.png
[1.126s] -- Up-to-date: /home/user/ros2_ws/install/barista_description/share/barista_description/meshes/sensors/kinect.dae
[1.126s] -- Up-to-date: /home/user/ros2_ws/install/barista_description/share/barista_description/meshes/sensors/xtion_pro_camera.dae
[1.126s] -- Up-to-date: /home/user/ros2_ws/install/barista_description/share/barista_description/meshes/sensors/kinect.tga
[1.126s] -- Up-to-date: /home/user/ros2_ws/install/barista_description/share/barista_description/meshes/sensors/xtion_pro_stack.dae
[1.126s] -- Up-to-date: /home/user/ros2_ws/install/barista_description/share/barista_description/meshes/sensors/0_xtion_pro.jpg
[1.126s] -- Up-to-date: /home/user/ros2_ws/install/barista_description/share/barista_description/meshes/wheel.dae
[1.126s] -- Up-to-date: /home/user/ros2_ws/install/barista_description/share/barista_description/meshes/main_body.dae
[1.127s] -- Up-to-date: /home/user/ros2_ws/install/barista_description/share/barista_description/meshes/stacks
[1.127s] -- Up-to-date: /home/user/ros2_ws/install/barista_description/share/barista_description/meshes/stacks/hexagons
[1.127s] -- Up-to-date: /home/user/ros2_ws/install/barista_description/share/barista_description/meshes/stacks/hexagons/plate_bottom.dae
[1.128s] -- Up-to-date: /home/user/ros2_ws/install/barista_description/share/barista_description/meshes/stacks/hexagons/pole_kinect.dae
[1.128s] -- Up-to-date: /home/user/ros2_ws/install/barista_description/share/barista_description/meshes/stacks/hexagons/plate_middle.dae
[1.129s] -- Up-to-date: /home/user/ros2_ws/install/barista_description/share/barista_description/meshes/stacks/hexagons/pole_top.dae
[1.129s] -- Up-to-date: /home/user/ros2_ws/install/barista_description/share/barista_description/meshes/stacks/hexagons/pole_bottom.dae
[1.130s] -- Up-to-date: /home/user/ros2_ws/install/barista_description/share/barista_description/meshes/stacks/hexagons/plate_top.dae
[1.130s] -- Up-to-date: /home/user/ros2_ws/install/barista_description/share/barista_description/meshes/stacks/hexagons/pole_middle.dae
[1.130s] -- Up-to-date: /home/user/ros2_ws/install/barista_description/share/barista_description/meshes/stacks/hexagons/images
[1.130s] -- Up-to-date: /home/user/ros2_ws/install/barista_description/share/barista_description/meshes/stacks/hexagons/images/1f_stack.jpg
[1.130s] -- Up-to-date: /home/user/ros2_ws/install/barista_description/share/barista_description/meshes/stacks/hexagons/images/3f_pole.jpg
[1.130s] -- Up-to-date: /home/user/ros2_ws/install/barista_description/share/barista_description/meshes/stacks/hexagons/images/3f_stack.jpg
[1.130s] -- Up-to-date: /home/user/ros2_ws/install/barista_description/share/barista_description/meshes/stacks/hexagons/images/1f_pole.jpg
[1.131s] -- Up-to-date: /home/user/ros2_ws/install/barista_description/share/barista_description/meshes/stacks/hexagons/images/2f_pole.jpg
[1.131s] -- Up-to-date: /home/user/ros2_ws/install/barista_description/share/barista_description/meshes/stacks/hexagons/images/kinect_pole_old.jpg
[1.131s] -- Up-to-date: /home/user/ros2_ws/install/barista_description/share/barista_description/meshes/stacks/hexagons/images/kinect_pole.jpg
[1.131s] -- Up-to-date: /home/user/ros2_ws/install/barista_description/share/barista_description/meshes/stacks/hexagons/images/3f_stack1.jpg
[1.131s] -- Up-to-date: /home/user/ros2_ws/install/barista_description/share/barista_description/meshes/stacks/hexagons/images/2f_stack.jpg
[1.132s] -- Up-to-date: /home/user/ros2_ws/install/barista_description/share/barista_description/meshes/stacks/circles
[1.132s] -- Up-to-date: /home/user/ros2_ws/install/barista_description/share/barista_description/meshes/stacks/circles/plate_0_logo.tga
[1.132s] -- Up-to-date: /home/user/ros2_ws/install/barista_description/share/barista_description/meshes/stacks/circles/68-04556-RA_Kinect_Standoff_Assy.3ds
[1.132s] -- Up-to-date: /home/user/ros2_ws/install/barista_description/share/barista_description/meshes/stacks/circles/68-04552-2000-RA_Turtlebot_M-F_Standoff_color.png
[1.133s] -- Up-to-date: /home/user/ros2_ws/install/barista_description/share/barista_description/meshes/stacks/circles/plate_2_logo.tga
[1.133s] -- Up-to-date: /home/user/ros2_ws/install/barista_description/share/barista_description/meshes/stacks/circles/68-04552-2000-RA_Turtlebot_M-F_Standoff.dae
[1.133s] -- Up-to-date: /home/user/ros2_ws/install/barista_description/share/barista_description/meshes/stacks/circles/68-04552-1000-RA_Turtlebot_M-F_Standoff.dae
[1.133s] -- Up-to-date: /home/user/ros2_ws/install/barista_description/share/barista_description/meshes/stacks/circles/68-04552-1000-RA_Turtlebot_M-F_Standoff_color.png
[1.134s] -- Up-to-date: /home/user/ros2_ws/install/barista_description/share/barista_description/meshes/stacks/circles/68-02403-125_Spacer.dae
[1.134s] -- Up-to-date: /home/user/ros2_ws/install/barista_description/share/barista_description/meshes/stacks/circles/plate_1_logo.tga
[1.134s] -- Up-to-date: /home/user/ros2_ws/install/barista_description/share/barista_description/meshes/stacks/circles/plate_0_logo.dae
[1.135s] -- Up-to-date: /home/user/ros2_ws/install/barista_description/share/barista_description/meshes/stacks/circles/68-04556-RA_Kinect_Standoff_Assy.dae
[1.135s] -- Up-to-date: /home/user/ros2_ws/install/barista_description/share/barista_description/meshes/stacks/circles/plate_1_logo.dae
[1.135s] -- Up-to-date: /home/user/ros2_ws/install/barista_description/share/barista_description/meshes/stacks/circles/68-02421-8000-RA_Turtlebot_F-F_Standoff_color.png
[1.135s] -- Up-to-date: /home/user/ros2_ws/install/barista_description/share/barista_description/meshes/stacks/circles/plate_2_logo.dae
[1.135s] -- Up-to-date: /home/user/ros2_ws/install/barista_description/share/barista_description/meshes/stacks/circles/68-02421-8000-RA_Turtlebot_F-F_Standoff.dae
[1.135s] -- Up-to-date: /home/user/ros2_ws/install/barista_description/share/barista_description/meshes/barista_single_mesh
[1.135s] -- Up-to-date: /home/user/ros2_ws/install/barista_description/share/barista_description/meshes/barista_single_mesh/3f_pole.jpg
[1.136s] -- Up-to-date: /home/user/ros2_ws/install/barista_description/share/barista_description/meshes/barista_single_mesh/barista.dae
[1.136s] -- Up-to-date: /home/user/ros2_ws/install/barista_description/share/barista_description/meshes/kobuki
[1.136s] -- Up-to-date: /home/user/ros2_ws/install/barista_description/share/barista_description/meshes/kobuki/sensors
[1.136s] -- Up-to-date: /home/user/ros2_ws/install/barista_description/share/barista_description/meshes/kobuki/sensors/sensor_pole.dae
[1.136s] -- Up-to-date: /home/user/ros2_ws/install/barista_description/share/barista_description/meshes/kobuki/sensors/xtion_pro_camera.jpg
[1.136s] -- Up-to-date: /home/user/ros2_ws/install/barista_description/share/barista_description/meshes/kobuki/sensors/asus_xtion_pro_live.dae
[1.136s] -- Up-to-date: /home/user/ros2_ws/install/barista_description/share/barista_description/meshes/kobuki/sensors/kinect.jpg
[1.136s] -- Up-to-date: /home/user/ros2_ws/install/barista_description/share/barista_description/meshes/kobuki/sensors/xtion_pro.jpg
[1.137s] -- Up-to-date: /home/user/ros2_ws/install/barista_description/share/barista_description/meshes/kobuki/sensors/asus_xtion_pro_live.png
[1.137s] -- Up-to-date: /home/user/ros2_ws/install/barista_description/share/barista_description/meshes/kobuki/sensors/kinect.dae
[1.137s] -- Up-to-date: /home/user/ros2_ws/install/barista_description/share/barista_description/meshes/kobuki/sensors/xtion_pro_camera.dae
[1.137s] -- Up-to-date: /home/user/ros2_ws/install/barista_description/share/barista_description/meshes/kobuki/sensors/kinect.tga
[1.137s] -- Up-to-date: /home/user/ros2_ws/install/barista_description/share/barista_description/meshes/kobuki/sensors/xtion_pro_stack.dae
[1.137s] -- Up-to-date: /home/user/ros2_ws/install/barista_description/share/barista_description/meshes/kobuki/sensors/0_xtion_pro.jpg
[1.137s] -- Up-to-date: /home/user/ros2_ws/install/barista_description/share/barista_description/meshes/kobuki/wheel.dae
[1.138s] -- Up-to-date: /home/user/ros2_ws/install/barista_description/share/barista_description/meshes/kobuki/main_body.dae
[1.138s] -- Up-to-date: /home/user/ros2_ws/install/barista_description/share/barista_description/meshes/kobuki/stacks
[1.138s] -- Up-to-date: /home/user/ros2_ws/install/barista_description/share/barista_description/meshes/kobuki/stacks/hexagons
[1.139s] -- Up-to-date: /home/user/ros2_ws/install/barista_description/share/barista_description/meshes/kobuki/stacks/hexagons/plate_bottom.dae
[1.139s] -- Up-to-date: /home/user/ros2_ws/install/barista_description/share/barista_description/meshes/kobuki/stacks/hexagons/pole_kinect.dae
[1.139s] -- Up-to-date: /home/user/ros2_ws/install/barista_description/share/barista_description/meshes/kobuki/stacks/hexagons/plate_middle.dae
[1.139s] -- Up-to-date: /home/user/ros2_ws/install/barista_description/share/barista_description/meshes/kobuki/stacks/hexagons/pole_top.dae
[1.139s] -- Up-to-date: /home/user/ros2_ws/install/barista_description/share/barista_description/meshes/kobuki/stacks/hexagons/pole_bottom.dae
[1.139s] -- Up-to-date: /home/user/ros2_ws/install/barista_description/share/barista_description/meshes/kobuki/stacks/hexagons/plate_top.dae
[1.140s] -- Up-to-date: /home/user/ros2_ws/install/barista_description/share/barista_description/meshes/kobuki/stacks/hexagons/pole_middle.dae
[1.140s] -- Up-to-date: /home/user/ros2_ws/install/barista_description/share/barista_description/meshes/kobuki/stacks/hexagons/images
[1.141s] -- Up-to-date: /home/user/ros2_ws/install/barista_description/share/barista_description/meshes/kobuki/stacks/hexagons/images/1f_stack.jpg
[1.141s] -- Up-to-date: /home/user/ros2_ws/install/barista_description/share/barista_description/meshes/kobuki/stacks/hexagons/images/3f_pole.jpg
[1.141s] -- Up-to-date: /home/user/ros2_ws/install/barista_description/share/barista_description/meshes/kobuki/stacks/hexagons/images/3f_stack.jpg
[1.141s] -- Up-to-date: /home/user/ros2_ws/install/barista_description/share/barista_description/meshes/kobuki/stacks/hexagons/images/1f_pole.jpg
[1.143s] -- Up-to-date: /home/user/ros2_ws/install/barista_description/share/barista_description/meshes/kobuki/stacks/hexagons/images/2f_pole.jpg
[1.144s] -- Up-to-date: /home/user/ros2_ws/install/barista_description/share/barista_description/meshes/kobuki/stacks/hexagons/images/kinect_pole_old.jpg
[1.144s] -- Up-to-date: /home/user/ros2_ws/install/barista_description/share/barista_description/meshes/kobuki/stacks/hexagons/images/kinect_pole.jpg
[1.146s] -- Up-to-date: /home/user/ros2_ws/install/barista_description/share/barista_description/meshes/kobuki/stacks/hexagons/images/3f_stack1.jpg
[1.146s] -- Up-to-date: /home/user/ros2_ws/install/barista_description/share/barista_description/meshes/kobuki/stacks/hexagons/images/2f_stack.jpg
[1.146s] -- Up-to-date: /home/user/ros2_ws/install/barista_description/share/barista_description/meshes/kobuki/stacks/circles
[1.146s] -- Up-to-date: /home/user/ros2_ws/install/barista_description/share/barista_description/meshes/kobuki/stacks/circles/plate_0_logo.tga
[1.146s] -- Up-to-date: /home/user/ros2_ws/install/barista_description/share/barista_description/meshes/kobuki/stacks/circles/68-04556-RA_Kinect_Standoff_Assy.3ds
[1.150s] -- Up-to-date: /home/user/ros2_ws/install/barista_description/share/barista_description/meshes/kobuki/stacks/circles/68-04552-2000-RA_Turtlebot_M-F_Standoff_color.png
[1.151s] -- Up-to-date: /home/user/ros2_ws/install/barista_description/share/barista_description/meshes/kobuki/stacks/circles/plate_2_logo.tga
[1.151s] -- Up-to-date: /home/user/ros2_ws/install/barista_description/share/barista_description/meshes/kobuki/stacks/circles/68-04552-2000-RA_Turtlebot_M-F_Standoff.dae
[1.151s] -- Up-to-date: /home/user/ros2_ws/install/barista_description/share/barista_description/meshes/kobuki/stacks/circles/68-04552-1000-RA_Turtlebot_M-F_Standoff.dae
[1.152s] -- Up-to-date: /home/user/ros2_ws/install/barista_description/share/barista_description/meshes/kobuki/stacks/circles/68-04552-1000-RA_Turtlebot_M-F_Standoff_color.png
[1.153s] -- Up-to-date: /home/user/ros2_ws/install/barista_description/share/barista_description/meshes/kobuki/stacks/circles/68-02403-125_Spacer.dae
[1.154s] -- Up-to-date: /home/user/ros2_ws/install/barista_description/share/barista_description/meshes/kobuki/stacks/circles/plate_1_logo.tga
[1.155s] -- Up-to-date: /home/user/ros2_ws/install/barista_description/share/barista_description/meshes/kobuki/stacks/circles/plate_0_logo.dae
[1.155s] -- Up-to-date: /home/user/ros2_ws/install/barista_description/share/barista_description/meshes/kobuki/stacks/circles/68-04556-RA_Kinect_Standoff_Assy.dae
[1.158s] -- Up-to-date: /home/user/ros2_ws/install/barista_description/share/barista_description/meshes/kobuki/stacks/circles/plate_1_logo.dae
[1.160s] -- Up-to-date: /home/user/ros2_ws/install/barista_description/share/barista_description/meshes/kobuki/stacks/circles/68-02421-8000-RA_Turtlebot_F-F_Standoff_color.png
[1.160s] -- Up-to-date: /home/user/ros2_ws/install/barista_description/share/barista_description/meshes/kobuki/stacks/circles/plate_2_logo.dae
[1.161s] -- Up-to-date: /home/user/ros2_ws/install/barista_description/share/barista_description/meshes/kobuki/stacks/circles/68-02421-8000-RA_Turtlebot_F-F_Standoff.dae
[1.161s] -- Up-to-date: /home/user/ros2_ws/install/barista_description/share/barista_description/meshes/kobuki/images
[1.161s] -- Up-to-date: /home/user/ros2_ws/install/barista_description/share/barista_description/meshes/kobuki/images/main_body.jpg
[1.163s] -- Up-to-date: /home/user/ros2_ws/install/barista_description/share/barista_description/meshes/kobuki/images/wheel.jpg
[1.163s] -- Up-to-date: /home/user/ros2_ws/install/barista_description/share/barista_description/meshes/turtlebot
[1.163s] -- Up-to-date: /home/user/ros2_ws/install/barista_description/share/barista_description/meshes/turtlebot/sensors
[1.163s] -- Up-to-date: /home/user/ros2_ws/install/barista_description/share/barista_description/meshes/turtlebot/sensors/sensor_pole.dae
[1.165s] -- Up-to-date: /home/user/ros2_ws/install/barista_description/share/barista_description/meshes/turtlebot/sensors/xtion_pro_camera.jpg
[1.165s] -- Up-to-date: /home/user/ros2_ws/install/barista_description/share/barista_description/meshes/turtlebot/sensors/hokuyo.dae
[1.165s] -- Up-to-date: /home/user/ros2_ws/install/barista_description/share/barista_description/meshes/turtlebot/sensors/asus_xtion_pro_live.dae
[1.165s] -- Up-to-date: /home/user/ros2_ws/install/barista_description/share/barista_description/meshes/turtlebot/sensors/kinect.jpg
[1.167s] -- Up-to-date: /home/user/ros2_ws/install/barista_description/share/barista_description/meshes/turtlebot/sensors/xtion_pro.jpg
[1.167s] -- Up-to-date: /home/user/ros2_ws/install/barista_description/share/barista_description/meshes/turtlebot/sensors/asus_xtion_pro_live.png
[1.179s] -- Up-to-date: /home/user/ros2_ws/install/barista_description/share/barista_description/meshes/turtlebot/sensors/kinect.dae
[1.180s] -- Up-to-date: /home/user/ros2_ws/install/barista_description/share/barista_description/meshes/turtlebot/sensors/xtion_pro_camera.dae
[1.182s] -- Up-to-date: /home/user/ros2_ws/install/barista_description/share/barista_description/meshes/turtlebot/sensors/kinect.tga
[1.185s] -- Up-to-date: /home/user/ros2_ws/install/barista_description/share/barista_description/meshes/turtlebot/sensors/xtion_pro_stack.dae
[1.185s] -- Up-to-date: /home/user/ros2_ws/install/barista_description/share/barista_description/meshes/turtlebot/sensors/0_xtion_pro.jpg
[1.185s] -- Up-to-date: /home/user/ros2_ws/install/barista_description/share/barista_description/meshes/turtlebot/stacks
[1.185s] -- Up-to-date: /home/user/ros2_ws/install/barista_description/share/barista_description/meshes/turtlebot/stacks/hexagons
[1.185s] -- Up-to-date: /home/user/ros2_ws/install/barista_description/share/barista_description/meshes/turtlebot/stacks/hexagons/plate_bottom.dae
[1.186s] -- Up-to-date: /home/user/ros2_ws/install/barista_description/share/barista_description/meshes/turtlebot/stacks/hexagons/1f_stack.jpg
[1.186s] -- Up-to-date: /home/user/ros2_ws/install/barista_description/share/barista_description/meshes/turtlebot/stacks/hexagons/pole_kinect.dae
[1.186s] -- Up-to-date: /home/user/ros2_ws/install/barista_description/share/barista_description/meshes/turtlebot/stacks/hexagons/plate_middle_v2.dae
[1.186s] -- Up-to-date: /home/user/ros2_ws/install/barista_description/share/barista_description/meshes/turtlebot/stacks/hexagons/pole_middle_v2.dae
[1.186s] -- Up-to-date: /home/user/ros2_ws/install/barista_description/share/barista_description/meshes/turtlebot/stacks/hexagons/3f_pole.jpg
[1.186s] -- Up-to-date: /home/user/ros2_ws/install/barista_description/share/barista_description/meshes/turtlebot/stacks/hexagons/plate_middle.dae
[1.186s] -- Up-to-date: /home/user/ros2_ws/install/barista_description/share/barista_description/meshes/turtlebot/stacks/hexagons/3f_stack.jpg
[1.186s] -- Up-to-date: /home/user/ros2_ws/install/barista_description/share/barista_description/meshes/turtlebot/stacks/hexagons/1f_pole.jpg
[1.186s] -- Up-to-date: /home/user/ros2_ws/install/barista_description/share/barista_description/meshes/turtlebot/stacks/hexagons/2f_pole.jpg
[1.186s] -- Up-to-date: /home/user/ros2_ws/install/barista_description/share/barista_description/meshes/turtlebot/stacks/hexagons/plate_top_v2.dae
[1.188s] -- Up-to-date: /home/user/ros2_ws/install/barista_description/share/barista_description/meshes/turtlebot/stacks/hexagons/pole_bottom_v2.dae
[1.188s] -- Up-to-date: /home/user/ros2_ws/install/barista_description/share/barista_description/meshes/turtlebot/stacks/hexagons/pole_top.dae
[1.189s] -- Up-to-date: /home/user/ros2_ws/install/barista_description/share/barista_description/meshes/turtlebot/stacks/hexagons/pole_bottom.dae
[1.189s] -- Up-to-date: /home/user/ros2_ws/install/barista_description/share/barista_description/meshes/turtlebot/stacks/hexagons/pole_top_v2.dae
[1.189s] -- Up-to-date: /home/user/ros2_ws/install/barista_description/share/barista_description/meshes/turtlebot/stacks/hexagons/plate_top.dae
[1.189s] -- Up-to-date: /home/user/ros2_ws/install/barista_description/share/barista_description/meshes/turtlebot/stacks/hexagons/pole_middle.dae
[1.189s] -- Up-to-date: /home/user/ros2_ws/install/barista_description/share/barista_description/meshes/turtlebot/stacks/hexagons/2f_stack.jpg
[1.189s] -- Up-to-date: /home/user/ros2_ws/install/barista_description/share/barista_description/meshes/turtlebot/stacks/hexagons/images
[1.189s] -- Up-to-date: /home/user/ros2_ws/install/barista_description/share/barista_description/meshes/turtlebot/stacks/hexagons/images/1f_stack.jpg
[1.189s] -- Up-to-date: /home/user/ros2_ws/install/barista_description/share/barista_description/meshes/turtlebot/stacks/hexagons/images/3f_pole.jpg
[1.195s] -- Up-to-date: /home/user/ros2_ws/install/barista_description/share/barista_description/meshes/turtlebot/stacks/hexagons/images/3f_stack.jpg
[1.196s] -- Up-to-date: /home/user/ros2_ws/install/barista_description/share/barista_description/meshes/turtlebot/stacks/hexagons/images/1f_pole.jpg
[1.197s] -- Up-to-date: /home/user/ros2_ws/install/barista_description/share/barista_description/meshes/turtlebot/stacks/hexagons/images/2f_pole.jpg
[1.197s] -- Up-to-date: /home/user/ros2_ws/install/barista_description/share/barista_description/meshes/turtlebot/stacks/hexagons/images/kinect_pole_old.jpg
[1.197s] -- Up-to-date: /home/user/ros2_ws/install/barista_description/share/barista_description/meshes/turtlebot/stacks/hexagons/images/kinect_pole.jpg
[1.197s] -- Up-to-date: /home/user/ros2_ws/install/barista_description/share/barista_description/meshes/turtlebot/stacks/hexagons/images/3f_stack1.jpg
[1.197s] -- Up-to-date: /home/user/ros2_ws/install/barista_description/share/barista_description/meshes/turtlebot/stacks/hexagons/images/2f_stack.jpg
[1.197s] -- Up-to-date: /home/user/ros2_ws/install/barista_description/share/barista_description/meshes/turtlebot/stacks/hexagons/plate_bottom_v2.dae
[1.197s] -- Up-to-date: /home/user/ros2_ws/install/barista_description/share/barista_description/meshes/turtlebot/stacks/circles
[1.197s] -- Up-to-date: /home/user/ros2_ws/install/barista_description/share/barista_description/meshes/turtlebot/stacks/circles/plate_0_logo.tga
[1.197s] -- Up-to-date: /home/user/ros2_ws/install/barista_description/share/barista_description/meshes/turtlebot/stacks/circles/68-04556-RA_Kinect_Standoff_Assy.3ds
[1.198s] -- Up-to-date: /home/user/ros2_ws/install/barista_description/share/barista_description/meshes/turtlebot/stacks/circles/68-04552-2000-RA_Turtlebot_M-F_Standoff_color.png
[1.198s] -- Up-to-date: /home/user/ros2_ws/install/barista_description/share/barista_description/meshes/turtlebot/stacks/circles/plate_2_logo.tga
[1.198s] -- Up-to-date: /home/user/ros2_ws/install/barista_description/share/barista_description/meshes/turtlebot/stacks/circles/68-04552-2000-RA_Turtlebot_M-F_Standoff.dae
[1.198s] -- Up-to-date: /home/user/ros2_ws/install/barista_description/share/barista_description/meshes/turtlebot/stacks/circles/68-04552-1000-RA_Turtlebot_M-F_Standoff.dae
[1.198s] -- Up-to-date: /home/user/ros2_ws/install/barista_description/share/barista_description/meshes/turtlebot/stacks/circles/68-04552-1000-RA_Turtlebot_M-F_Standoff_color.png
[1.198s] -- Up-to-date: /home/user/ros2_ws/install/barista_description/share/barista_description/meshes/turtlebot/stacks/circles/68-02403-125_Spacer.dae
[1.198s] -- Up-to-date: /home/user/ros2_ws/install/barista_description/share/barista_description/meshes/turtlebot/stacks/circles/plate_1_logo.tga
[1.198s] -- Up-to-date: /home/user/ros2_ws/install/barista_description/share/barista_description/meshes/turtlebot/stacks/circles/plate_0_logo.dae
[1.198s] -- Up-to-date: /home/user/ros2_ws/install/barista_description/share/barista_description/meshes/turtlebot/stacks/circles/68-04556-RA_Kinect_Standoff_Assy.dae
[1.198s] -- Up-to-date: /home/user/ros2_ws/install/barista_description/share/barista_description/meshes/turtlebot/stacks/circles/plate_1_logo.dae
[1.198s] -- Up-to-date: /home/user/ros2_ws/install/barista_description/share/barista_description/meshes/turtlebot/stacks/circles/68-02421-8000-RA_Turtlebot_F-F_Standoff_color.png
[1.198s] -- Up-to-date: /home/user/ros2_ws/install/barista_description/share/barista_description/meshes/turtlebot/stacks/circles/plate_2_logo.dae
[1.198s] -- Up-to-date: /home/user/ros2_ws/install/barista_description/share/barista_description/meshes/turtlebot/stacks/circles/68-02421-8000-RA_Turtlebot_F-F_Standoff.dae
[1.199s] -- Up-to-date: /home/user/ros2_ws/install/barista_description/share/barista_description/meshes/barista
[1.199s] -- Up-to-date: /home/user/ros2_ws/install/barista_description/share/barista_description/meshes/barista/TOP_collision_lip.stl
[1.200s] -- Up-to-date: /home/user/ros2_ws/install/barista_description/share/barista_description/meshes/barista/TOP_colour.dae
[1.200s] -- Up-to-date: /home/user/ros2_ws/install/barista_description/share/barista_description/meshes/barista/main_body.jpg
[1.200s] -- Up-to-date: /home/user/ros2_ws/install/barista_description/share/barista_description/meshes/barista/TOP_mule_col_sd.stl
[1.200s] -- Up-to-date: /home/user/ros2_ws/install/barista_description/share/barista_description/meshes/barista/TOP_mule.dae
[1.200s] -- Up-to-date: /home/user/ros2_ws/install/barista_description/share/barista_description/meshes/barista/BOTTOM_colour_2.dae
[1.200s] -- Up-to-date: /home/user/ros2_ws/install/barista_description/share/barista_description/meshes/barista/BOTTOM_fixed_centered.dae
[1.200s] -- Up-to-date: /home/user/ros2_ws/install/barista_description/share/barista_description/meshes/barista/TOP_collision_lip_sd.stl
[1.200s] -- Up-to-date: /home/user/ros2_ws/install/barista_description/share/barista_description/meshes/barista/TOP_colour_2.dae
[1.200s] -- Up-to-date: /home/user/ros2_ws/install/barista_description/share/barista_description/meshes/barista/bowtie_fixed_colour.dae
[1.200s] -- Up-to-date: /home/user/ros2_ws/install/barista_description/share/barista_description/meshes/barista/TOP_fixed_color.dae
[1.201s] -- Up-to-date: /home/user/ros2_ws/install/barista_description/share/barista_description/meshes/barista/BOTTOM_colour_1.dae
[1.201s] -- Up-to-date: /home/user/ros2_ws/install/barista_description/share/barista_description/meshes/barista/BOTTOM_colour.dae
[1.201s] -- Up-to-date: /home/user/ros2_ws/install/barista_description/share/barista_description/meshes/barista/TOP_mule_col.stl
[1.201s] -- Up-to-date: /home/user/ros2_ws/install/barista_description/share/barista_description/meshes/barista/BOTTOM_mule.dae
[1.201s] -- Up-to-date: /home/user/ros2_ws/install/barista_description/share/barista_description/meshes/barista/TOP_colour_1.dae
[1.201s] -- Up-to-date: /home/user/ros2_ws/install/barista_description/share/barista_description/meshes/images
[1.201s] -- Up-to-date: /home/user/ros2_ws/install/barista_description/share/barista_description/meshes/images/main_body.jpg
[1.201s] -- Up-to-date: /home/user/ros2_ws/install/barista_description/share/barista_description/meshes/images/wheel.jpg
[1.201s] -- Up-to-date: /home/user/ros2_ws/install/barista_description/share/barista_description/worlds
[1.201s] -- Up-to-date: /home/user/ros2_ws/install/barista_description/share/barista_description/worlds/tc_coffeeshop.world
[1.201s] -- Up-to-date: /home/user/ros2_ws/install/barista_description/share/barista_description/models
[1.201s] -- Up-to-date: /home/user/ros2_ws/install/barista_description/share/barista_description/models/chair
[1.201s] -- Up-to-date: /home/user/ros2_ws/install/barista_description/share/barista_description/models/chair/model.sdf
[1.202s] -- Up-to-date: /home/user/ros2_ws/install/barista_description/share/barista_description/models/chair/meshes
[1.202s] -- Up-to-date: /home/user/ros2_ws/install/barista_description/share/barista_description/models/chair/meshes/model
[1.202s] -- Up-to-date: /home/user/ros2_ws/install/barista_description/share/barista_description/models/chair/meshes/model/Paged_Lubi_Nogi.jpg
[1.202s] -- Up-to-date: /home/user/ros2_ws/install/barista_description/share/barista_description/models/chair/meshes/model/Paged_Lubi_Nogi_0.jpg
[1.202s] -- Up-to-date: /home/user/ros2_ws/install/barista_description/share/barista_description/models/chair/meshes/model/Paged_Lubi_Tapicerka.jpg
[1.202s] -- Up-to-date: /home/user/ros2_ws/install/barista_description/share/barista_description/models/chair/meshes/chair.dae
[1.202s] -- Up-to-date: /home/user/ros2_ws/install/barista_description/share/barista_description/models/chair/model.config
[1.202s] -- Up-to-date: /home/user/ros2_ws/install/barista_description/share/barista_description/models/countertop_2
[1.202s] -- Up-to-date: /home/user/ros2_ws/install/barista_description/share/barista_description/models/countertop_2/model.sdf
[1.202s] -- Up-to-date: /home/user/ros2_ws/install/barista_description/share/barista_description/models/countertop_2/model.config
[1.202s] -- Up-to-date: /home/user/ros2_ws/install/barista_description/share/barista_description/models/dashed_picture
[1.202s] -- Up-to-date: /home/user/ros2_ws/install/barista_description/share/barista_description/models/dashed_picture/model.sdf
[1.202s] -- Up-to-date: /home/user/ros2_ws/install/barista_description/share/barista_description/models/dashed_picture/meshes
[1.203s] -- Up-to-date: /home/user/ros2_ws/install/barista_description/share/barista_description/models/dashed_picture/meshes/latte
[1.203s] -- Up-to-date: /home/user/ros2_ws/install/barista_description/share/barista_description/models/dashed_picture/meshes/latte/material_1.jpg
[1.203s] -- Up-to-date: /home/user/ros2_ws/install/barista_description/share/barista_description/models/dashed_picture/meshes/dashed_picture.dae
[1.203s] -- Up-to-date: /home/user/ros2_ws/install/barista_description/share/barista_description/models/dashed_picture/model.config
[1.203s] -- Up-to-date: /home/user/ros2_ws/install/barista_description/share/barista_description/models/newspaper
[1.203s] -- Up-to-date: /home/user/ros2_ws/install/barista_description/share/barista_description/models/newspaper/model.sdf
[1.203s] -- Up-to-date: /home/user/ros2_ws/install/barista_description/share/barista_description/models/newspaper/meshes
[1.203s] -- Up-to-date: /home/user/ros2_ws/install/barista_description/share/barista_description/models/newspaper/meshes/newspaper.dae
[1.203s] -- Up-to-date: /home/user/ros2_ws/install/barista_description/share/barista_description/models/newspaper/meshes/perio
[1.203s] -- Up-to-date: /home/user/ros2_ws/install/barista_description/share/barista_description/models/newspaper/meshes/perio/texture_0.png
[1.204s] -- Up-to-date: /home/user/ros2_ws/install/barista_description/share/barista_description/models/newspaper/meshes/perio/_20_minutos_4.jpg
[1.204s] -- Up-to-date: /home/user/ros2_ws/install/barista_description/share/barista_description/models/newspaper/meshes/perio/_20_minutos_1.jpg
[1.204s] -- Up-to-date: /home/user/ros2_ws/install/barista_description/share/barista_description/models/newspaper/meshes/perio/Periodico_20_minutos.jpg
[1.204s] -- Up-to-date: /home/user/ros2_ws/install/barista_description/share/barista_description/models/newspaper/meshes/perio/texture.png
[1.204s] -- Up-to-date: /home/user/ros2_ws/install/barista_description/share/barista_description/models/newspaper/meshes/perio/_20_minutos_2.jpg
[1.204s] -- Up-to-date: /home/user/ros2_ws/install/barista_description/share/barista_description/models/newspaper/meshes/perio/Lomo_largo_20_minutos.jpg
[1.204s] -- Up-to-date: /home/user/ros2_ws/install/barista_description/share/barista_description/models/newspaper/meshes/perio/Lomo_corto_20_minutos.jpg
[1.204s] -- Up-to-date: /home/user/ros2_ws/install/barista_description/share/barista_description/models/newspaper/model.config
[1.204s] -- Up-to-date: /home/user/ros2_ws/install/barista_description/share/barista_description/models/countertop
[1.204s] -- Up-to-date: /home/user/ros2_ws/install/barista_description/share/barista_description/models/countertop/model.sdf
[1.204s] -- Up-to-date: /home/user/ros2_ws/install/barista_description/share/barista_description/models/countertop/model.config
[1.204s] -- Up-to-date: /home/user/ros2_ws/install/barista_description/share/barista_description/models/cake_showcase
[1.205s] -- Up-to-date: /home/user/ros2_ws/install/barista_description/share/barista_description/models/cake_showcase/model.sdf
[1.205s] -- Up-to-date: /home/user/ros2_ws/install/barista_description/share/barista_description/models/cake_showcase/meshes
[1.205s] -- Up-to-date: /home/user/ros2_ws/install/barista_description/share/barista_description/models/cake_showcase/meshes/model
[1.205s] -- Up-to-date: /home/user/ros2_ws/install/barista_description/share/barista_description/models/cake_showcase/meshes/model/Metal_Corrogated_Shiny.jpg
[1.208s] -- Up-to-date: /home/user/ros2_ws/install/barista_description/share/barista_description/models/cake_showcase/meshes/model/Metal_Aluminum_Anodized.jpg
[1.208s] -- Up-to-date: /home/user/ros2_ws/install/barista_description/share/barista_description/models/cake_showcase/meshes/cake_showcase.dae
[1.208s] -- Up-to-date: /home/user/ros2_ws/install/barista_description/share/barista_description/models/cake_showcase/model.config
[1.208s] -- Up-to-date: /home/user/ros2_ws/install/barista_description/share/barista_description/models/baby_chair
[1.208s] -- Up-to-date: /home/user/ros2_ws/install/barista_description/share/barista_description/models/baby_chair/model.sdf
[1.208s] -- Up-to-date: /home/user/ros2_ws/install/barista_description/share/barista_description/models/baby_chair/meshes
[1.208s] -- Up-to-date: /home/user/ros2_ws/install/barista_description/share/barista_description/models/baby_chair/meshes/model
[1.209s] -- Up-to-date: /home/user/ros2_ws/install/barista_description/share/barista_description/models/baby_chair/meshes/model/material_3_0.jpg
[1.209s] -- Up-to-date: /home/user/ros2_ws/install/barista_description/share/barista_description/models/baby_chair/meshes/model/material_2_1.jpg
[1.209s] -- Up-to-date: /home/user/ros2_ws/install/barista_description/share/barista_description/models/baby_chair/meshes/model/material_2.jpg
[1.209s] -- Up-to-date: /home/user/ros2_ws/install/barista_description/share/barista_description/models/baby_chair/meshes/model/material_3.jpg
[1.209s] -- Up-to-date: /home/user/ros2_ws/install/barista_description/share/barista_description/models/baby_chair/meshes/baby_chair.dae
[1.209s] -- Up-to-date: /home/user/ros2_ws/install/barista_description/share/barista_description/models/baby_chair/model.config
[1.209s] -- Up-to-date: /home/user/ros2_ws/install/barista_description/share/barista_description/models/costa-gv
[1.209s] -- Up-to-date: /home/user/ros2_ws/install/barista_description/share/barista_description/models/costa-gv/model.sdf
[1.209s] -- Up-to-date: /home/user/ros2_ws/install/barista_description/share/barista_description/models/costa-gv/model.config
[1.209s] -- Up-to-date: /home/user/ros2_ws/install/barista_description/share/barista_description/models/wall_sofa
[1.210s] -- Up-to-date: /home/user/ros2_ws/install/barista_description/share/barista_description/models/wall_sofa/model.sdf
[1.210s] -- Up-to-date: /home/user/ros2_ws/install/barista_description/share/barista_description/models/wall_sofa/meshes
[1.210s] -- Up-to-date: /home/user/ros2_ws/install/barista_description/share/barista_description/models/wall_sofa/meshes/canape
[1.210s] -- Up-to-date: /home/user/ros2_ws/install/barista_description/share/barista_description/models/wall_sofa/meshes/canape/sofa_lit.jpg
[1.210s] -- Up-to-date: /home/user/ros2_ws/install/barista_description/share/barista_description/models/wall_sofa/meshes/canape/material_3.jpg
[1.210s] -- Up-to-date: /home/user/ros2_ws/install/barista_description/share/barista_description/models/wall_sofa/meshes/canape/sofa_cama.jpg
[1.210s] -- Up-to-date: /home/user/ros2_ws/install/barista_description/share/barista_description/models/wall_sofa/meshes/wall_sofa.dae
[1.210s] -- Up-to-date: /home/user/ros2_ws/install/barista_description/share/barista_description/models/wall_sofa/model.config
[1.210s] -- Up-to-date: /home/user/ros2_ws/install/barista_description/share/barista_description/models/box
[1.210s] -- Up-to-date: /home/user/ros2_ws/install/barista_description/share/barista_description/models/box/model.sdf
[1.211s] -- Up-to-date: /home/user/ros2_ws/install/barista_description/share/barista_description/models/box/meshes
[1.211s] -- Up-to-date: /home/user/ros2_ws/install/barista_description/share/barista_description/models/box/meshes/box.dae
[1.211s] -- Up-to-date: /home/user/ros2_ws/install/barista_description/share/barista_description/models/box/meshes/table
[1.272s] -- Up-to-date: /home/user/ros2_ws/install/barista_description/share/barista_description/models/box/meshes/table/material_2.JPG
[1.273s] -- Up-to-date: /home/user/ros2_ws/install/barista_description/share/barista_description/models/box/meshes/table/material_1.JPG
[1.273s] -- Up-to-date: /home/user/ros2_ws/install/barista_description/share/barista_description/models/box/model.config
[1.273s] -- Up-to-date: /home/user/ros2_ws/install/barista_description/share/barista_description/models/door
[1.273s] -- Up-to-date: /home/user/ros2_ws/install/barista_description/share/barista_description/models/door/model.sdf
[1.273s] -- Up-to-date: /home/user/ros2_ws/install/barista_description/share/barista_description/models/door/meshes
[1.273s] -- Up-to-date: /home/user/ros2_ws/install/barista_description/share/barista_description/models/door/meshes/model
[1.273s] -- Up-to-date: /home/user/ros2_ws/install/barista_description/share/barista_description/models/door/meshes/model/__Wood_Cherry_Original_3.jpg
[1.273s] -- Up-to-date: /home/user/ros2_ws/install/barista_description/share/barista_description/models/door/meshes/model/material_18.jpg
[1.273s] -- Up-to-date: /home/user/ros2_ws/install/barista_description/share/barista_description/models/door/meshes/model/Metal_Aluminum_Anodized.jpg
[1.273s] -- Up-to-date: /home/user/ros2_ws/install/barista_description/share/barista_description/models/door/meshes/door.dae
[1.273s] -- Up-to-date: /home/user/ros2_ws/install/barista_description/share/barista_description/models/door/model.config
[1.273s] -- Up-to-date: /home/user/ros2_ws/install/barista_description/share/barista_description/models/ground_plane
[1.273s] -- Up-to-date: /home/user/ros2_ws/install/barista_description/share/barista_description/models/ground_plane/model-1_2.sdf
[1.274s] -- Up-to-date: /home/user/ros2_ws/install/barista_description/share/barista_description/models/ground_plane/model-1_3.sdf
[1.274s] -- Up-to-date: /home/user/ros2_ws/install/barista_description/share/barista_description/models/ground_plane/model.sdf
[1.274s] -- Up-to-date: /home/user/ros2_ws/install/barista_description/share/barista_description/models/ground_plane/model-1_4.sdf
[1.274s] -- Up-to-date: /home/user/ros2_ws/install/barista_description/share/barista_description/models/ground_plane/model.config
[1.274s] -- Up-to-date: /home/user/ros2_ws/install/barista_description/share/barista_description/models/coffeeshop
[1.274s] -- Up-to-date: /home/user/ros2_ws/install/barista_description/share/barista_description/models/coffeeshop/model.sdf
[1.274s] -- Up-to-date: /home/user/ros2_ws/install/barista_description/share/barista_description/models/coffeeshop/meshes
[1.274s] -- Up-to-date: /home/user/ros2_ws/install/barista_description/share/barista_description/models/coffeeshop/meshes/coffeeshop.dae
[1.274s] -- Up-to-date: /home/user/ros2_ws/install/barista_description/share/barista_description/models/coffeeshop/meshes/splintered_wool_texture.png
[1.274s] -- Up-to-date: /home/user/ros2_ws/install/barista_description/share/barista_description/models/coffeeshop/model.config
[1.274s] -- Up-to-date: /home/user/ros2_ws/install/barista_description/share/barista_description/models/condiment
[1.274s] -- Up-to-date: /home/user/ros2_ws/install/barista_description/share/barista_description/models/condiment/model.sdf
[1.274s] -- Up-to-date: /home/user/ros2_ws/install/barista_description/share/barista_description/models/condiment/meshes
[1.275s] -- Up-to-date: /home/user/ros2_ws/install/barista_description/share/barista_description/models/condiment/meshes/condiment.dae
[1.275s] -- Up-to-date: /home/user/ros2_ws/install/barista_description/share/barista_description/models/condiment/meshes/condiment
[1.275s] -- Up-to-date: /home/user/ros2_ws/install/barista_description/share/barista_description/models/condiment/meshes/condiment/material_3.jpg
[1.275s] -- Up-to-date: /home/user/ros2_ws/install/barista_description/share/barista_description/models/condiment/model.config
[1.275s] -- Up-to-date: /home/user/ros2_ws/install/barista_description/share/barista_description/models/cup_massimo
[1.275s] -- Up-to-date: /home/user/ros2_ws/install/barista_description/share/barista_description/models/cup_massimo/model.sdf
[1.275s] -- Up-to-date: /home/user/ros2_ws/install/barista_description/share/barista_description/models/cup_massimo/meshes
[1.275s] -- Up-to-date: /home/user/ros2_ws/install/barista_description/share/barista_description/models/cup_massimo/meshes/cup_massimo.dae
[1.275s] -- Up-to-date: /home/user/ros2_ws/install/barista_description/share/barista_description/models/cup_massimo/model.config
[1.280s] -- Up-to-date: /home/user/ros2_ws/install/barista_description/share/barista_description/models/fence
[1.280s] -- Up-to-date: /home/user/ros2_ws/install/barista_description/share/barista_description/models/fence/model.sdf
[1.281s] -- Up-to-date: /home/user/ros2_ws/install/barista_description/share/barista_description/models/fence/meshes
[1.281s] -- Up-to-date: /home/user/ros2_ws/install/barista_description/share/barista_description/models/fence/meshes/model
[1.281s] -- Up-to-date: /home/user/ros2_ws/install/barista_description/share/barista_description/models/fence/meshes/model/Wood_Cherry_Original_0.jpg
[1.281s] -- Up-to-date: /home/user/ros2_ws/install/barista_description/share/barista_description/models/fence/meshes/model/Wood_Cherry_Original.jpg
[1.281s] -- Up-to-date: /home/user/ros2_ws/install/barista_description/share/barista_description/models/fence/meshes/fence.dae
[1.281s] -- Up-to-date: /home/user/ros2_ws/install/barista_description/share/barista_description/models/fence/model.config
[1.281s] -- Up-to-date: /home/user/ros2_ws/install/barista_description/share/barista_description/models/round_table
[1.281s] -- Up-to-date: /home/user/ros2_ws/install/barista_description/share/barista_description/models/round_table/model.sdf
[1.281s] -- Up-to-date: /home/user/ros2_ws/install/barista_description/share/barista_description/models/round_table/meshes
[1.281s] -- Up-to-date: /home/user/ros2_ws/install/barista_description/share/barista_description/models/round_table/meshes/round_table.dae
[1.295s] -- Up-to-date: /home/user/ros2_ws/install/barista_description/share/barista_description/models/round_table/meshes/mesa
[1.295s] -- Up-to-date: /home/user/ros2_ws/install/barista_description/share/barista_description/models/round_table/meshes/mesa/material_1_0.jpg
[1.295s] -- Up-to-date: /home/user/ros2_ws/install/barista_description/share/barista_description/models/round_table/meshes/mesa/Wood_Bamboo.jpg
[1.295s] -- Up-to-date: /home/user/ros2_ws/install/barista_description/share/barista_description/models/round_table/meshes/mesa/material_1.jpg
[1.295s] -- Up-to-date: /home/user/ros2_ws/install/barista_description/share/barista_description/models/round_table/meshes/mesa/__WhiteSmoke_17.jpg
[1.296s] -- Up-to-date: /home/user/ros2_ws/install/barista_description/share/barista_description/models/round_table/model.config
[1.296s] -- Up-to-date: /home/user/ros2_ws/install/barista_description/share/barista_description/models/square_table
[1.296s] -- Up-to-date: /home/user/ros2_ws/install/barista_description/share/barista_description/models/square_table/model.sdf
[1.296s] -- Up-to-date: /home/user/ros2_ws/install/barista_description/share/barista_description/models/square_table/meshes
[1.296s] -- Up-to-date: /home/user/ros2_ws/install/barista_description/share/barista_description/models/square_table/meshes/square_table.dae
[1.300s] -- Up-to-date: /home/user/ros2_ws/install/barista_description/share/barista_description/models/square_table/meshes/mesa
[1.300s] -- Up-to-date: /home/user/ros2_ws/install/barista_description/share/barista_description/models/square_table/meshes/mesa/material_1_0.jpg
[1.300s] -- Up-to-date: /home/user/ros2_ws/install/barista_description/share/barista_description/models/square_table/meshes/mesa/Wood_Bamboo.jpg
[1.300s] -- Up-to-date: /home/user/ros2_ws/install/barista_description/share/barista_description/models/square_table/meshes/mesa/material_1.jpg
[1.300s] -- Up-to-date: /home/user/ros2_ws/install/barista_description/share/barista_description/models/square_table/model.config
[1.300s] -- Up-to-date: /home/user/ros2_ws/install/barista_description/share/barista_description/robot
[1.300s] -- Up-to-date: /home/user/ros2_ws/install/barista_description/share/barista_description/robot/mule_barista.xacro
[1.301s] -- Up-to-date: /home/user/ros2_ws/install/barista_description/share/barista_description/robot/mule_barista copy.xacro
[1.301s] -- Up-to-date: /home/user/ros2_ws/install/barista_description/share/barista_description/robot/barista_kobuki_gazebo.xacro
[1.301s] -- Up-to-date: /home/user/ros2_ws/install/barista_description/share/barista_description/robot/barista_properties.xacro
[1.301s] -- Up-to-date: /home/user/ros2_ws/install/barista_description/share/barista_description/robot/common_properties.xacro
[1.301s] -- Up-to-date: /home/user/ros2_ws/install/barista_description/share/barista_description/robot/barista_mod copy.xacro
[1.301s] -- Up-to-date: /home/user/ros2_ws/install/barista_description/share/barista_description/robot/kobuki
[1.301s] -- Up-to-date: /home/user/ros2_ws/install/barista_description/share/barista_description/robot/kobuki/common_properties.urdf.xacro
[1.301s] -- Up-to-date: /home/user/ros2_ws/install/barista_description/share/barista_description/robot/barista_kobuki.xacro
[1.301s] -- Up-to-date: /home/user/ros2_ws/install/barista_description/share/barista_description/robot/turtlebot
[1.301s] -- Up-to-date: /home/user/ros2_ws/install/barista_description/share/barista_description/robot/turtlebot/common_properties.urdf.xacro
[1.301s] -- Up-to-date: /home/user/ros2_ws/install/barista_description/share/barista_description/robot/barista_kobuki_slotcar.xacro
[1.301s] -- Up-to-date: /home/user/ros2_ws/install/barista_description/share/barista_description/robot/barista_kobuki_gazebo_slotcar.xacro
[1.302s] -- Up-to-date: /home/user/ros2_ws/install/barista_description/share/barista_description/robot/barista_mod.xacro
[1.302s] -- Up-to-date: /home/user/ros2_ws/install/barista_description/share/barista_description/robot/barista.xacro
[1.302s] -- Up-to-date: /home/user/ros2_ws/install/barista_description/share/barista_description/robot/barista_slotcar.xacro
[1.302s] -- Up-to-date: /home/user/ros2_ws/install/barista_description/share/barista_description/robot/barista_hexagons.xacro
[1.302s] -- Up-to-date: /home/user/ros2_ws/install/barista_description/share/barista_description/robot/barista_hokuyo.xacro
[1.302s] -- Up-to-date: /home/user/ros2_ws/install/barista_description/lib/barista_description/spawn.launch.py
[1.302s] -- Up-to-date: /home/user/ros2_ws/install/barista_description/share/ament_index/resource_index/package_run_dependencies/barista_description
[1.302s] -- Up-to-date: /home/user/ros2_ws/install/barista_description/share/ament_index/resource_index/parent_prefix_path/barista_description
[1.302s] -- Up-to-date: /home/user/ros2_ws/install/barista_description/share/barista_description/environment/ament_prefix_path.sh
[1.302s] -- Up-to-date: /home/user/ros2_ws/install/barista_description/share/barista_description/environment/ament_prefix_path.dsv
[1.303s] -- Up-to-date: /home/user/ros2_ws/install/barista_description/share/barista_description/environment/path.sh
[1.303s] -- Up-to-date: /home/user/ros2_ws/install/barista_description/share/barista_description/environment/path.dsv
[1.303s] -- Up-to-date: /home/user/ros2_ws/install/barista_description/share/barista_description/local_setup.bash
[1.303s] -- Up-to-date: /home/user/ros2_ws/install/barista_description/share/barista_description/local_setup.sh
[1.303s] -- Up-to-date: /home/user/ros2_ws/install/barista_description/share/barista_description/local_setup.zsh
[1.303s] -- Up-to-date: /home/user/ros2_ws/install/barista_description/share/barista_description/local_setup.dsv
[1.303s] -- Installing: /home/user/ros2_ws/install/barista_description/share/barista_description/package.dsv
[1.303s] -- Up-to-date: /home/user/ros2_ws/install/barista_description/share/ament_index/resource_index/packages/barista_description
[1.305s] -- Up-to-date: /home/user/ros2_ws/install/barista_description/share/barista_description/cmake/barista_descriptionConfig.cmake
[1.305s] -- Up-to-date: /home/user/ros2_ws/install/barista_description/share/barista_description/cmake/barista_descriptionConfig-version.cmake
[1.305s] -- Up-to-date: /home/user/ros2_ws/install/barista_description/share/barista_description/package.xml
[1.378s] Invoked command in '/home/user/ros2_ws/build/barista_description' returned '0': CMAKE_PREFIX_PATH=${CMAKE_PREFIX_PATH}:/home/simulations/ros2_sims_ws/install/rclrs_tests:/home/simulations/ros2_sims_ws/install/examples_rclrs_minimal_client_service:/home/simulations/ros2_sims_ws/install/sensor_msgs_py:/home/simulations/ros2_sims_ws/install/examples_rclrs_minimal_pub_sub:/home/simulations/ros2_sims_ws/install/examples_rclrs_message_demo:/home/simulations/ros2_sims_ws/install/rclrs:/home/simulations/ros2_sims_ws/install/rosidl_runtime_rs:/home/user/ros2_ws/install/ros2test:/home/user/ros2_ws/install/robotiq_85_driver:/home/user/ros2_ws/install/path_planner_server:/home/user/ros2_ws/install/moveit_configs_utils:/home/user/ros2_ws/install/localization_server:/home/user/ros2_ws/install/cartographer_slam:/home/user/ros2_ws/install/aruco_detection_tests:/opt/ros/humble _=/usr/bin/env /usr/bin/cmake --install /home/user/ros2_ws/build/barista_description
