[0.075s] Invoking command in '/home/user/ros2_ws/build/barista_table_finder': CMAKE_PREFIX_PATH=${CMAKE_PREFIX_PATH}:/home/simulations/ros2_sims_ws/install/rclrs_tests:/home/simulations/ros2_sims_ws/install/examples_rclrs_minimal_client_service:/home/simulations/ros2_sims_ws/install/sensor_msgs_py:/home/simulations/ros2_sims_ws/install/examples_rclrs_minimal_pub_sub:/home/simulations/ros2_sims_ws/install/examples_rclrs_message_demo:/home/simulations/ros2_sims_ws/install/rclrs:/home/simulations/ros2_sims_ws/install/rosidl_runtime_rs:/home/user/ros2_ws/install/ros2test:/home/user/ros2_ws/install/robotiq_85_driver:/home/user/ros2_ws/install/path_planner_server:/home/user/ros2_ws/install/moveit_configs_utils:/home/user/ros2_ws/install/localization_server:/home/user/ros2_ws/install/cartographer_slam:/opt/ros/humble _=/usr/bin/env /usr/bin/cmake --build /home/user/ros2_ws/build/barista_table_finder -- -j8 -l8
[0.263s] [ 10%] Built target barista_table_finder__rosidl_generator_c
[0.279s] [ 12%] Built target barista_table_finder__cpp
[0.289s] [ 15%] Built target barista_table_finder__rs
[0.302s] [ 15%] Built target ament_cmake_python_copy_barista_table_finder
[0.350s] [ 25%] Built target barista_table_finder__rosidl_typesupport_c
[0.372s] [ 35%] Built target barista_table_finder__rosidl_typesupport_introspection_c
[0.397s] [ 45%] Built target barista_table_finder__rosidl_typesupport_fastrtps_c
[0.402s] [ 55%] Built target barista_table_finder__rosidl_typesupport_introspection_cpp
[0.406s] [ 65%] Built target barista_table_finder__rosidl_typesupport_cpp
[0.406s] [ 75%] Built target barista_table_finder__rosidl_typesupport_fastrtps_cpp
[0.472s] [ 75%] Built target barista_table_finder
[0.548s] [ 77%] Built target barista_table_finder__py
[0.601s] [ 85%] Built target barista_table_finder__rosidl_generator_py
[0.671s] [ 90%] Built target barista_table_finder__rosidl_typesupport_introspection_c__pyext
[0.674s] [ 95%] Built target barista_table_finder__rosidl_typesupport_fastrtps_c__pyext
[0.675s] [100%] Built target barista_table_finder__rosidl_typesupport_c__pyext
[0.776s] running egg_info
[0.777s] writing barista_table_finder.egg-info/PKG-INFO
[0.777s] writing dependency_links to barista_table_finder.egg-info/dependency_links.txt
[0.777s] writing top-level names to barista_table_finder.egg-info/top_level.txt
[0.779s] reading manifest file 'barista_table_finder.egg-info/SOURCES.txt'
[0.780s] writing manifest file 'barista_table_finder.egg-info/SOURCES.txt'
[0.815s] [100%] Built target ament_cmake_python_build_barista_table_finder_egg
[1.054s] Invoked command in '/home/user/ros2_ws/build/barista_table_finder' returned '0': CMAKE_PREFIX_PATH=${CMAKE_PREFIX_PATH}:/home/simulations/ros2_sims_ws/install/rclrs_tests:/home/simulations/ros2_sims_ws/install/examples_rclrs_minimal_client_service:/home/simulations/ros2_sims_ws/install/sensor_msgs_py:/home/simulations/ros2_sims_ws/install/examples_rclrs_minimal_pub_sub:/home/simulations/ros2_sims_ws/install/examples_rclrs_message_demo:/home/simulations/ros2_sims_ws/install/rclrs:/home/simulations/ros2_sims_ws/install/rosidl_runtime_rs:/home/user/ros2_ws/install/ros2test:/home/user/ros2_ws/install/robotiq_85_driver:/home/user/ros2_ws/install/path_planner_server:/home/user/ros2_ws/install/moveit_configs_utils:/home/user/ros2_ws/install/localization_server:/home/user/ros2_ws/install/cartographer_slam:/opt/ros/humble _=/usr/bin/env /usr/bin/cmake --build /home/user/ros2_ws/build/barista_table_finder -- -j8 -l8
[1.747s] Invoking command in '/home/user/ros2_ws/build/barista_table_finder': CMAKE_PREFIX_PATH=${CMAKE_PREFIX_PATH}:/home/simulations/ros2_sims_ws/install/rclrs_tests:/home/simulations/ros2_sims_ws/install/examples_rclrs_minimal_client_service:/home/simulations/ros2_sims_ws/install/sensor_msgs_py:/home/simulations/ros2_sims_ws/install/examples_rclrs_minimal_pub_sub:/home/simulations/ros2_sims_ws/install/examples_rclrs_message_demo:/home/simulations/ros2_sims_ws/install/rclrs:/home/simulations/ros2_sims_ws/install/rosidl_runtime_rs:/home/user/ros2_ws/install/ros2test:/home/user/ros2_ws/install/robotiq_85_driver:/home/user/ros2_ws/install/path_planner_server:/home/user/ros2_ws/install/moveit_configs_utils:/home/user/ros2_ws/install/localization_server:/home/user/ros2_ws/install/cartographer_slam:/opt/ros/humble _=/usr/bin/env /usr/bin/cmake --install /home/user/ros2_ws/build/barista_table_finder
[1.846s] -- Install configuration: ""
[1.846s] -- Up-to-date: /home/user/ros2_ws/install/barista_table_finder/share/barista_table_finder//launch
[1.846s] -- Up-to-date: /home/user/ros2_ws/install/barista_table_finder/share/barista_table_finder//launch/barista_1_table_finder_server.launch.xml
[1.846s] -- Up-to-date: /home/user/ros2_ws/install/barista_table_finder/share/barista_table_finder//launch/cleaner_1_table_finder_server.launch.xml
[1.846s] -- Up-to-date: /home/user/ros2_ws/install/barista_table_finder/share/ament_index/resource_index/rosidl_interfaces/barista_table_finder
[1.846s] -- Up-to-date: /home/user/ros2_ws/install/barista_table_finder/include/barista_table_finder/barista_table_finder
[1.846s] -- Up-to-date: /home/user/ros2_ws/install/barista_table_finder/include/barista_table_finder/barista_table_finder/msg
[1.846s] -- Up-to-date: /home/user/ros2_ws/install/barista_table_finder/include/barista_table_finder/barista_table_finder/msg/rosidl_generator_c__visibility_control.h
[1.846s] -- Up-to-date: /home/user/ros2_ws/install/barista_table_finder/include/barista_table_finder/barista_table_finder/action
[1.846s] -- Up-to-date: /home/user/ros2_ws/install/barista_table_finder/include/barista_table_finder/barista_table_finder/action/detail
[1.846s] -- Up-to-date: /home/user/ros2_ws/install/barista_table_finder/include/barista_table_finder/barista_table_finder/action/detail/align_barista__struct.h
[1.847s] -- Up-to-date: /home/user/ros2_ws/install/barista_table_finder/include/barista_table_finder/barista_table_finder/action/detail/align_barista__type_support.h
[1.847s] -- Up-to-date: /home/user/ros2_ws/install/barista_table_finder/include/barista_table_finder/barista_table_finder/action/detail/go_under_table__struct.h
[1.847s] -- Up-to-date: /home/user/ros2_ws/install/barista_table_finder/include/barista_table_finder/barista_table_finder/action/detail/align_barista__functions.h
[1.847s] -- Up-to-date: /home/user/ros2_ws/install/barista_table_finder/include/barista_table_finder/barista_table_finder/action/detail/go_under_table__functions.h
[1.848s] -- Up-to-date: /home/user/ros2_ws/install/barista_table_finder/include/barista_table_finder/barista_table_finder/action/detail/go_under_table__functions.c
[1.848s] -- Up-to-date: /home/user/ros2_ws/install/barista_table_finder/include/barista_table_finder/barista_table_finder/action/detail/align_barista__functions.c
[1.848s] -- Up-to-date: /home/user/ros2_ws/install/barista_table_finder/include/barista_table_finder/barista_table_finder/action/detail/go_under_table__type_support.h
[1.848s] -- Up-to-date: /home/user/ros2_ws/install/barista_table_finder/include/barista_table_finder/barista_table_finder/action/go_under_table.h
[1.848s] -- Up-to-date: /home/user/ros2_ws/install/barista_table_finder/include/barista_table_finder/barista_table_finder/action/align_barista.h
[1.848s] -- Up-to-date: /home/user/ros2_ws/install/barista_table_finder/share/barista_table_finder/environment/library_path.sh
[1.848s] -- Up-to-date: /home/user/ros2_ws/install/barista_table_finder/share/barista_table_finder/environment/library_path.dsv
[1.848s] -- Up-to-date: /home/user/ros2_ws/install/barista_table_finder/lib/libbarista_table_finder__rosidl_generator_c.so
[1.849s] -- Up-to-date: /home/user/ros2_ws/install/barista_table_finder/include/barista_table_finder/barista_table_finder
[1.849s] -- Up-to-date: /home/user/ros2_ws/install/barista_table_finder/include/barista_table_finder/barista_table_finder/msg
[1.849s] -- Up-to-date: /home/user/ros2_ws/install/barista_table_finder/include/barista_table_finder/barista_table_finder/msg/rosidl_typesupport_fastrtps_c__visibility_control.h
[1.849s] -- Up-to-date: /home/user/ros2_ws/install/barista_table_finder/include/barista_table_finder/barista_table_finder/action
[1.849s] -- Up-to-date: /home/user/ros2_ws/install/barista_table_finder/include/barista_table_finder/barista_table_finder/action/detail
[1.849s] -- Up-to-date: /home/user/ros2_ws/install/barista_table_finder/include/barista_table_finder/barista_table_finder/action/detail/go_under_table__rosidl_typesupport_fastrtps_c.h
[1.849s] -- Up-to-date: /home/user/ros2_ws/install/barista_table_finder/include/barista_table_finder/barista_table_finder/action/detail/align_barista__rosidl_typesupport_fastrtps_c.h
[1.849s] -- Up-to-date: /home/user/ros2_ws/install/barista_table_finder/lib/libbarista_table_finder__rosidl_typesupport_fastrtps_c.so
[1.850s] -- Up-to-date: /home/user/ros2_ws/install/barista_table_finder/include/barista_table_finder/barista_table_finder
[1.850s] -- Up-to-date: /home/user/ros2_ws/install/barista_table_finder/include/barista_table_finder/barista_table_finder/action
[1.850s] -- Up-to-date: /home/user/ros2_ws/install/barista_table_finder/include/barista_table_finder/barista_table_finder/action/detail
[1.850s] -- Up-to-date: /home/user/ros2_ws/install/barista_table_finder/include/barista_table_finder/barista_table_finder/action/detail/align_barista__struct.hpp
[1.850s] -- Up-to-date: /home/user/ros2_ws/install/barista_table_finder/include/barista_table_finder/barista_table_finder/action/detail/align_barista__builder.hpp
[1.850s] -- Up-to-date: /home/user/ros2_ws/install/barista_table_finder/include/barista_table_finder/barista_table_finder/action/detail/go_under_table__struct.hpp
[1.850s] -- Up-to-date: /home/user/ros2_ws/install/barista_table_finder/include/barista_table_finder/barista_table_finder/action/detail/align_barista__traits.hpp
[1.850s] -- Up-to-date: /home/user/ros2_ws/install/barista_table_finder/include/barista_table_finder/barista_table_finder/action/detail/go_under_table__traits.hpp
[1.850s] -- Up-to-date: /home/user/ros2_ws/install/barista_table_finder/include/barista_table_finder/barista_table_finder/action/detail/go_under_table__builder.hpp
[1.850s] -- Up-to-date: /home/user/ros2_ws/install/barista_table_finder/include/barista_table_finder/barista_table_finder/action/go_under_table.hpp
[1.851s] -- Up-to-date: /home/user/ros2_ws/install/barista_table_finder/include/barista_table_finder/barista_table_finder/action/align_barista.hpp
[1.851s] -- Up-to-date: /home/user/ros2_ws/install/barista_table_finder/include/barista_table_finder/barista_table_finder
[1.851s] -- Up-to-date: /home/user/ros2_ws/install/barista_table_finder/include/barista_table_finder/barista_table_finder/msg
[1.851s] -- Up-to-date: /home/user/ros2_ws/install/barista_table_finder/include/barista_table_finder/barista_table_finder/msg/rosidl_typesupport_fastrtps_cpp__visibility_control.h
[1.851s] -- Up-to-date: /home/user/ros2_ws/install/barista_table_finder/include/barista_table_finder/barista_table_finder/action
[1.851s] -- Up-to-date: /home/user/ros2_ws/install/barista_table_finder/include/barista_table_finder/barista_table_finder/action/detail
[1.851s] -- Up-to-date: /home/user/ros2_ws/install/barista_table_finder/include/barista_table_finder/barista_table_finder/action/detail/align_barista__rosidl_typesupport_fastrtps_cpp.hpp
[1.851s] -- Up-to-date: /home/user/ros2_ws/install/barista_table_finder/include/barista_table_finder/barista_table_finder/action/detail/dds_fastrtps
[1.851s] -- Up-to-date: /home/user/ros2_ws/install/barista_table_finder/include/barista_table_finder/barista_table_finder/action/detail/go_under_table__rosidl_typesupport_fastrtps_cpp.hpp
[1.852s] -- Up-to-date: /home/user/ros2_ws/install/barista_table_finder/lib/libbarista_table_finder__rosidl_typesupport_fastrtps_cpp.so
[1.853s] -- Up-to-date: /home/user/ros2_ws/install/barista_table_finder/include/barista_table_finder/barista_table_finder
[1.853s] -- Up-to-date: /home/user/ros2_ws/install/barista_table_finder/include/barista_table_finder/barista_table_finder/msg
[1.853s] -- Up-to-date: /home/user/ros2_ws/install/barista_table_finder/include/barista_table_finder/barista_table_finder/msg/rosidl_typesupport_introspection_c__visibility_control.h
[1.855s] -- Up-to-date: /home/user/ros2_ws/install/barista_table_finder/include/barista_table_finder/barista_table_finder/action
[1.858s] -- Up-to-date: /home/user/ros2_ws/install/barista_table_finder/include/barista_table_finder/barista_table_finder/action/detail
[1.858s] -- Up-to-date: /home/user/ros2_ws/install/barista_table_finder/include/barista_table_finder/barista_table_finder/action/detail/go_under_table__rosidl_typesupport_introspection_c.h
[1.858s] -- Up-to-date: /home/user/ros2_ws/install/barista_table_finder/include/barista_table_finder/barista_table_finder/action/detail/go_under_table__type_support.c
[1.858s] -- Up-to-date: /home/user/ros2_ws/install/barista_table_finder/include/barista_table_finder/barista_table_finder/action/detail/align_barista__rosidl_typesupport_introspection_c.h
[1.858s] -- Up-to-date: /home/user/ros2_ws/install/barista_table_finder/include/barista_table_finder/barista_table_finder/action/detail/align_barista__type_support.c
[1.858s] -- Up-to-date: /home/user/ros2_ws/install/barista_table_finder/lib/libbarista_table_finder__rosidl_typesupport_introspection_c.so
[1.859s] -- Up-to-date: /home/user/ros2_ws/install/barista_table_finder/lib/libbarista_table_finder__rosidl_typesupport_c.so
[1.859s] -- Up-to-date: /home/user/ros2_ws/install/barista_table_finder/include/barista_table_finder/barista_table_finder
[1.859s] -- Up-to-date: /home/user/ros2_ws/install/barista_table_finder/include/barista_table_finder/barista_table_finder/action
[1.859s] -- Up-to-date: /home/user/ros2_ws/install/barista_table_finder/include/barista_table_finder/barista_table_finder/action/detail
[1.859s] -- Up-to-date: /home/user/ros2_ws/install/barista_table_finder/include/barista_table_finder/barista_table_finder/action/detail/align_barista__type_support.cpp
[1.859s] -- Up-to-date: /home/user/ros2_ws/install/barista_table_finder/include/barista_table_finder/barista_table_finder/action/detail/go_under_table__type_support.cpp
[1.859s] -- Up-to-date: /home/user/ros2_ws/install/barista_table_finder/include/barista_table_finder/barista_table_finder/action/detail/align_barista__rosidl_typesupport_introspection_cpp.hpp
[1.859s] -- Up-to-date: /home/user/ros2_ws/install/barista_table_finder/include/barista_table_finder/barista_table_finder/action/detail/go_under_table__rosidl_typesupport_introspection_cpp.hpp
[1.859s] -- Up-to-date: /home/user/ros2_ws/install/barista_table_finder/lib/libbarista_table_finder__rosidl_typesupport_introspection_cpp.so
[1.860s] -- Up-to-date: /home/user/ros2_ws/install/barista_table_finder/lib/libbarista_table_finder__rosidl_typesupport_cpp.so
[1.860s] -- Up-to-date: /home/user/ros2_ws/install/barista_table_finder/share/ament_index/resource_index/rust_packages/barista_table_finder
[1.860s] -- Up-to-date: /home/user/ros2_ws/install/barista_table_finder/share/barista_table_finder/rust
[1.860s] -- Up-to-date: /home/user/ros2_ws/install/barista_table_finder/share/barista_table_finder/rust/Cargo.toml
[1.860s] -- Up-to-date: /home/user/ros2_ws/install/barista_table_finder/share/barista_table_finder/rust/src
[1.860s] -- Up-to-date: /home/user/ros2_ws/install/barista_table_finder/share/barista_table_finder/rust/src/lib.rs
[1.860s] -- Up-to-date: /home/user/ros2_ws/install/barista_table_finder/share/barista_table_finder/rust/build.rs
[1.860s] -- Up-to-date: /home/user/ros2_ws/install/barista_table_finder/share/barista_table_finder/rust
[1.860s] -- Up-to-date: /home/user/ros2_ws/install/barista_table_finder/share/barista_table_finder/rust/Cargo.toml
[1.860s] -- Up-to-date: /home/user/ros2_ws/install/barista_table_finder/share/barista_table_finder/rust/src
[1.861s] -- Up-to-date: /home/user/ros2_ws/install/barista_table_finder/share/barista_table_finder/rust/src/lib.rs
[1.861s] -- Up-to-date: /home/user/ros2_ws/install/barista_table_finder/share/barista_table_finder/rust/build.rs
[1.861s] -- Up-to-date: /home/user/ros2_ws/install/barista_table_finder/share/barista_table_finder/rust
[1.861s] -- Up-to-date: /home/user/ros2_ws/install/barista_table_finder/share/barista_table_finder/rust/Cargo.toml
[1.861s] -- Up-to-date: /home/user/ros2_ws/install/barista_table_finder/share/barista_table_finder/rust/src
[1.861s] -- Up-to-date: /home/user/ros2_ws/install/barista_table_finder/share/barista_table_finder/rust/src/lib.rs
[1.861s] -- Up-to-date: /home/user/ros2_ws/install/barista_table_finder/share/barista_table_finder/rust/build.rs
[1.861s] -- Up-to-date: /home/user/ros2_ws/install/barista_table_finder/share/barista_table_finder/environment/pythonpath.sh
[1.861s] -- Up-to-date: /home/user/ros2_ws/install/barista_table_finder/share/barista_table_finder/environment/pythonpath.dsv
[1.862s] -- Up-to-date: /home/user/ros2_ws/install/barista_table_finder/local/lib/python3.10/dist-packages/barista_table_finder-0.0.0-py3.10.egg-info
[1.863s] -- Installing: /home/user/ros2_ws/install/barista_table_finder/local/lib/python3.10/dist-packages/barista_table_finder-0.0.0-py3.10.egg-info/PKG-INFO
[1.863s] -- Installing: /home/user/ros2_ws/install/barista_table_finder/local/lib/python3.10/dist-packages/barista_table_finder-0.0.0-py3.10.egg-info/top_level.txt
[1.863s] -- Installing: /home/user/ros2_ws/install/barista_table_finder/local/lib/python3.10/dist-packages/barista_table_finder-0.0.0-py3.10.egg-info/SOURCES.txt
[1.863s] -- Installing: /home/user/ros2_ws/install/barista_table_finder/local/lib/python3.10/dist-packages/barista_table_finder-0.0.0-py3.10.egg-info/dependency_links.txt
[1.863s] -- Up-to-date: /home/user/ros2_ws/install/barista_table_finder/local/lib/python3.10/dist-packages/barista_table_finder
[1.863s] -- Up-to-date: /home/user/ros2_ws/install/barista_table_finder/local/lib/python3.10/dist-packages/barista_table_finder/barista_table_finder_s__rosidl_typesupport_c.cpython-310-x86_64-linux-gnu.so
[1.863s] -- Up-to-date: /home/user/ros2_ws/install/barista_table_finder/local/lib/python3.10/dist-packages/barista_table_finder/libbarista_table_finder__rosidl_generator_py.so
[1.863s] -- Up-to-date: /home/user/ros2_ws/install/barista_table_finder/local/lib/python3.10/dist-packages/barista_table_finder/barista_table_finder_s__rosidl_typesupport_introspection_c.cpython-310-x86_64-linux-gnu.so
[1.863s] -- Up-to-date: /home/user/ros2_ws/install/barista_table_finder/local/lib/python3.10/dist-packages/barista_table_finder/__init__.py
[1.864s] -- Up-to-date: /home/user/ros2_ws/install/barista_table_finder/local/lib/python3.10/dist-packages/barista_table_finder/_barista_table_finder_s.ep.rosidl_typesupport_introspection_c.c
[1.864s] -- Up-to-date: /home/user/ros2_ws/install/barista_table_finder/local/lib/python3.10/dist-packages/barista_table_finder/_barista_table_finder_s.ep.rosidl_typesupport_c.c
[1.864s] -- Up-to-date: /home/user/ros2_ws/install/barista_table_finder/local/lib/python3.10/dist-packages/barista_table_finder/barista_table_finder_s__rosidl_typesupport_fastrtps_c.cpython-310-x86_64-linux-gnu.so
[1.864s] -- Up-to-date: /home/user/ros2_ws/install/barista_table_finder/local/lib/python3.10/dist-packages/barista_table_finder/_barista_table_finder_s.ep.rosidl_typesupport_fastrtps_c.c
[1.864s] -- Up-to-date: /home/user/ros2_ws/install/barista_table_finder/local/lib/python3.10/dist-packages/barista_table_finder/action
[1.864s] -- Up-to-date: /home/user/ros2_ws/install/barista_table_finder/local/lib/python3.10/dist-packages/barista_table_finder/action/_go_under_table_s.c
[1.864s] -- Up-to-date: /home/user/ros2_ws/install/barista_table_finder/local/lib/python3.10/dist-packages/barista_table_finder/action/_align_barista_s.c
[1.864s] -- Up-to-date: /home/user/ros2_ws/install/barista_table_finder/local/lib/python3.10/dist-packages/barista_table_finder/action/_go_under_table.py
[1.864s] -- Up-to-date: /home/user/ros2_ws/install/barista_table_finder/local/lib/python3.10/dist-packages/barista_table_finder/action/__init__.py
[1.864s] -- Up-to-date: /home/user/ros2_ws/install/barista_table_finder/local/lib/python3.10/dist-packages/barista_table_finder/action/_align_barista.py
[1.865s] Listing '/home/user/ros2_ws/install/barista_table_finder/local/lib/python3.10/dist-packages/barista_table_finder'...
[1.865s] Listing '/home/user/ros2_ws/install/barista_table_finder/local/lib/python3.10/dist-packages/barista_table_finder/action'...
[1.865s] -- Up-to-date: /home/user/ros2_ws/install/barista_table_finder/local/lib/python3.10/dist-packages/barista_table_finder/barista_table_finder_s__rosidl_typesupport_fastrtps_c.cpython-310-x86_64-linux-gnu.so
[1.865s] -- Up-to-date: /home/user/ros2_ws/install/barista_table_finder/local/lib/python3.10/dist-packages/barista_table_finder/barista_table_finder_s__rosidl_typesupport_introspection_c.cpython-310-x86_64-linux-gnu.so
[1.865s] -- Up-to-date: /home/user/ros2_ws/install/barista_table_finder/local/lib/python3.10/dist-packages/barista_table_finder/barista_table_finder_s__rosidl_typesupport_c.cpython-310-x86_64-linux-gnu.so
[1.865s] -- Up-to-date: /home/user/ros2_ws/install/barista_table_finder/lib/libbarista_table_finder__rosidl_generator_py.so
[1.865s] -- Up-to-date: /home/user/ros2_ws/install/barista_table_finder/share/barista_table_finder/action/AlignBarista.idl
[1.866s] -- Up-to-date: /home/user/ros2_ws/install/barista_table_finder/share/barista_table_finder/action/GoUnderTable.idl
[1.866s] -- Up-to-date: /home/user/ros2_ws/install/barista_table_finder/share/barista_table_finder/action/AlignBarista.action
[1.867s] -- Up-to-date: /home/user/ros2_ws/install/barista_table_finder/share/barista_table_finder/action/GoUnderTable.action
[1.868s] -- Up-to-date: /home/user/ros2_ws/install/barista_table_finder/lib/barista_table_finder/table_finder.py
[1.868s] -- Up-to-date: /home/user/ros2_ws/install/barista_table_finder/share/ament_index/resource_index/package_run_dependencies/barista_table_finder
[1.868s] -- Up-to-date: /home/user/ros2_ws/install/barista_table_finder/share/ament_index/resource_index/parent_prefix_path/barista_table_finder
[1.868s] -- Up-to-date: /home/user/ros2_ws/install/barista_table_finder/share/barista_table_finder/environment/ament_prefix_path.sh
[1.869s] -- Up-to-date: /home/user/ros2_ws/install/barista_table_finder/share/barista_table_finder/environment/ament_prefix_path.dsv
[1.869s] -- Up-to-date: /home/user/ros2_ws/install/barista_table_finder/share/barista_table_finder/environment/path.sh
[1.869s] -- Up-to-date: /home/user/ros2_ws/install/barista_table_finder/share/barista_table_finder/environment/path.dsv
[1.869s] -- Up-to-date: /home/user/ros2_ws/install/barista_table_finder/share/barista_table_finder/local_setup.bash
[1.869s] -- Up-to-date: /home/user/ros2_ws/install/barista_table_finder/share/barista_table_finder/local_setup.sh
[1.869s] -- Up-to-date: /home/user/ros2_ws/install/barista_table_finder/share/barista_table_finder/local_setup.zsh
[1.869s] -- Up-to-date: /home/user/ros2_ws/install/barista_table_finder/share/barista_table_finder/local_setup.dsv
[1.870s] -- Installing: /home/user/ros2_ws/install/barista_table_finder/share/barista_table_finder/package.dsv
[1.870s] -- Up-to-date: /home/user/ros2_ws/install/barista_table_finder/share/ament_index/resource_index/packages/barista_table_finder
[1.870s] -- Up-to-date: /home/user/ros2_ws/install/barista_table_finder/share/barista_table_finder/cmake/export_barista_table_finder__rosidl_generator_cExport.cmake
[1.870s] -- Up-to-date: /home/user/ros2_ws/install/barista_table_finder/share/barista_table_finder/cmake/export_barista_table_finder__rosidl_generator_cExport-noconfig.cmake
[1.870s] -- Up-to-date: /home/user/ros2_ws/install/barista_table_finder/share/barista_table_finder/cmake/export_barista_table_finder__rosidl_typesupport_fastrtps_cExport.cmake
[1.870s] -- Up-to-date: /home/user/ros2_ws/install/barista_table_finder/share/barista_table_finder/cmake/export_barista_table_finder__rosidl_typesupport_fastrtps_cExport-noconfig.cmake
[1.871s] -- Up-to-date: /home/user/ros2_ws/install/barista_table_finder/share/barista_table_finder/cmake/export_barista_table_finder__rosidl_generator_cppExport.cmake
[1.872s] -- Up-to-date: /home/user/ros2_ws/install/barista_table_finder/share/barista_table_finder/cmake/export_barista_table_finder__rosidl_typesupport_fastrtps_cppExport.cmake
[1.872s] -- Up-to-date: /home/user/ros2_ws/install/barista_table_finder/share/barista_table_finder/cmake/export_barista_table_finder__rosidl_typesupport_fastrtps_cppExport-noconfig.cmake
[1.873s] -- Up-to-date: /home/user/ros2_ws/install/barista_table_finder/share/barista_table_finder/cmake/barista_table_finder__rosidl_typesupport_introspection_cExport.cmake
[1.873s] -- Up-to-date: /home/user/ros2_ws/install/barista_table_finder/share/barista_table_finder/cmake/barista_table_finder__rosidl_typesupport_introspection_cExport-noconfig.cmake
[1.873s] -- Up-to-date: /home/user/ros2_ws/install/barista_table_finder/share/barista_table_finder/cmake/barista_table_finder__rosidl_typesupport_cExport.cmake
[1.873s] -- Up-to-date: /home/user/ros2_ws/install/barista_table_finder/share/barista_table_finder/cmake/barista_table_finder__rosidl_typesupport_cExport-noconfig.cmake
[1.873s] -- Up-to-date: /home/user/ros2_ws/install/barista_table_finder/share/barista_table_finder/cmake/barista_table_finder__rosidl_typesupport_introspection_cppExport.cmake
[1.874s] -- Up-to-date: /home/user/ros2_ws/install/barista_table_finder/share/barista_table_finder/cmake/barista_table_finder__rosidl_typesupport_introspection_cppExport-noconfig.cmake
[1.874s] -- Up-to-date: /home/user/ros2_ws/install/barista_table_finder/share/barista_table_finder/cmake/barista_table_finder__rosidl_typesupport_cppExport.cmake
[1.874s] -- Up-to-date: /home/user/ros2_ws/install/barista_table_finder/share/barista_table_finder/cmake/barista_table_finder__rosidl_typesupport_cppExport-noconfig.cmake
[1.874s] -- Up-to-date: /home/user/ros2_ws/install/barista_table_finder/share/barista_table_finder/cmake/export_barista_table_finder__rosidl_generator_pyExport.cmake
[1.875s] -- Up-to-date: /home/user/ros2_ws/install/barista_table_finder/share/barista_table_finder/cmake/export_barista_table_finder__rosidl_generator_pyExport-noconfig.cmake
[1.877s] -- Up-to-date: /home/user/ros2_ws/install/barista_table_finder/share/barista_table_finder/cmake/rosidl_cmake-extras.cmake
[1.877s] -- Up-to-date: /home/user/ros2_ws/install/barista_table_finder/share/barista_table_finder/cmake/ament_cmake_export_dependencies-extras.cmake
[1.878s] -- Up-to-date: /home/user/ros2_ws/install/barista_table_finder/share/barista_table_finder/cmake/ament_cmake_export_include_directories-extras.cmake
[1.878s] -- Up-to-date: /home/user/ros2_ws/install/barista_table_finder/share/barista_table_finder/cmake/ament_cmake_export_libraries-extras.cmake
[1.878s] -- Up-to-date: /home/user/ros2_ws/install/barista_table_finder/share/barista_table_finder/cmake/ament_cmake_export_targets-extras.cmake
[1.879s] -- Up-to-date: /home/user/ros2_ws/install/barista_table_finder/share/barista_table_finder/cmake/rosidl_cmake_export_typesupport_targets-extras.cmake
[1.879s] -- Up-to-date: /home/user/ros2_ws/install/barista_table_finder/share/barista_table_finder/cmake/rosidl_cmake_export_typesupport_libraries-extras.cmake
[1.879s] -- Up-to-date: /home/user/ros2_ws/install/barista_table_finder/share/barista_table_finder/cmake/barista_table_finderConfig.cmake
[1.879s] -- Up-to-date: /home/user/ros2_ws/install/barista_table_finder/share/barista_table_finder/cmake/barista_table_finderConfig-version.cmake
[1.880s] -- Up-to-date: /home/user/ros2_ws/install/barista_table_finder/share/barista_table_finder/package.xml
[1.880s] Invoked command in '/home/user/ros2_ws/build/barista_table_finder' returned '0': CMAKE_PREFIX_PATH=${CMAKE_PREFIX_PATH}:/home/simulations/ros2_sims_ws/install/rclrs_tests:/home/simulations/ros2_sims_ws/install/examples_rclrs_minimal_client_service:/home/simulations/ros2_sims_ws/install/sensor_msgs_py:/home/simulations/ros2_sims_ws/install/examples_rclrs_minimal_pub_sub:/home/simulations/ros2_sims_ws/install/examples_rclrs_message_demo:/home/simulations/ros2_sims_ws/install/rclrs:/home/simulations/ros2_sims_ws/install/rosidl_runtime_rs:/home/user/ros2_ws/install/ros2test:/home/user/ros2_ws/install/robotiq_85_driver:/home/user/ros2_ws/install/path_planner_server:/home/user/ros2_ws/install/moveit_configs_utils:/home/user/ros2_ws/install/localization_server:/home/user/ros2_ws/install/cartographer_slam:/opt/ros/humble _=/usr/bin/env /usr/bin/cmake --install /home/user/ros2_ws/build/barista_table_finder
