[0.127s] Invoking command in '/home/user/ros2_ws/build/barista_description': CMAKE_PREFIX_PATH=${CMAKE_PREFIX_PATH}:/home/simulations/ros2_sims_ws/install/rclrs_tests:/home/simulations/ros2_sims_ws/install/examples_rclrs_minimal_client_service:/home/simulations/ros2_sims_ws/install/sensor_msgs_py:/home/simulations/ros2_sims_ws/install/examples_rclrs_minimal_pub_sub:/home/simulations/ros2_sims_ws/install/examples_rclrs_message_demo:/home/simulations/ros2_sims_ws/install/rclrs:/home/simulations/ros2_sims_ws/install/rosidl_runtime_rs:/home/user/ros2_ws/install/ros2test:/home/user/ros2_ws/install/robotiq_85_driver:/home/user/ros2_ws/install/path_planner_server:/home/user/ros2_ws/install/moveit_configs_utils:/home/user/ros2_ws/install/localization_server:/home/user/ros2_ws/install/cartographer_slam:/opt/ros/humble _=/usr/bin/env /usr/bin/cmake --build /home/user/ros2_ws/build/barista_description -- -j8 -l8
[0.346s] Invoked command in '/home/user/ros2_ws/build/barista_description' returned '0': CMAKE_PREFIX_PATH=${CMAKE_PREFIX_PATH}:/home/simulations/ros2_sims_ws/install/rclrs_tests:/home/simulations/ros2_sims_ws/install/examples_rclrs_minimal_client_service:/home/simulations/ros2_sims_ws/install/sensor_msgs_py:/home/simulations/ros2_sims_ws/install/examples_rclrs_minimal_pub_sub:/home/simulations/ros2_sims_ws/install/examples_rclrs_message_demo:/home/simulations/ros2_sims_ws/install/rclrs:/home/simulations/ros2_sims_ws/install/rosidl_runtime_rs:/home/user/ros2_ws/install/ros2test:/home/user/ros2_ws/install/robotiq_85_driver:/home/user/ros2_ws/install/path_planner_server:/home/user/ros2_ws/install/moveit_configs_utils:/home/user/ros2_ws/install/localization_server:/home/user/ros2_ws/install/cartographer_slam:/opt/ros/humble _=/usr/bin/env /usr/bin/cmake --build /home/user/ros2_ws/build/barista_description -- -j8 -l8
[0.555s] Invoking command in '/home/user/ros2_ws/build/barista_description': CMAKE_PREFIX_PATH=${CMAKE_PREFIX_PATH}:/home/simulations/ros2_sims_ws/install/rclrs_tests:/home/simulations/ros2_sims_ws/install/examples_rclrs_minimal_client_service:/home/simulations/ros2_sims_ws/install/sensor_msgs_py:/home/simulations/ros2_sims_ws/install/examples_rclrs_minimal_pub_sub:/home/simulations/ros2_sims_ws/install/examples_rclrs_message_demo:/home/simulations/ros2_sims_ws/install/rclrs:/home/simulations/ros2_sims_ws/install/rosidl_runtime_rs:/home/user/ros2_ws/install/ros2test:/home/user/ros2_ws/install/robotiq_85_driver:/home/user/ros2_ws/install/path_planner_server:/home/user/ros2_ws/install/moveit_configs_utils:/home/user/ros2_ws/install/localization_server:/home/user/ros2_ws/install/cartographer_slam:/opt/ros/humble _=/usr/bin/env /usr/bin/cmake --install /home/user/ros2_ws/build/barista_description
[0.667s] -- Install configuration: ""
[0.667s] -- Up-to-date: /home/user/ros2_ws/install/barista_description/share/barista_description/src
[0.668s] -- Up-to-date: /home/user/ros2_ws/install/barista_description/share/barista_description/src/description
[0.668s] -- Up-to-date: /home/user/ros2_ws/install/barista_description/share/barista_description/src/description/barista_hexagons_asus_xtion_pro.urdf
[0.669s] -- Up-to-date: /home/user/ros2_ws/install/barista_description/share/barista_description/src/description/barista.urdf.xacro
[0.669s] -- Up-to-date: /home/user/ros2_ws/install/barista_description/share/barista_description/src/description/barista_hexagons_asus_xtion_pro.urdf.xacro
[0.669s] -- Up-to-date: /home/user/ros2_ws/install/barista_description/share/barista_description/src/description/barista.urdf
[0.669s] -- Up-to-date: /home/user/ros2_ws/install/barista_description/share/barista_description/src/description/barista.sdf
[0.669s] -- Up-to-date: /home/user/ros2_ws/install/barista_description/share/barista_description/src/description/barista_hexagons_asus_xtion_pro.sdf
[0.669s] -- Up-to-date: /home/user/ros2_ws/install/barista_description/share/barista_description/launch
[0.669s] -- Up-to-date: /home/user/ros2_ws/install/barista_description/share/barista_description/launch/spawn_slotcar.launch.py
[0.669s] -- Up-to-date: /home/user/ros2_ws/install/barista_description/share/barista_description/launch/spawn.launch.py
[0.669s] -- Up-to-date: /home/user/ros2_ws/install/barista_description/share/barista_description/rviz
[0.670s] -- Up-to-date: /home/user/ros2_ws/install/barista_description/share/barista_description/rviz/diffbot.rviz
[0.670s] -- Up-to-date: /home/user/ros2_ws/install/barista_description/share/barista_description/meshes
[0.670s] -- Up-to-date: /home/user/ros2_ws/install/barista_description/share/barista_description/meshes/sensors
[0.670s] -- Up-to-date: /home/user/ros2_ws/install/barista_description/share/barista_description/meshes/sensors/sensor_pole.dae
[0.670s] -- Up-to-date: /home/user/ros2_ws/install/barista_description/share/barista_description/meshes/sensors/xtion_pro_camera.jpg
[0.670s] -- Up-to-date: /home/user/ros2_ws/install/barista_description/share/barista_description/meshes/sensors/hokuyo.dae
[0.670s] -- Up-to-date: /home/user/ros2_ws/install/barista_description/share/barista_description/meshes/sensors/asus_xtion_pro_live.dae
[0.670s] -- Up-to-date: /home/user/ros2_ws/install/barista_description/share/barista_description/meshes/sensors/kinect.jpg
[0.670s] -- Up-to-date: /home/user/ros2_ws/install/barista_description/share/barista_description/meshes/sensors/xtion_pro.jpg
[0.671s] -- Up-to-date: /home/user/ros2_ws/install/barista_description/share/barista_description/meshes/sensors/asus_xtion_pro_live.png
[0.671s] -- Up-to-date: /home/user/ros2_ws/install/barista_description/share/barista_description/meshes/sensors/kinect.dae
[0.671s] -- Up-to-date: /home/user/ros2_ws/install/barista_description/share/barista_description/meshes/sensors/xtion_pro_camera.dae
[0.671s] -- Up-to-date: /home/user/ros2_ws/install/barista_description/share/barista_description/meshes/sensors/kinect.tga
[0.671s] -- Up-to-date: /home/user/ros2_ws/install/barista_description/share/barista_description/meshes/sensors/xtion_pro_stack.dae
[0.671s] -- Up-to-date: /home/user/ros2_ws/install/barista_description/share/barista_description/meshes/sensors/0_xtion_pro.jpg
[0.671s] -- Up-to-date: /home/user/ros2_ws/install/barista_description/share/barista_description/meshes/wheel.dae
[0.671s] -- Up-to-date: /home/user/ros2_ws/install/barista_description/share/barista_description/meshes/main_body.dae
[0.671s] -- Up-to-date: /home/user/ros2_ws/install/barista_description/share/barista_description/meshes/stacks
[0.671s] -- Up-to-date: /home/user/ros2_ws/install/barista_description/share/barista_description/meshes/stacks/hexagons
[0.672s] -- Up-to-date: /home/user/ros2_ws/install/barista_description/share/barista_description/meshes/stacks/hexagons/plate_bottom.dae
[0.672s] -- Up-to-date: /home/user/ros2_ws/install/barista_description/share/barista_description/meshes/stacks/hexagons/pole_kinect.dae
[0.672s] -- Up-to-date: /home/user/ros2_ws/install/barista_description/share/barista_description/meshes/stacks/hexagons/plate_middle.dae
[0.672s] -- Up-to-date: /home/user/ros2_ws/install/barista_description/share/barista_description/meshes/stacks/hexagons/pole_top.dae
[0.672s] -- Up-to-date: /home/user/ros2_ws/install/barista_description/share/barista_description/meshes/stacks/hexagons/pole_bottom.dae
[0.672s] -- Up-to-date: /home/user/ros2_ws/install/barista_description/share/barista_description/meshes/stacks/hexagons/plate_top.dae
[0.672s] -- Up-to-date: /home/user/ros2_ws/install/barista_description/share/barista_description/meshes/stacks/hexagons/pole_middle.dae
[0.672s] -- Up-to-date: /home/user/ros2_ws/install/barista_description/share/barista_description/meshes/stacks/hexagons/images
[0.672s] -- Up-to-date: /home/user/ros2_ws/install/barista_description/share/barista_description/meshes/stacks/hexagons/images/1f_stack.jpg
[0.672s] -- Up-to-date: /home/user/ros2_ws/install/barista_description/share/barista_description/meshes/stacks/hexagons/images/3f_pole.jpg
[0.673s] -- Up-to-date: /home/user/ros2_ws/install/barista_description/share/barista_description/meshes/stacks/hexagons/images/3f_stack.jpg
[0.673s] -- Up-to-date: /home/user/ros2_ws/install/barista_description/share/barista_description/meshes/stacks/hexagons/images/1f_pole.jpg
[0.673s] -- Up-to-date: /home/user/ros2_ws/install/barista_description/share/barista_description/meshes/stacks/hexagons/images/2f_pole.jpg
[0.673s] -- Up-to-date: /home/user/ros2_ws/install/barista_description/share/barista_description/meshes/stacks/hexagons/images/kinect_pole_old.jpg
[0.673s] -- Up-to-date: /home/user/ros2_ws/install/barista_description/share/barista_description/meshes/stacks/hexagons/images/kinect_pole.jpg
[0.673s] -- Up-to-date: /home/user/ros2_ws/install/barista_description/share/barista_description/meshes/stacks/hexagons/images/3f_stack1.jpg
[0.673s] -- Up-to-date: /home/user/ros2_ws/install/barista_description/share/barista_description/meshes/stacks/hexagons/images/2f_stack.jpg
[0.673s] -- Up-to-date: /home/user/ros2_ws/install/barista_description/share/barista_description/meshes/stacks/circles
[0.673s] -- Up-to-date: /home/user/ros2_ws/install/barista_description/share/barista_description/meshes/stacks/circles/plate_0_logo.tga
[0.674s] -- Up-to-date: /home/user/ros2_ws/install/barista_description/share/barista_description/meshes/stacks/circles/68-04556-RA_Kinect_Standoff_Assy.3ds
[0.674s] -- Up-to-date: /home/user/ros2_ws/install/barista_description/share/barista_description/meshes/stacks/circles/68-04552-2000-RA_Turtlebot_M-F_Standoff_color.png
[0.674s] -- Up-to-date: /home/user/ros2_ws/install/barista_description/share/barista_description/meshes/stacks/circles/plate_2_logo.tga
[0.674s] -- Up-to-date: /home/user/ros2_ws/install/barista_description/share/barista_description/meshes/stacks/circles/68-04552-2000-RA_Turtlebot_M-F_Standoff.dae
[0.674s] -- Up-to-date: /home/user/ros2_ws/install/barista_description/share/barista_description/meshes/stacks/circles/68-04552-1000-RA_Turtlebot_M-F_Standoff.dae
[0.674s] -- Up-to-date: /home/user/ros2_ws/install/barista_description/share/barista_description/meshes/stacks/circles/68-04552-1000-RA_Turtlebot_M-F_Standoff_color.png
[0.674s] -- Up-to-date: /home/user/ros2_ws/install/barista_description/share/barista_description/meshes/stacks/circles/68-02403-125_Spacer.dae
[0.674s] -- Up-to-date: /home/user/ros2_ws/install/barista_description/share/barista_description/meshes/stacks/circles/plate_1_logo.tga
[0.679s] -- Up-to-date: /home/user/ros2_ws/install/barista_description/share/barista_description/meshes/stacks/circles/plate_0_logo.dae
[0.680s] -- Up-to-date: /home/user/ros2_ws/install/barista_description/share/barista_description/meshes/stacks/circles/68-04556-RA_Kinect_Standoff_Assy.dae
[0.680s] -- Up-to-date: /home/user/ros2_ws/install/barista_description/share/barista_description/meshes/stacks/circles/plate_1_logo.dae
[0.681s] -- Up-to-date: /home/user/ros2_ws/install/barista_description/share/barista_description/meshes/stacks/circles/68-02421-8000-RA_Turtlebot_F-F_Standoff_color.png
[0.682s] -- Up-to-date: /home/user/ros2_ws/install/barista_description/share/barista_description/meshes/stacks/circles/plate_2_logo.dae
[0.682s] -- Up-to-date: /home/user/ros2_ws/install/barista_description/share/barista_description/meshes/stacks/circles/68-02421-8000-RA_Turtlebot_F-F_Standoff.dae
[0.693s] -- Up-to-date: /home/user/ros2_ws/install/barista_description/share/barista_description/meshes/barista_single_mesh
[0.693s] -- Up-to-date: /home/user/ros2_ws/install/barista_description/share/barista_description/meshes/barista_single_mesh/3f_pole.jpg
[0.693s] -- Up-to-date: /home/user/ros2_ws/install/barista_description/share/barista_description/meshes/barista_single_mesh/barista.dae
[0.693s] -- Up-to-date: /home/user/ros2_ws/install/barista_description/share/barista_description/meshes/kobuki
[0.693s] -- Up-to-date: /home/user/ros2_ws/install/barista_description/share/barista_description/meshes/kobuki/sensors
[0.694s] -- Up-to-date: /home/user/ros2_ws/install/barista_description/share/barista_description/meshes/kobuki/sensors/sensor_pole.dae
[0.694s] -- Up-to-date: /home/user/ros2_ws/install/barista_description/share/barista_description/meshes/kobuki/sensors/xtion_pro_camera.jpg
[0.694s] -- Up-to-date: /home/user/ros2_ws/install/barista_description/share/barista_description/meshes/kobuki/sensors/asus_xtion_pro_live.dae
[0.694s] -- Up-to-date: /home/user/ros2_ws/install/barista_description/share/barista_description/meshes/kobuki/sensors/kinect.jpg
[0.694s] -- Up-to-date: /home/user/ros2_ws/install/barista_description/share/barista_description/meshes/kobuki/sensors/xtion_pro.jpg
[0.694s] -- Up-to-date: /home/user/ros2_ws/install/barista_description/share/barista_description/meshes/kobuki/sensors/asus_xtion_pro_live.png
[0.694s] -- Up-to-date: /home/user/ros2_ws/install/barista_description/share/barista_description/meshes/kobuki/sensors/kinect.dae
[0.694s] -- Up-to-date: /home/user/ros2_ws/install/barista_description/share/barista_description/meshes/kobuki/sensors/xtion_pro_camera.dae
[0.695s] -- Up-to-date: /home/user/ros2_ws/install/barista_description/share/barista_description/meshes/kobuki/sensors/kinect.tga
[0.695s] -- Up-to-date: /home/user/ros2_ws/install/barista_description/share/barista_description/meshes/kobuki/sensors/xtion_pro_stack.dae
[0.695s] -- Up-to-date: /home/user/ros2_ws/install/barista_description/share/barista_description/meshes/kobuki/sensors/0_xtion_pro.jpg
[0.695s] -- Up-to-date: /home/user/ros2_ws/install/barista_description/share/barista_description/meshes/kobuki/wheel.dae
[0.695s] -- Up-to-date: /home/user/ros2_ws/install/barista_description/share/barista_description/meshes/kobuki/main_body.dae
[0.695s] -- Up-to-date: /home/user/ros2_ws/install/barista_description/share/barista_description/meshes/kobuki/stacks
[0.695s] -- Up-to-date: /home/user/ros2_ws/install/barista_description/share/barista_description/meshes/kobuki/stacks/hexagons
[0.695s] -- Up-to-date: /home/user/ros2_ws/install/barista_description/share/barista_description/meshes/kobuki/stacks/hexagons/plate_bottom.dae
[0.695s] -- Up-to-date: /home/user/ros2_ws/install/barista_description/share/barista_description/meshes/kobuki/stacks/hexagons/pole_kinect.dae
[0.696s] -- Up-to-date: /home/user/ros2_ws/install/barista_description/share/barista_description/meshes/kobuki/stacks/hexagons/plate_middle.dae
[0.696s] -- Up-to-date: /home/user/ros2_ws/install/barista_description/share/barista_description/meshes/kobuki/stacks/hexagons/pole_top.dae
[0.696s] -- Up-to-date: /home/user/ros2_ws/install/barista_description/share/barista_description/meshes/kobuki/stacks/hexagons/pole_bottom.dae
[0.697s] -- Up-to-date: /home/user/ros2_ws/install/barista_description/share/barista_description/meshes/kobuki/stacks/hexagons/plate_top.dae
[0.698s] -- Up-to-date: /home/user/ros2_ws/install/barista_description/share/barista_description/meshes/kobuki/stacks/hexagons/pole_middle.dae
[0.698s] -- Up-to-date: /home/user/ros2_ws/install/barista_description/share/barista_description/meshes/kobuki/stacks/hexagons/images
[0.699s] -- Up-to-date: /home/user/ros2_ws/install/barista_description/share/barista_description/meshes/kobuki/stacks/hexagons/images/1f_stack.jpg
[0.699s] -- Up-to-date: /home/user/ros2_ws/install/barista_description/share/barista_description/meshes/kobuki/stacks/hexagons/images/3f_pole.jpg
[0.699s] -- Up-to-date: /home/user/ros2_ws/install/barista_description/share/barista_description/meshes/kobuki/stacks/hexagons/images/3f_stack.jpg
[0.699s] -- Up-to-date: /home/user/ros2_ws/install/barista_description/share/barista_description/meshes/kobuki/stacks/hexagons/images/1f_pole.jpg
[0.699s] -- Up-to-date: /home/user/ros2_ws/install/barista_description/share/barista_description/meshes/kobuki/stacks/hexagons/images/2f_pole.jpg
[0.699s] -- Up-to-date: /home/user/ros2_ws/install/barista_description/share/barista_description/meshes/kobuki/stacks/hexagons/images/kinect_pole_old.jpg
[0.699s] -- Up-to-date: /home/user/ros2_ws/install/barista_description/share/barista_description/meshes/kobuki/stacks/hexagons/images/kinect_pole.jpg
[0.699s] -- Up-to-date: /home/user/ros2_ws/install/barista_description/share/barista_description/meshes/kobuki/stacks/hexagons/images/3f_stack1.jpg
[0.700s] -- Up-to-date: /home/user/ros2_ws/install/barista_description/share/barista_description/meshes/kobuki/stacks/hexagons/images/2f_stack.jpg
[0.700s] -- Up-to-date: /home/user/ros2_ws/install/barista_description/share/barista_description/meshes/kobuki/stacks/circles
[0.700s] -- Up-to-date: /home/user/ros2_ws/install/barista_description/share/barista_description/meshes/kobuki/stacks/circles/plate_0_logo.tga
[0.700s] -- Up-to-date: /home/user/ros2_ws/install/barista_description/share/barista_description/meshes/kobuki/stacks/circles/68-04556-RA_Kinect_Standoff_Assy.3ds
[0.700s] -- Up-to-date: /home/user/ros2_ws/install/barista_description/share/barista_description/meshes/kobuki/stacks/circles/68-04552-2000-RA_Turtlebot_M-F_Standoff_color.png
[0.700s] -- Up-to-date: /home/user/ros2_ws/install/barista_description/share/barista_description/meshes/kobuki/stacks/circles/plate_2_logo.tga
[0.700s] -- Up-to-date: /home/user/ros2_ws/install/barista_description/share/barista_description/meshes/kobuki/stacks/circles/68-04552-2000-RA_Turtlebot_M-F_Standoff.dae
[0.701s] -- Up-to-date: /home/user/ros2_ws/install/barista_description/share/barista_description/meshes/kobuki/stacks/circles/68-04552-1000-RA_Turtlebot_M-F_Standoff.dae
[0.701s] -- Up-to-date: /home/user/ros2_ws/install/barista_description/share/barista_description/meshes/kobuki/stacks/circles/68-04552-1000-RA_Turtlebot_M-F_Standoff_color.png
[0.701s] -- Up-to-date: /home/user/ros2_ws/install/barista_description/share/barista_description/meshes/kobuki/stacks/circles/68-02403-125_Spacer.dae
[0.701s] -- Up-to-date: /home/user/ros2_ws/install/barista_description/share/barista_description/meshes/kobuki/stacks/circles/plate_1_logo.tga
[0.701s] -- Up-to-date: /home/user/ros2_ws/install/barista_description/share/barista_description/meshes/kobuki/stacks/circles/plate_0_logo.dae
[0.701s] -- Up-to-date: /home/user/ros2_ws/install/barista_description/share/barista_description/meshes/kobuki/stacks/circles/68-04556-RA_Kinect_Standoff_Assy.dae
[0.701s] -- Up-to-date: /home/user/ros2_ws/install/barista_description/share/barista_description/meshes/kobuki/stacks/circles/plate_1_logo.dae
[0.701s] -- Up-to-date: /home/user/ros2_ws/install/barista_description/share/barista_description/meshes/kobuki/stacks/circles/68-02421-8000-RA_Turtlebot_F-F_Standoff_color.png
[0.701s] -- Up-to-date: /home/user/ros2_ws/install/barista_description/share/barista_description/meshes/kobuki/stacks/circles/plate_2_logo.dae
[0.702s] -- Up-to-date: /home/user/ros2_ws/install/barista_description/share/barista_description/meshes/kobuki/stacks/circles/68-02421-8000-RA_Turtlebot_F-F_Standoff.dae
[0.702s] -- Up-to-date: /home/user/ros2_ws/install/barista_description/share/barista_description/meshes/kobuki/images
[0.702s] -- Up-to-date: /home/user/ros2_ws/install/barista_description/share/barista_description/meshes/kobuki/images/main_body.jpg
[0.702s] -- Up-to-date: /home/user/ros2_ws/install/barista_description/share/barista_description/meshes/kobuki/images/wheel.jpg
[0.702s] -- Up-to-date: /home/user/ros2_ws/install/barista_description/share/barista_description/meshes/turtlebot
[0.702s] -- Up-to-date: /home/user/ros2_ws/install/barista_description/share/barista_description/meshes/turtlebot/sensors
[0.702s] -- Up-to-date: /home/user/ros2_ws/install/barista_description/share/barista_description/meshes/turtlebot/sensors/sensor_pole.dae
[0.702s] -- Up-to-date: /home/user/ros2_ws/install/barista_description/share/barista_description/meshes/turtlebot/sensors/xtion_pro_camera.jpg
[0.703s] -- Up-to-date: /home/user/ros2_ws/install/barista_description/share/barista_description/meshes/turtlebot/sensors/hokuyo.dae
[0.703s] -- Up-to-date: /home/user/ros2_ws/install/barista_description/share/barista_description/meshes/turtlebot/sensors/asus_xtion_pro_live.dae
[0.703s] -- Up-to-date: /home/user/ros2_ws/install/barista_description/share/barista_description/meshes/turtlebot/sensors/kinect.jpg
[0.703s] -- Up-to-date: /home/user/ros2_ws/install/barista_description/share/barista_description/meshes/turtlebot/sensors/xtion_pro.jpg
[0.703s] -- Up-to-date: /home/user/ros2_ws/install/barista_description/share/barista_description/meshes/turtlebot/sensors/asus_xtion_pro_live.png
[0.703s] -- Up-to-date: /home/user/ros2_ws/install/barista_description/share/barista_description/meshes/turtlebot/sensors/kinect.dae
[0.703s] -- Up-to-date: /home/user/ros2_ws/install/barista_description/share/barista_description/meshes/turtlebot/sensors/xtion_pro_camera.dae
[0.708s] -- Up-to-date: /home/user/ros2_ws/install/barista_description/share/barista_description/meshes/turtlebot/sensors/kinect.tga
[0.709s] -- Up-to-date: /home/user/ros2_ws/install/barista_description/share/barista_description/meshes/turtlebot/sensors/xtion_pro_stack.dae
[0.709s] -- Up-to-date: /home/user/ros2_ws/install/barista_description/share/barista_description/meshes/turtlebot/sensors/0_xtion_pro.jpg
[0.709s] -- Up-to-date: /home/user/ros2_ws/install/barista_description/share/barista_description/meshes/turtlebot/stacks
[0.709s] -- Up-to-date: /home/user/ros2_ws/install/barista_description/share/barista_description/meshes/turtlebot/stacks/hexagons
[0.710s] -- Up-to-date: /home/user/ros2_ws/install/barista_description/share/barista_description/meshes/turtlebot/stacks/hexagons/plate_bottom.dae
[0.710s] -- Up-to-date: /home/user/ros2_ws/install/barista_description/share/barista_description/meshes/turtlebot/stacks/hexagons/1f_stack.jpg
[0.710s] -- Up-to-date: /home/user/ros2_ws/install/barista_description/share/barista_description/meshes/turtlebot/stacks/hexagons/pole_kinect.dae
[0.710s] -- Up-to-date: /home/user/ros2_ws/install/barista_description/share/barista_description/meshes/turtlebot/stacks/hexagons/plate_middle_v2.dae
[0.710s] -- Up-to-date: /home/user/ros2_ws/install/barista_description/share/barista_description/meshes/turtlebot/stacks/hexagons/pole_middle_v2.dae
[0.710s] -- Up-to-date: /home/user/ros2_ws/install/barista_description/share/barista_description/meshes/turtlebot/stacks/hexagons/3f_pole.jpg
[0.710s] -- Up-to-date: /home/user/ros2_ws/install/barista_description/share/barista_description/meshes/turtlebot/stacks/hexagons/plate_middle.dae
[0.710s] -- Up-to-date: /home/user/ros2_ws/install/barista_description/share/barista_description/meshes/turtlebot/stacks/hexagons/3f_stack.jpg
[0.710s] -- Up-to-date: /home/user/ros2_ws/install/barista_description/share/barista_description/meshes/turtlebot/stacks/hexagons/1f_pole.jpg
[0.711s] -- Up-to-date: /home/user/ros2_ws/install/barista_description/share/barista_description/meshes/turtlebot/stacks/hexagons/2f_pole.jpg
[0.711s] -- Up-to-date: /home/user/ros2_ws/install/barista_description/share/barista_description/meshes/turtlebot/stacks/hexagons/plate_top_v2.dae
[0.711s] -- Up-to-date: /home/user/ros2_ws/install/barista_description/share/barista_description/meshes/turtlebot/stacks/hexagons/pole_bottom_v2.dae
[0.712s] -- Up-to-date: /home/user/ros2_ws/install/barista_description/share/barista_description/meshes/turtlebot/stacks/hexagons/pole_top.dae
[0.712s] -- Up-to-date: /home/user/ros2_ws/install/barista_description/share/barista_description/meshes/turtlebot/stacks/hexagons/pole_bottom.dae
[0.712s] -- Up-to-date: /home/user/ros2_ws/install/barista_description/share/barista_description/meshes/turtlebot/stacks/hexagons/pole_top_v2.dae
[0.712s] -- Up-to-date: /home/user/ros2_ws/install/barista_description/share/barista_description/meshes/turtlebot/stacks/hexagons/plate_top.dae
[0.712s] -- Up-to-date: /home/user/ros2_ws/install/barista_description/share/barista_description/meshes/turtlebot/stacks/hexagons/pole_middle.dae
[0.712s] -- Up-to-date: /home/user/ros2_ws/install/barista_description/share/barista_description/meshes/turtlebot/stacks/hexagons/2f_stack.jpg
[0.712s] -- Up-to-date: /home/user/ros2_ws/install/barista_description/share/barista_description/meshes/turtlebot/stacks/hexagons/images
[0.712s] -- Up-to-date: /home/user/ros2_ws/install/barista_description/share/barista_description/meshes/turtlebot/stacks/hexagons/images/1f_stack.jpg
[0.712s] -- Up-to-date: /home/user/ros2_ws/install/barista_description/share/barista_description/meshes/turtlebot/stacks/hexagons/images/3f_pole.jpg
[0.713s] -- Up-to-date: /home/user/ros2_ws/install/barista_description/share/barista_description/meshes/turtlebot/stacks/hexagons/images/3f_stack.jpg
[0.713s] -- Up-to-date: /home/user/ros2_ws/install/barista_description/share/barista_description/meshes/turtlebot/stacks/hexagons/images/1f_pole.jpg
[0.713s] -- Up-to-date: /home/user/ros2_ws/install/barista_description/share/barista_description/meshes/turtlebot/stacks/hexagons/images/2f_pole.jpg
[0.713s] -- Up-to-date: /home/user/ros2_ws/install/barista_description/share/barista_description/meshes/turtlebot/stacks/hexagons/images/kinect_pole_old.jpg
[0.713s] -- Up-to-date: /home/user/ros2_ws/install/barista_description/share/barista_description/meshes/turtlebot/stacks/hexagons/images/kinect_pole.jpg
[0.713s] -- Up-to-date: /home/user/ros2_ws/install/barista_description/share/barista_description/meshes/turtlebot/stacks/hexagons/images/3f_stack1.jpg
[0.713s] -- Up-to-date: /home/user/ros2_ws/install/barista_description/share/barista_description/meshes/turtlebot/stacks/hexagons/images/2f_stack.jpg
[0.713s] -- Up-to-date: /home/user/ros2_ws/install/barista_description/share/barista_description/meshes/turtlebot/stacks/hexagons/plate_bottom_v2.dae
[0.713s] -- Up-to-date: /home/user/ros2_ws/install/barista_description/share/barista_description/meshes/turtlebot/stacks/circles
[0.714s] -- Up-to-date: /home/user/ros2_ws/install/barista_description/share/barista_description/meshes/turtlebot/stacks/circles/plate_0_logo.tga
[0.714s] -- Up-to-date: /home/user/ros2_ws/install/barista_description/share/barista_description/meshes/turtlebot/stacks/circles/68-04556-RA_Kinect_Standoff_Assy.3ds
[0.714s] -- Up-to-date: /home/user/ros2_ws/install/barista_description/share/barista_description/meshes/turtlebot/stacks/circles/68-04552-2000-RA_Turtlebot_M-F_Standoff_color.png
[0.714s] -- Up-to-date: /home/user/ros2_ws/install/barista_description/share/barista_description/meshes/turtlebot/stacks/circles/plate_2_logo.tga
[0.714s] -- Up-to-date: /home/user/ros2_ws/install/barista_description/share/barista_description/meshes/turtlebot/stacks/circles/68-04552-2000-RA_Turtlebot_M-F_Standoff.dae
[0.714s] -- Up-to-date: /home/user/ros2_ws/install/barista_description/share/barista_description/meshes/turtlebot/stacks/circles/68-04552-1000-RA_Turtlebot_M-F_Standoff.dae
[0.714s] -- Up-to-date: /home/user/ros2_ws/install/barista_description/share/barista_description/meshes/turtlebot/stacks/circles/68-04552-1000-RA_Turtlebot_M-F_Standoff_color.png
[0.714s] -- Up-to-date: /home/user/ros2_ws/install/barista_description/share/barista_description/meshes/turtlebot/stacks/circles/68-02403-125_Spacer.dae
[0.733s] -- Up-to-date: /home/user/ros2_ws/install/barista_description/share/barista_description/meshes/turtlebot/stacks/circles/plate_1_logo.tga
[0.733s] -- Up-to-date: /home/user/ros2_ws/install/barista_description/share/barista_description/meshes/turtlebot/stacks/circles/plate_0_logo.dae
[0.733s] -- Up-to-date: /home/user/ros2_ws/install/barista_description/share/barista_description/meshes/turtlebot/stacks/circles/68-04556-RA_Kinect_Standoff_Assy.dae
[0.733s] -- Up-to-date: /home/user/ros2_ws/install/barista_description/share/barista_description/meshes/turtlebot/stacks/circles/plate_1_logo.dae
[0.734s] -- Up-to-date: /home/user/ros2_ws/install/barista_description/share/barista_description/meshes/turtlebot/stacks/circles/68-02421-8000-RA_Turtlebot_F-F_Standoff_color.png
[0.734s] -- Up-to-date: /home/user/ros2_ws/install/barista_description/share/barista_description/meshes/turtlebot/stacks/circles/plate_2_logo.dae
[0.734s] -- Up-to-date: /home/user/ros2_ws/install/barista_description/share/barista_description/meshes/turtlebot/stacks/circles/68-02421-8000-RA_Turtlebot_F-F_Standoff.dae
[0.734s] -- Up-to-date: /home/user/ros2_ws/install/barista_description/share/barista_description/meshes/barista
[0.734s] -- Up-to-date: /home/user/ros2_ws/install/barista_description/share/barista_description/meshes/barista/TOP_collision_lip.stl
[0.734s] -- Up-to-date: /home/user/ros2_ws/install/barista_description/share/barista_description/meshes/barista/TOP_colour.dae
[0.734s] -- Up-to-date: /home/user/ros2_ws/install/barista_description/share/barista_description/meshes/barista/main_body.jpg
[0.734s] -- Up-to-date: /home/user/ros2_ws/install/barista_description/share/barista_description/meshes/barista/TOP_mule_col_sd.stl
[0.735s] -- Up-to-date: /home/user/ros2_ws/install/barista_description/share/barista_description/meshes/barista/TOP_mule.dae
[0.735s] -- Up-to-date: /home/user/ros2_ws/install/barista_description/share/barista_description/meshes/barista/BOTTOM_colour_2.dae
[0.735s] -- Up-to-date: /home/user/ros2_ws/install/barista_description/share/barista_description/meshes/barista/BOTTOM_fixed_centered.dae
[0.735s] -- Up-to-date: /home/user/ros2_ws/install/barista_description/share/barista_description/meshes/barista/TOP_collision_lip_sd.stl
[0.735s] -- Up-to-date: /home/user/ros2_ws/install/barista_description/share/barista_description/meshes/barista/TOP_colour_2.dae
[0.735s] -- Up-to-date: /home/user/ros2_ws/install/barista_description/share/barista_description/meshes/barista/bowtie_fixed_colour.dae
[0.735s] -- Up-to-date: /home/user/ros2_ws/install/barista_description/share/barista_description/meshes/barista/TOP_fixed_color.dae
[0.735s] -- Up-to-date: /home/user/ros2_ws/install/barista_description/share/barista_description/meshes/barista/BOTTOM_colour_1.dae
[0.736s] -- Up-to-date: /home/user/ros2_ws/install/barista_description/share/barista_description/meshes/barista/BOTTOM_colour.dae
[0.736s] -- Up-to-date: /home/user/ros2_ws/install/barista_description/share/barista_description/meshes/barista/TOP_mule_col.stl
[0.736s] -- Up-to-date: /home/user/ros2_ws/install/barista_description/share/barista_description/meshes/barista/BOTTOM_mule.dae
[0.736s] -- Up-to-date: /home/user/ros2_ws/install/barista_description/share/barista_description/meshes/barista/TOP_colour_1.dae
[0.736s] -- Up-to-date: /home/user/ros2_ws/install/barista_description/share/barista_description/meshes/images
[0.736s] -- Up-to-date: /home/user/ros2_ws/install/barista_description/share/barista_description/meshes/images/main_body.jpg
[0.736s] -- Up-to-date: /home/user/ros2_ws/install/barista_description/share/barista_description/meshes/images/wheel.jpg
[0.736s] -- Up-to-date: /home/user/ros2_ws/install/barista_description/share/barista_description/worlds
[0.737s] -- Up-to-date: /home/user/ros2_ws/install/barista_description/share/barista_description/worlds/tc_coffeeshop.world
[0.737s] -- Up-to-date: /home/user/ros2_ws/install/barista_description/share/barista_description/models
[0.737s] -- Up-to-date: /home/user/ros2_ws/install/barista_description/share/barista_description/models/chair
[0.737s] -- Up-to-date: /home/user/ros2_ws/install/barista_description/share/barista_description/models/chair/model.sdf
[0.737s] -- Up-to-date: /home/user/ros2_ws/install/barista_description/share/barista_description/models/chair/meshes
[0.737s] -- Up-to-date: /home/user/ros2_ws/install/barista_description/share/barista_description/models/chair/meshes/model
[0.737s] -- Up-to-date: /home/user/ros2_ws/install/barista_description/share/barista_description/models/chair/meshes/model/Paged_Lubi_Nogi.jpg
[0.737s] -- Up-to-date: /home/user/ros2_ws/install/barista_description/share/barista_description/models/chair/meshes/model/Paged_Lubi_Nogi_0.jpg
[0.737s] -- Up-to-date: /home/user/ros2_ws/install/barista_description/share/barista_description/models/chair/meshes/model/Paged_Lubi_Tapicerka.jpg
[0.738s] -- Up-to-date: /home/user/ros2_ws/install/barista_description/share/barista_description/models/chair/meshes/chair.dae
[0.738s] -- Up-to-date: /home/user/ros2_ws/install/barista_description/share/barista_description/models/chair/model.config
[0.738s] -- Up-to-date: /home/user/ros2_ws/install/barista_description/share/barista_description/models/countertop_2
[0.738s] -- Up-to-date: /home/user/ros2_ws/install/barista_description/share/barista_description/models/countertop_2/model.sdf
[0.738s] -- Up-to-date: /home/user/ros2_ws/install/barista_description/share/barista_description/models/countertop_2/model.config
[0.738s] -- Up-to-date: /home/user/ros2_ws/install/barista_description/share/barista_description/models/dashed_picture
[0.739s] -- Up-to-date: /home/user/ros2_ws/install/barista_description/share/barista_description/models/dashed_picture/model.sdf
[0.739s] -- Up-to-date: /home/user/ros2_ws/install/barista_description/share/barista_description/models/dashed_picture/meshes
[0.739s] -- Up-to-date: /home/user/ros2_ws/install/barista_description/share/barista_description/models/dashed_picture/meshes/latte
[0.739s] -- Up-to-date: /home/user/ros2_ws/install/barista_description/share/barista_description/models/dashed_picture/meshes/latte/material_1.jpg
[0.739s] -- Up-to-date: /home/user/ros2_ws/install/barista_description/share/barista_description/models/dashed_picture/meshes/dashed_picture.dae
[0.739s] -- Up-to-date: /home/user/ros2_ws/install/barista_description/share/barista_description/models/dashed_picture/model.config
[0.739s] -- Up-to-date: /home/user/ros2_ws/install/barista_description/share/barista_description/models/newspaper
[0.740s] -- Up-to-date: /home/user/ros2_ws/install/barista_description/share/barista_description/models/newspaper/model.sdf
[0.740s] -- Up-to-date: /home/user/ros2_ws/install/barista_description/share/barista_description/models/newspaper/meshes
[0.740s] -- Up-to-date: /home/user/ros2_ws/install/barista_description/share/barista_description/models/newspaper/meshes/newspaper.dae
[0.740s] -- Up-to-date: /home/user/ros2_ws/install/barista_description/share/barista_description/models/newspaper/meshes/perio
[0.740s] -- Up-to-date: /home/user/ros2_ws/install/barista_description/share/barista_description/models/newspaper/meshes/perio/texture_0.png
[0.740s] -- Up-to-date: /home/user/ros2_ws/install/barista_description/share/barista_description/models/newspaper/meshes/perio/_20_minutos_4.jpg
[0.740s] -- Up-to-date: /home/user/ros2_ws/install/barista_description/share/barista_description/models/newspaper/meshes/perio/_20_minutos_1.jpg
[0.740s] -- Up-to-date: /home/user/ros2_ws/install/barista_description/share/barista_description/models/newspaper/meshes/perio/Periodico_20_minutos.jpg
[0.741s] -- Up-to-date: /home/user/ros2_ws/install/barista_description/share/barista_description/models/newspaper/meshes/perio/texture.png
[0.742s] -- Up-to-date: /home/user/ros2_ws/install/barista_description/share/barista_description/models/newspaper/meshes/perio/_20_minutos_2.jpg
[0.742s] -- Up-to-date: /home/user/ros2_ws/install/barista_description/share/barista_description/models/newspaper/meshes/perio/Lomo_largo_20_minutos.jpg
[0.742s] -- Up-to-date: /home/user/ros2_ws/install/barista_description/share/barista_description/models/newspaper/meshes/perio/Lomo_corto_20_minutos.jpg
[0.742s] -- Up-to-date: /home/user/ros2_ws/install/barista_description/share/barista_description/models/newspaper/model.config
[0.742s] -- Up-to-date: /home/user/ros2_ws/install/barista_description/share/barista_description/models/countertop
[0.742s] -- Up-to-date: /home/user/ros2_ws/install/barista_description/share/barista_description/models/countertop/model.sdf
[0.742s] -- Up-to-date: /home/user/ros2_ws/install/barista_description/share/barista_description/models/countertop/model.config
[0.742s] -- Up-to-date: /home/user/ros2_ws/install/barista_description/share/barista_description/models/cake_showcase
[0.743s] -- Up-to-date: /home/user/ros2_ws/install/barista_description/share/barista_description/models/cake_showcase/model.sdf
[0.743s] -- Up-to-date: /home/user/ros2_ws/install/barista_description/share/barista_description/models/cake_showcase/meshes
[0.743s] -- Up-to-date: /home/user/ros2_ws/install/barista_description/share/barista_description/models/cake_showcase/meshes/model
[0.743s] -- Up-to-date: /home/user/ros2_ws/install/barista_description/share/barista_description/models/cake_showcase/meshes/model/Metal_Corrogated_Shiny.jpg
[0.743s] -- Up-to-date: /home/user/ros2_ws/install/barista_description/share/barista_description/models/cake_showcase/meshes/model/Metal_Aluminum_Anodized.jpg
[0.743s] -- Up-to-date: /home/user/ros2_ws/install/barista_description/share/barista_description/models/cake_showcase/meshes/cake_showcase.dae
[0.744s] -- Up-to-date: /home/user/ros2_ws/install/barista_description/share/barista_description/models/cake_showcase/model.config
[0.744s] -- Up-to-date: /home/user/ros2_ws/install/barista_description/share/barista_description/models/baby_chair
[0.744s] -- Up-to-date: /home/user/ros2_ws/install/barista_description/share/barista_description/models/baby_chair/model.sdf
[0.744s] -- Up-to-date: /home/user/ros2_ws/install/barista_description/share/barista_description/models/baby_chair/meshes
[0.744s] -- Up-to-date: /home/user/ros2_ws/install/barista_description/share/barista_description/models/baby_chair/meshes/model
[0.744s] -- Up-to-date: /home/user/ros2_ws/install/barista_description/share/barista_description/models/baby_chair/meshes/model/material_3_0.jpg
[0.744s] -- Up-to-date: /home/user/ros2_ws/install/barista_description/share/barista_description/models/baby_chair/meshes/model/material_2_1.jpg
[0.744s] -- Up-to-date: /home/user/ros2_ws/install/barista_description/share/barista_description/models/baby_chair/meshes/model/material_2.jpg
[0.744s] -- Up-to-date: /home/user/ros2_ws/install/barista_description/share/barista_description/models/baby_chair/meshes/model/material_3.jpg
[0.745s] -- Up-to-date: /home/user/ros2_ws/install/barista_description/share/barista_description/models/baby_chair/meshes/baby_chair.dae
[0.745s] -- Up-to-date: /home/user/ros2_ws/install/barista_description/share/barista_description/models/baby_chair/model.config
[0.745s] -- Up-to-date: /home/user/ros2_ws/install/barista_description/share/barista_description/models/costa-gv
[0.745s] -- Up-to-date: /home/user/ros2_ws/install/barista_description/share/barista_description/models/costa-gv/model.sdf
[0.745s] -- Up-to-date: /home/user/ros2_ws/install/barista_description/share/barista_description/models/costa-gv/model.config
[0.745s] -- Up-to-date: /home/user/ros2_ws/install/barista_description/share/barista_description/models/wall_sofa
[0.745s] -- Up-to-date: /home/user/ros2_ws/install/barista_description/share/barista_description/models/wall_sofa/model.sdf
[0.745s] -- Up-to-date: /home/user/ros2_ws/install/barista_description/share/barista_description/models/wall_sofa/meshes
[0.746s] -- Up-to-date: /home/user/ros2_ws/install/barista_description/share/barista_description/models/wall_sofa/meshes/canape
[0.746s] -- Up-to-date: /home/user/ros2_ws/install/barista_description/share/barista_description/models/wall_sofa/meshes/canape/sofa_lit.jpg
[0.746s] -- Up-to-date: /home/user/ros2_ws/install/barista_description/share/barista_description/models/wall_sofa/meshes/canape/material_3.jpg
[0.746s] -- Up-to-date: /home/user/ros2_ws/install/barista_description/share/barista_description/models/wall_sofa/meshes/canape/sofa_cama.jpg
[0.746s] -- Up-to-date: /home/user/ros2_ws/install/barista_description/share/barista_description/models/wall_sofa/meshes/wall_sofa.dae
[0.746s] -- Up-to-date: /home/user/ros2_ws/install/barista_description/share/barista_description/models/wall_sofa/model.config
[0.746s] -- Up-to-date: /home/user/ros2_ws/install/barista_description/share/barista_description/models/box
[0.746s] -- Up-to-date: /home/user/ros2_ws/install/barista_description/share/barista_description/models/box/model.sdf
[0.747s] -- Up-to-date: /home/user/ros2_ws/install/barista_description/share/barista_description/models/box/meshes
[0.747s] -- Up-to-date: /home/user/ros2_ws/install/barista_description/share/barista_description/models/box/meshes/box.dae
[0.747s] -- Up-to-date: /home/user/ros2_ws/install/barista_description/share/barista_description/models/box/meshes/table
[0.747s] -- Up-to-date: /home/user/ros2_ws/install/barista_description/share/barista_description/models/box/meshes/table/material_2.JPG
[0.747s] -- Up-to-date: /home/user/ros2_ws/install/barista_description/share/barista_description/models/box/meshes/table/material_1.JPG
[0.747s] -- Up-to-date: /home/user/ros2_ws/install/barista_description/share/barista_description/models/box/model.config
[0.747s] -- Up-to-date: /home/user/ros2_ws/install/barista_description/share/barista_description/models/door
[0.747s] -- Up-to-date: /home/user/ros2_ws/install/barista_description/share/barista_description/models/door/model.sdf
[0.747s] -- Up-to-date: /home/user/ros2_ws/install/barista_description/share/barista_description/models/door/meshes
[0.748s] -- Up-to-date: /home/user/ros2_ws/install/barista_description/share/barista_description/models/door/meshes/model
[0.748s] -- Up-to-date: /home/user/ros2_ws/install/barista_description/share/barista_description/models/door/meshes/model/__Wood_Cherry_Original_3.jpg
[0.748s] -- Up-to-date: /home/user/ros2_ws/install/barista_description/share/barista_description/models/door/meshes/model/material_18.jpg
[0.748s] -- Up-to-date: /home/user/ros2_ws/install/barista_description/share/barista_description/models/door/meshes/model/Metal_Aluminum_Anodized.jpg
[0.748s] -- Up-to-date: /home/user/ros2_ws/install/barista_description/share/barista_description/models/door/meshes/door.dae
[0.748s] -- Up-to-date: /home/user/ros2_ws/install/barista_description/share/barista_description/models/door/model.config
[0.748s] -- Up-to-date: /home/user/ros2_ws/install/barista_description/share/barista_description/models/ground_plane
[0.749s] -- Up-to-date: /home/user/ros2_ws/install/barista_description/share/barista_description/models/ground_plane/model-1_2.sdf
[0.749s] -- Up-to-date: /home/user/ros2_ws/install/barista_description/share/barista_description/models/ground_plane/model-1_3.sdf
[0.749s] -- Up-to-date: /home/user/ros2_ws/install/barista_description/share/barista_description/models/ground_plane/model.sdf
[0.749s] -- Up-to-date: /home/user/ros2_ws/install/barista_description/share/barista_description/models/ground_plane/model-1_4.sdf
[0.749s] -- Up-to-date: /home/user/ros2_ws/install/barista_description/share/barista_description/models/ground_plane/model.config
[0.749s] -- Up-to-date: /home/user/ros2_ws/install/barista_description/share/barista_description/models/coffeeshop
[0.749s] -- Up-to-date: /home/user/ros2_ws/install/barista_description/share/barista_description/models/coffeeshop/model.sdf
[0.749s] -- Up-to-date: /home/user/ros2_ws/install/barista_description/share/barista_description/models/coffeeshop/meshes
[0.751s] -- Up-to-date: /home/user/ros2_ws/install/barista_description/share/barista_description/models/coffeeshop/meshes/coffeeshop.dae
[0.751s] -- Up-to-date: /home/user/ros2_ws/install/barista_description/share/barista_description/models/coffeeshop/meshes/splintered_wool_texture.png
[0.751s] -- Up-to-date: /home/user/ros2_ws/install/barista_description/share/barista_description/models/coffeeshop/model.config
[0.751s] -- Up-to-date: /home/user/ros2_ws/install/barista_description/share/barista_description/models/condiment
[0.751s] -- Up-to-date: /home/user/ros2_ws/install/barista_description/share/barista_description/models/condiment/model.sdf
[0.751s] -- Up-to-date: /home/user/ros2_ws/install/barista_description/share/barista_description/models/condiment/meshes
[0.751s] -- Up-to-date: /home/user/ros2_ws/install/barista_description/share/barista_description/models/condiment/meshes/condiment.dae
[0.751s] -- Up-to-date: /home/user/ros2_ws/install/barista_description/share/barista_description/models/condiment/meshes/condiment
[0.752s] -- Up-to-date: /home/user/ros2_ws/install/barista_description/share/barista_description/models/condiment/meshes/condiment/material_3.jpg
[0.770s] -- Up-to-date: /home/user/ros2_ws/install/barista_description/share/barista_description/models/condiment/model.config
[0.772s] -- Up-to-date: /home/user/ros2_ws/install/barista_description/share/barista_description/models/cup_massimo
[0.772s] -- Up-to-date: /home/user/ros2_ws/install/barista_description/share/barista_description/models/cup_massimo/model.sdf
[0.772s] -- Up-to-date: /home/user/ros2_ws/install/barista_description/share/barista_description/models/cup_massimo/meshes
[0.772s] -- Up-to-date: /home/user/ros2_ws/install/barista_description/share/barista_description/models/cup_massimo/meshes/cup_massimo.dae
[0.780s] -- Up-to-date: /home/user/ros2_ws/install/barista_description/share/barista_description/models/cup_massimo/model.config
[0.780s] -- Up-to-date: /home/user/ros2_ws/install/barista_description/share/barista_description/models/fence
[0.780s] -- Up-to-date: /home/user/ros2_ws/install/barista_description/share/barista_description/models/fence/model.sdf
[0.780s] -- Up-to-date: /home/user/ros2_ws/install/barista_description/share/barista_description/models/fence/meshes
[0.781s] -- Up-to-date: /home/user/ros2_ws/install/barista_description/share/barista_description/models/fence/meshes/model
[0.781s] -- Up-to-date: /home/user/ros2_ws/install/barista_description/share/barista_description/models/fence/meshes/model/Wood_Cherry_Original_0.jpg
[0.781s] -- Up-to-date: /home/user/ros2_ws/install/barista_description/share/barista_description/models/fence/meshes/model/Wood_Cherry_Original.jpg
[0.781s] -- Up-to-date: /home/user/ros2_ws/install/barista_description/share/barista_description/models/fence/meshes/fence.dae
[0.782s] -- Up-to-date: /home/user/ros2_ws/install/barista_description/share/barista_description/models/fence/model.config
[0.782s] -- Up-to-date: /home/user/ros2_ws/install/barista_description/share/barista_description/models/round_table
[0.782s] -- Up-to-date: /home/user/ros2_ws/install/barista_description/share/barista_description/models/round_table/model.sdf
[0.783s] -- Up-to-date: /home/user/ros2_ws/install/barista_description/share/barista_description/models/round_table/meshes
[0.783s] -- Up-to-date: /home/user/ros2_ws/install/barista_description/share/barista_description/models/round_table/meshes/round_table.dae
[0.783s] -- Up-to-date: /home/user/ros2_ws/install/barista_description/share/barista_description/models/round_table/meshes/mesa
[0.783s] -- Up-to-date: /home/user/ros2_ws/install/barista_description/share/barista_description/models/round_table/meshes/mesa/material_1_0.jpg
[0.783s] -- Up-to-date: /home/user/ros2_ws/install/barista_description/share/barista_description/models/round_table/meshes/mesa/Wood_Bamboo.jpg
[0.783s] -- Up-to-date: /home/user/ros2_ws/install/barista_description/share/barista_description/models/round_table/meshes/mesa/material_1.jpg
[0.783s] -- Up-to-date: /home/user/ros2_ws/install/barista_description/share/barista_description/models/round_table/meshes/mesa/__WhiteSmoke_17.jpg
[0.784s] -- Up-to-date: /home/user/ros2_ws/install/barista_description/share/barista_description/models/round_table/model.config
[0.784s] -- Up-to-date: /home/user/ros2_ws/install/barista_description/share/barista_description/models/square_table
[0.784s] -- Up-to-date: /home/user/ros2_ws/install/barista_description/share/barista_description/models/square_table/model.sdf
[0.784s] -- Up-to-date: /home/user/ros2_ws/install/barista_description/share/barista_description/models/square_table/meshes
[0.784s] -- Up-to-date: /home/user/ros2_ws/install/barista_description/share/barista_description/models/square_table/meshes/square_table.dae
[0.784s] -- Up-to-date: /home/user/ros2_ws/install/barista_description/share/barista_description/models/square_table/meshes/mesa
[0.784s] -- Up-to-date: /home/user/ros2_ws/install/barista_description/share/barista_description/models/square_table/meshes/mesa/material_1_0.jpg
[0.785s] -- Up-to-date: /home/user/ros2_ws/install/barista_description/share/barista_description/models/square_table/meshes/mesa/Wood_Bamboo.jpg
[0.785s] -- Up-to-date: /home/user/ros2_ws/install/barista_description/share/barista_description/models/square_table/meshes/mesa/material_1.jpg
[0.785s] -- Up-to-date: /home/user/ros2_ws/install/barista_description/share/barista_description/models/square_table/model.config
[0.785s] -- Up-to-date: /home/user/ros2_ws/install/barista_description/share/barista_description/robot
[0.785s] -- Up-to-date: /home/user/ros2_ws/install/barista_description/share/barista_description/robot/mule_barista.xacro
[0.785s] -- Up-to-date: /home/user/ros2_ws/install/barista_description/share/barista_description/robot/mule_barista copy.xacro
[0.785s] -- Up-to-date: /home/user/ros2_ws/install/barista_description/share/barista_description/robot/barista_kobuki_gazebo.xacro
[0.785s] -- Up-to-date: /home/user/ros2_ws/install/barista_description/share/barista_description/robot/barista_properties.xacro
[0.786s] -- Up-to-date: /home/user/ros2_ws/install/barista_description/share/barista_description/robot/common_properties.xacro
[0.786s] -- Up-to-date: /home/user/ros2_ws/install/barista_description/share/barista_description/robot/barista_mod copy.xacro
[0.786s] -- Up-to-date: /home/user/ros2_ws/install/barista_description/share/barista_description/robot/kobuki
[0.786s] -- Up-to-date: /home/user/ros2_ws/install/barista_description/share/barista_description/robot/kobuki/common_properties.urdf.xacro
[0.787s] -- Up-to-date: /home/user/ros2_ws/install/barista_description/share/barista_description/robot/barista_kobuki.xacro
[0.787s] -- Up-to-date: /home/user/ros2_ws/install/barista_description/share/barista_description/robot/turtlebot
[0.787s] -- Up-to-date: /home/user/ros2_ws/install/barista_description/share/barista_description/robot/turtlebot/common_properties.urdf.xacro
[0.787s] -- Up-to-date: /home/user/ros2_ws/install/barista_description/share/barista_description/robot/barista_kobuki_slotcar.xacro
[0.787s] -- Up-to-date: /home/user/ros2_ws/install/barista_description/share/barista_description/robot/barista_kobuki_gazebo_slotcar.xacro
[0.787s] -- Up-to-date: /home/user/ros2_ws/install/barista_description/share/barista_description/robot/barista_mod.xacro
[0.787s] -- Up-to-date: /home/user/ros2_ws/install/barista_description/share/barista_description/robot/barista.xacro
[0.792s] -- Up-to-date: /home/user/ros2_ws/install/barista_description/share/barista_description/robot/barista_slotcar.xacro
[0.793s] -- Up-to-date: /home/user/ros2_ws/install/barista_description/share/barista_description/robot/barista_hexagons.xacro
[0.793s] -- Up-to-date: /home/user/ros2_ws/install/barista_description/share/barista_description/robot/barista_hokuyo.xacro
[0.793s] -- Up-to-date: /home/user/ros2_ws/install/barista_description/lib/barista_description/spawn.launch.py
[0.793s] -- Up-to-date: /home/user/ros2_ws/install/barista_description/share/ament_index/resource_index/package_run_dependencies/barista_description
[0.793s] -- Up-to-date: /home/user/ros2_ws/install/barista_description/share/ament_index/resource_index/parent_prefix_path/barista_description
[0.793s] -- Up-to-date: /home/user/ros2_ws/install/barista_description/share/barista_description/environment/ament_prefix_path.sh
[0.794s] -- Up-to-date: /home/user/ros2_ws/install/barista_description/share/barista_description/environment/ament_prefix_path.dsv
[0.794s] -- Up-to-date: /home/user/ros2_ws/install/barista_description/share/barista_description/environment/path.sh
[0.794s] -- Up-to-date: /home/user/ros2_ws/install/barista_description/share/barista_description/environment/path.dsv
[0.794s] -- Up-to-date: /home/user/ros2_ws/install/barista_description/share/barista_description/local_setup.bash
[0.794s] -- Up-to-date: /home/user/ros2_ws/install/barista_description/share/barista_description/local_setup.sh
[0.794s] -- Up-to-date: /home/user/ros2_ws/install/barista_description/share/barista_description/local_setup.zsh
[0.794s] -- Up-to-date: /home/user/ros2_ws/install/barista_description/share/barista_description/local_setup.dsv
[0.794s] -- Installing: /home/user/ros2_ws/install/barista_description/share/barista_description/package.dsv
[0.795s] -- Up-to-date: /home/user/ros2_ws/install/barista_description/share/ament_index/resource_index/packages/barista_description
[0.795s] -- Up-to-date: /home/user/ros2_ws/install/barista_description/share/barista_description/cmake/barista_descriptionConfig.cmake
[0.795s] -- Up-to-date: /home/user/ros2_ws/install/barista_description/share/barista_description/cmake/barista_descriptionConfig-version.cmake
[0.795s] -- Up-to-date: /home/user/ros2_ws/install/barista_description/share/barista_description/package.xml
[0.865s] Invoked command in '/home/user/ros2_ws/build/barista_description' returned '0': CMAKE_PREFIX_PATH=${CMAKE_PREFIX_PATH}:/home/simulations/ros2_sims_ws/install/rclrs_tests:/home/simulations/ros2_sims_ws/install/examples_rclrs_minimal_client_service:/home/simulations/ros2_sims_ws/install/sensor_msgs_py:/home/simulations/ros2_sims_ws/install/examples_rclrs_minimal_pub_sub:/home/simulations/ros2_sims_ws/install/examples_rclrs_message_demo:/home/simulations/ros2_sims_ws/install/rclrs:/home/simulations/ros2_sims_ws/install/rosidl_runtime_rs:/home/user/ros2_ws/install/ros2test:/home/user/ros2_ws/install/robotiq_85_driver:/home/user/ros2_ws/install/path_planner_server:/home/user/ros2_ws/install/moveit_configs_utils:/home/user/ros2_ws/install/localization_server:/home/user/ros2_ws/install/cartographer_slam:/opt/ros/humble _=/usr/bin/env /usr/bin/cmake --install /home/user/ros2_ws/build/barista_description
