-- Install configuration: ""
-- Up-to-date: /home/user/ros2_ws/install/barista_extra_models/share/barista_extra_models/models
-- Up-to-date: /home/user/ros2_ws/install/barista_extra_models/share/barista_extra_models/models/stool
-- Up-to-date: /home/user/ros2_ws/install/barista_extra_models/share/barista_extra_models/models/stool/model.sdf
-- Up-to-date: /home/user/ros2_ws/install/barista_extra_models/share/barista_extra_models/models/stool/meshes
-- Up-to-date: /home/user/ros2_ws/install/barista_extra_models/share/barista_extra_models/models/stool/meshes/Material_93_baseColor.png
-- Up-to-date: /home/user/ros2_ws/install/barista_extra_models/share/barista_extra_models/models/stool/meshes/stool_v3.dae
-- Up-to-date: /home/user/ros2_ws/install/barista_extra_models/share/barista_extra_models/models/stool/model.config
-- Up-to-date: /home/user/ros2_ws/install/barista_extra_models/share/barista_extra_models/models/worktop
-- Up-to-date: /home/user/ros2_ws/install/barista_extra_models/share/barista_extra_models/models/worktop/model.sdf
-- Up-to-date: /home/user/ros2_ws/install/barista_extra_models/share/barista_extra_models/models/worktop/meshes
-- Up-to-date: /home/user/ros2_ws/install/barista_extra_models/share/barista_extra_models/models/worktop/meshes/worktop.dae
-- Up-to-date: /home/user/ros2_ws/install/barista_extra_models/share/barista_extra_models/models/worktop/meshes/encimera_negra
-- Up-to-date: /home/user/ros2_ws/install/barista_extra_models/share/barista_extra_models/models/worktop/meshes/encimera_negra/__auto_3.jpg
-- Up-to-date: /home/user/ros2_ws/install/barista_extra_models/share/barista_extra_models/models/worktop/model.config
-- Up-to-date: /home/user/ros2_ws/install/barista_extra_models/share/barista_extra_models/models/human_worker
-- Up-to-date: /home/user/ros2_ws/install/barista_extra_models/share/barista_extra_models/models/human_worker/model.sdf
-- Up-to-date: /home/user/ros2_ws/install/barista_extra_models/share/barista_extra_models/models/human_worker/meshes
-- Up-to-date: /home/user/ros2_ws/install/barista_extra_models/share/barista_extra_models/models/human_worker/meshes/constructionworker.dae
-- Up-to-date: /home/user/ros2_ws/install/barista_extra_models/share/barista_extra_models/models/human_worker/meshes/blue_deep.png
-- Up-to-date: /home/user/ros2_ws/install/barista_extra_models/share/barista_extra_models/models/human_worker/meshes/pink.png
-- Up-to-date: /home/user/ros2_ws/install/barista_extra_models/share/barista_extra_models/models/human_worker/meshes/orange.png
-- Up-to-date: /home/user/ros2_ws/install/barista_extra_models/share/barista_extra_models/models/human_worker/meshes/blue_dark.png
-- Up-to-date: /home/user/ros2_ws/install/barista_extra_models/share/barista_extra_models/models/human_worker/model.config
-- Up-to-date: /home/user/ros2_ws/install/barista_extra_models/share/barista_extra_models/models/countertop_2
-- Up-to-date: /home/user/ros2_ws/install/barista_extra_models/share/barista_extra_models/models/countertop_2/materials
-- Up-to-date: /home/user/ros2_ws/install/barista_extra_models/share/barista_extra_models/models/countertop_2/materials/scripts
-- Up-to-date: /home/user/ros2_ws/install/barista_extra_models/share/barista_extra_models/models/countertop_2/materials/scripts/countertop_2.material
-- Up-to-date: /home/user/ros2_ws/install/barista_extra_models/share/barista_extra_models/models/countertop_2/materials/textures
-- Up-to-date: /home/user/ros2_ws/install/barista_extra_models/share/barista_extra_models/models/countertop_2/materials/textures/starbots_coffee_logo.png
-- Up-to-date: /home/user/ros2_ws/install/barista_extra_models/share/barista_extra_models/models/countertop_2/model.sdf
-- Up-to-date: /home/user/ros2_ws/install/barista_extra_models/share/barista_extra_models/models/countertop_2/model.config
-- Up-to-date: /home/user/ros2_ws/install/barista_extra_models/share/barista_extra_models/models/cafe_table
-- Up-to-date: /home/user/ros2_ws/install/barista_extra_models/share/barista_extra_models/models/cafe_table/materials
-- Up-to-date: /home/user/ros2_ws/install/barista_extra_models/share/barista_extra_models/models/cafe_table/materials/textures
-- Up-to-date: /home/user/ros2_ws/install/barista_extra_models/share/barista_extra_models/models/cafe_table/materials/textures/Wood_Floor_Dark.jpg
-- Up-to-date: /home/user/ros2_ws/install/barista_extra_models/share/barista_extra_models/models/cafe_table/materials/textures/Maple.jpg
-- Up-to-date: /home/user/ros2_ws/install/barista_extra_models/share/barista_extra_models/models/cafe_table/model.sdf
-- Up-to-date: /home/user/ros2_ws/install/barista_extra_models/share/barista_extra_models/models/cafe_table/meshes
-- Up-to-date: /home/user/ros2_ws/install/barista_extra_models/share/barista_extra_models/models/cafe_table/meshes/cafe_table.dae
-- Up-to-date: /home/user/ros2_ws/install/barista_extra_models/share/barista_extra_models/models/cafe_table/model-1_4.sdf
-- Up-to-date: /home/user/ros2_ws/install/barista_extra_models/share/barista_extra_models/models/cafe_table/model.config
-- Up-to-date: /home/user/ros2_ws/install/barista_extra_models/share/barista_extra_models/models/table_ingestor
-- Up-to-date: /home/user/ros2_ws/install/barista_extra_models/share/barista_extra_models/models/table_ingestor/model.sdf
-- Up-to-date: /home/user/ros2_ws/install/barista_extra_models/share/barista_extra_models/models/table_ingestor/meshes
-- Up-to-date: /home/user/ros2_ws/install/barista_extra_models/share/barista_extra_models/models/table_ingestor/meshes/voxeltable_nolegs.dae
-- Up-to-date: /home/user/ros2_ws/install/barista_extra_models/share/barista_extra_models/models/table_ingestor/meshes/voxeltable.dae
-- Up-to-date: /home/user/ros2_ws/install/barista_extra_models/share/barista_extra_models/models/table_ingestor/model.config
-- Up-to-date: /home/user/ros2_ws/install/barista_extra_models/share/barista_extra_models/models/charging_station_v2
-- Up-to-date: /home/user/ros2_ws/install/barista_extra_models/share/barista_extra_models/models/charging_station_v2/model.sdf
-- Up-to-date: /home/user/ros2_ws/install/barista_extra_models/share/barista_extra_models/models/charging_station_v2/meshes
-- Up-to-date: /home/user/ros2_ws/install/barista_extra_models/share/barista_extra_models/models/charging_station_v2/meshes/charging_station_col_v2.stl
-- Up-to-date: /home/user/ros2_ws/install/barista_extra_models/share/barista_extra_models/models/charging_station_v2/meshes/charging_station_visual_v2.dae
-- Up-to-date: /home/user/ros2_ws/install/barista_extra_models/share/barista_extra_models/models/charging_station_v2/blender
-- Up-to-date: /home/user/ros2_ws/install/barista_extra_models/share/barista_extra_models/models/charging_station_v2/blender/charging_station.blend
-- Up-to-date: /home/user/ros2_ws/install/barista_extra_models/share/barista_extra_models/models/charging_station_v2/blender/charging_station.blend1
-- Up-to-date: /home/user/ros2_ws/install/barista_extra_models/share/barista_extra_models/models/charging_station_v2/model.config
-- Up-to-date: /home/user/ros2_ws/install/barista_extra_models/share/barista_extra_models/models/customer
-- Up-to-date: /home/user/ros2_ws/install/barista_extra_models/share/barista_extra_models/models/customer/model.sdf
-- Up-to-date: /home/user/ros2_ws/install/barista_extra_models/share/barista_extra_models/models/customer/meshes
-- Up-to-date: /home/user/ros2_ws/install/barista_extra_models/share/barista_extra_models/models/customer/meshes/customer.dae
-- Up-to-date: /home/user/ros2_ws/install/barista_extra_models/share/barista_extra_models/models/customer/meshes/Material_93_baseColor.png
-- Up-to-date: /home/user/ros2_ws/install/barista_extra_models/share/barista_extra_models/models/customer/meshes/pink.png
-- Up-to-date: /home/user/ros2_ws/install/barista_extra_models/share/barista_extra_models/models/customer/model.config
-- Up-to-date: /home/user/ros2_ws/install/barista_extra_models/share/barista_extra_models/models/cabinet
-- Up-to-date: /home/user/ros2_ws/install/barista_extra_models/share/barista_extra_models/models/cabinet/model-1_2.sdf
-- Up-to-date: /home/user/ros2_ws/install/barista_extra_models/share/barista_extra_models/models/cabinet/model-1_3.sdf
-- Up-to-date: /home/user/ros2_ws/install/barista_extra_models/share/barista_extra_models/models/cabinet/model.sdf
-- Up-to-date: /home/user/ros2_ws/install/barista_extra_models/share/barista_extra_models/models/cabinet/model-1_4.sdf
-- Up-to-date: /home/user/ros2_ws/install/barista_extra_models/share/barista_extra_models/models/cabinet/model.config
-- Up-to-date: /home/user/ros2_ws/install/barista_extra_models/share/barista_extra_models/models/countertop
-- Up-to-date: /home/user/ros2_ws/install/barista_extra_models/share/barista_extra_models/models/countertop/model.sdf
-- Up-to-date: /home/user/ros2_ws/install/barista_extra_models/share/barista_extra_models/models/countertop/model.config
-- Up-to-date: /home/user/ros2_ws/install/barista_extra_models/share/barista_extra_models/models/armchair
-- Up-to-date: /home/user/ros2_ws/install/barista_extra_models/share/barista_extra_models/models/armchair/model.sdf
-- Up-to-date: /home/user/ros2_ws/install/barista_extra_models/share/barista_extra_models/models/armchair/meshes
-- Up-to-date: /home/user/ros2_ws/install/barista_extra_models/share/barista_extra_models/models/armchair/meshes/sillon
-- Up-to-date: /home/user/ros2_ws/install/barista_extra_models/share/barista_extra_models/models/armchair/meshes/sillon/material_2.png
-- Up-to-date: /home/user/ros2_ws/install/barista_extra_models/share/barista_extra_models/models/armchair/meshes/sillon/material_5.tif
-- Up-to-date: /home/user/ros2_ws/install/barista_extra_models/share/barista_extra_models/models/armchair/meshes/sillon/material_4_1.tif
-- Up-to-date: /home/user/ros2_ws/install/barista_extra_models/share/barista_extra_models/models/armchair/meshes/sillon/material_1.png
-- Up-to-date: /home/user/ros2_ws/install/barista_extra_models/share/barista_extra_models/models/armchair/meshes/sillon/material_5.png
-- Up-to-date: /home/user/ros2_ws/install/barista_extra_models/share/barista_extra_models/models/armchair/meshes/sillon/material_4_0.png
-- Up-to-date: /home/user/ros2_ws/install/barista_extra_models/share/barista_extra_models/models/armchair/meshes/sillon/material_4_1.png
-- Up-to-date: /home/user/ros2_ws/install/barista_extra_models/share/barista_extra_models/models/armchair/meshes/sillon/material_4.tif
-- Up-to-date: /home/user/ros2_ws/install/barista_extra_models/share/barista_extra_models/models/armchair/meshes/sillon/material_1.tif
-- Up-to-date: /home/user/ros2_ws/install/barista_extra_models/share/barista_extra_models/models/armchair/meshes/sillon/material_3.jpg
-- Up-to-date: /home/user/ros2_ws/install/barista_extra_models/share/barista_extra_models/models/armchair/meshes/sillon/material_4.png
-- Up-to-date: /home/user/ros2_ws/install/barista_extra_models/share/barista_extra_models/models/armchair/meshes/sillon/material_4_0.tif
-- Up-to-date: /home/user/ros2_ws/install/barista_extra_models/share/barista_extra_models/models/armchair/meshes/sillon/material_2.tif
-- Up-to-date: /home/user/ros2_ws/install/barista_extra_models/share/barista_extra_models/models/armchair/meshes/armchair.dae
-- Up-to-date: /home/user/ros2_ws/install/barista_extra_models/share/barista_extra_models/models/armchair/model.config
-- Up-to-date: /home/user/ros2_ws/install/barista_extra_models/share/barista_extra_models/models/portable_cup_2
-- Up-to-date: /home/user/ros2_ws/install/barista_extra_models/share/barista_extra_models/models/portable_cup_2/model.sdf
-- Up-to-date: /home/user/ros2_ws/install/barista_extra_models/share/barista_extra_models/models/portable_cup_2/meshes
-- Up-to-date: /home/user/ros2_ws/install/barista_extra_models/share/barista_extra_models/models/portable_cup_2/meshes/model
-- Up-to-date: /home/user/ros2_ws/install/barista_extra_models/share/barista_extra_models/models/portable_cup_2/meshes/model/Starbucks_ring.png
-- Up-to-date: /home/user/ros2_ws/install/barista_extra_models/share/barista_extra_models/models/portable_cup_2/meshes/portable_cup_2.dae
-- Up-to-date: /home/user/ros2_ws/install/barista_extra_models/share/barista_extra_models/models/portable_cup_2/meshes/Starbucks_ring.png
-- Up-to-date: /home/user/ros2_ws/install/barista_extra_models/share/barista_extra_models/models/portable_cup_2/meshes/cup_col.stl
-- Up-to-date: /home/user/ros2_ws/install/barista_extra_models/share/barista_extra_models/models/portable_cup_2/meshes/Starbucks_ring_old.png
-- Up-to-date: /home/user/ros2_ws/install/barista_extra_models/share/barista_extra_models/models/portable_cup_2/model.config
-- Up-to-date: /home/user/ros2_ws/install/barista_extra_models/share/barista_extra_models/models/cute_mug
-- Up-to-date: /home/user/ros2_ws/install/barista_extra_models/share/barista_extra_models/models/cute_mug/model.sdf
-- Up-to-date: /home/user/ros2_ws/install/barista_extra_models/share/barista_extra_models/models/cute_mug/meshes
-- Up-to-date: /home/user/ros2_ws/install/barista_extra_models/share/barista_extra_models/models/cute_mug/meshes/cute_mug_col.stl
-- Up-to-date: /home/user/ros2_ws/install/barista_extra_models/share/barista_extra_models/models/cute_mug/meshes/brown.png
-- Up-to-date: /home/user/ros2_ws/install/barista_extra_models/share/barista_extra_models/models/cute_mug/meshes/white.png
-- Up-to-date: /home/user/ros2_ws/install/barista_extra_models/share/barista_extra_models/models/cute_mug/meshes/Starbucks_ring.png
-- Up-to-date: /home/user/ros2_ws/install/barista_extra_models/share/barista_extra_models/models/cute_mug/meshes/black.png
-- Up-to-date: /home/user/ros2_ws/install/barista_extra_models/share/barista_extra_models/models/cute_mug/meshes/cute_mug.dae
-- Up-to-date: /home/user/ros2_ws/install/barista_extra_models/share/barista_extra_models/models/cute_mug/model.config
-- Up-to-date: /home/user/ros2_ws/install/barista_extra_models/share/barista_extra_models/models/turtlebot_env
-- Up-to-date: /home/user/ros2_ws/install/barista_extra_models/share/barista_extra_models/models/turtlebot_env/model_simple.sdf
-- Up-to-date: /home/user/ros2_ws/install/barista_extra_models/share/barista_extra_models/models/turtlebot_env/model.sdf
-- Up-to-date: /home/user/ros2_ws/install/barista_extra_models/share/barista_extra_models/models/turtlebot_env/meshes
-- Up-to-date: /home/user/ros2_ws/install/barista_extra_models/share/barista_extra_models/models/turtlebot_env/meshes/GreenColumn.png
-- Up-to-date: /home/user/ros2_ws/install/barista_extra_models/share/barista_extra_models/models/turtlebot_env/meshes/floorTexture.png
-- Up-to-date: /home/user/ros2_ws/install/barista_extra_models/share/barista_extra_models/models/turtlebot_env/meshes/turtlebot_env_only_floor.dae
-- Up-to-date: /home/user/ros2_ws/install/barista_extra_models/share/barista_extra_models/models/turtlebot_env/meshes/WallTexture.png
-- Up-to-date: /home/user/ros2_ws/install/barista_extra_models/share/barista_extra_models/models/turtlebot_env/meshes/floorTexture_clean.png
-- Up-to-date: /home/user/ros2_ws/install/barista_extra_models/share/barista_extra_models/models/turtlebot_env/meshes/turtlebot_env_HD.dae
-- Up-to-date: /home/user/ros2_ws/install/barista_extra_models/share/barista_extra_models/models/turtlebot_env/meshes/floorTexture.ase
-- Up-to-date: /home/user/ros2_ws/install/barista_extra_models/share/barista_extra_models/models/turtlebot_env/meshes/Columns.png
-- Up-to-date: /home/user/ros2_ws/install/barista_extra_models/share/barista_extra_models/models/turtlebot_env/meshes/ColumnsTexture.png
-- Up-to-date: /home/user/ros2_ws/install/barista_extra_models/share/barista_extra_models/models/turtlebot_env/meshes/turtlebot_env.dae
-- Up-to-date: /home/user/ros2_ws/install/barista_extra_models/share/barista_extra_models/models/turtlebot_env/meshes/WallsTexture.png
-- Up-to-date: /home/user/ros2_ws/install/barista_extra_models/share/barista_extra_models/models/turtlebot_env/meshes/turtlebot_env_col.stl
-- Up-to-date: /home/user/ros2_ws/install/barista_extra_models/share/barista_extra_models/models/turtlebot_env/blender
-- Up-to-date: /home/user/ros2_ws/install/barista_extra_models/share/barista_extra_models/models/turtlebot_env/blender/turtlebot_env.blend
-- Up-to-date: /home/user/ros2_ws/install/barista_extra_models/share/barista_extra_models/models/turtlebot_env/blender/turtlebot_env_floor_lights_cut.blend
-- Up-to-date: /home/user/ros2_ws/install/barista_extra_models/share/barista_extra_models/models/turtlebot_env/blender/turtlebot_env_floor_lights.blend1
-- Up-to-date: /home/user/ros2_ws/install/barista_extra_models/share/barista_extra_models/models/turtlebot_env/blender/turtlebot_env_floor_lights_cut.blend1
-- Up-to-date: /home/user/ros2_ws/install/barista_extra_models/share/barista_extra_models/models/turtlebot_env/blender/turtlebot_env_floor_lights.blend
-- Up-to-date: /home/user/ros2_ws/install/barista_extra_models/share/barista_extra_models/models/turtlebot_env/blender/turtlebot_env.blend1
-- Up-to-date: /home/user/ros2_ws/install/barista_extra_models/share/barista_extra_models/models/turtlebot_env/blender/turtlebot_env_floor.blend
-- Up-to-date: /home/user/ros2_ws/install/barista_extra_models/share/barista_extra_models/models/turtlebot_env/blender/turtlebot_env_floor_lights_cut_nolights.blend
-- Up-to-date: /home/user/ros2_ws/install/barista_extra_models/share/barista_extra_models/models/turtlebot_env/blender/turtlebot_env_floor.blend1
-- Up-to-date: /home/user/ros2_ws/install/barista_extra_models/share/barista_extra_models/models/turtlebot_env/blender/turtlebot_env_floor_lights_cut_nolights.blend1
-- Up-to-date: /home/user/ros2_ws/install/barista_extra_models/share/barista_extra_models/models/turtlebot_env/model.config
-- Up-to-date: /home/user/ros2_ws/install/barista_extra_models/share/barista_extra_models/models/starbots_bartender_dispenser
-- Up-to-date: /home/user/ros2_ws/install/barista_extra_models/share/barista_extra_models/models/starbots_bartender_dispenser/model.sdf
-- Up-to-date: /home/user/ros2_ws/install/barista_extra_models/share/barista_extra_models/models/starbots_bartender_dispenser/meshes
-- Up-to-date: /home/user/ros2_ws/install/barista_extra_models/share/barista_extra_models/models/starbots_bartender_dispenser/meshes/table_dispenser.dae
-- Up-to-date: /home/user/ros2_ws/install/barista_extra_models/share/barista_extra_models/models/starbots_bartender_dispenser/meshes/table_dispenser_nolegs.dae
-- Up-to-date: /home/user/ros2_ws/install/barista_extra_models/share/barista_extra_models/models/starbots_bartender_dispenser/meshes/bartender_dispenser.dae
-- Up-to-date: /home/user/ros2_ws/install/barista_extra_models/share/barista_extra_models/models/starbots_bartender_dispenser/model.config
-- Up-to-date: /home/user/ros2_ws/install/barista_extra_models/share/barista_extra_models/models/worktop_aluminium
-- Up-to-date: /home/user/ros2_ws/install/barista_extra_models/share/barista_extra_models/models/worktop_aluminium/model.sdf
-- Up-to-date: /home/user/ros2_ws/install/barista_extra_models/share/barista_extra_models/models/worktop_aluminium/meshes
-- Up-to-date: /home/user/ros2_ws/install/barista_extra_models/share/barista_extra_models/models/worktop_aluminium/meshes/worktop_aluminium.dae
-- Up-to-date: /home/user/ros2_ws/install/barista_extra_models/share/barista_extra_models/models/worktop_aluminium/meshes/encimera-blanca
-- Up-to-date: /home/user/ros2_ws/install/barista_extra_models/share/barista_extra_models/models/worktop_aluminium/meshes/encimera-blanca/Steel_Brushed_Stainless.jpg
-- Up-to-date: /home/user/ros2_ws/install/barista_extra_models/share/barista_extra_models/models/worktop_aluminium/meshes/encimera-blanca/__auto_3.jpg
-- Up-to-date: /home/user/ros2_ws/install/barista_extra_models/share/barista_extra_models/models/worktop_aluminium/model.config
-- Up-to-date: /home/user/ros2_ws/install/barista_extra_models/share/barista_extra_models/models/reflective_tag
-- Up-to-date: /home/user/ros2_ws/install/barista_extra_models/share/barista_extra_models/models/reflective_tag/model.sdf
-- Up-to-date: /home/user/ros2_ws/install/barista_extra_models/share/barista_extra_models/models/reflective_tag/model.config
-- Up-to-date: /home/user/ros2_ws/install/barista_extra_models/share/barista_extra_models/models/espresso_machine
-- Up-to-date: /home/user/ros2_ws/install/barista_extra_models/share/barista_extra_models/models/espresso_machine/model.sdf
-- Up-to-date: /home/user/ros2_ws/install/barista_extra_models/share/barista_extra_models/models/espresso_machine/meshes
-- Up-to-date: /home/user/ros2_ws/install/barista_extra_models/share/barista_extra_models/models/espresso_machine/meshes/espresso_machine.dae
-- Up-to-date: /home/user/ros2_ws/install/barista_extra_models/share/barista_extra_models/models/espresso_machine/model.config
-- Up-to-date: /home/user/ros2_ws/install/barista_extra_models/share/barista_extra_models/models/barstool
-- Up-to-date: /home/user/ros2_ws/install/barista_extra_models/share/barista_extra_models/models/barstool/model.sdf
-- Up-to-date: /home/user/ros2_ws/install/barista_extra_models/share/barista_extra_models/models/barstool/model_copy.sdf
-- Up-to-date: /home/user/ros2_ws/install/barista_extra_models/share/barista_extra_models/models/barstool/meshes
-- Up-to-date: /home/user/ros2_ws/install/barista_extra_models/share/barista_extra_models/models/barstool/meshes/barstool.dae
-- Up-to-date: /home/user/ros2_ws/install/barista_extra_models/share/barista_extra_models/models/barstool/model.config
-- Up-to-date: /home/user/ros2_ws/install/barista_extra_models/share/barista_extra_models/models/coffee_table
-- Up-to-date: /home/user/ros2_ws/install/barista_extra_models/share/barista_extra_models/models/coffee_table/model.sdf
-- Up-to-date: /home/user/ros2_ws/install/barista_extra_models/share/barista_extra_models/models/coffee_table/meshes
-- Up-to-date: /home/user/ros2_ws/install/barista_extra_models/share/barista_extra_models/models/coffee_table/meshes/coffee_table.dae
-- Up-to-date: /home/user/ros2_ws/install/barista_extra_models/share/barista_extra_models/models/coffee_table/meshes/mesa
-- Up-to-date: /home/user/ros2_ws/install/barista_extra_models/share/barista_extra_models/models/coffee_table/meshes/mesa/__White_12.jpg
-- Up-to-date: /home/user/ros2_ws/install/barista_extra_models/share/barista_extra_models/models/coffee_table/model.config
-- Up-to-date: /home/user/ros2_ws/install/barista_extra_models/share/barista_extra_models/models/coffeeshop
-- Up-to-date: /home/user/ros2_ws/install/barista_extra_models/share/barista_extra_models/models/coffeeshop/model.sdf
-- Up-to-date: /home/user/ros2_ws/install/barista_extra_models/share/barista_extra_models/models/coffeeshop/meshes
-- Up-to-date: /home/user/ros2_ws/install/barista_extra_models/share/barista_extra_models/models/coffeeshop/meshes/coffeeshop.dae
-- Up-to-date: /home/user/ros2_ws/install/barista_extra_models/share/barista_extra_models/models/coffeeshop/meshes/splintered_wool_texture.png
-- Up-to-date: /home/user/ros2_ws/install/barista_extra_models/share/barista_extra_models/models/coffeeshop/model.config
-- Up-to-date: /home/user/ros2_ws/install/barista_extra_models/share/barista_extra_models/models/bartender_dispenser
-- Up-to-date: /home/user/ros2_ws/install/barista_extra_models/share/barista_extra_models/models/bartender_dispenser/model.sdf
-- Up-to-date: /home/user/ros2_ws/install/barista_extra_models/share/barista_extra_models/models/bartender_dispenser/meshes
-- Up-to-date: /home/user/ros2_ws/install/barista_extra_models/share/barista_extra_models/models/bartender_dispenser/meshes/table_dispenser.dae
-- Up-to-date: /home/user/ros2_ws/install/barista_extra_models/share/barista_extra_models/models/bartender_dispenser/meshes/table_dispenser_nolegs.dae
-- Up-to-date: /home/user/ros2_ws/install/barista_extra_models/share/barista_extra_models/models/bartender_dispenser/meshes/bartender_dispenser.dae
-- Up-to-date: /home/user/ros2_ws/install/barista_extra_models/share/barista_extra_models/models/bartender_dispenser/model.config
-- Up-to-date: /home/user/ros2_ws/install/barista_extra_models/share/barista_extra_models/models/couch
-- Up-to-date: /home/user/ros2_ws/install/barista_extra_models/share/barista_extra_models/models/couch/model.sdf
-- Up-to-date: /home/user/ros2_ws/install/barista_extra_models/share/barista_extra_models/models/couch/meshes
-- Up-to-date: /home/user/ros2_ws/install/barista_extra_models/share/barista_extra_models/models/couch/meshes/couch.dae
-- Up-to-date: /home/user/ros2_ws/install/barista_extra_models/share/barista_extra_models/models/couch/model.config
-- Up-to-date: /home/user/ros2_ws/install/barista_extra_models/share/barista_extra_models/models/starbots_table_ingestor
-- Up-to-date: /home/user/ros2_ws/install/barista_extra_models/share/barista_extra_models/models/starbots_table_ingestor/model.sdf
-- Up-to-date: /home/user/ros2_ws/install/barista_extra_models/share/barista_extra_models/models/starbots_table_ingestor/meshes
-- Up-to-date: /home/user/ros2_ws/install/barista_extra_models/share/barista_extra_models/models/starbots_table_ingestor/meshes/voxeltable_nolegs.dae
-- Up-to-date: /home/user/ros2_ws/install/barista_extra_models/share/barista_extra_models/models/starbots_table_ingestor/meshes/voxeltable.dae
-- Up-to-date: /home/user/ros2_ws/install/barista_extra_models/share/barista_extra_models/models/starbots_table_ingestor/model.config
-- Up-to-date: /home/user/ros2_ws/install/barista_extra_models/share/barista_extra_models/models/table
-- Up-to-date: /home/user/ros2_ws/install/barista_extra_models/share/barista_extra_models/models/table/model-1_2.sdf
-- Up-to-date: /home/user/ros2_ws/install/barista_extra_models/share/barista_extra_models/models/table/model-1_3.sdf
-- Up-to-date: /home/user/ros2_ws/install/barista_extra_models/share/barista_extra_models/models/table/model.sdf
-- Up-to-date: /home/user/ros2_ws/install/barista_extra_models/share/barista_extra_models/models/table/model-1_4.sdf
-- Up-to-date: /home/user/ros2_ws/install/barista_extra_models/share/barista_extra_models/models/table/model.config
-- Up-to-date: /home/user/ros2_ws/install/barista_extra_models/share/ament_index/resource_index/package_run_dependencies/barista_extra_models
-- Up-to-date: /home/user/ros2_ws/install/barista_extra_models/share/ament_index/resource_index/parent_prefix_path/barista_extra_models
-- Up-to-date: /home/user/ros2_ws/install/barista_extra_models/share/barista_extra_models/environment/ament_prefix_path.sh
-- Up-to-date: /home/user/ros2_ws/install/barista_extra_models/share/barista_extra_models/environment/ament_prefix_path.dsv
-- Up-to-date: /home/user/ros2_ws/install/barista_extra_models/share/barista_extra_models/environment/path.sh
-- Up-to-date: /home/user/ros2_ws/install/barista_extra_models/share/barista_extra_models/environment/path.dsv
-- Up-to-date: /home/user/ros2_ws/install/barista_extra_models/share/barista_extra_models/local_setup.bash
-- Up-to-date: /home/user/ros2_ws/install/barista_extra_models/share/barista_extra_models/local_setup.sh
-- Up-to-date: /home/user/ros2_ws/install/barista_extra_models/share/barista_extra_models/local_setup.zsh
-- Up-to-date: /home/user/ros2_ws/install/barista_extra_models/share/barista_extra_models/local_setup.dsv
-- Installing: /home/user/ros2_ws/install/barista_extra_models/share/barista_extra_models/package.dsv
-- Up-to-date: /home/user/ros2_ws/install/barista_extra_models/share/ament_index/resource_index/packages/barista_extra_models
-- Up-to-date: /home/user/ros2_ws/install/barista_extra_models/share/barista_extra_models/cmake/barista_extra_modelsConfig.cmake
-- Up-to-date: /home/user/ros2_ws/install/barista_extra_models/share/barista_extra_models/cmake/barista_extra_modelsConfig-version.cmake
-- Up-to-date: /home/user/ros2_ws/install/barista_extra_models/share/barista_extra_models/package.xml
