-- Install configuration: ""
-- Up-to-date: /home/user/ros2_ws/install/main_navigation/share/main_navigation/launch
-- Up-to-date: /home/user/ros2_ws/install/main_navigation/share/main_navigation/launch/start_nav_barista_1_2_turtleworld.launch.xml
-- Up-to-date: /home/user/ros2_ws/install/main_navigation/share/main_navigation/launch/start_nav_barista_1_ramenshop_pantry.launch.xml
-- Up-to-date: /home/user/ros2_ws/install/main_navigation/share/main_navigation/launch/start_nav_barista_1.launch.xml
-- Up-to-date: /home/user/ros2_ws/install/main_navigation/share/main_navigation/launch/start_nav_barista_1_ramenshop.launch.xml
-- Up-to-date: /home/user/ros2_ws/install/main_navigation/share/main_navigation/launch/start_nav_barista_2.launch.xml
-- Up-to-date: /home/user/ros2_ws/install/main_navigation/share/main_navigation/launch/start_navigation_rviz_starbots_three.launch.xml
-- Up-to-date: /home/user/ros2_ws/install/main_navigation/share/main_navigation/launch/start_nav.launch.xml
-- Up-to-date: /home/user/ros2_ws/install/main_navigation/share/main_navigation/launch/start_rviz.launch.py
-- Up-to-date: /home/user/ros2_ws/install/main_navigation/share/main_navigation/launch/start_nav_barista_2_turtleworld.launch.xml
-- Up-to-date: /home/user/ros2_ws/install/main_navigation/share/main_navigation/launch/start_navigation_rviz.launch.xml
-- Up-to-date: /home/user/ros2_ws/install/main_navigation/share/main_navigation/launch/start_navigation_rviz_starbots.launch.xml
-- Up-to-date: /home/user/ros2_ws/install/main_navigation/share/main_navigation/launch/start_nav_barista_1_turtleworld.launch.xml
-- Up-to-date: /home/user/ros2_ws/install/main_navigation/share/main_navigation/launch/start_nav_barista_1_2_mule_turtleworld.launch.xml
-- Up-to-date: /home/user/ros2_ws/install/main_navigation/share/main_navigation/rviz
-- Up-to-date: /home/user/ros2_ws/install/main_navigation/share/main_navigation/rviz/navigation copy.rviz
-- Up-to-date: /home/user/ros2_ws/install/main_navigation/share/main_navigation/rviz/baristas_turtleE_starbots.rviz
-- Up-to-date: /home/user/ros2_ws/install/main_navigation/share/main_navigation/rviz/navigation_turtleworld copy.rviz
-- Up-to-date: /home/user/ros2_ws/install/main_navigation/share/main_navigation/rviz/baristas_starbots.rviz
-- Up-to-date: /home/user/ros2_ws/install/main_navigation/share/main_navigation/rviz/navigation_turtleworld.rviz
-- Up-to-date: /home/user/ros2_ws/install/main_navigation/share/main_navigation/rviz/ramenshop.rviz
-- Up-to-date: /home/user/ros2_ws/install/main_navigation/share/main_navigation/rviz/navigation.rviz
-- Up-to-date: /home/user/ros2_ws/install/main_navigation/share/main_navigation/params
-- Up-to-date: /home/user/ros2_ws/install/main_navigation/share/main_navigation/params/dummy.txt
-- Up-to-date: /home/user/ros2_ws/install/main_navigation/share/ament_index/resource_index/package_run_dependencies/main_navigation
-- Up-to-date: /home/user/ros2_ws/install/main_navigation/share/ament_index/resource_index/parent_prefix_path/main_navigation
-- Up-to-date: /home/user/ros2_ws/install/main_navigation/share/main_navigation/environment/ament_prefix_path.sh
-- Up-to-date: /home/user/ros2_ws/install/main_navigation/share/main_navigation/environment/ament_prefix_path.dsv
-- Up-to-date: /home/user/ros2_ws/install/main_navigation/share/main_navigation/environment/path.sh
-- Up-to-date: /home/user/ros2_ws/install/main_navigation/share/main_navigation/environment/path.dsv
-- Up-to-date: /home/user/ros2_ws/install/main_navigation/share/main_navigation/local_setup.bash
-- Up-to-date: /home/user/ros2_ws/install/main_navigation/share/main_navigation/local_setup.sh
-- Up-to-date: /home/user/ros2_ws/install/main_navigation/share/main_navigation/local_setup.zsh
-- Up-to-date: /home/user/ros2_ws/install/main_navigation/share/main_navigation/local_setup.dsv
-- Installing: /home/user/ros2_ws/install/main_navigation/share/main_navigation/package.dsv
-- Up-to-date: /home/user/ros2_ws/install/main_navigation/share/ament_index/resource_index/packages/main_navigation
-- Up-to-date: /home/user/ros2_ws/install/main_navigation/share/main_navigation/cmake/main_navigationConfig.cmake
-- Up-to-date: /home/user/ros2_ws/install/main_navigation/share/main_navigation/cmake/main_navigationConfig-version.cmake
-- Up-to-date: /home/user/ros2_ws/install/main_navigation/share/main_navigation/package.xml
