[0.216s] Invoking command in '/home/user/ros2_ws/build/barista_alignment': CMAKE_PREFIX_PATH=${CMAKE_PREFIX_PATH}:/home/user/ros2_ws/install/aruco_detection_tests:/home/simulations/ros2_sims_ws/install/rclrs_tests:/home/simulations/ros2_sims_ws/install/examples_rclrs_minimal_client_service:/home/simulations/ros2_sims_ws/install/sensor_msgs_py:/home/simulations/ros2_sims_ws/install/examples_rclrs_minimal_pub_sub:/home/simulations/ros2_sims_ws/install/examples_rclrs_message_demo:/home/simulations/ros2_sims_ws/install/rclrs:/home/simulations/ros2_sims_ws/install/rosidl_runtime_rs:/home/user/ros2_ws/install/ros2test:/home/user/ros2_ws/install/robotiq_85_driver:/home/user/ros2_ws/install/path_planner_server:/home/user/ros2_ws/install/moveit_configs_utils:/home/user/ros2_ws/install/localization_server:/home/user/ros2_ws/install/cartographer_slam:/opt/ros/humble _=/usr/bin/env /usr/bin/cmake --build /home/user/ros2_ws/build/barista_alignment -- -j8 -l8
[0.455s] [  3%] Built target barista_alignment__rs
[0.507s] [ 12%] Built target barista_alignment__rosidl_generator_c
[0.526s] [ 12%] Built target ament_cmake_python_copy_barista_alignment
[0.561s] [ 15%] Built target barista_alignment__cpp
[0.750s] [ 25%] Built target barista_alignment__rosidl_typesupport_fastrtps_c
[0.779s] [ 34%] Built target barista_alignment__rosidl_typesupport_c
[0.787s] [ 43%] Built target barista_alignment__rosidl_typesupport_introspection_cpp
[0.802s] [ 53%] Built target barista_alignment__rosidl_typesupport_introspection_c
[0.820s] [ 62%] Built target barista_alignment__rosidl_typesupport_fastrtps_cpp
[0.828s] [ 71%] Built target barista_alignment__rosidl_typesupport_cpp
[1.045s] [ 71%] Built target barista_alignment
[1.133s] [ 75%] Built target barista_alignment__py
[1.297s] [ 81%] Built target barista_alignment__rosidl_generator_py
[1.417s] running egg_info
[1.417s] writing barista_alignment.egg-info/PKG-INFO
[1.417s] writing dependency_links to barista_alignment.egg-info/dependency_links.txt
[1.418s] writing top-level names to barista_alignment.egg-info/top_level.txt
[1.418s] reading manifest file 'barista_alignment.egg-info/SOURCES.txt'
[1.418s] writing manifest file 'barista_alignment.egg-info/SOURCES.txt'
[1.418s] [ 87%] Built target barista_alignment__rosidl_typesupport_introspection_c__pyext
[1.423s] [ 93%] Built target barista_alignment__rosidl_typesupport_c__pyext
[1.462s] [100%] Built target barista_alignment__rosidl_typesupport_fastrtps_c__pyext
[1.507s] [100%] Built target ament_cmake_python_build_barista_alignment_egg
[2.052s] Invoked command in '/home/user/ros2_ws/build/barista_alignment' returned '0': CMAKE_PREFIX_PATH=${CMAKE_PREFIX_PATH}:/home/user/ros2_ws/install/aruco_detection_tests:/home/simulations/ros2_sims_ws/install/rclrs_tests:/home/simulations/ros2_sims_ws/install/examples_rclrs_minimal_client_service:/home/simulations/ros2_sims_ws/install/sensor_msgs_py:/home/simulations/ros2_sims_ws/install/examples_rclrs_minimal_pub_sub:/home/simulations/ros2_sims_ws/install/examples_rclrs_message_demo:/home/simulations/ros2_sims_ws/install/rclrs:/home/simulations/ros2_sims_ws/install/rosidl_runtime_rs:/home/user/ros2_ws/install/ros2test:/home/user/ros2_ws/install/robotiq_85_driver:/home/user/ros2_ws/install/path_planner_server:/home/user/ros2_ws/install/moveit_configs_utils:/home/user/ros2_ws/install/localization_server:/home/user/ros2_ws/install/cartographer_slam:/opt/ros/humble _=/usr/bin/env /usr/bin/cmake --build /home/user/ros2_ws/build/barista_alignment -- -j8 -l8
[2.665s] Invoking command in '/home/user/ros2_ws/build/barista_alignment': CMAKE_PREFIX_PATH=${CMAKE_PREFIX_PATH}:/home/user/ros2_ws/install/aruco_detection_tests:/home/simulations/ros2_sims_ws/install/rclrs_tests:/home/simulations/ros2_sims_ws/install/examples_rclrs_minimal_client_service:/home/simulations/ros2_sims_ws/install/sensor_msgs_py:/home/simulations/ros2_sims_ws/install/examples_rclrs_minimal_pub_sub:/home/simulations/ros2_sims_ws/install/examples_rclrs_message_demo:/home/simulations/ros2_sims_ws/install/rclrs:/home/simulations/ros2_sims_ws/install/rosidl_runtime_rs:/home/user/ros2_ws/install/ros2test:/home/user/ros2_ws/install/robotiq_85_driver:/home/user/ros2_ws/install/path_planner_server:/home/user/ros2_ws/install/moveit_configs_utils:/home/user/ros2_ws/install/localization_server:/home/user/ros2_ws/install/cartographer_slam:/opt/ros/humble _=/usr/bin/env /usr/bin/cmake --install /home/user/ros2_ws/build/barista_alignment
[3.114s] -- Install configuration: ""
[3.115s] -- Up-to-date: /home/user/ros2_ws/install/barista_alignment/share/barista_alignment//launch
[3.115s] -- Up-to-date: /home/user/ros2_ws/install/barista_alignment/share/barista_alignment//launch/barista_2_align_server.launch.xml
[3.115s] -- Up-to-date: /home/user/ros2_ws/install/barista_alignment/share/barista_alignment//launch/barista_1_align_server.launch.xml
[3.115s] -- Up-to-date: /home/user/ros2_ws/install/barista_alignment/share/ament_index/resource_index/rosidl_interfaces/barista_alignment
[3.115s] -- Up-to-date: /home/user/ros2_ws/install/barista_alignment/include/barista_alignment/barista_alignment
[3.116s] -- Up-to-date: /home/user/ros2_ws/install/barista_alignment/include/barista_alignment/barista_alignment/msg
[3.116s] -- Up-to-date: /home/user/ros2_ws/install/barista_alignment/include/barista_alignment/barista_alignment/msg/rosidl_generator_c__visibility_control.h
[3.116s] -- Up-to-date: /home/user/ros2_ws/install/barista_alignment/include/barista_alignment/barista_alignment/action
[3.116s] -- Up-to-date: /home/user/ros2_ws/install/barista_alignment/include/barista_alignment/barista_alignment/action/detail
[3.116s] -- Up-to-date: /home/user/ros2_ws/install/barista_alignment/include/barista_alignment/barista_alignment/action/detail/align_barista__struct.h
[3.116s] -- Up-to-date: /home/user/ros2_ws/install/barista_alignment/include/barista_alignment/barista_alignment/action/detail/align_barista__type_support.h
[3.116s] -- Up-to-date: /home/user/ros2_ws/install/barista_alignment/include/barista_alignment/barista_alignment/action/detail/align_barista__functions.h
[3.117s] -- Up-to-date: /home/user/ros2_ws/install/barista_alignment/include/barista_alignment/barista_alignment/action/detail/align_barista__functions.c
[3.117s] -- Up-to-date: /home/user/ros2_ws/install/barista_alignment/include/barista_alignment/barista_alignment/action/align_barista.h
[3.117s] -- Up-to-date: /home/user/ros2_ws/install/barista_alignment/share/barista_alignment/environment/library_path.sh
[3.117s] -- Up-to-date: /home/user/ros2_ws/install/barista_alignment/share/barista_alignment/environment/library_path.dsv
[3.117s] -- Up-to-date: /home/user/ros2_ws/install/barista_alignment/lib/libbarista_alignment__rosidl_generator_c.so
[3.117s] -- Up-to-date: /home/user/ros2_ws/install/barista_alignment/include/barista_alignment/barista_alignment
[3.117s] -- Up-to-date: /home/user/ros2_ws/install/barista_alignment/include/barista_alignment/barista_alignment/msg
[3.117s] -- Up-to-date: /home/user/ros2_ws/install/barista_alignment/include/barista_alignment/barista_alignment/msg/rosidl_typesupport_fastrtps_c__visibility_control.h
[3.117s] -- Up-to-date: /home/user/ros2_ws/install/barista_alignment/include/barista_alignment/barista_alignment/action
[3.117s] -- Up-to-date: /home/user/ros2_ws/install/barista_alignment/include/barista_alignment/barista_alignment/action/detail
[3.117s] -- Up-to-date: /home/user/ros2_ws/install/barista_alignment/include/barista_alignment/barista_alignment/action/detail/align_barista__rosidl_typesupport_fastrtps_c.h
[3.118s] -- Up-to-date: /home/user/ros2_ws/install/barista_alignment/lib/libbarista_alignment__rosidl_typesupport_fastrtps_c.so
[3.118s] -- Up-to-date: /home/user/ros2_ws/install/barista_alignment/include/barista_alignment/barista_alignment
[3.118s] -- Up-to-date: /home/user/ros2_ws/install/barista_alignment/include/barista_alignment/barista_alignment/action
[3.118s] -- Up-to-date: /home/user/ros2_ws/install/barista_alignment/include/barista_alignment/barista_alignment/action/detail
[3.118s] -- Up-to-date: /home/user/ros2_ws/install/barista_alignment/include/barista_alignment/barista_alignment/action/detail/align_barista__struct.hpp
[3.119s] -- Up-to-date: /home/user/ros2_ws/install/barista_alignment/include/barista_alignment/barista_alignment/action/detail/align_barista__builder.hpp
[3.119s] -- Up-to-date: /home/user/ros2_ws/install/barista_alignment/include/barista_alignment/barista_alignment/action/detail/align_barista__traits.hpp
[3.119s] -- Up-to-date: /home/user/ros2_ws/install/barista_alignment/include/barista_alignment/barista_alignment/action/align_barista.hpp
[3.119s] -- Up-to-date: /home/user/ros2_ws/install/barista_alignment/include/barista_alignment/barista_alignment
[3.119s] -- Up-to-date: /home/user/ros2_ws/install/barista_alignment/include/barista_alignment/barista_alignment/msg
[3.120s] -- Up-to-date: /home/user/ros2_ws/install/barista_alignment/include/barista_alignment/barista_alignment/msg/rosidl_typesupport_fastrtps_cpp__visibility_control.h
[3.120s] -- Up-to-date: /home/user/ros2_ws/install/barista_alignment/include/barista_alignment/barista_alignment/action
[3.120s] -- Up-to-date: /home/user/ros2_ws/install/barista_alignment/include/barista_alignment/barista_alignment/action/detail
[3.120s] -- Up-to-date: /home/user/ros2_ws/install/barista_alignment/include/barista_alignment/barista_alignment/action/detail/align_barista__rosidl_typesupport_fastrtps_cpp.hpp
[3.120s] -- Up-to-date: /home/user/ros2_ws/install/barista_alignment/include/barista_alignment/barista_alignment/action/detail/dds_fastrtps
[3.120s] -- Up-to-date: /home/user/ros2_ws/install/barista_alignment/lib/libbarista_alignment__rosidl_typesupport_fastrtps_cpp.so
[3.121s] -- Up-to-date: /home/user/ros2_ws/install/barista_alignment/include/barista_alignment/barista_alignment
[3.121s] -- Up-to-date: /home/user/ros2_ws/install/barista_alignment/include/barista_alignment/barista_alignment/msg
[3.121s] -- Up-to-date: /home/user/ros2_ws/install/barista_alignment/include/barista_alignment/barista_alignment/msg/rosidl_typesupport_introspection_c__visibility_control.h
[3.121s] -- Up-to-date: /home/user/ros2_ws/install/barista_alignment/include/barista_alignment/barista_alignment/action
[3.121s] -- Up-to-date: /home/user/ros2_ws/install/barista_alignment/include/barista_alignment/barista_alignment/action/detail
[3.122s] -- Up-to-date: /home/user/ros2_ws/install/barista_alignment/include/barista_alignment/barista_alignment/action/detail/align_barista__rosidl_typesupport_introspection_c.h
[3.122s] -- Up-to-date: /home/user/ros2_ws/install/barista_alignment/include/barista_alignment/barista_alignment/action/detail/align_barista__type_support.c
[3.122s] -- Up-to-date: /home/user/ros2_ws/install/barista_alignment/lib/libbarista_alignment__rosidl_typesupport_introspection_c.so
[3.122s] -- Up-to-date: /home/user/ros2_ws/install/barista_alignment/lib/libbarista_alignment__rosidl_typesupport_c.so
[3.122s] -- Up-to-date: /home/user/ros2_ws/install/barista_alignment/include/barista_alignment/barista_alignment
[3.123s] -- Up-to-date: /home/user/ros2_ws/install/barista_alignment/include/barista_alignment/barista_alignment/action
[3.123s] -- Up-to-date: /home/user/ros2_ws/install/barista_alignment/include/barista_alignment/barista_alignment/action/detail
[3.123s] -- Up-to-date: /home/user/ros2_ws/install/barista_alignment/include/barista_alignment/barista_alignment/action/detail/align_barista__type_support.cpp
[3.123s] -- Up-to-date: /home/user/ros2_ws/install/barista_alignment/include/barista_alignment/barista_alignment/action/detail/align_barista__rosidl_typesupport_introspection_cpp.hpp
[3.124s] -- Up-to-date: /home/user/ros2_ws/install/barista_alignment/lib/libbarista_alignment__rosidl_typesupport_introspection_cpp.so
[3.124s] -- Up-to-date: /home/user/ros2_ws/install/barista_alignment/lib/libbarista_alignment__rosidl_typesupport_cpp.so
[3.124s] -- Up-to-date: /home/user/ros2_ws/install/barista_alignment/share/ament_index/resource_index/rust_packages/barista_alignment
[3.124s] -- Up-to-date: /home/user/ros2_ws/install/barista_alignment/share/barista_alignment/rust
[3.124s] -- Up-to-date: /home/user/ros2_ws/install/barista_alignment/share/barista_alignment/rust/Cargo.toml
[3.125s] -- Up-to-date: /home/user/ros2_ws/install/barista_alignment/share/barista_alignment/rust/src
[3.125s] -- Up-to-date: /home/user/ros2_ws/install/barista_alignment/share/barista_alignment/rust/src/lib.rs
[3.125s] -- Up-to-date: /home/user/ros2_ws/install/barista_alignment/share/barista_alignment/rust/build.rs
[3.125s] -- Up-to-date: /home/user/ros2_ws/install/barista_alignment/share/barista_alignment/rust
[3.126s] -- Up-to-date: /home/user/ros2_ws/install/barista_alignment/share/barista_alignment/rust/Cargo.toml
[3.126s] -- Up-to-date: /home/user/ros2_ws/install/barista_alignment/share/barista_alignment/rust/src
[3.126s] -- Up-to-date: /home/user/ros2_ws/install/barista_alignment/share/barista_alignment/rust/src/lib.rs
[3.126s] -- Up-to-date: /home/user/ros2_ws/install/barista_alignment/share/barista_alignment/rust/build.rs
[3.127s] -- Up-to-date: /home/user/ros2_ws/install/barista_alignment/share/barista_alignment/rust
[3.127s] -- Up-to-date: /home/user/ros2_ws/install/barista_alignment/share/barista_alignment/rust/Cargo.toml
[3.127s] -- Up-to-date: /home/user/ros2_ws/install/barista_alignment/share/barista_alignment/rust/src
[3.127s] -- Up-to-date: /home/user/ros2_ws/install/barista_alignment/share/barista_alignment/rust/src/lib.rs
[3.128s] -- Up-to-date: /home/user/ros2_ws/install/barista_alignment/share/barista_alignment/rust/build.rs
[3.128s] -- Up-to-date: /home/user/ros2_ws/install/barista_alignment/share/barista_alignment/environment/pythonpath.sh
[3.128s] -- Up-to-date: /home/user/ros2_ws/install/barista_alignment/share/barista_alignment/environment/pythonpath.dsv
[3.128s] -- Up-to-date: /home/user/ros2_ws/install/barista_alignment/local/lib/python3.10/dist-packages/barista_alignment-0.0.0-py3.10.egg-info
[3.128s] -- Installing: /home/user/ros2_ws/install/barista_alignment/local/lib/python3.10/dist-packages/barista_alignment-0.0.0-py3.10.egg-info/PKG-INFO
[3.129s] -- Installing: /home/user/ros2_ws/install/barista_alignment/local/lib/python3.10/dist-packages/barista_alignment-0.0.0-py3.10.egg-info/top_level.txt
[3.129s] -- Installing: /home/user/ros2_ws/install/barista_alignment/local/lib/python3.10/dist-packages/barista_alignment-0.0.0-py3.10.egg-info/SOURCES.txt
[3.129s] -- Installing: /home/user/ros2_ws/install/barista_alignment/local/lib/python3.10/dist-packages/barista_alignment-0.0.0-py3.10.egg-info/dependency_links.txt
[3.129s] -- Up-to-date: /home/user/ros2_ws/install/barista_alignment/local/lib/python3.10/dist-packages/barista_alignment
[3.129s] -- Up-to-date: /home/user/ros2_ws/install/barista_alignment/local/lib/python3.10/dist-packages/barista_alignment/barista_alignment_s__rosidl_typesupport_c.cpython-310-x86_64-linux-gnu.so
[3.130s] -- Up-to-date: /home/user/ros2_ws/install/barista_alignment/local/lib/python3.10/dist-packages/barista_alignment/_barista_alignment_s.ep.rosidl_typesupport_c.c
[3.130s] -- Up-to-date: /home/user/ros2_ws/install/barista_alignment/local/lib/python3.10/dist-packages/barista_alignment/barista_alignment_s__rosidl_typesupport_introspection_c.cpython-310-x86_64-linux-gnu.so
[3.130s] -- Up-to-date: /home/user/ros2_ws/install/barista_alignment/local/lib/python3.10/dist-packages/barista_alignment/__init__.py
[3.130s] -- Up-to-date: /home/user/ros2_ws/install/barista_alignment/local/lib/python3.10/dist-packages/barista_alignment/_barista_alignment_s.ep.rosidl_typesupport_introspection_c.c
[3.130s] -- Up-to-date: /home/user/ros2_ws/install/barista_alignment/local/lib/python3.10/dist-packages/barista_alignment/barista_alignment_s__rosidl_typesupport_fastrtps_c.cpython-310-x86_64-linux-gnu.so
[3.130s] -- Up-to-date: /home/user/ros2_ws/install/barista_alignment/local/lib/python3.10/dist-packages/barista_alignment/libbarista_alignment__rosidl_generator_py.so
[3.131s] -- Up-to-date: /home/user/ros2_ws/install/barista_alignment/local/lib/python3.10/dist-packages/barista_alignment/action
[3.131s] -- Up-to-date: /home/user/ros2_ws/install/barista_alignment/local/lib/python3.10/dist-packages/barista_alignment/action/_align_barista_s.c
[3.131s] -- Up-to-date: /home/user/ros2_ws/install/barista_alignment/local/lib/python3.10/dist-packages/barista_alignment/action/__init__.py
[3.131s] -- Up-to-date: /home/user/ros2_ws/install/barista_alignment/local/lib/python3.10/dist-packages/barista_alignment/action/_align_barista.py
[3.131s] -- Up-to-date: /home/user/ros2_ws/install/barista_alignment/local/lib/python3.10/dist-packages/barista_alignment/_barista_alignment_s.ep.rosidl_typesupport_fastrtps_c.c
[3.132s] Listing '/home/user/ros2_ws/install/barista_alignment/local/lib/python3.10/dist-packages/barista_alignment'...
[3.132s] Listing '/home/user/ros2_ws/install/barista_alignment/local/lib/python3.10/dist-packages/barista_alignment/action'...
[3.132s] -- Up-to-date: /home/user/ros2_ws/install/barista_alignment/local/lib/python3.10/dist-packages/barista_alignment/barista_alignment_s__rosidl_typesupport_fastrtps_c.cpython-310-x86_64-linux-gnu.so
[3.132s] -- Up-to-date: /home/user/ros2_ws/install/barista_alignment/local/lib/python3.10/dist-packages/barista_alignment/barista_alignment_s__rosidl_typesupport_introspection_c.cpython-310-x86_64-linux-gnu.so
[3.133s] -- Up-to-date: /home/user/ros2_ws/install/barista_alignment/local/lib/python3.10/dist-packages/barista_alignment/barista_alignment_s__rosidl_typesupport_c.cpython-310-x86_64-linux-gnu.so
[3.133s] -- Up-to-date: /home/user/ros2_ws/install/barista_alignment/lib/libbarista_alignment__rosidl_generator_py.so
[3.133s] -- Up-to-date: /home/user/ros2_ws/install/barista_alignment/share/barista_alignment/action/AlignBarista.idl
[3.133s] -- Up-to-date: /home/user/ros2_ws/install/barista_alignment/share/barista_alignment/action/AlignBarista.action
[3.134s] -- Up-to-date: /home/user/ros2_ws/install/barista_alignment/lib/barista_alignment/align_barista.py
[3.134s] -- Up-to-date: /home/user/ros2_ws/install/barista_alignment/share/ament_index/resource_index/package_run_dependencies/barista_alignment
[3.134s] -- Up-to-date: /home/user/ros2_ws/install/barista_alignment/share/ament_index/resource_index/parent_prefix_path/barista_alignment
[3.134s] -- Up-to-date: /home/user/ros2_ws/install/barista_alignment/share/barista_alignment/environment/ament_prefix_path.sh
[3.134s] -- Up-to-date: /home/user/ros2_ws/install/barista_alignment/share/barista_alignment/environment/ament_prefix_path.dsv
[3.134s] -- Up-to-date: /home/user/ros2_ws/install/barista_alignment/share/barista_alignment/environment/path.sh
[3.134s] -- Up-to-date: /home/user/ros2_ws/install/barista_alignment/share/barista_alignment/environment/path.dsv
[3.135s] -- Up-to-date: /home/user/ros2_ws/install/barista_alignment/share/barista_alignment/local_setup.bash
[3.135s] -- Up-to-date: /home/user/ros2_ws/install/barista_alignment/share/barista_alignment/local_setup.sh
[3.135s] -- Up-to-date: /home/user/ros2_ws/install/barista_alignment/share/barista_alignment/local_setup.zsh
[3.135s] -- Up-to-date: /home/user/ros2_ws/install/barista_alignment/share/barista_alignment/local_setup.dsv
[3.135s] -- Installing: /home/user/ros2_ws/install/barista_alignment/share/barista_alignment/package.dsv
[3.136s] -- Up-to-date: /home/user/ros2_ws/install/barista_alignment/share/ament_index/resource_index/packages/barista_alignment
[3.136s] -- Up-to-date: /home/user/ros2_ws/install/barista_alignment/share/barista_alignment/cmake/export_barista_alignment__rosidl_generator_cExport.cmake
[3.136s] -- Up-to-date: /home/user/ros2_ws/install/barista_alignment/share/barista_alignment/cmake/export_barista_alignment__rosidl_generator_cExport-noconfig.cmake
[3.136s] -- Up-to-date: /home/user/ros2_ws/install/barista_alignment/share/barista_alignment/cmake/export_barista_alignment__rosidl_typesupport_fastrtps_cExport.cmake
[3.136s] -- Up-to-date: /home/user/ros2_ws/install/barista_alignment/share/barista_alignment/cmake/export_barista_alignment__rosidl_typesupport_fastrtps_cExport-noconfig.cmake
[3.136s] -- Up-to-date: /home/user/ros2_ws/install/barista_alignment/share/barista_alignment/cmake/export_barista_alignment__rosidl_generator_cppExport.cmake
[3.137s] -- Up-to-date: /home/user/ros2_ws/install/barista_alignment/share/barista_alignment/cmake/export_barista_alignment__rosidl_typesupport_fastrtps_cppExport.cmake
[3.137s] -- Up-to-date: /home/user/ros2_ws/install/barista_alignment/share/barista_alignment/cmake/export_barista_alignment__rosidl_typesupport_fastrtps_cppExport-noconfig.cmake
[3.137s] -- Up-to-date: /home/user/ros2_ws/install/barista_alignment/share/barista_alignment/cmake/barista_alignment__rosidl_typesupport_introspection_cExport.cmake
[3.137s] -- Up-to-date: /home/user/ros2_ws/install/barista_alignment/share/barista_alignment/cmake/barista_alignment__rosidl_typesupport_introspection_cExport-noconfig.cmake
[3.137s] -- Up-to-date: /home/user/ros2_ws/install/barista_alignment/share/barista_alignment/cmake/barista_alignment__rosidl_typesupport_cExport.cmake
[3.137s] -- Up-to-date: /home/user/ros2_ws/install/barista_alignment/share/barista_alignment/cmake/barista_alignment__rosidl_typesupport_cExport-noconfig.cmake
[3.137s] -- Up-to-date: /home/user/ros2_ws/install/barista_alignment/share/barista_alignment/cmake/barista_alignment__rosidl_typesupport_introspection_cppExport.cmake
[3.137s] -- Up-to-date: /home/user/ros2_ws/install/barista_alignment/share/barista_alignment/cmake/barista_alignment__rosidl_typesupport_introspection_cppExport-noconfig.cmake
[3.138s] -- Up-to-date: /home/user/ros2_ws/install/barista_alignment/share/barista_alignment/cmake/barista_alignment__rosidl_typesupport_cppExport.cmake
[3.138s] -- Up-to-date: /home/user/ros2_ws/install/barista_alignment/share/barista_alignment/cmake/barista_alignment__rosidl_typesupport_cppExport-noconfig.cmake
[3.138s] -- Up-to-date: /home/user/ros2_ws/install/barista_alignment/share/barista_alignment/cmake/export_barista_alignment__rosidl_generator_pyExport.cmake
[3.138s] -- Up-to-date: /home/user/ros2_ws/install/barista_alignment/share/barista_alignment/cmake/export_barista_alignment__rosidl_generator_pyExport-noconfig.cmake
[3.138s] -- Up-to-date: /home/user/ros2_ws/install/barista_alignment/share/barista_alignment/cmake/rosidl_cmake-extras.cmake
[3.138s] -- Up-to-date: /home/user/ros2_ws/install/barista_alignment/share/barista_alignment/cmake/ament_cmake_export_dependencies-extras.cmake
[3.138s] -- Up-to-date: /home/user/ros2_ws/install/barista_alignment/share/barista_alignment/cmake/ament_cmake_export_include_directories-extras.cmake
[3.138s] -- Up-to-date: /home/user/ros2_ws/install/barista_alignment/share/barista_alignment/cmake/ament_cmake_export_libraries-extras.cmake
[3.138s] -- Up-to-date: /home/user/ros2_ws/install/barista_alignment/share/barista_alignment/cmake/ament_cmake_export_targets-extras.cmake
[3.139s] -- Up-to-date: /home/user/ros2_ws/install/barista_alignment/share/barista_alignment/cmake/rosidl_cmake_export_typesupport_targets-extras.cmake
[3.139s] -- Up-to-date: /home/user/ros2_ws/install/barista_alignment/share/barista_alignment/cmake/rosidl_cmake_export_typesupport_libraries-extras.cmake
[3.139s] -- Up-to-date: /home/user/ros2_ws/install/barista_alignment/share/barista_alignment/cmake/barista_alignmentConfig.cmake
[3.139s] -- Up-to-date: /home/user/ros2_ws/install/barista_alignment/share/barista_alignment/cmake/barista_alignmentConfig-version.cmake
[3.139s] -- Up-to-date: /home/user/ros2_ws/install/barista_alignment/share/barista_alignment/package.xml
[3.229s] Invoked command in '/home/user/ros2_ws/build/barista_alignment' returned '0': CMAKE_PREFIX_PATH=${CMAKE_PREFIX_PATH}:/home/user/ros2_ws/install/aruco_detection_tests:/home/simulations/ros2_sims_ws/install/rclrs_tests:/home/simulations/ros2_sims_ws/install/examples_rclrs_minimal_client_service:/home/simulations/ros2_sims_ws/install/sensor_msgs_py:/home/simulations/ros2_sims_ws/install/examples_rclrs_minimal_pub_sub:/home/simulations/ros2_sims_ws/install/examples_rclrs_message_demo:/home/simulations/ros2_sims_ws/install/rclrs:/home/simulations/ros2_sims_ws/install/rosidl_runtime_rs:/home/user/ros2_ws/install/ros2test:/home/user/ros2_ws/install/robotiq_85_driver:/home/user/ros2_ws/install/path_planner_server:/home/user/ros2_ws/install/moveit_configs_utils:/home/user/ros2_ws/install/localization_server:/home/user/ros2_ws/install/cartographer_slam:/opt/ros/humble _=/usr/bin/env /usr/bin/cmake --install /home/user/ros2_ws/build/barista_alignment
