-- Install configuration: ""
-- Up-to-date: /home/user/ros2_ws/install/barista_description/share/barista_description/src
-- Up-to-date: /home/user/ros2_ws/install/barista_description/share/barista_description/src/description
-- Up-to-date: /home/user/ros2_ws/install/barista_description/share/barista_description/src/description/barista_hexagons_asus_xtion_pro.urdf
-- Up-to-date: /home/user/ros2_ws/install/barista_description/share/barista_description/src/description/barista.urdf.xacro
-- Up-to-date: /home/user/ros2_ws/install/barista_description/share/barista_description/src/description/barista_hexagons_asus_xtion_pro.urdf.xacro
-- Up-to-date: /home/user/ros2_ws/install/barista_description/share/barista_description/src/description/barista.urdf
-- Up-to-date: /home/user/ros2_ws/install/barista_description/share/barista_description/src/description/barista.sdf
-- Up-to-date: /home/user/ros2_ws/install/barista_description/share/barista_description/src/description/barista_hexagons_asus_xtion_pro.sdf
-- Up-to-date: /home/user/ros2_ws/install/barista_description/share/barista_description/launch
-- Up-to-date: /home/user/ros2_ws/install/barista_description/share/barista_description/launch/spawn_slotcar.launch.py
-- Up-to-date: /home/user/ros2_ws/install/barista_description/share/barista_description/launch/spawn.launch.py
-- Up-to-date: /home/user/ros2_ws/install/barista_description/share/barista_description/rviz
-- Up-to-date: /home/user/ros2_ws/install/barista_description/share/barista_description/rviz/diffbot.rviz
-- Up-to-date: /home/user/ros2_ws/install/barista_description/share/barista_description/meshes
-- Up-to-date: /home/user/ros2_ws/install/barista_description/share/barista_description/meshes/sensors
-- Up-to-date: /home/user/ros2_ws/install/barista_description/share/barista_description/meshes/sensors/sensor_pole.dae
-- Up-to-date: /home/user/ros2_ws/install/barista_description/share/barista_description/meshes/sensors/xtion_pro_camera.jpg
-- Up-to-date: /home/user/ros2_ws/install/barista_description/share/barista_description/meshes/sensors/hokuyo.dae
-- Up-to-date: /home/user/ros2_ws/install/barista_description/share/barista_description/meshes/sensors/asus_xtion_pro_live.dae
-- Up-to-date: /home/user/ros2_ws/install/barista_description/share/barista_description/meshes/sensors/kinect.jpg
-- Up-to-date: /home/user/ros2_ws/install/barista_description/share/barista_description/meshes/sensors/xtion_pro.jpg
-- Up-to-date: /home/user/ros2_ws/install/barista_description/share/barista_description/meshes/sensors/asus_xtion_pro_live.png
-- Up-to-date: /home/user/ros2_ws/install/barista_description/share/barista_description/meshes/sensors/kinect.dae
-- Up-to-date: /home/user/ros2_ws/install/barista_description/share/barista_description/meshes/sensors/xtion_pro_camera.dae
-- Up-to-date: /home/user/ros2_ws/install/barista_description/share/barista_description/meshes/sensors/kinect.tga
-- Up-to-date: /home/user/ros2_ws/install/barista_description/share/barista_description/meshes/sensors/xtion_pro_stack.dae
-- Up-to-date: /home/user/ros2_ws/install/barista_description/share/barista_description/meshes/sensors/0_xtion_pro.jpg
-- Up-to-date: /home/user/ros2_ws/install/barista_description/share/barista_description/meshes/wheel.dae
-- Up-to-date: /home/user/ros2_ws/install/barista_description/share/barista_description/meshes/main_body.dae
-- Up-to-date: /home/user/ros2_ws/install/barista_description/share/barista_description/meshes/stacks
-- Up-to-date: /home/user/ros2_ws/install/barista_description/share/barista_description/meshes/stacks/hexagons
-- Up-to-date: /home/user/ros2_ws/install/barista_description/share/barista_description/meshes/stacks/hexagons/plate_bottom.dae
-- Up-to-date: /home/user/ros2_ws/install/barista_description/share/barista_description/meshes/stacks/hexagons/pole_kinect.dae
-- Up-to-date: /home/user/ros2_ws/install/barista_description/share/barista_description/meshes/stacks/hexagons/plate_middle.dae
-- Up-to-date: /home/user/ros2_ws/install/barista_description/share/barista_description/meshes/stacks/hexagons/pole_top.dae
-- Up-to-date: /home/user/ros2_ws/install/barista_description/share/barista_description/meshes/stacks/hexagons/pole_bottom.dae
-- Up-to-date: /home/user/ros2_ws/install/barista_description/share/barista_description/meshes/stacks/hexagons/plate_top.dae
-- Up-to-date: /home/user/ros2_ws/install/barista_description/share/barista_description/meshes/stacks/hexagons/pole_middle.dae
-- Up-to-date: /home/user/ros2_ws/install/barista_description/share/barista_description/meshes/stacks/hexagons/images
-- Up-to-date: /home/user/ros2_ws/install/barista_description/share/barista_description/meshes/stacks/hexagons/images/1f_stack.jpg
-- Up-to-date: /home/user/ros2_ws/install/barista_description/share/barista_description/meshes/stacks/hexagons/images/3f_pole.jpg
-- Up-to-date: /home/user/ros2_ws/install/barista_description/share/barista_description/meshes/stacks/hexagons/images/3f_stack.jpg
-- Up-to-date: /home/user/ros2_ws/install/barista_description/share/barista_description/meshes/stacks/hexagons/images/1f_pole.jpg
-- Up-to-date: /home/user/ros2_ws/install/barista_description/share/barista_description/meshes/stacks/hexagons/images/2f_pole.jpg
-- Up-to-date: /home/user/ros2_ws/install/barista_description/share/barista_description/meshes/stacks/hexagons/images/kinect_pole_old.jpg
-- Up-to-date: /home/user/ros2_ws/install/barista_description/share/barista_description/meshes/stacks/hexagons/images/kinect_pole.jpg
-- Up-to-date: /home/user/ros2_ws/install/barista_description/share/barista_description/meshes/stacks/hexagons/images/3f_stack1.jpg
-- Up-to-date: /home/user/ros2_ws/install/barista_description/share/barista_description/meshes/stacks/hexagons/images/2f_stack.jpg
-- Up-to-date: /home/user/ros2_ws/install/barista_description/share/barista_description/meshes/stacks/circles
-- Up-to-date: /home/user/ros2_ws/install/barista_description/share/barista_description/meshes/stacks/circles/plate_0_logo.tga
-- Up-to-date: /home/user/ros2_ws/install/barista_description/share/barista_description/meshes/stacks/circles/68-04556-RA_Kinect_Standoff_Assy.3ds
-- Up-to-date: /home/user/ros2_ws/install/barista_description/share/barista_description/meshes/stacks/circles/68-04552-2000-RA_Turtlebot_M-F_Standoff_color.png
-- Up-to-date: /home/user/ros2_ws/install/barista_description/share/barista_description/meshes/stacks/circles/plate_2_logo.tga
-- Up-to-date: /home/user/ros2_ws/install/barista_description/share/barista_description/meshes/stacks/circles/68-04552-2000-RA_Turtlebot_M-F_Standoff.dae
-- Up-to-date: /home/user/ros2_ws/install/barista_description/share/barista_description/meshes/stacks/circles/68-04552-1000-RA_Turtlebot_M-F_Standoff.dae
-- Up-to-date: /home/user/ros2_ws/install/barista_description/share/barista_description/meshes/stacks/circles/68-04552-1000-RA_Turtlebot_M-F_Standoff_color.png
-- Up-to-date: /home/user/ros2_ws/install/barista_description/share/barista_description/meshes/stacks/circles/68-02403-125_Spacer.dae
-- Up-to-date: /home/user/ros2_ws/install/barista_description/share/barista_description/meshes/stacks/circles/plate_1_logo.tga
-- Up-to-date: /home/user/ros2_ws/install/barista_description/share/barista_description/meshes/stacks/circles/plate_0_logo.dae
-- Up-to-date: /home/user/ros2_ws/install/barista_description/share/barista_description/meshes/stacks/circles/68-04556-RA_Kinect_Standoff_Assy.dae
-- Up-to-date: /home/user/ros2_ws/install/barista_description/share/barista_description/meshes/stacks/circles/plate_1_logo.dae
-- Up-to-date: /home/user/ros2_ws/install/barista_description/share/barista_description/meshes/stacks/circles/68-02421-8000-RA_Turtlebot_F-F_Standoff_color.png
-- Up-to-date: /home/user/ros2_ws/install/barista_description/share/barista_description/meshes/stacks/circles/plate_2_logo.dae
-- Up-to-date: /home/user/ros2_ws/install/barista_description/share/barista_description/meshes/stacks/circles/68-02421-8000-RA_Turtlebot_F-F_Standoff.dae
-- Up-to-date: /home/user/ros2_ws/install/barista_description/share/barista_description/meshes/barista_single_mesh
-- Up-to-date: /home/user/ros2_ws/install/barista_description/share/barista_description/meshes/barista_single_mesh/3f_pole.jpg
-- Up-to-date: /home/user/ros2_ws/install/barista_description/share/barista_description/meshes/barista_single_mesh/barista.dae
-- Up-to-date: /home/user/ros2_ws/install/barista_description/share/barista_description/meshes/kobuki
-- Up-to-date: /home/user/ros2_ws/install/barista_description/share/barista_description/meshes/kobuki/sensors
-- Up-to-date: /home/user/ros2_ws/install/barista_description/share/barista_description/meshes/kobuki/sensors/sensor_pole.dae
-- Up-to-date: /home/user/ros2_ws/install/barista_description/share/barista_description/meshes/kobuki/sensors/xtion_pro_camera.jpg
-- Up-to-date: /home/user/ros2_ws/install/barista_description/share/barista_description/meshes/kobuki/sensors/asus_xtion_pro_live.dae
-- Up-to-date: /home/user/ros2_ws/install/barista_description/share/barista_description/meshes/kobuki/sensors/kinect.jpg
-- Up-to-date: /home/user/ros2_ws/install/barista_description/share/barista_description/meshes/kobuki/sensors/xtion_pro.jpg
-- Up-to-date: /home/user/ros2_ws/install/barista_description/share/barista_description/meshes/kobuki/sensors/asus_xtion_pro_live.png
-- Up-to-date: /home/user/ros2_ws/install/barista_description/share/barista_description/meshes/kobuki/sensors/kinect.dae
-- Up-to-date: /home/user/ros2_ws/install/barista_description/share/barista_description/meshes/kobuki/sensors/xtion_pro_camera.dae
-- Up-to-date: /home/user/ros2_ws/install/barista_description/share/barista_description/meshes/kobuki/sensors/kinect.tga
-- Up-to-date: /home/user/ros2_ws/install/barista_description/share/barista_description/meshes/kobuki/sensors/xtion_pro_stack.dae
-- Up-to-date: /home/user/ros2_ws/install/barista_description/share/barista_description/meshes/kobuki/sensors/0_xtion_pro.jpg
-- Up-to-date: /home/user/ros2_ws/install/barista_description/share/barista_description/meshes/kobuki/wheel.dae
-- Up-to-date: /home/user/ros2_ws/install/barista_description/share/barista_description/meshes/kobuki/main_body.dae
-- Up-to-date: /home/user/ros2_ws/install/barista_description/share/barista_description/meshes/kobuki/stacks
-- Up-to-date: /home/user/ros2_ws/install/barista_description/share/barista_description/meshes/kobuki/stacks/hexagons
-- Up-to-date: /home/user/ros2_ws/install/barista_description/share/barista_description/meshes/kobuki/stacks/hexagons/plate_bottom.dae
-- Up-to-date: /home/user/ros2_ws/install/barista_description/share/barista_description/meshes/kobuki/stacks/hexagons/pole_kinect.dae
-- Up-to-date: /home/user/ros2_ws/install/barista_description/share/barista_description/meshes/kobuki/stacks/hexagons/plate_middle.dae
-- Up-to-date: /home/user/ros2_ws/install/barista_description/share/barista_description/meshes/kobuki/stacks/hexagons/pole_top.dae
-- Up-to-date: /home/user/ros2_ws/install/barista_description/share/barista_description/meshes/kobuki/stacks/hexagons/pole_bottom.dae
-- Up-to-date: /home/user/ros2_ws/install/barista_description/share/barista_description/meshes/kobuki/stacks/hexagons/plate_top.dae
-- Up-to-date: /home/user/ros2_ws/install/barista_description/share/barista_description/meshes/kobuki/stacks/hexagons/pole_middle.dae
-- Up-to-date: /home/user/ros2_ws/install/barista_description/share/barista_description/meshes/kobuki/stacks/hexagons/images
-- Up-to-date: /home/user/ros2_ws/install/barista_description/share/barista_description/meshes/kobuki/stacks/hexagons/images/1f_stack.jpg
-- Up-to-date: /home/user/ros2_ws/install/barista_description/share/barista_description/meshes/kobuki/stacks/hexagons/images/3f_pole.jpg
-- Up-to-date: /home/user/ros2_ws/install/barista_description/share/barista_description/meshes/kobuki/stacks/hexagons/images/3f_stack.jpg
-- Up-to-date: /home/user/ros2_ws/install/barista_description/share/barista_description/meshes/kobuki/stacks/hexagons/images/1f_pole.jpg
-- Up-to-date: /home/user/ros2_ws/install/barista_description/share/barista_description/meshes/kobuki/stacks/hexagons/images/2f_pole.jpg
-- Up-to-date: /home/user/ros2_ws/install/barista_description/share/barista_description/meshes/kobuki/stacks/hexagons/images/kinect_pole_old.jpg
-- Up-to-date: /home/user/ros2_ws/install/barista_description/share/barista_description/meshes/kobuki/stacks/hexagons/images/kinect_pole.jpg
-- Up-to-date: /home/user/ros2_ws/install/barista_description/share/barista_description/meshes/kobuki/stacks/hexagons/images/3f_stack1.jpg
-- Up-to-date: /home/user/ros2_ws/install/barista_description/share/barista_description/meshes/kobuki/stacks/hexagons/images/2f_stack.jpg
-- Up-to-date: /home/user/ros2_ws/install/barista_description/share/barista_description/meshes/kobuki/stacks/circles
-- Up-to-date: /home/user/ros2_ws/install/barista_description/share/barista_description/meshes/kobuki/stacks/circles/plate_0_logo.tga
-- Up-to-date: /home/user/ros2_ws/install/barista_description/share/barista_description/meshes/kobuki/stacks/circles/68-04556-RA_Kinect_Standoff_Assy.3ds
-- Up-to-date: /home/user/ros2_ws/install/barista_description/share/barista_description/meshes/kobuki/stacks/circles/68-04552-2000-RA_Turtlebot_M-F_Standoff_color.png
-- Up-to-date: /home/user/ros2_ws/install/barista_description/share/barista_description/meshes/kobuki/stacks/circles/plate_2_logo.tga
-- Up-to-date: /home/user/ros2_ws/install/barista_description/share/barista_description/meshes/kobuki/stacks/circles/68-04552-2000-RA_Turtlebot_M-F_Standoff.dae
-- Up-to-date: /home/user/ros2_ws/install/barista_description/share/barista_description/meshes/kobuki/stacks/circles/68-04552-1000-RA_Turtlebot_M-F_Standoff.dae
-- Up-to-date: /home/user/ros2_ws/install/barista_description/share/barista_description/meshes/kobuki/stacks/circles/68-04552-1000-RA_Turtlebot_M-F_Standoff_color.png
-- Up-to-date: /home/user/ros2_ws/install/barista_description/share/barista_description/meshes/kobuki/stacks/circles/68-02403-125_Spacer.dae
-- Up-to-date: /home/user/ros2_ws/install/barista_description/share/barista_description/meshes/kobuki/stacks/circles/plate_1_logo.tga
-- Up-to-date: /home/user/ros2_ws/install/barista_description/share/barista_description/meshes/kobuki/stacks/circles/plate_0_logo.dae
-- Up-to-date: /home/user/ros2_ws/install/barista_description/share/barista_description/meshes/kobuki/stacks/circles/68-04556-RA_Kinect_Standoff_Assy.dae
-- Up-to-date: /home/user/ros2_ws/install/barista_description/share/barista_description/meshes/kobuki/stacks/circles/plate_1_logo.dae
-- Up-to-date: /home/user/ros2_ws/install/barista_description/share/barista_description/meshes/kobuki/stacks/circles/68-02421-8000-RA_Turtlebot_F-F_Standoff_color.png
-- Up-to-date: /home/user/ros2_ws/install/barista_description/share/barista_description/meshes/kobuki/stacks/circles/plate_2_logo.dae
-- Up-to-date: /home/user/ros2_ws/install/barista_description/share/barista_description/meshes/kobuki/stacks/circles/68-02421-8000-RA_Turtlebot_F-F_Standoff.dae
-- Up-to-date: /home/user/ros2_ws/install/barista_description/share/barista_description/meshes/kobuki/images
-- Up-to-date: /home/user/ros2_ws/install/barista_description/share/barista_description/meshes/kobuki/images/main_body.jpg
-- Up-to-date: /home/user/ros2_ws/install/barista_description/share/barista_description/meshes/kobuki/images/wheel.jpg
-- Up-to-date: /home/user/ros2_ws/install/barista_description/share/barista_description/meshes/turtlebot
-- Up-to-date: /home/user/ros2_ws/install/barista_description/share/barista_description/meshes/turtlebot/sensors
-- Up-to-date: /home/user/ros2_ws/install/barista_description/share/barista_description/meshes/turtlebot/sensors/sensor_pole.dae
-- Up-to-date: /home/user/ros2_ws/install/barista_description/share/barista_description/meshes/turtlebot/sensors/xtion_pro_camera.jpg
-- Up-to-date: /home/user/ros2_ws/install/barista_description/share/barista_description/meshes/turtlebot/sensors/hokuyo.dae
-- Up-to-date: /home/user/ros2_ws/install/barista_description/share/barista_description/meshes/turtlebot/sensors/asus_xtion_pro_live.dae
-- Up-to-date: /home/user/ros2_ws/install/barista_description/share/barista_description/meshes/turtlebot/sensors/kinect.jpg
-- Up-to-date: /home/user/ros2_ws/install/barista_description/share/barista_description/meshes/turtlebot/sensors/xtion_pro.jpg
-- Up-to-date: /home/user/ros2_ws/install/barista_description/share/barista_description/meshes/turtlebot/sensors/asus_xtion_pro_live.png
-- Up-to-date: /home/user/ros2_ws/install/barista_description/share/barista_description/meshes/turtlebot/sensors/kinect.dae
-- Up-to-date: /home/user/ros2_ws/install/barista_description/share/barista_description/meshes/turtlebot/sensors/xtion_pro_camera.dae
-- Up-to-date: /home/user/ros2_ws/install/barista_description/share/barista_description/meshes/turtlebot/sensors/kinect.tga
-- Up-to-date: /home/user/ros2_ws/install/barista_description/share/barista_description/meshes/turtlebot/sensors/xtion_pro_stack.dae
-- Up-to-date: /home/user/ros2_ws/install/barista_description/share/barista_description/meshes/turtlebot/sensors/0_xtion_pro.jpg
-- Up-to-date: /home/user/ros2_ws/install/barista_description/share/barista_description/meshes/turtlebot/stacks
-- Up-to-date: /home/user/ros2_ws/install/barista_description/share/barista_description/meshes/turtlebot/stacks/hexagons
-- Up-to-date: /home/user/ros2_ws/install/barista_description/share/barista_description/meshes/turtlebot/stacks/hexagons/plate_bottom.dae
-- Up-to-date: /home/user/ros2_ws/install/barista_description/share/barista_description/meshes/turtlebot/stacks/hexagons/1f_stack.jpg
-- Up-to-date: /home/user/ros2_ws/install/barista_description/share/barista_description/meshes/turtlebot/stacks/hexagons/pole_kinect.dae
-- Up-to-date: /home/user/ros2_ws/install/barista_description/share/barista_description/meshes/turtlebot/stacks/hexagons/plate_middle_v2.dae
-- Up-to-date: /home/user/ros2_ws/install/barista_description/share/barista_description/meshes/turtlebot/stacks/hexagons/pole_middle_v2.dae
-- Up-to-date: /home/user/ros2_ws/install/barista_description/share/barista_description/meshes/turtlebot/stacks/hexagons/3f_pole.jpg
-- Up-to-date: /home/user/ros2_ws/install/barista_description/share/barista_description/meshes/turtlebot/stacks/hexagons/plate_middle.dae
-- Up-to-date: /home/user/ros2_ws/install/barista_description/share/barista_description/meshes/turtlebot/stacks/hexagons/3f_stack.jpg
-- Up-to-date: /home/user/ros2_ws/install/barista_description/share/barista_description/meshes/turtlebot/stacks/hexagons/1f_pole.jpg
-- Up-to-date: /home/user/ros2_ws/install/barista_description/share/barista_description/meshes/turtlebot/stacks/hexagons/2f_pole.jpg
-- Up-to-date: /home/user/ros2_ws/install/barista_description/share/barista_description/meshes/turtlebot/stacks/hexagons/plate_top_v2.dae
-- Up-to-date: /home/user/ros2_ws/install/barista_description/share/barista_description/meshes/turtlebot/stacks/hexagons/pole_bottom_v2.dae
-- Up-to-date: /home/user/ros2_ws/install/barista_description/share/barista_description/meshes/turtlebot/stacks/hexagons/pole_top.dae
-- Up-to-date: /home/user/ros2_ws/install/barista_description/share/barista_description/meshes/turtlebot/stacks/hexagons/pole_bottom.dae
-- Up-to-date: /home/user/ros2_ws/install/barista_description/share/barista_description/meshes/turtlebot/stacks/hexagons/pole_top_v2.dae
-- Up-to-date: /home/user/ros2_ws/install/barista_description/share/barista_description/meshes/turtlebot/stacks/hexagons/plate_top.dae
-- Up-to-date: /home/user/ros2_ws/install/barista_description/share/barista_description/meshes/turtlebot/stacks/hexagons/pole_middle.dae
-- Up-to-date: /home/user/ros2_ws/install/barista_description/share/barista_description/meshes/turtlebot/stacks/hexagons/2f_stack.jpg
-- Up-to-date: /home/user/ros2_ws/install/barista_description/share/barista_description/meshes/turtlebot/stacks/hexagons/images
-- Up-to-date: /home/user/ros2_ws/install/barista_description/share/barista_description/meshes/turtlebot/stacks/hexagons/images/1f_stack.jpg
-- Up-to-date: /home/user/ros2_ws/install/barista_description/share/barista_description/meshes/turtlebot/stacks/hexagons/images/3f_pole.jpg
-- Up-to-date: /home/user/ros2_ws/install/barista_description/share/barista_description/meshes/turtlebot/stacks/hexagons/images/3f_stack.jpg
-- Up-to-date: /home/user/ros2_ws/install/barista_description/share/barista_description/meshes/turtlebot/stacks/hexagons/images/1f_pole.jpg
-- Up-to-date: /home/user/ros2_ws/install/barista_description/share/barista_description/meshes/turtlebot/stacks/hexagons/images/2f_pole.jpg
-- Up-to-date: /home/user/ros2_ws/install/barista_description/share/barista_description/meshes/turtlebot/stacks/hexagons/images/kinect_pole_old.jpg
-- Up-to-date: /home/user/ros2_ws/install/barista_description/share/barista_description/meshes/turtlebot/stacks/hexagons/images/kinect_pole.jpg
-- Up-to-date: /home/user/ros2_ws/install/barista_description/share/barista_description/meshes/turtlebot/stacks/hexagons/images/3f_stack1.jpg
-- Up-to-date: /home/user/ros2_ws/install/barista_description/share/barista_description/meshes/turtlebot/stacks/hexagons/images/2f_stack.jpg
-- Up-to-date: /home/user/ros2_ws/install/barista_description/share/barista_description/meshes/turtlebot/stacks/hexagons/plate_bottom_v2.dae
-- Up-to-date: /home/user/ros2_ws/install/barista_description/share/barista_description/meshes/turtlebot/stacks/circles
-- Up-to-date: /home/user/ros2_ws/install/barista_description/share/barista_description/meshes/turtlebot/stacks/circles/plate_0_logo.tga
-- Up-to-date: /home/user/ros2_ws/install/barista_description/share/barista_description/meshes/turtlebot/stacks/circles/68-04556-RA_Kinect_Standoff_Assy.3ds
-- Up-to-date: /home/user/ros2_ws/install/barista_description/share/barista_description/meshes/turtlebot/stacks/circles/68-04552-2000-RA_Turtlebot_M-F_Standoff_color.png
-- Up-to-date: /home/user/ros2_ws/install/barista_description/share/barista_description/meshes/turtlebot/stacks/circles/plate_2_logo.tga
-- Up-to-date: /home/user/ros2_ws/install/barista_description/share/barista_description/meshes/turtlebot/stacks/circles/68-04552-2000-RA_Turtlebot_M-F_Standoff.dae
-- Up-to-date: /home/user/ros2_ws/install/barista_description/share/barista_description/meshes/turtlebot/stacks/circles/68-04552-1000-RA_Turtlebot_M-F_Standoff.dae
-- Up-to-date: /home/user/ros2_ws/install/barista_description/share/barista_description/meshes/turtlebot/stacks/circles/68-04552-1000-RA_Turtlebot_M-F_Standoff_color.png
-- Up-to-date: /home/user/ros2_ws/install/barista_description/share/barista_description/meshes/turtlebot/stacks/circles/68-02403-125_Spacer.dae
-- Up-to-date: /home/user/ros2_ws/install/barista_description/share/barista_description/meshes/turtlebot/stacks/circles/plate_1_logo.tga
-- Up-to-date: /home/user/ros2_ws/install/barista_description/share/barista_description/meshes/turtlebot/stacks/circles/plate_0_logo.dae
-- Up-to-date: /home/user/ros2_ws/install/barista_description/share/barista_description/meshes/turtlebot/stacks/circles/68-04556-RA_Kinect_Standoff_Assy.dae
-- Up-to-date: /home/user/ros2_ws/install/barista_description/share/barista_description/meshes/turtlebot/stacks/circles/plate_1_logo.dae
-- Up-to-date: /home/user/ros2_ws/install/barista_description/share/barista_description/meshes/turtlebot/stacks/circles/68-02421-8000-RA_Turtlebot_F-F_Standoff_color.png
-- Up-to-date: /home/user/ros2_ws/install/barista_description/share/barista_description/meshes/turtlebot/stacks/circles/plate_2_logo.dae
-- Up-to-date: /home/user/ros2_ws/install/barista_description/share/barista_description/meshes/turtlebot/stacks/circles/68-02421-8000-RA_Turtlebot_F-F_Standoff.dae
-- Up-to-date: /home/user/ros2_ws/install/barista_description/share/barista_description/meshes/barista
-- Up-to-date: /home/user/ros2_ws/install/barista_description/share/barista_description/meshes/barista/TOP_collision_lip.stl
-- Up-to-date: /home/user/ros2_ws/install/barista_description/share/barista_description/meshes/barista/TOP_colour.dae
-- Up-to-date: /home/user/ros2_ws/install/barista_description/share/barista_description/meshes/barista/main_body.jpg
-- Up-to-date: /home/user/ros2_ws/install/barista_description/share/barista_description/meshes/barista/TOP_mule_col_sd.stl
-- Up-to-date: /home/user/ros2_ws/install/barista_description/share/barista_description/meshes/barista/TOP_mule.dae
-- Up-to-date: /home/user/ros2_ws/install/barista_description/share/barista_description/meshes/barista/BOTTOM_colour_2.dae
-- Up-to-date: /home/user/ros2_ws/install/barista_description/share/barista_description/meshes/barista/BOTTOM_fixed_centered.dae
-- Up-to-date: /home/user/ros2_ws/install/barista_description/share/barista_description/meshes/barista/TOP_collision_lip_sd.stl
-- Up-to-date: /home/user/ros2_ws/install/barista_description/share/barista_description/meshes/barista/TOP_colour_2.dae
-- Up-to-date: /home/user/ros2_ws/install/barista_description/share/barista_description/meshes/barista/bowtie_fixed_colour.dae
-- Up-to-date: /home/user/ros2_ws/install/barista_description/share/barista_description/meshes/barista/TOP_fixed_color.dae
-- Up-to-date: /home/user/ros2_ws/install/barista_description/share/barista_description/meshes/barista/BOTTOM_colour_1.dae
-- Up-to-date: /home/user/ros2_ws/install/barista_description/share/barista_description/meshes/barista/BOTTOM_colour.dae
-- Up-to-date: /home/user/ros2_ws/install/barista_description/share/barista_description/meshes/barista/TOP_mule_col.stl
-- Up-to-date: /home/user/ros2_ws/install/barista_description/share/barista_description/meshes/barista/BOTTOM_mule.dae
-- Up-to-date: /home/user/ros2_ws/install/barista_description/share/barista_description/meshes/barista/TOP_colour_1.dae
-- Up-to-date: /home/user/ros2_ws/install/barista_description/share/barista_description/meshes/images
-- Up-to-date: /home/user/ros2_ws/install/barista_description/share/barista_description/meshes/images/main_body.jpg
-- Up-to-date: /home/user/ros2_ws/install/barista_description/share/barista_description/meshes/images/wheel.jpg
-- Up-to-date: /home/user/ros2_ws/install/barista_description/share/barista_description/worlds
-- Up-to-date: /home/user/ros2_ws/install/barista_description/share/barista_description/worlds/tc_coffeeshop.world
-- Up-to-date: /home/user/ros2_ws/install/barista_description/share/barista_description/models
-- Up-to-date: /home/user/ros2_ws/install/barista_description/share/barista_description/models/chair
-- Up-to-date: /home/user/ros2_ws/install/barista_description/share/barista_description/models/chair/model.sdf
-- Up-to-date: /home/user/ros2_ws/install/barista_description/share/barista_description/models/chair/meshes
-- Up-to-date: /home/user/ros2_ws/install/barista_description/share/barista_description/models/chair/meshes/model
-- Up-to-date: /home/user/ros2_ws/install/barista_description/share/barista_description/models/chair/meshes/model/Paged_Lubi_Nogi.jpg
-- Up-to-date: /home/user/ros2_ws/install/barista_description/share/barista_description/models/chair/meshes/model/Paged_Lubi_Nogi_0.jpg
-- Up-to-date: /home/user/ros2_ws/install/barista_description/share/barista_description/models/chair/meshes/model/Paged_Lubi_Tapicerka.jpg
-- Up-to-date: /home/user/ros2_ws/install/barista_description/share/barista_description/models/chair/meshes/chair.dae
-- Up-to-date: /home/user/ros2_ws/install/barista_description/share/barista_description/models/chair/model.config
-- Up-to-date: /home/user/ros2_ws/install/barista_description/share/barista_description/models/countertop_2
-- Up-to-date: /home/user/ros2_ws/install/barista_description/share/barista_description/models/countertop_2/model.sdf
-- Up-to-date: /home/user/ros2_ws/install/barista_description/share/barista_description/models/countertop_2/model.config
-- Up-to-date: /home/user/ros2_ws/install/barista_description/share/barista_description/models/dashed_picture
-- Up-to-date: /home/user/ros2_ws/install/barista_description/share/barista_description/models/dashed_picture/model.sdf
-- Up-to-date: /home/user/ros2_ws/install/barista_description/share/barista_description/models/dashed_picture/meshes
-- Up-to-date: /home/user/ros2_ws/install/barista_description/share/barista_description/models/dashed_picture/meshes/latte
-- Up-to-date: /home/user/ros2_ws/install/barista_description/share/barista_description/models/dashed_picture/meshes/latte/material_1.jpg
-- Up-to-date: /home/user/ros2_ws/install/barista_description/share/barista_description/models/dashed_picture/meshes/dashed_picture.dae
-- Up-to-date: /home/user/ros2_ws/install/barista_description/share/barista_description/models/dashed_picture/model.config
-- Up-to-date: /home/user/ros2_ws/install/barista_description/share/barista_description/models/newspaper
-- Up-to-date: /home/user/ros2_ws/install/barista_description/share/barista_description/models/newspaper/model.sdf
-- Up-to-date: /home/user/ros2_ws/install/barista_description/share/barista_description/models/newspaper/meshes
-- Up-to-date: /home/user/ros2_ws/install/barista_description/share/barista_description/models/newspaper/meshes/newspaper.dae
-- Up-to-date: /home/user/ros2_ws/install/barista_description/share/barista_description/models/newspaper/meshes/perio
-- Up-to-date: /home/user/ros2_ws/install/barista_description/share/barista_description/models/newspaper/meshes/perio/texture_0.png
-- Up-to-date: /home/user/ros2_ws/install/barista_description/share/barista_description/models/newspaper/meshes/perio/_20_minutos_4.jpg
-- Up-to-date: /home/user/ros2_ws/install/barista_description/share/barista_description/models/newspaper/meshes/perio/_20_minutos_1.jpg
-- Up-to-date: /home/user/ros2_ws/install/barista_description/share/barista_description/models/newspaper/meshes/perio/Periodico_20_minutos.jpg
-- Up-to-date: /home/user/ros2_ws/install/barista_description/share/barista_description/models/newspaper/meshes/perio/texture.png
-- Up-to-date: /home/user/ros2_ws/install/barista_description/share/barista_description/models/newspaper/meshes/perio/_20_minutos_2.jpg
-- Up-to-date: /home/user/ros2_ws/install/barista_description/share/barista_description/models/newspaper/meshes/perio/Lomo_largo_20_minutos.jpg
-- Up-to-date: /home/user/ros2_ws/install/barista_description/share/barista_description/models/newspaper/meshes/perio/Lomo_corto_20_minutos.jpg
-- Up-to-date: /home/user/ros2_ws/install/barista_description/share/barista_description/models/newspaper/model.config
-- Up-to-date: /home/user/ros2_ws/install/barista_description/share/barista_description/models/countertop
-- Up-to-date: /home/user/ros2_ws/install/barista_description/share/barista_description/models/countertop/model.sdf
-- Up-to-date: /home/user/ros2_ws/install/barista_description/share/barista_description/models/countertop/model.config
-- Up-to-date: /home/user/ros2_ws/install/barista_description/share/barista_description/models/cake_showcase
-- Up-to-date: /home/user/ros2_ws/install/barista_description/share/barista_description/models/cake_showcase/model.sdf
-- Up-to-date: /home/user/ros2_ws/install/barista_description/share/barista_description/models/cake_showcase/meshes
-- Up-to-date: /home/user/ros2_ws/install/barista_description/share/barista_description/models/cake_showcase/meshes/model
-- Up-to-date: /home/user/ros2_ws/install/barista_description/share/barista_description/models/cake_showcase/meshes/model/Metal_Corrogated_Shiny.jpg
-- Up-to-date: /home/user/ros2_ws/install/barista_description/share/barista_description/models/cake_showcase/meshes/model/Metal_Aluminum_Anodized.jpg
-- Up-to-date: /home/user/ros2_ws/install/barista_description/share/barista_description/models/cake_showcase/meshes/cake_showcase.dae
-- Up-to-date: /home/user/ros2_ws/install/barista_description/share/barista_description/models/cake_showcase/model.config
-- Up-to-date: /home/user/ros2_ws/install/barista_description/share/barista_description/models/baby_chair
-- Up-to-date: /home/user/ros2_ws/install/barista_description/share/barista_description/models/baby_chair/model.sdf
-- Up-to-date: /home/user/ros2_ws/install/barista_description/share/barista_description/models/baby_chair/meshes
-- Up-to-date: /home/user/ros2_ws/install/barista_description/share/barista_description/models/baby_chair/meshes/model
-- Up-to-date: /home/user/ros2_ws/install/barista_description/share/barista_description/models/baby_chair/meshes/model/material_3_0.jpg
-- Up-to-date: /home/user/ros2_ws/install/barista_description/share/barista_description/models/baby_chair/meshes/model/material_2_1.jpg
-- Up-to-date: /home/user/ros2_ws/install/barista_description/share/barista_description/models/baby_chair/meshes/model/material_2.jpg
-- Up-to-date: /home/user/ros2_ws/install/barista_description/share/barista_description/models/baby_chair/meshes/model/material_3.jpg
-- Up-to-date: /home/user/ros2_ws/install/barista_description/share/barista_description/models/baby_chair/meshes/baby_chair.dae
-- Up-to-date: /home/user/ros2_ws/install/barista_description/share/barista_description/models/baby_chair/model.config
-- Up-to-date: /home/user/ros2_ws/install/barista_description/share/barista_description/models/costa-gv
-- Up-to-date: /home/user/ros2_ws/install/barista_description/share/barista_description/models/costa-gv/model.sdf
-- Up-to-date: /home/user/ros2_ws/install/barista_description/share/barista_description/models/costa-gv/model.config
-- Up-to-date: /home/user/ros2_ws/install/barista_description/share/barista_description/models/wall_sofa
-- Up-to-date: /home/user/ros2_ws/install/barista_description/share/barista_description/models/wall_sofa/model.sdf
-- Up-to-date: /home/user/ros2_ws/install/barista_description/share/barista_description/models/wall_sofa/meshes
-- Up-to-date: /home/user/ros2_ws/install/barista_description/share/barista_description/models/wall_sofa/meshes/canape
-- Up-to-date: /home/user/ros2_ws/install/barista_description/share/barista_description/models/wall_sofa/meshes/canape/sofa_lit.jpg
-- Up-to-date: /home/user/ros2_ws/install/barista_description/share/barista_description/models/wall_sofa/meshes/canape/material_3.jpg
-- Up-to-date: /home/user/ros2_ws/install/barista_description/share/barista_description/models/wall_sofa/meshes/canape/sofa_cama.jpg
-- Up-to-date: /home/user/ros2_ws/install/barista_description/share/barista_description/models/wall_sofa/meshes/wall_sofa.dae
-- Up-to-date: /home/user/ros2_ws/install/barista_description/share/barista_description/models/wall_sofa/model.config
-- Up-to-date: /home/user/ros2_ws/install/barista_description/share/barista_description/models/box
-- Up-to-date: /home/user/ros2_ws/install/barista_description/share/barista_description/models/box/model.sdf
-- Up-to-date: /home/user/ros2_ws/install/barista_description/share/barista_description/models/box/meshes
-- Up-to-date: /home/user/ros2_ws/install/barista_description/share/barista_description/models/box/meshes/box.dae
-- Up-to-date: /home/user/ros2_ws/install/barista_description/share/barista_description/models/box/meshes/table
-- Up-to-date: /home/user/ros2_ws/install/barista_description/share/barista_description/models/box/meshes/table/material_2.JPG
-- Up-to-date: /home/user/ros2_ws/install/barista_description/share/barista_description/models/box/meshes/table/material_1.JPG
-- Up-to-date: /home/user/ros2_ws/install/barista_description/share/barista_description/models/box/model.config
-- Up-to-date: /home/user/ros2_ws/install/barista_description/share/barista_description/models/door
-- Up-to-date: /home/user/ros2_ws/install/barista_description/share/barista_description/models/door/model.sdf
-- Up-to-date: /home/user/ros2_ws/install/barista_description/share/barista_description/models/door/meshes
-- Up-to-date: /home/user/ros2_ws/install/barista_description/share/barista_description/models/door/meshes/model
-- Up-to-date: /home/user/ros2_ws/install/barista_description/share/barista_description/models/door/meshes/model/__Wood_Cherry_Original_3.jpg
-- Up-to-date: /home/user/ros2_ws/install/barista_description/share/barista_description/models/door/meshes/model/material_18.jpg
-- Up-to-date: /home/user/ros2_ws/install/barista_description/share/barista_description/models/door/meshes/model/Metal_Aluminum_Anodized.jpg
-- Up-to-date: /home/user/ros2_ws/install/barista_description/share/barista_description/models/door/meshes/door.dae
-- Up-to-date: /home/user/ros2_ws/install/barista_description/share/barista_description/models/door/model.config
-- Up-to-date: /home/user/ros2_ws/install/barista_description/share/barista_description/models/ground_plane
-- Up-to-date: /home/user/ros2_ws/install/barista_description/share/barista_description/models/ground_plane/model-1_2.sdf
-- Up-to-date: /home/user/ros2_ws/install/barista_description/share/barista_description/models/ground_plane/model-1_3.sdf
-- Up-to-date: /home/user/ros2_ws/install/barista_description/share/barista_description/models/ground_plane/model.sdf
-- Up-to-date: /home/user/ros2_ws/install/barista_description/share/barista_description/models/ground_plane/model-1_4.sdf
-- Up-to-date: /home/user/ros2_ws/install/barista_description/share/barista_description/models/ground_plane/model.config
-- Up-to-date: /home/user/ros2_ws/install/barista_description/share/barista_description/models/coffeeshop
-- Up-to-date: /home/user/ros2_ws/install/barista_description/share/barista_description/models/coffeeshop/model.sdf
-- Up-to-date: /home/user/ros2_ws/install/barista_description/share/barista_description/models/coffeeshop/meshes
-- Up-to-date: /home/user/ros2_ws/install/barista_description/share/barista_description/models/coffeeshop/meshes/coffeeshop.dae
-- Up-to-date: /home/user/ros2_ws/install/barista_description/share/barista_description/models/coffeeshop/meshes/splintered_wool_texture.png
-- Up-to-date: /home/user/ros2_ws/install/barista_description/share/barista_description/models/coffeeshop/model.config
-- Up-to-date: /home/user/ros2_ws/install/barista_description/share/barista_description/models/condiment
-- Up-to-date: /home/user/ros2_ws/install/barista_description/share/barista_description/models/condiment/model.sdf
-- Up-to-date: /home/user/ros2_ws/install/barista_description/share/barista_description/models/condiment/meshes
-- Up-to-date: /home/user/ros2_ws/install/barista_description/share/barista_description/models/condiment/meshes/condiment.dae
-- Up-to-date: /home/user/ros2_ws/install/barista_description/share/barista_description/models/condiment/meshes/condiment
-- Up-to-date: /home/user/ros2_ws/install/barista_description/share/barista_description/models/condiment/meshes/condiment/material_3.jpg
-- Up-to-date: /home/user/ros2_ws/install/barista_description/share/barista_description/models/condiment/model.config
-- Up-to-date: /home/user/ros2_ws/install/barista_description/share/barista_description/models/cup_massimo
-- Up-to-date: /home/user/ros2_ws/install/barista_description/share/barista_description/models/cup_massimo/model.sdf
-- Up-to-date: /home/user/ros2_ws/install/barista_description/share/barista_description/models/cup_massimo/meshes
-- Up-to-date: /home/user/ros2_ws/install/barista_description/share/barista_description/models/cup_massimo/meshes/cup_massimo.dae
-- Up-to-date: /home/user/ros2_ws/install/barista_description/share/barista_description/models/cup_massimo/model.config
-- Up-to-date: /home/user/ros2_ws/install/barista_description/share/barista_description/models/fence
-- Up-to-date: /home/user/ros2_ws/install/barista_description/share/barista_description/models/fence/model.sdf
-- Up-to-date: /home/user/ros2_ws/install/barista_description/share/barista_description/models/fence/meshes
-- Up-to-date: /home/user/ros2_ws/install/barista_description/share/barista_description/models/fence/meshes/model
-- Up-to-date: /home/user/ros2_ws/install/barista_description/share/barista_description/models/fence/meshes/model/Wood_Cherry_Original_0.jpg
-- Up-to-date: /home/user/ros2_ws/install/barista_description/share/barista_description/models/fence/meshes/model/Wood_Cherry_Original.jpg
-- Up-to-date: /home/user/ros2_ws/install/barista_description/share/barista_description/models/fence/meshes/fence.dae
-- Up-to-date: /home/user/ros2_ws/install/barista_description/share/barista_description/models/fence/model.config
-- Up-to-date: /home/user/ros2_ws/install/barista_description/share/barista_description/models/round_table
-- Up-to-date: /home/user/ros2_ws/install/barista_description/share/barista_description/models/round_table/model.sdf
-- Up-to-date: /home/user/ros2_ws/install/barista_description/share/barista_description/models/round_table/meshes
-- Up-to-date: /home/user/ros2_ws/install/barista_description/share/barista_description/models/round_table/meshes/round_table.dae
-- Up-to-date: /home/user/ros2_ws/install/barista_description/share/barista_description/models/round_table/meshes/mesa
-- Up-to-date: /home/user/ros2_ws/install/barista_description/share/barista_description/models/round_table/meshes/mesa/material_1_0.jpg
-- Up-to-date: /home/user/ros2_ws/install/barista_description/share/barista_description/models/round_table/meshes/mesa/Wood_Bamboo.jpg
-- Up-to-date: /home/user/ros2_ws/install/barista_description/share/barista_description/models/round_table/meshes/mesa/material_1.jpg
-- Up-to-date: /home/user/ros2_ws/install/barista_description/share/barista_description/models/round_table/meshes/mesa/__WhiteSmoke_17.jpg
-- Up-to-date: /home/user/ros2_ws/install/barista_description/share/barista_description/models/round_table/model.config
-- Up-to-date: /home/user/ros2_ws/install/barista_description/share/barista_description/models/square_table
-- Up-to-date: /home/user/ros2_ws/install/barista_description/share/barista_description/models/square_table/model.sdf
-- Up-to-date: /home/user/ros2_ws/install/barista_description/share/barista_description/models/square_table/meshes
-- Up-to-date: /home/user/ros2_ws/install/barista_description/share/barista_description/models/square_table/meshes/square_table.dae
-- Up-to-date: /home/user/ros2_ws/install/barista_description/share/barista_description/models/square_table/meshes/mesa
-- Up-to-date: /home/user/ros2_ws/install/barista_description/share/barista_description/models/square_table/meshes/mesa/material_1_0.jpg
-- Up-to-date: /home/user/ros2_ws/install/barista_description/share/barista_description/models/square_table/meshes/mesa/Wood_Bamboo.jpg
-- Up-to-date: /home/user/ros2_ws/install/barista_description/share/barista_description/models/square_table/meshes/mesa/material_1.jpg
-- Up-to-date: /home/user/ros2_ws/install/barista_description/share/barista_description/models/square_table/model.config
-- Up-to-date: /home/user/ros2_ws/install/barista_description/share/barista_description/robot
-- Up-to-date: /home/user/ros2_ws/install/barista_description/share/barista_description/robot/mule_barista.xacro
-- Up-to-date: /home/user/ros2_ws/install/barista_description/share/barista_description/robot/mule_barista copy.xacro
-- Up-to-date: /home/user/ros2_ws/install/barista_description/share/barista_description/robot/barista_kobuki_gazebo.xacro
-- Up-to-date: /home/user/ros2_ws/install/barista_description/share/barista_description/robot/barista_properties.xacro
-- Up-to-date: /home/user/ros2_ws/install/barista_description/share/barista_description/robot/common_properties.xacro
-- Up-to-date: /home/user/ros2_ws/install/barista_description/share/barista_description/robot/barista_mod copy.xacro
-- Up-to-date: /home/user/ros2_ws/install/barista_description/share/barista_description/robot/kobuki
-- Up-to-date: /home/user/ros2_ws/install/barista_description/share/barista_description/robot/kobuki/common_properties.urdf.xacro
-- Up-to-date: /home/user/ros2_ws/install/barista_description/share/barista_description/robot/barista_kobuki.xacro
-- Up-to-date: /home/user/ros2_ws/install/barista_description/share/barista_description/robot/turtlebot
-- Up-to-date: /home/user/ros2_ws/install/barista_description/share/barista_description/robot/turtlebot/common_properties.urdf.xacro
-- Up-to-date: /home/user/ros2_ws/install/barista_description/share/barista_description/robot/barista_kobuki_slotcar.xacro
-- Up-to-date: /home/user/ros2_ws/install/barista_description/share/barista_description/robot/barista_kobuki_gazebo_slotcar.xacro
-- Up-to-date: /home/user/ros2_ws/install/barista_description/share/barista_description/robot/barista_mod.xacro
-- Up-to-date: /home/user/ros2_ws/install/barista_description/share/barista_description/robot/barista.xacro
-- Up-to-date: /home/user/ros2_ws/install/barista_description/share/barista_description/robot/barista_slotcar.xacro
-- Up-to-date: /home/user/ros2_ws/install/barista_description/share/barista_description/robot/barista_hexagons.xacro
-- Up-to-date: /home/user/ros2_ws/install/barista_description/share/barista_description/robot/barista_hokuyo.xacro
-- Up-to-date: /home/user/ros2_ws/install/barista_description/lib/barista_description/spawn.launch.py
-- Up-to-date: /home/user/ros2_ws/install/barista_description/share/ament_index/resource_index/package_run_dependencies/barista_description
-- Up-to-date: /home/user/ros2_ws/install/barista_description/share/ament_index/resource_index/parent_prefix_path/barista_description
-- Up-to-date: /home/user/ros2_ws/install/barista_description/share/barista_description/environment/ament_prefix_path.sh
-- Up-to-date: /home/user/ros2_ws/install/barista_description/share/barista_description/environment/ament_prefix_path.dsv
-- Up-to-date: /home/user/ros2_ws/install/barista_description/share/barista_description/environment/path.sh
-- Up-to-date: /home/user/ros2_ws/install/barista_description/share/barista_description/environment/path.dsv
-- Up-to-date: /home/user/ros2_ws/install/barista_description/share/barista_description/local_setup.bash
-- Up-to-date: /home/user/ros2_ws/install/barista_description/share/barista_description/local_setup.sh
-- Up-to-date: /home/user/ros2_ws/install/barista_description/share/barista_description/local_setup.zsh
-- Up-to-date: /home/user/ros2_ws/install/barista_description/share/barista_description/local_setup.dsv
-- Installing: /home/user/ros2_ws/install/barista_description/share/barista_description/package.dsv
-- Up-to-date: /home/user/ros2_ws/install/barista_description/share/ament_index/resource_index/packages/barista_description
-- Up-to-date: /home/user/ros2_ws/install/barista_description/share/barista_description/cmake/barista_descriptionConfig.cmake
-- Up-to-date: /home/user/ros2_ws/install/barista_description/share/barista_description/cmake/barista_descriptionConfig-version.cmake
-- Up-to-date: /home/user/ros2_ws/install/barista_description/share/barista_description/package.xml
