[1.173s] Invoking command in '/home/user/ros2_ws/src/universal_robot_ros2/barista_ros2/barista_navigation/path_planner_server': PYTHONPATH=/home/user/ros2_ws/build/path_planner_server/prefix_override:/home/user/ros2_ws/install/path_planner_server/lib/python3.10/site-packages:${PYTHONPATH} _=/usr/bin/env /usr/bin/python3 setup.py egg_info --egg-base ../../../../../build/path_planner_server build --build-base /home/user/ros2_ws/build/path_planner_server/build install --record /home/user/ros2_ws/build/path_planner_server/install.log --single-version-externally-managed
[1.606s] running egg_info
[1.607s] writing ../../../../../build/path_planner_server/path_planner_server.egg-info/PKG-INFO
[1.607s] writing dependency_links to ../../../../../build/path_planner_server/path_planner_server.egg-info/dependency_links.txt
[1.608s] writing entry points to ../../../../../build/path_planner_server/path_planner_server.egg-info/entry_points.txt
[1.608s] writing requirements to ../../../../../build/path_planner_server/path_planner_server.egg-info/requires.txt
[1.608s] writing top-level names to ../../../../../build/path_planner_server/path_planner_server.egg-info/top_level.txt
[1.613s] reading manifest file '../../../../../build/path_planner_server/path_planner_server.egg-info/SOURCES.txt'
[1.613s] writing manifest file '../../../../../build/path_planner_server/path_planner_server.egg-info/SOURCES.txt'
[1.613s] running build
[1.614s] running build_py
[1.614s] running install
[1.614s] running install_lib
[1.614s] /usr/lib/python3/dist-packages/setuptools/command/install.py:34: SetuptoolsDeprecationWarning: setup.py install is deprecated. Use build and pip and other standards-based tools.
[1.614s]   warnings.warn(
[1.615s] running install_data
[1.617s] running install_egg_info
[1.618s] removing '/home/user/ros2_ws/install/path_planner_server/lib/python3.10/site-packages/path_planner_server-0.0.0-py3.10.egg-info' (and everything under it)
[1.619s] Copying ../../../../../build/path_planner_server/path_planner_server.egg-info to /home/user/ros2_ws/install/path_planner_server/lib/python3.10/site-packages/path_planner_server-0.0.0-py3.10.egg-info
[1.620s] running install_scripts
[1.657s] writing list of installed files to '/home/user/ros2_ws/build/path_planner_server/install.log'
[1.736s] Invoked command in '/home/user/ros2_ws/src/universal_robot_ros2/barista_ros2/barista_navigation/path_planner_server' returned '0': PYTHONPATH=/home/user/ros2_ws/build/path_planner_server/prefix_override:/home/user/ros2_ws/install/path_planner_server/lib/python3.10/site-packages:${PYTHONPATH} _=/usr/bin/env /usr/bin/python3 setup.py egg_info --egg-base ../../../../../build/path_planner_server build --build-base /home/user/ros2_ws/build/path_planner_server/build install --record /home/user/ros2_ws/build/path_planner_server/install.log --single-version-externally-managed
