/home/user/ros2_ws/install/localization_server/lib/python3.10/site-packages/localization_server/__init__.py
/home/user/ros2_ws/install/localization_server/lib/python3.10/site-packages/localization_server/__pycache__/__init__.cpython-310.pyc
/home/user/ros2_ws/install/localization_server/share/ament_index/resource_index/packages/localization_server
/home/user/ros2_ws/install/localization_server/share/localization_server/package.xml
/home/user/ros2_ws/install/localization_server/share/localization_server/launch/localization.launch.py
/home/user/ros2_ws/install/localization_server/share/localization_server/launch/barista_1_localization.launch.py
/home/user/ros2_ws/install/localization_server/share/localization_server/launch/localization_1_2_turtleworld.launch.py
/home/user/ros2_ws/install/localization_server/share/localization_server/launch/localization_ramenshop_pantry.launch.py
/home/user/ros2_ws/install/localization_server/share/localization_server/launch/localization_ramenshop.launch.py
/home/user/ros2_ws/install/localization_server/share/localization_server/launch/localization_three.launch.py
/home/user/ros2_ws/install/localization_server/share/localization_server/launch/barista_2_localization_turtleworld.launch.py
/home/user/ros2_ws/install/localization_server/share/localization_server/launch/localization_1_2_mule_turtleworld.launch.py
/home/user/ros2_ws/install/localization_server/share/localization_server/launch/map_server.launch.py
/home/user/ros2_ws/install/localization_server/share/localization_server/launch/barista_1_localization_turtleworld.launch.py
/home/user/ros2_ws/install/localization_server/share/localization_server/launch/barista_2_localization_full.launch.py
/home/user/ros2_ws/install/localization_server/share/localization_server/launch/mule_1_localization_turtleworld.launch.py
/home/user/ros2_ws/install/localization_server/share/localization_server/launch/barista_2_localization.launch.py
/home/user/ros2_ws/install/localization_server/share/localization_server/launch/localization_real.launch.py
/home/user/ros2_ws/install/localization_server/share/localization_server/launch/single_localization.launch.py
/home/user/ros2_ws/install/localization_server/share/localization_server/config/barista_1_amcl_config_turtleworld.yaml
/home/user/ros2_ws/install/localization_server/share/localization_server/config/barista_2_amcl_config_turtleworld.yaml
/home/user/ros2_ws/install/localization_server/share/localization_server/config/barista_1_amcl_config_real.yaml
/home/user/ros2_ws/install/localization_server/share/localization_server/config/barista_1_amcl_config.yaml
/home/user/ros2_ws/install/localization_server/share/localization_server/config/barista_2_amcl_config_real.yaml
/home/user/ros2_ws/install/localization_server/share/localization_server/config/amcl_config.yaml
/home/user/ros2_ws/install/localization_server/share/localization_server/config/barista_1_amcl_config_ramenshop.yaml
/home/user/ros2_ws/install/localization_server/share/localization_server/config/mule_1_amcl_config_turtleworld.yaml
/home/user/ros2_ws/install/localization_server/share/localization_server/config/turtleE_1_amcl_config.yaml
/home/user/ros2_ws/install/localization_server/share/localization_server/config/barista_2_amcl_config.yaml
/home/user/ros2_ws/install/localization_server/share/localization_server/config/barista_1_amcl_config_ramenshop_pantry.yaml
/home/user/ros2_ws/install/localization_server/lib/python3.10/site-packages/localization_server-0.0.0-py3.10.egg-info/PKG-INFO
/home/user/ros2_ws/install/localization_server/lib/python3.10/site-packages/localization_server-0.0.0-py3.10.egg-info/zip-safe
/home/user/ros2_ws/install/localization_server/lib/python3.10/site-packages/localization_server-0.0.0-py3.10.egg-info/top_level.txt
/home/user/ros2_ws/install/localization_server/lib/python3.10/site-packages/localization_server-0.0.0-py3.10.egg-info/requires.txt
/home/user/ros2_ws/install/localization_server/lib/python3.10/site-packages/localization_server-0.0.0-py3.10.egg-info/entry_points.txt
/home/user/ros2_ws/install/localization_server/lib/python3.10/site-packages/localization_server-0.0.0-py3.10.egg-info/SOURCES.txt
/home/user/ros2_ws/install/localization_server/lib/python3.10/site-packages/localization_server-0.0.0-py3.10.egg-info/dependency_links.txt
