[1.582s] Invoking command in '/home/user/ros2_ws/src/universal_robot_ros2/barista_ros2/barista_navigation/path_planner_server': PYTHONPATH=/home/user/ros2_ws/build/path_planner_server/prefix_override:/home/user/ros2_ws/install/path_planner_server/lib/python3.10/site-packages:${PYTHONPATH} _=/usr/bin/env /usr/bin/python3 setup.py egg_info --egg-base ../../../../../build/path_planner_server build --build-base /home/user/ros2_ws/build/path_planner_server/build install --record /home/user/ros2_ws/build/path_planner_server/install.log --single-version-externally-managed
[2.019s] running egg_info
[2.019s] writing ../../../../../build/path_planner_server/path_planner_server.egg-info/PKG-INFO
[2.020s] writing dependency_links to ../../../../../build/path_planner_server/path_planner_server.egg-info/dependency_links.txt
[2.020s] writing entry points to ../../../../../build/path_planner_server/path_planner_server.egg-info/entry_points.txt
[2.020s] writing requirements to ../../../../../build/path_planner_server/path_planner_server.egg-info/requires.txt
[2.020s] writing top-level names to ../../../../../build/path_planner_server/path_planner_server.egg-info/top_level.txt
[2.023s] reading manifest file '../../../../../build/path_planner_server/path_planner_server.egg-info/SOURCES.txt'
[2.026s] /usr/lib/python3/dist-packages/setuptools/command/install.py:34: SetuptoolsDeprecationWarning: setup.py install is deprecated. Use build and pip and other standards-based tools.
[2.026s]   warnings.warn(
[2.026s] writing manifest file '../../../../../build/path_planner_server/path_planner_server.egg-info/SOURCES.txt'
[2.026s] running build
[2.026s] running build_py
[2.026s] running install
[2.027s] running install_lib
[2.028s] running install_data
[2.038s] running install_egg_info
[2.038s] removing '/home/user/ros2_ws/install/path_planner_server/lib/python3.10/site-packages/path_planner_server-0.0.0-py3.10.egg-info' (and everything under it)
[2.038s] Copying ../../../../../build/path_planner_server/path_planner_server.egg-info to /home/user/ros2_ws/install/path_planner_server/lib/python3.10/site-packages/path_planner_server-0.0.0-py3.10.egg-info
[2.038s] running install_scripts
[2.069s] writing list of installed files to '/home/user/ros2_ws/build/path_planner_server/install.log'
[2.112s] Invoked command in '/home/user/ros2_ws/src/universal_robot_ros2/barista_ros2/barista_navigation/path_planner_server' returned '0': PYTHONPATH=/home/user/ros2_ws/build/path_planner_server/prefix_override:/home/user/ros2_ws/install/path_planner_server/lib/python3.10/site-packages:${PYTHONPATH} _=/usr/bin/env /usr/bin/python3 setup.py egg_info --egg-base ../../../../../build/path_planner_server build --build-base /home/user/ros2_ws/build/path_planner_server/build install --record /home/user/ros2_ws/build/path_planner_server/install.log --single-version-externally-managed
