[  2%] [34m[1mGenerating Rust code for ROS interfaces[0m
[ 12%] Built target barista_dock_charger_station__rosidl_generator_c
[ 15%] Built target barista_dock_charger_station__cpp
[ 15%] Built target ament_cmake_python_copy_barista_dock_charger_station
[ 25%] Built target barista_dock_charger_station__rosidl_typesupport_fastrtps_cpp
[ 35%] Built target barista_dock_charger_station__rosidl_typesupport_introspection_c
[ 45%] Built target barista_dock_charger_station__rosidl_typesupport_fastrtps_c
[ 55%] Built target barista_dock_charger_station__rosidl_typesupport_cpp
[ 65%] Built target barista_dock_charger_station__rosidl_typesupport_introspection_cpp
[ 75%] Built target barista_dock_charger_station__rosidl_typesupport_c
running egg_info
writing barista_dock_charger_station.egg-info/PKG-INFO
writing dependency_links to barista_dock_charger_station.egg-info/dependency_links.txt
writing top-level names to barista_dock_charger_station.egg-info/top_level.txt
reading manifest file 'barista_dock_charger_station.egg-info/SOURCES.txt'
writing manifest file 'barista_dock_charger_station.egg-info/SOURCES.txt'
[ 75%] Built target barista_dock_charger_station__rs
[ 75%] Built target ament_cmake_python_build_barista_dock_charger_station_egg
[ 75%] Built target barista_dock_charger_station
[ 77%] Built target barista_dock_charger_station__py
[ 85%] Built target barista_dock_charger_station__rosidl_generator_py
[ 90%] Built target barista_dock_charger_station__rosidl_typesupport_fastrtps_c__pyext
[ 95%] Built target barista_dock_charger_station__rosidl_typesupport_c__pyext
[100%] Built target barista_dock_charger_station__rosidl_typesupport_introspection_c__pyext
-- Install configuration: ""
-- Up-to-date: /home/user/ros2_ws/install/barista_dock_charger_station/share/ament_index/resource_index/rosidl_interfaces/barista_dock_charger_station
-- Up-to-date: /home/user/ros2_ws/install/barista_dock_charger_station/include/barista_dock_charger_station/barista_dock_charger_station
-- Up-to-date: /home/user/ros2_ws/install/barista_dock_charger_station/include/barista_dock_charger_station/barista_dock_charger_station/srv
-- Up-to-date: /home/user/ros2_ws/install/barista_dock_charger_station/include/barista_dock_charger_station/barista_dock_charger_station/srv/detail
-- Up-to-date: /home/user/ros2_ws/install/barista_dock_charger_station/include/barista_dock_charger_station/barista_dock_charger_station/srv/detail/dock_charger_station__functions.h
-- Up-to-date: /home/user/ros2_ws/install/barista_dock_charger_station/include/barista_dock_charger_station/barista_dock_charger_station/srv/detail/dock_charger_station__functions.c
-- Up-to-date: /home/user/ros2_ws/install/barista_dock_charger_station/include/barista_dock_charger_station/barista_dock_charger_station/srv/detail/dock_charger_station__type_support.h
-- Up-to-date: /home/user/ros2_ws/install/barista_dock_charger_station/include/barista_dock_charger_station/barista_dock_charger_station/srv/detail/dock_charger_station__struct.h
-- Up-to-date: /home/user/ros2_ws/install/barista_dock_charger_station/include/barista_dock_charger_station/barista_dock_charger_station/srv/dock_charger_station.h
-- Up-to-date: /home/user/ros2_ws/install/barista_dock_charger_station/include/barista_dock_charger_station/barista_dock_charger_station/msg
-- Up-to-date: /home/user/ros2_ws/install/barista_dock_charger_station/include/barista_dock_charger_station/barista_dock_charger_station/msg/detail
-- Up-to-date: /home/user/ros2_ws/install/barista_dock_charger_station/include/barista_dock_charger_station/barista_dock_charger_station/msg/detail/fleet_dock_status__functions.c
-- Up-to-date: /home/user/ros2_ws/install/barista_dock_charger_station/include/barista_dock_charger_station/barista_dock_charger_station/msg/detail/fleet_dock_status__struct.h
-- Up-to-date: /home/user/ros2_ws/install/barista_dock_charger_station/include/barista_dock_charger_station/barista_dock_charger_station/msg/detail/fleet_dock_status__type_support.h
-- Up-to-date: /home/user/ros2_ws/install/barista_dock_charger_station/include/barista_dock_charger_station/barista_dock_charger_station/msg/detail/fleet_dock_status__functions.h
-- Up-to-date: /home/user/ros2_ws/install/barista_dock_charger_station/include/barista_dock_charger_station/barista_dock_charger_station/msg/rosidl_generator_c__visibility_control.h
-- Up-to-date: /home/user/ros2_ws/install/barista_dock_charger_station/include/barista_dock_charger_station/barista_dock_charger_station/msg/fleet_dock_status.h
-- Up-to-date: /home/user/ros2_ws/install/barista_dock_charger_station/share/barista_dock_charger_station/environment/library_path.sh
-- Up-to-date: /home/user/ros2_ws/install/barista_dock_charger_station/share/barista_dock_charger_station/environment/library_path.dsv
-- Up-to-date: /home/user/ros2_ws/install/barista_dock_charger_station/lib/libbarista_dock_charger_station__rosidl_generator_c.so
-- Up-to-date: /home/user/ros2_ws/install/barista_dock_charger_station/include/barista_dock_charger_station/barista_dock_charger_station
-- Up-to-date: /home/user/ros2_ws/install/barista_dock_charger_station/include/barista_dock_charger_station/barista_dock_charger_station/srv
-- Up-to-date: /home/user/ros2_ws/install/barista_dock_charger_station/include/barista_dock_charger_station/barista_dock_charger_station/srv/detail
-- Up-to-date: /home/user/ros2_ws/install/barista_dock_charger_station/include/barista_dock_charger_station/barista_dock_charger_station/srv/detail/dock_charger_station__rosidl_typesupport_fastrtps_c.h
-- Up-to-date: /home/user/ros2_ws/install/barista_dock_charger_station/include/barista_dock_charger_station/barista_dock_charger_station/msg
-- Up-to-date: /home/user/ros2_ws/install/barista_dock_charger_station/include/barista_dock_charger_station/barista_dock_charger_station/msg/detail
-- Up-to-date: /home/user/ros2_ws/install/barista_dock_charger_station/include/barista_dock_charger_station/barista_dock_charger_station/msg/detail/fleet_dock_status__rosidl_typesupport_fastrtps_c.h
-- Up-to-date: /home/user/ros2_ws/install/barista_dock_charger_station/include/barista_dock_charger_station/barista_dock_charger_station/msg/rosidl_typesupport_fastrtps_c__visibility_control.h
-- Up-to-date: /home/user/ros2_ws/install/barista_dock_charger_station/lib/libbarista_dock_charger_station__rosidl_typesupport_fastrtps_c.so
-- Up-to-date: /home/user/ros2_ws/install/barista_dock_charger_station/include/barista_dock_charger_station/barista_dock_charger_station
-- Up-to-date: /home/user/ros2_ws/install/barista_dock_charger_station/include/barista_dock_charger_station/barista_dock_charger_station/srv
-- Up-to-date: /home/user/ros2_ws/install/barista_dock_charger_station/include/barista_dock_charger_station/barista_dock_charger_station/srv/detail
-- Up-to-date: /home/user/ros2_ws/install/barista_dock_charger_station/include/barista_dock_charger_station/barista_dock_charger_station/srv/detail/dock_charger_station__struct.hpp
-- Up-to-date: /home/user/ros2_ws/install/barista_dock_charger_station/include/barista_dock_charger_station/barista_dock_charger_station/srv/detail/dock_charger_station__builder.hpp
-- Up-to-date: /home/user/ros2_ws/install/barista_dock_charger_station/include/barista_dock_charger_station/barista_dock_charger_station/srv/detail/dock_charger_station__traits.hpp
-- Up-to-date: /home/user/ros2_ws/install/barista_dock_charger_station/include/barista_dock_charger_station/barista_dock_charger_station/srv/dock_charger_station.hpp
-- Up-to-date: /home/user/ros2_ws/install/barista_dock_charger_station/include/barista_dock_charger_station/barista_dock_charger_station/msg
-- Up-to-date: /home/user/ros2_ws/install/barista_dock_charger_station/include/barista_dock_charger_station/barista_dock_charger_station/msg/detail
-- Up-to-date: /home/user/ros2_ws/install/barista_dock_charger_station/include/barista_dock_charger_station/barista_dock_charger_station/msg/detail/fleet_dock_status__struct.hpp
-- Up-to-date: /home/user/ros2_ws/install/barista_dock_charger_station/include/barista_dock_charger_station/barista_dock_charger_station/msg/detail/fleet_dock_status__builder.hpp
-- Up-to-date: /home/user/ros2_ws/install/barista_dock_charger_station/include/barista_dock_charger_station/barista_dock_charger_station/msg/detail/fleet_dock_status__traits.hpp
-- Up-to-date: /home/user/ros2_ws/install/barista_dock_charger_station/include/barista_dock_charger_station/barista_dock_charger_station/msg/fleet_dock_status.hpp
-- Up-to-date: /home/user/ros2_ws/install/barista_dock_charger_station/include/barista_dock_charger_station/barista_dock_charger_station
-- Up-to-date: /home/user/ros2_ws/install/barista_dock_charger_station/include/barista_dock_charger_station/barista_dock_charger_station/srv
-- Up-to-date: /home/user/ros2_ws/install/barista_dock_charger_station/include/barista_dock_charger_station/barista_dock_charger_station/srv/detail
-- Up-to-date: /home/user/ros2_ws/install/barista_dock_charger_station/include/barista_dock_charger_station/barista_dock_charger_station/srv/detail/dock_charger_station__rosidl_typesupport_fastrtps_cpp.hpp
-- Up-to-date: /home/user/ros2_ws/install/barista_dock_charger_station/include/barista_dock_charger_station/barista_dock_charger_station/srv/detail/dds_fastrtps
-- Up-to-date: /home/user/ros2_ws/install/barista_dock_charger_station/include/barista_dock_charger_station/barista_dock_charger_station/msg
-- Up-to-date: /home/user/ros2_ws/install/barista_dock_charger_station/include/barista_dock_charger_station/barista_dock_charger_station/msg/detail
-- Up-to-date: /home/user/ros2_ws/install/barista_dock_charger_station/include/barista_dock_charger_station/barista_dock_charger_station/msg/detail/dds_fastrtps
-- Up-to-date: /home/user/ros2_ws/install/barista_dock_charger_station/include/barista_dock_charger_station/barista_dock_charger_station/msg/detail/fleet_dock_status__rosidl_typesupport_fastrtps_cpp.hpp
-- Up-to-date: /home/user/ros2_ws/install/barista_dock_charger_station/include/barista_dock_charger_station/barista_dock_charger_station/msg/rosidl_typesupport_fastrtps_cpp__visibility_control.h
-- Up-to-date: /home/user/ros2_ws/install/barista_dock_charger_station/lib/libbarista_dock_charger_station__rosidl_typesupport_fastrtps_cpp.so
-- Up-to-date: /home/user/ros2_ws/install/barista_dock_charger_station/include/barista_dock_charger_station/barista_dock_charger_station
-- Up-to-date: /home/user/ros2_ws/install/barista_dock_charger_station/include/barista_dock_charger_station/barista_dock_charger_station/srv
-- Up-to-date: /home/user/ros2_ws/install/barista_dock_charger_station/include/barista_dock_charger_station/barista_dock_charger_station/srv/detail
-- Up-to-date: /home/user/ros2_ws/install/barista_dock_charger_station/include/barista_dock_charger_station/barista_dock_charger_station/srv/detail/dock_charger_station__rosidl_typesupport_introspection_c.h
-- Up-to-date: /home/user/ros2_ws/install/barista_dock_charger_station/include/barista_dock_charger_station/barista_dock_charger_station/srv/detail/dock_charger_station__type_support.c
-- Up-to-date: /home/user/ros2_ws/install/barista_dock_charger_station/include/barista_dock_charger_station/barista_dock_charger_station/msg
-- Up-to-date: /home/user/ros2_ws/install/barista_dock_charger_station/include/barista_dock_charger_station/barista_dock_charger_station/msg/detail
-- Up-to-date: /home/user/ros2_ws/install/barista_dock_charger_station/include/barista_dock_charger_station/barista_dock_charger_station/msg/detail/fleet_dock_status__type_support.c
-- Up-to-date: /home/user/ros2_ws/install/barista_dock_charger_station/include/barista_dock_charger_station/barista_dock_charger_station/msg/detail/fleet_dock_status__rosidl_typesupport_introspection_c.h
-- Up-to-date: /home/user/ros2_ws/install/barista_dock_charger_station/include/barista_dock_charger_station/barista_dock_charger_station/msg/rosidl_typesupport_introspection_c__visibility_control.h
-- Up-to-date: /home/user/ros2_ws/install/barista_dock_charger_station/lib/libbarista_dock_charger_station__rosidl_typesupport_introspection_c.so
-- Up-to-date: /home/user/ros2_ws/install/barista_dock_charger_station/lib/libbarista_dock_charger_station__rosidl_typesupport_c.so
-- Up-to-date: /home/user/ros2_ws/install/barista_dock_charger_station/include/barista_dock_charger_station/barista_dock_charger_station
-- Up-to-date: /home/user/ros2_ws/install/barista_dock_charger_station/include/barista_dock_charger_station/barista_dock_charger_station/srv
-- Up-to-date: /home/user/ros2_ws/install/barista_dock_charger_station/include/barista_dock_charger_station/barista_dock_charger_station/srv/detail
-- Up-to-date: /home/user/ros2_ws/install/barista_dock_charger_station/include/barista_dock_charger_station/barista_dock_charger_station/srv/detail/dock_charger_station__type_support.cpp
-- Up-to-date: /home/user/ros2_ws/install/barista_dock_charger_station/include/barista_dock_charger_station/barista_dock_charger_station/srv/detail/dock_charger_station__rosidl_typesupport_introspection_cpp.hpp
-- Up-to-date: /home/user/ros2_ws/install/barista_dock_charger_station/include/barista_dock_charger_station/barista_dock_charger_station/msg
-- Up-to-date: /home/user/ros2_ws/install/barista_dock_charger_station/include/barista_dock_charger_station/barista_dock_charger_station/msg/detail
-- Up-to-date: /home/user/ros2_ws/install/barista_dock_charger_station/include/barista_dock_charger_station/barista_dock_charger_station/msg/detail/fleet_dock_status__type_support.cpp
-- Up-to-date: /home/user/ros2_ws/install/barista_dock_charger_station/include/barista_dock_charger_station/barista_dock_charger_station/msg/detail/fleet_dock_status__rosidl_typesupport_introspection_cpp.hpp
-- Up-to-date: /home/user/ros2_ws/install/barista_dock_charger_station/lib/libbarista_dock_charger_station__rosidl_typesupport_introspection_cpp.so
-- Up-to-date: /home/user/ros2_ws/install/barista_dock_charger_station/lib/libbarista_dock_charger_station__rosidl_typesupport_cpp.so
-- Up-to-date: /home/user/ros2_ws/install/barista_dock_charger_station/share/ament_index/resource_index/rust_packages/barista_dock_charger_station
-- Up-to-date: /home/user/ros2_ws/install/barista_dock_charger_station/share/barista_dock_charger_station/rust
-- Installing: /home/user/ros2_ws/install/barista_dock_charger_station/share/barista_dock_charger_station/rust/Cargo.toml
-- Up-to-date: /home/user/ros2_ws/install/barista_dock_charger_station/share/barista_dock_charger_station/rust/src
-- Installing: /home/user/ros2_ws/install/barista_dock_charger_station/share/barista_dock_charger_station/rust/src/msg.rs
-- Installing: /home/user/ros2_ws/install/barista_dock_charger_station/share/barista_dock_charger_station/rust/src/srv.rs
-- Installing: /home/user/ros2_ws/install/barista_dock_charger_station/share/barista_dock_charger_station/rust/src/lib.rs
-- Installing: /home/user/ros2_ws/install/barista_dock_charger_station/share/barista_dock_charger_station/rust/build.rs
-- Up-to-date: /home/user/ros2_ws/install/barista_dock_charger_station/share/barista_dock_charger_station/rust
-- Up-to-date: /home/user/ros2_ws/install/barista_dock_charger_station/share/barista_dock_charger_station/rust/Cargo.toml
-- Up-to-date: /home/user/ros2_ws/install/barista_dock_charger_station/share/barista_dock_charger_station/rust/src
-- Up-to-date: /home/user/ros2_ws/install/barista_dock_charger_station/share/barista_dock_charger_station/rust/src/msg.rs
-- Up-to-date: /home/user/ros2_ws/install/barista_dock_charger_station/share/barista_dock_charger_station/rust/src/srv.rs
-- Up-to-date: /home/user/ros2_ws/install/barista_dock_charger_station/share/barista_dock_charger_station/rust/src/lib.rs
-- Up-to-date: /home/user/ros2_ws/install/barista_dock_charger_station/share/barista_dock_charger_station/rust/build.rs
-- Up-to-date: /home/user/ros2_ws/install/barista_dock_charger_station/share/barista_dock_charger_station/rust
-- Up-to-date: /home/user/ros2_ws/install/barista_dock_charger_station/share/barista_dock_charger_station/rust/Cargo.toml
-- Up-to-date: /home/user/ros2_ws/install/barista_dock_charger_station/share/barista_dock_charger_station/rust/src
-- Up-to-date: /home/user/ros2_ws/install/barista_dock_charger_station/share/barista_dock_charger_station/rust/src/msg.rs
-- Up-to-date: /home/user/ros2_ws/install/barista_dock_charger_station/share/barista_dock_charger_station/rust/src/srv.rs
-- Up-to-date: /home/user/ros2_ws/install/barista_dock_charger_station/share/barista_dock_charger_station/rust/src/lib.rs
-- Up-to-date: /home/user/ros2_ws/install/barista_dock_charger_station/share/barista_dock_charger_station/rust/build.rs
-- Up-to-date: /home/user/ros2_ws/install/barista_dock_charger_station/share/barista_dock_charger_station/environment/pythonpath.sh
-- Up-to-date: /home/user/ros2_ws/install/barista_dock_charger_station/share/barista_dock_charger_station/environment/pythonpath.dsv
-- Up-to-date: /home/user/ros2_ws/install/barista_dock_charger_station/local/lib/python3.10/dist-packages/barista_dock_charger_station-0.0.0-py3.10.egg-info
-- Installing: /home/user/ros2_ws/install/barista_dock_charger_station/local/lib/python3.10/dist-packages/barista_dock_charger_station-0.0.0-py3.10.egg-info/PKG-INFO
-- Installing: /home/user/ros2_ws/install/barista_dock_charger_station/local/lib/python3.10/dist-packages/barista_dock_charger_station-0.0.0-py3.10.egg-info/top_level.txt
-- Installing: /home/user/ros2_ws/install/barista_dock_charger_station/local/lib/python3.10/dist-packages/barista_dock_charger_station-0.0.0-py3.10.egg-info/SOURCES.txt
-- Installing: /home/user/ros2_ws/install/barista_dock_charger_station/local/lib/python3.10/dist-packages/barista_dock_charger_station-0.0.0-py3.10.egg-info/dependency_links.txt
-- Up-to-date: /home/user/ros2_ws/install/barista_dock_charger_station/local/lib/python3.10/dist-packages/barista_dock_charger_station
-- Up-to-date: /home/user/ros2_ws/install/barista_dock_charger_station/local/lib/python3.10/dist-packages/barista_dock_charger_station/_barista_dock_charger_station_s.ep.rosidl_typesupport_fastrtps_c.c
-- Up-to-date: /home/user/ros2_ws/install/barista_dock_charger_station/local/lib/python3.10/dist-packages/barista_dock_charger_station/_barista_dock_charger_station_s.ep.rosidl_typesupport_introspection_c.c
-- Up-to-date: /home/user/ros2_ws/install/barista_dock_charger_station/local/lib/python3.10/dist-packages/barista_dock_charger_station/srv
-- Up-to-date: /home/user/ros2_ws/install/barista_dock_charger_station/local/lib/python3.10/dist-packages/barista_dock_charger_station/srv/_dock_charger_station_s.c
-- Up-to-date: /home/user/ros2_ws/install/barista_dock_charger_station/local/lib/python3.10/dist-packages/barista_dock_charger_station/srv/_dock_charger_station.py
-- Up-to-date: /home/user/ros2_ws/install/barista_dock_charger_station/local/lib/python3.10/dist-packages/barista_dock_charger_station/srv/__init__.py
-- Up-to-date: /home/user/ros2_ws/install/barista_dock_charger_station/local/lib/python3.10/dist-packages/barista_dock_charger_station/_barista_dock_charger_station_s.ep.rosidl_typesupport_c.c
-- Up-to-date: /home/user/ros2_ws/install/barista_dock_charger_station/local/lib/python3.10/dist-packages/barista_dock_charger_station/msg
-- Up-to-date: /home/user/ros2_ws/install/barista_dock_charger_station/local/lib/python3.10/dist-packages/barista_dock_charger_station/msg/_fleet_dock_status_s.c
-- Up-to-date: /home/user/ros2_ws/install/barista_dock_charger_station/local/lib/python3.10/dist-packages/barista_dock_charger_station/msg/_fleet_dock_status.py
-- Up-to-date: /home/user/ros2_ws/install/barista_dock_charger_station/local/lib/python3.10/dist-packages/barista_dock_charger_station/msg/__init__.py
-- Up-to-date: /home/user/ros2_ws/install/barista_dock_charger_station/local/lib/python3.10/dist-packages/barista_dock_charger_station/__init__.py
-- Up-to-date: /home/user/ros2_ws/install/barista_dock_charger_station/local/lib/python3.10/dist-packages/barista_dock_charger_station/libbarista_dock_charger_station__rosidl_generator_py.so
-- Up-to-date: /home/user/ros2_ws/install/barista_dock_charger_station/local/lib/python3.10/dist-packages/barista_dock_charger_station/barista_dock_charger_station_s__rosidl_typesupport_introspection_c.cpython-310-x86_64-linux-gnu.so
-- Up-to-date: /home/user/ros2_ws/install/barista_dock_charger_station/local/lib/python3.10/dist-packages/barista_dock_charger_station/barista_dock_charger_station_s__rosidl_typesupport_c.cpython-310-x86_64-linux-gnu.so
-- Up-to-date: /home/user/ros2_ws/install/barista_dock_charger_station/local/lib/python3.10/dist-packages/barista_dock_charger_station/barista_dock_charger_station_s__rosidl_typesupport_fastrtps_c.cpython-310-x86_64-linux-gnu.so
Listing '/home/user/ros2_ws/install/barista_dock_charger_station/local/lib/python3.10/dist-packages/barista_dock_charger_station'...
Listing '/home/user/ros2_ws/install/barista_dock_charger_station/local/lib/python3.10/dist-packages/barista_dock_charger_station/msg'...
Listing '/home/user/ros2_ws/install/barista_dock_charger_station/local/lib/python3.10/dist-packages/barista_dock_charger_station/srv'...
-- Up-to-date: /home/user/ros2_ws/install/barista_dock_charger_station/local/lib/python3.10/dist-packages/barista_dock_charger_station/barista_dock_charger_station_s__rosidl_typesupport_fastrtps_c.cpython-310-x86_64-linux-gnu.so
-- Up-to-date: /home/user/ros2_ws/install/barista_dock_charger_station/local/lib/python3.10/dist-packages/barista_dock_charger_station/barista_dock_charger_station_s__rosidl_typesupport_introspection_c.cpython-310-x86_64-linux-gnu.so
-- Up-to-date: /home/user/ros2_ws/install/barista_dock_charger_station/local/lib/python3.10/dist-packages/barista_dock_charger_station/barista_dock_charger_station_s__rosidl_typesupport_c.cpython-310-x86_64-linux-gnu.so
-- Up-to-date: /home/user/ros2_ws/install/barista_dock_charger_station/lib/libbarista_dock_charger_station__rosidl_generator_py.so
-- Up-to-date: /home/user/ros2_ws/install/barista_dock_charger_station/share/barista_dock_charger_station/srv/DockChargerStation.idl
-- Up-to-date: /home/user/ros2_ws/install/barista_dock_charger_station/share/barista_dock_charger_station/msg/FleetDockStatus.idl
-- Up-to-date: /home/user/ros2_ws/install/barista_dock_charger_station/share/barista_dock_charger_station/srv/DockChargerStation.srv
-- Up-to-date: /home/user/ros2_ws/install/barista_dock_charger_station/share/barista_dock_charger_station/srv/DockChargerStation_Request.msg
-- Up-to-date: /home/user/ros2_ws/install/barista_dock_charger_station/share/barista_dock_charger_station/srv/DockChargerStation_Response.msg
-- Up-to-date: /home/user/ros2_ws/install/barista_dock_charger_station/share/barista_dock_charger_station/msg/FleetDockStatus.msg
-- Up-to-date: /home/user/ros2_ws/install/barista_dock_charger_station/share/barista_dock_charger_station//launch
-- Up-to-date: /home/user/ros2_ws/install/barista_dock_charger_station/share/barista_dock_charger_station//launch/barista_1_charge_server_v3.launch.xml
-- Up-to-date: /home/user/ros2_ws/install/barista_dock_charger_station/share/barista_dock_charger_station//launch/barista_1_charge_server.launch.xml
-- Up-to-date: /home/user/ros2_ws/install/barista_dock_charger_station/share/barista_dock_charger_station//launch/barista_2_start_dock_charger_station_server.launch.xml
-- Up-to-date: /home/user/ros2_ws/install/barista_dock_charger_station/share/barista_dock_charger_station//launch/cleaner_1_start_dock_charger_station_server.launch.xml
-- Up-to-date: /home/user/ros2_ws/install/barista_dock_charger_station/share/barista_dock_charger_station//launch/launch_one_turtleE_charge_servers.launch.xml
-- Up-to-date: /home/user/ros2_ws/install/barista_dock_charger_station/share/barista_dock_charger_station//launch/launch_two_barista_charge_servers.launch.xml
-- Up-to-date: /home/user/ros2_ws/install/barista_dock_charger_station/share/barista_dock_charger_station//launch/barista_2_charge_server_v3.launch.xml
-- Up-to-date: /home/user/ros2_ws/install/barista_dock_charger_station/share/barista_dock_charger_station//launch/start_dock_charger_station_server.launch.xml
-- Up-to-date: /home/user/ros2_ws/install/barista_dock_charger_station/share/barista_dock_charger_station//launch/start_fleet_robots_are_docked.launch.xml
-- Up-to-date: /home/user/ros2_ws/install/barista_dock_charger_station/share/barista_dock_charger_station//launch/start_two_teleport_charge_servers.launch.xml
-- Up-to-date: /home/user/ros2_ws/install/barista_dock_charger_station/share/barista_dock_charger_station//launch/barista_2_charge_server.launch.xml
-- Up-to-date: /home/user/ros2_ws/install/barista_dock_charger_station/share/barista_dock_charger_station//launch/barista_1_start_dock_charger_station_server.launch.xml
-- Up-to-date: /home/user/ros2_ws/install/barista_dock_charger_station/share/barista_dock_charger_station//launch/barista_three_start_dock_charger_station_server.launch.xml
-- Up-to-date: /home/user/ros2_ws/install/barista_dock_charger_station/share/barista_dock_charger_station//launch/barista_charge_server.launch.xml
-- Up-to-date: /home/user/ros2_ws/install/barista_dock_charger_station/lib/barista_dock_charger_station/start_dock_charger_station_server.py
-- Up-to-date: /home/user/ros2_ws/install/barista_dock_charger_station/lib/barista_dock_charger_station/start_fleet_robots_are_docked.py
-- Up-to-date: /home/user/ros2_ws/install/barista_dock_charger_station/lib/barista_dock_charger_station/barista_dock_node.py
-- Up-to-date: /home/user/ros2_ws/install/barista_dock_charger_station/lib/barista_dock_charger_station/barista_dock_node_v2.py
-- Up-to-date: /home/user/ros2_ws/install/barista_dock_charger_station/lib/barista_dock_charger_station/barista_dock_node_v3.py
-- Up-to-date: /home/user/ros2_ws/install/barista_dock_charger_station/lib/barista_dock_charger_station/scan_orientation.py
-- Up-to-date: /home/user/ros2_ws/install/barista_dock_charger_station/share/ament_index/resource_index/package_run_dependencies/barista_dock_charger_station
-- Up-to-date: /home/user/ros2_ws/install/barista_dock_charger_station/share/ament_index/resource_index/parent_prefix_path/barista_dock_charger_station
-- Up-to-date: /home/user/ros2_ws/install/barista_dock_charger_station/share/barista_dock_charger_station/environment/ament_prefix_path.sh
-- Up-to-date: /home/user/ros2_ws/install/barista_dock_charger_station/share/barista_dock_charger_station/environment/ament_prefix_path.dsv
-- Up-to-date: /home/user/ros2_ws/install/barista_dock_charger_station/share/barista_dock_charger_station/environment/path.sh
-- Up-to-date: /home/user/ros2_ws/install/barista_dock_charger_station/share/barista_dock_charger_station/environment/path.dsv
-- Up-to-date: /home/user/ros2_ws/install/barista_dock_charger_station/share/barista_dock_charger_station/local_setup.bash
-- Up-to-date: /home/user/ros2_ws/install/barista_dock_charger_station/share/barista_dock_charger_station/local_setup.sh
-- Up-to-date: /home/user/ros2_ws/install/barista_dock_charger_station/share/barista_dock_charger_station/local_setup.zsh
-- Up-to-date: /home/user/ros2_ws/install/barista_dock_charger_station/share/barista_dock_charger_station/local_setup.dsv
-- Installing: /home/user/ros2_ws/install/barista_dock_charger_station/share/barista_dock_charger_station/package.dsv
-- Up-to-date: /home/user/ros2_ws/install/barista_dock_charger_station/share/ament_index/resource_index/packages/barista_dock_charger_station
-- Up-to-date: /home/user/ros2_ws/install/barista_dock_charger_station/share/barista_dock_charger_station/cmake/export_barista_dock_charger_station__rosidl_generator_cExport.cmake
-- Up-to-date: /home/user/ros2_ws/install/barista_dock_charger_station/share/barista_dock_charger_station/cmake/export_barista_dock_charger_station__rosidl_generator_cExport-noconfig.cmake
-- Up-to-date: /home/user/ros2_ws/install/barista_dock_charger_station/share/barista_dock_charger_station/cmake/export_barista_dock_charger_station__rosidl_typesupport_fastrtps_cExport.cmake
-- Up-to-date: /home/user/ros2_ws/install/barista_dock_charger_station/share/barista_dock_charger_station/cmake/export_barista_dock_charger_station__rosidl_typesupport_fastrtps_cExport-noconfig.cmake
-- Up-to-date: /home/user/ros2_ws/install/barista_dock_charger_station/share/barista_dock_charger_station/cmake/export_barista_dock_charger_station__rosidl_generator_cppExport.cmake
-- Up-to-date: /home/user/ros2_ws/install/barista_dock_charger_station/share/barista_dock_charger_station/cmake/export_barista_dock_charger_station__rosidl_typesupport_fastrtps_cppExport.cmake
-- Up-to-date: /home/user/ros2_ws/install/barista_dock_charger_station/share/barista_dock_charger_station/cmake/export_barista_dock_charger_station__rosidl_typesupport_fastrtps_cppExport-noconfig.cmake
-- Up-to-date: /home/user/ros2_ws/install/barista_dock_charger_station/share/barista_dock_charger_station/cmake/barista_dock_charger_station__rosidl_typesupport_introspection_cExport.cmake
-- Up-to-date: /home/user/ros2_ws/install/barista_dock_charger_station/share/barista_dock_charger_station/cmake/barista_dock_charger_station__rosidl_typesupport_introspection_cExport-noconfig.cmake
-- Up-to-date: /home/user/ros2_ws/install/barista_dock_charger_station/share/barista_dock_charger_station/cmake/barista_dock_charger_station__rosidl_typesupport_cExport.cmake
-- Up-to-date: /home/user/ros2_ws/install/barista_dock_charger_station/share/barista_dock_charger_station/cmake/barista_dock_charger_station__rosidl_typesupport_cExport-noconfig.cmake
-- Up-to-date: /home/user/ros2_ws/install/barista_dock_charger_station/share/barista_dock_charger_station/cmake/barista_dock_charger_station__rosidl_typesupport_introspection_cppExport.cmake
-- Up-to-date: /home/user/ros2_ws/install/barista_dock_charger_station/share/barista_dock_charger_station/cmake/barista_dock_charger_station__rosidl_typesupport_introspection_cppExport-noconfig.cmake
-- Up-to-date: /home/user/ros2_ws/install/barista_dock_charger_station/share/barista_dock_charger_station/cmake/barista_dock_charger_station__rosidl_typesupport_cppExport.cmake
-- Up-to-date: /home/user/ros2_ws/install/barista_dock_charger_station/share/barista_dock_charger_station/cmake/barista_dock_charger_station__rosidl_typesupport_cppExport-noconfig.cmake
-- Up-to-date: /home/user/ros2_ws/install/barista_dock_charger_station/share/barista_dock_charger_station/cmake/export_barista_dock_charger_station__rosidl_generator_pyExport.cmake
-- Up-to-date: /home/user/ros2_ws/install/barista_dock_charger_station/share/barista_dock_charger_station/cmake/export_barista_dock_charger_station__rosidl_generator_pyExport-noconfig.cmake
-- Up-to-date: /home/user/ros2_ws/install/barista_dock_charger_station/share/barista_dock_charger_station/cmake/rosidl_cmake-extras.cmake
-- Up-to-date: /home/user/ros2_ws/install/barista_dock_charger_station/share/barista_dock_charger_station/cmake/ament_cmake_export_include_directories-extras.cmake
-- Up-to-date: /home/user/ros2_ws/install/barista_dock_charger_station/share/barista_dock_charger_station/cmake/ament_cmake_export_libraries-extras.cmake
-- Up-to-date: /home/user/ros2_ws/install/barista_dock_charger_station/share/barista_dock_charger_station/cmake/ament_cmake_export_targets-extras.cmake
-- Up-to-date: /home/user/ros2_ws/install/barista_dock_charger_station/share/barista_dock_charger_station/cmake/rosidl_cmake_export_typesupport_targets-extras.cmake
-- Up-to-date: /home/user/ros2_ws/install/barista_dock_charger_station/share/barista_dock_charger_station/cmake/ament_cmake_export_dependencies-extras.cmake
-- Up-to-date: /home/user/ros2_ws/install/barista_dock_charger_station/share/barista_dock_charger_station/cmake/rosidl_cmake_export_typesupport_libraries-extras.cmake
-- Up-to-date: /home/user/ros2_ws/install/barista_dock_charger_station/share/barista_dock_charger_station/cmake/barista_dock_charger_stationConfig.cmake
-- Up-to-date: /home/user/ros2_ws/install/barista_dock_charger_station/share/barista_dock_charger_station/cmake/barista_dock_charger_stationConfig-version.cmake
-- Up-to-date: /home/user/ros2_ws/install/barista_dock_charger_station/share/barista_dock_charger_station/package.xml
