[1.612s] Invoking command in '/home/user/ros2_ws/build/rg2_gripper_description': CMAKE_PREFIX_PATH=${CMAKE_PREFIX_PATH}:/home/simulations/ros2_sims_ws/install/rclrs_tests:/home/simulations/ros2_sims_ws/install/examples_rclrs_minimal_client_service:/home/simulations/ros2_sims_ws/install/sensor_msgs_py:/home/simulations/ros2_sims_ws/install/examples_rclrs_minimal_pub_sub:/home/simulations/ros2_sims_ws/install/examples_rclrs_message_demo:/home/simulations/ros2_sims_ws/install/rclrs:/home/simulations/ros2_sims_ws/install/rosidl_runtime_rs:/home/user/ros2_ws/install/ros2test:/home/user/ros2_ws/install/robotiq_85_driver:/home/user/ros2_ws/install/path_planner_server:/home/user/ros2_ws/install/moveit_configs_utils:/home/user/ros2_ws/install/localization_server:/home/user/ros2_ws/install/cartographer_slam:/opt/ros/humble _=/usr/bin/env /usr/bin/cmake --build /home/user/ros2_ws/build/rg2_gripper_description -- -j8 -l8
[1.984s] Invoked command in '/home/user/ros2_ws/build/rg2_gripper_description' returned '0': CMAKE_PREFIX_PATH=${CMAKE_PREFIX_PATH}:/home/simulations/ros2_sims_ws/install/rclrs_tests:/home/simulations/ros2_sims_ws/install/examples_rclrs_minimal_client_service:/home/simulations/ros2_sims_ws/install/sensor_msgs_py:/home/simulations/ros2_sims_ws/install/examples_rclrs_minimal_pub_sub:/home/simulations/ros2_sims_ws/install/examples_rclrs_message_demo:/home/simulations/ros2_sims_ws/install/rclrs:/home/simulations/ros2_sims_ws/install/rosidl_runtime_rs:/home/user/ros2_ws/install/ros2test:/home/user/ros2_ws/install/robotiq_85_driver:/home/user/ros2_ws/install/path_planner_server:/home/user/ros2_ws/install/moveit_configs_utils:/home/user/ros2_ws/install/localization_server:/home/user/ros2_ws/install/cartographer_slam:/opt/ros/humble _=/usr/bin/env /usr/bin/cmake --build /home/user/ros2_ws/build/rg2_gripper_description -- -j8 -l8
[2.584s] Invoking command in '/home/user/ros2_ws/build/rg2_gripper_description': CMAKE_PREFIX_PATH=${CMAKE_PREFIX_PATH}:/home/simulations/ros2_sims_ws/install/rclrs_tests:/home/simulations/ros2_sims_ws/install/examples_rclrs_minimal_client_service:/home/simulations/ros2_sims_ws/install/sensor_msgs_py:/home/simulations/ros2_sims_ws/install/examples_rclrs_minimal_pub_sub:/home/simulations/ros2_sims_ws/install/examples_rclrs_message_demo:/home/simulations/ros2_sims_ws/install/rclrs:/home/simulations/ros2_sims_ws/install/rosidl_runtime_rs:/home/user/ros2_ws/install/ros2test:/home/user/ros2_ws/install/robotiq_85_driver:/home/user/ros2_ws/install/path_planner_server:/home/user/ros2_ws/install/moveit_configs_utils:/home/user/ros2_ws/install/localization_server:/home/user/ros2_ws/install/cartographer_slam:/opt/ros/humble _=/usr/bin/env /usr/bin/cmake --install /home/user/ros2_ws/build/rg2_gripper_description
[2.806s] -- Install configuration: ""
[2.806s] -- Up-to-date: /home/user/ros2_ws/install/rg2_gripper_description/share/rg2_gripper_description/meshes
[2.807s] -- Up-to-date: /home/user/ros2_ws/install/rg2_gripper_description/share/rg2_gripper_description/meshes/rg2_base.stl
[2.808s] -- Up-to-date: /home/user/ros2_ws/install/rg2_gripper_description/share/rg2_gripper_description/meshes/rg2_left_finger.stl
[2.808s] -- Up-to-date: /home/user/ros2_ws/install/rg2_gripper_description/share/rg2_gripper_description/meshes/rg2_left_thumb.stl
[2.808s] -- Up-to-date: /home/user/ros2_ws/install/rg2_gripper_description/share/rg2_gripper_description/urdf
[2.808s] -- Up-to-date: /home/user/ros2_ws/install/rg2_gripper_description/share/rg2_gripper_description/urdf/rg2_gripper.urdf.xacro
[2.808s] -- Up-to-date: /home/user/ros2_ws/install/rg2_gripper_description/share/rg2_gripper_description/urdf/rg2_gripper_gz.ros2_control.xacro
[2.808s] -- Up-to-date: /home/user/ros2_ws/install/rg2_gripper_description/share/ament_index/resource_index/package_run_dependencies/rg2_gripper_description
[2.808s] -- Up-to-date: /home/user/ros2_ws/install/rg2_gripper_description/share/ament_index/resource_index/parent_prefix_path/rg2_gripper_description
[2.809s] -- Up-to-date: /home/user/ros2_ws/install/rg2_gripper_description/share/rg2_gripper_description/environment/ament_prefix_path.sh
[2.809s] -- Up-to-date: /home/user/ros2_ws/install/rg2_gripper_description/share/rg2_gripper_description/environment/ament_prefix_path.dsv
[2.809s] -- Up-to-date: /home/user/ros2_ws/install/rg2_gripper_description/share/rg2_gripper_description/environment/path.sh
[2.809s] -- Up-to-date: /home/user/ros2_ws/install/rg2_gripper_description/share/rg2_gripper_description/environment/path.dsv
[2.809s] -- Up-to-date: /home/user/ros2_ws/install/rg2_gripper_description/share/rg2_gripper_description/local_setup.bash
[2.809s] -- Up-to-date: /home/user/ros2_ws/install/rg2_gripper_description/share/rg2_gripper_description/local_setup.sh
[2.809s] -- Up-to-date: /home/user/ros2_ws/install/rg2_gripper_description/share/rg2_gripper_description/local_setup.zsh
[2.809s] -- Up-to-date: /home/user/ros2_ws/install/rg2_gripper_description/share/rg2_gripper_description/local_setup.dsv
[2.809s] -- Installing: /home/user/ros2_ws/install/rg2_gripper_description/share/rg2_gripper_description/package.dsv
[2.884s] -- Up-to-date: /home/user/ros2_ws/install/rg2_gripper_description/share/ament_index/resource_index/packages/rg2_gripper_description
[2.885s] -- Up-to-date: /home/user/ros2_ws/install/rg2_gripper_description/share/rg2_gripper_description/cmake/rg2_gripper_descriptionConfig.cmake
[2.885s] -- Up-to-date: /home/user/ros2_ws/install/rg2_gripper_description/share/rg2_gripper_description/cmake/rg2_gripper_descriptionConfig-version.cmake
[2.885s] -- Up-to-date: /home/user/ros2_ws/install/rg2_gripper_description/share/rg2_gripper_description/package.xml
[2.886s] Invoked command in '/home/user/ros2_ws/build/rg2_gripper_description' returned '0': CMAKE_PREFIX_PATH=${CMAKE_PREFIX_PATH}:/home/simulations/ros2_sims_ws/install/rclrs_tests:/home/simulations/ros2_sims_ws/install/examples_rclrs_minimal_client_service:/home/simulations/ros2_sims_ws/install/sensor_msgs_py:/home/simulations/ros2_sims_ws/install/examples_rclrs_minimal_pub_sub:/home/simulations/ros2_sims_ws/install/examples_rclrs_message_demo:/home/simulations/ros2_sims_ws/install/rclrs:/home/simulations/ros2_sims_ws/install/rosidl_runtime_rs:/home/user/ros2_ws/install/ros2test:/home/user/ros2_ws/install/robotiq_85_driver:/home/user/ros2_ws/install/path_planner_server:/home/user/ros2_ws/install/moveit_configs_utils:/home/user/ros2_ws/install/localization_server:/home/user/ros2_ws/install/cartographer_slam:/opt/ros/humble _=/usr/bin/env /usr/bin/cmake --install /home/user/ros2_ws/build/rg2_gripper_description
