[0.150s] Invoking command in '/home/user/ros2_ws/build/robotiq_85_description': CMAKE_PREFIX_PATH=${CMAKE_PREFIX_PATH}:/home/simulations/ros2_sims_ws/install/rclrs_tests:/home/simulations/ros2_sims_ws/install/examples_rclrs_minimal_client_service:/home/simulations/ros2_sims_ws/install/sensor_msgs_py:/home/simulations/ros2_sims_ws/install/examples_rclrs_minimal_pub_sub:/home/simulations/ros2_sims_ws/install/examples_rclrs_message_demo:/home/simulations/ros2_sims_ws/install/rclrs:/home/simulations/ros2_sims_ws/install/rosidl_runtime_rs:/home/user/ros2_ws/install/ros2test:/home/user/ros2_ws/install/robotiq_85_driver:/home/user/ros2_ws/install/path_planner_server:/home/user/ros2_ws/install/moveit_configs_utils:/home/user/ros2_ws/install/localization_server:/home/user/ros2_ws/install/cartographer_slam:/opt/ros/humble _=/usr/bin/env /usr/bin/cmake --build /home/user/ros2_ws/build/robotiq_85_description -- -j8 -l8
[3.550s] Invoked command in '/home/user/ros2_ws/build/robotiq_85_description' returned '0': CMAKE_PREFIX_PATH=${CMAKE_PREFIX_PATH}:/home/simulations/ros2_sims_ws/install/rclrs_tests:/home/simulations/ros2_sims_ws/install/examples_rclrs_minimal_client_service:/home/simulations/ros2_sims_ws/install/sensor_msgs_py:/home/simulations/ros2_sims_ws/install/examples_rclrs_minimal_pub_sub:/home/simulations/ros2_sims_ws/install/examples_rclrs_message_demo:/home/simulations/ros2_sims_ws/install/rclrs:/home/simulations/ros2_sims_ws/install/rosidl_runtime_rs:/home/user/ros2_ws/install/ros2test:/home/user/ros2_ws/install/robotiq_85_driver:/home/user/ros2_ws/install/path_planner_server:/home/user/ros2_ws/install/moveit_configs_utils:/home/user/ros2_ws/install/localization_server:/home/user/ros2_ws/install/cartographer_slam:/opt/ros/humble _=/usr/bin/env /usr/bin/cmake --build /home/user/ros2_ws/build/robotiq_85_description -- -j8 -l8
[3.843s] Invoking command in '/home/user/ros2_ws/build/robotiq_85_description': CMAKE_PREFIX_PATH=${CMAKE_PREFIX_PATH}:/home/simulations/ros2_sims_ws/install/rclrs_tests:/home/simulations/ros2_sims_ws/install/examples_rclrs_minimal_client_service:/home/simulations/ros2_sims_ws/install/sensor_msgs_py:/home/simulations/ros2_sims_ws/install/examples_rclrs_minimal_pub_sub:/home/simulations/ros2_sims_ws/install/examples_rclrs_message_demo:/home/simulations/ros2_sims_ws/install/rclrs:/home/simulations/ros2_sims_ws/install/rosidl_runtime_rs:/home/user/ros2_ws/install/ros2test:/home/user/ros2_ws/install/robotiq_85_driver:/home/user/ros2_ws/install/path_planner_server:/home/user/ros2_ws/install/moveit_configs_utils:/home/user/ros2_ws/install/localization_server:/home/user/ros2_ws/install/cartographer_slam:/opt/ros/humble _=/usr/bin/env /usr/bin/cmake --install /home/user/ros2_ws/build/robotiq_85_description
[3.914s] -- Install configuration: ""
[3.915s] -- Up-to-date: /home/user/ros2_ws/install/robotiq_85_description/share/robotiq_85_description/config
[3.915s] -- Up-to-date: /home/user/ros2_ws/install/robotiq_85_description/share/robotiq_85_description/config/gripper_controller.yaml
[3.920s] -- Up-to-date: /home/user/ros2_ws/install/robotiq_85_description/share/robotiq_85_description/config/gripper_controller2.yaml
[3.923s] -- Up-to-date: /home/user/ros2_ws/install/robotiq_85_description/share/robotiq_85_description/config/view_gripper.rviz
[3.924s] -- Up-to-date: /home/user/ros2_ws/install/robotiq_85_description/share/robotiq_85_description/launch
[3.924s] -- Up-to-date: /home/user/ros2_ws/install/robotiq_85_description/share/robotiq_85_description/launch/gazebo.launch.py
[3.924s] -- Up-to-date: /home/user/ros2_ws/install/robotiq_85_description/share/robotiq_85_description/launch/view_gripper.launch.py
[3.924s] -- Up-to-date: /home/user/ros2_ws/install/robotiq_85_description/share/robotiq_85_description/launch/gripper_sim.launch.py
[3.925s] -- Up-to-date: /home/user/ros2_ws/install/robotiq_85_description/share/robotiq_85_description/launch/spawn_robot.launch.py
[3.925s] -- Up-to-date: /home/user/ros2_ws/install/robotiq_85_description/share/robotiq_85_description/meshes
[3.925s] -- Up-to-date: /home/user/ros2_ws/install/robotiq_85_description/share/robotiq_85_description/meshes/collision
[3.925s] -- Up-to-date: /home/user/ros2_ws/install/robotiq_85_description/share/robotiq_85_description/meshes/collision/ur_to_robotiq_adapter.stl
[3.925s] -- Up-to-date: /home/user/ros2_ws/install/robotiq_85_description/share/robotiq_85_description/meshes/collision/robotiq_85_finger_link.stl
[3.925s] -- Up-to-date: /home/user/ros2_ws/install/robotiq_85_description/share/robotiq_85_description/meshes/collision/robotiq_85_base_link.stl
[3.925s] -- Up-to-date: /home/user/ros2_ws/install/robotiq_85_description/share/robotiq_85_description/meshes/collision/robotiq_85_finger_tip_link.stl
[3.926s] -- Up-to-date: /home/user/ros2_ws/install/robotiq_85_description/share/robotiq_85_description/meshes/collision/robotiq_85_inner_knuckle_link.stl
[3.926s] -- Up-to-date: /home/user/ros2_ws/install/robotiq_85_description/share/robotiq_85_description/meshes/collision/robotiq_85_knuckle_link.stl
[3.926s] -- Up-to-date: /home/user/ros2_ws/install/robotiq_85_description/share/robotiq_85_description/meshes/visual
[3.926s] -- Up-to-date: /home/user/ros2_ws/install/robotiq_85_description/share/robotiq_85_description/meshes/visual/robotiq_85_knuckle_link.dae
[3.927s] -- Up-to-date: /home/user/ros2_ws/install/robotiq_85_description/share/robotiq_85_description/meshes/visual/robotiq_85_base_link.dae
[3.933s] -- Up-to-date: /home/user/ros2_ws/install/robotiq_85_description/share/robotiq_85_description/meshes/visual/robotiq_85_inner_knuckle_link.dae
[3.933s] -- Up-to-date: /home/user/ros2_ws/install/robotiq_85_description/share/robotiq_85_description/meshes/visual/ur_to_robotiq_adapter.dae
[3.934s] -- Up-to-date: /home/user/ros2_ws/install/robotiq_85_description/share/robotiq_85_description/meshes/visual/robotiq_85_finger_link.dae
[3.935s] -- Up-to-date: /home/user/ros2_ws/install/robotiq_85_description/share/robotiq_85_description/meshes/visual/robotiq_85_finger_tip_link.dae
[3.936s] -- Up-to-date: /home/user/ros2_ws/install/robotiq_85_description/share/robotiq_85_description/urdf
[3.936s] -- Up-to-date: /home/user/ros2_ws/install/robotiq_85_description/share/robotiq_85_description/urdf/robotiq_85_gripper_macro_gz.urdf.xacro
[3.936s] -- Up-to-date: /home/user/ros2_ws/install/robotiq_85_description/share/robotiq_85_description/urdf/robotiq_arg85_description.urdf.xacro
[3.936s] -- Up-to-date: /home/user/ros2_ws/install/robotiq_85_description/share/robotiq_85_description/urdf/robotiq_85_gripper_gz.ros2_control.xacro
[3.937s] -- Up-to-date: /home/user/ros2_ws/install/robotiq_85_description/share/robotiq_85_description/urdf/robotiq_85_gripper.transmission.xacro
[3.938s] -- Up-to-date: /home/user/ros2_ws/install/robotiq_85_description/share/robotiq_85_description/urdf/right_robotiq_85_gripper.urdf.xacro
[3.938s] -- Up-to-date: /home/user/ros2_ws/install/robotiq_85_description/share/robotiq_85_description/urdf/robotiq_85_gripper.urdf.xacro
[3.939s] -- Up-to-date: /home/user/ros2_ws/install/robotiq_85_description/share/robotiq_85_description/urdf/robotiq_85_gripper.ros2_control.xacro
[3.939s] -- Up-to-date: /home/user/ros2_ws/install/robotiq_85_description/share/robotiq_85_description/urdf/robotiq_85_gripper_sim_base.urdf.xacro
[3.939s] -- Up-to-date: /home/user/ros2_ws/install/robotiq_85_description/share/robotiq_85_description/urdf/robotiq_85_gripper_macro.urdf.xacro
[3.939s] -- Up-to-date: /home/user/ros2_ws/install/robotiq_85_description/share/robotiq_85_description/urdf/left_robotiq_85_gripper.urdf.xacro
[3.940s] -- Up-to-date: /home/user/ros2_ws/install/robotiq_85_description/share/robotiq_85_description/urdf/ur_to_robotiq_adapter.urdf.xacro
[3.940s] -- Up-to-date: /home/user/ros2_ws/install/robotiq_85_description/share/ament_index/resource_index/package_run_dependencies/robotiq_85_description
[3.940s] -- Up-to-date: /home/user/ros2_ws/install/robotiq_85_description/share/ament_index/resource_index/parent_prefix_path/robotiq_85_description
[3.940s] -- Up-to-date: /home/user/ros2_ws/install/robotiq_85_description/share/robotiq_85_description/environment/ament_prefix_path.sh
[3.940s] -- Up-to-date: /home/user/ros2_ws/install/robotiq_85_description/share/robotiq_85_description/environment/ament_prefix_path.dsv
[3.940s] -- Up-to-date: /home/user/ros2_ws/install/robotiq_85_description/share/robotiq_85_description/environment/path.sh
[3.940s] -- Up-to-date: /home/user/ros2_ws/install/robotiq_85_description/share/robotiq_85_description/environment/path.dsv
[3.940s] -- Up-to-date: /home/user/ros2_ws/install/robotiq_85_description/share/robotiq_85_description/local_setup.bash
[3.940s] -- Up-to-date: /home/user/ros2_ws/install/robotiq_85_description/share/robotiq_85_description/local_setup.sh
[3.940s] -- Up-to-date: /home/user/ros2_ws/install/robotiq_85_description/share/robotiq_85_description/local_setup.zsh
[3.941s] -- Up-to-date: /home/user/ros2_ws/install/robotiq_85_description/share/robotiq_85_description/local_setup.dsv
[3.941s] -- Installing: /home/user/ros2_ws/install/robotiq_85_description/share/robotiq_85_description/package.dsv
[3.941s] -- Up-to-date: /home/user/ros2_ws/install/robotiq_85_description/share/ament_index/resource_index/packages/robotiq_85_description
[3.941s] -- Up-to-date: /home/user/ros2_ws/install/robotiq_85_description/share/robotiq_85_description/cmake/robotiq_85_descriptionConfig.cmake
[3.941s] -- Up-to-date: /home/user/ros2_ws/install/robotiq_85_description/share/robotiq_85_description/cmake/robotiq_85_descriptionConfig-version.cmake
[3.941s] -- Up-to-date: /home/user/ros2_ws/install/robotiq_85_description/share/robotiq_85_description/package.xml
[4.033s] Invoked command in '/home/user/ros2_ws/build/robotiq_85_description' returned '0': CMAKE_PREFIX_PATH=${CMAKE_PREFIX_PATH}:/home/simulations/ros2_sims_ws/install/rclrs_tests:/home/simulations/ros2_sims_ws/install/examples_rclrs_minimal_client_service:/home/simulations/ros2_sims_ws/install/sensor_msgs_py:/home/simulations/ros2_sims_ws/install/examples_rclrs_minimal_pub_sub:/home/simulations/ros2_sims_ws/install/examples_rclrs_message_demo:/home/simulations/ros2_sims_ws/install/rclrs:/home/simulations/ros2_sims_ws/install/rosidl_runtime_rs:/home/user/ros2_ws/install/ros2test:/home/user/ros2_ws/install/robotiq_85_driver:/home/user/ros2_ws/install/path_planner_server:/home/user/ros2_ws/install/moveit_configs_utils:/home/user/ros2_ws/install/localization_server:/home/user/ros2_ws/install/cartographer_slam:/opt/ros/humble _=/usr/bin/env /usr/bin/cmake --install /home/user/ros2_ws/build/robotiq_85_description
