[0.152s] Invoking command in '/home/user/ros2_ws/build/rg2_gripper_description': CMAKE_PREFIX_PATH=${CMAKE_PREFIX_PATH}:/home/user/ros2_ws/install/aruco_detection_tests:/home/simulations/ros2_sims_ws/install/rclrs_tests:/home/simulations/ros2_sims_ws/install/examples_rclrs_minimal_client_service:/home/simulations/ros2_sims_ws/install/sensor_msgs_py:/home/simulations/ros2_sims_ws/install/examples_rclrs_minimal_pub_sub:/home/simulations/ros2_sims_ws/install/examples_rclrs_message_demo:/home/simulations/ros2_sims_ws/install/rclrs:/home/simulations/ros2_sims_ws/install/rosidl_runtime_rs:/home/user/ros2_ws/install/ros2test:/home/user/ros2_ws/install/robotiq_85_driver:/home/user/ros2_ws/install/path_planner_server:/home/user/ros2_ws/install/moveit_configs_utils:/home/user/ros2_ws/install/localization_server:/home/user/ros2_ws/install/cartographer_slam:/opt/ros/humble _=/usr/bin/env /usr/bin/cmake --build /home/user/ros2_ws/build/rg2_gripper_description -- -j8 -l8
[0.308s] Invoked command in '/home/user/ros2_ws/build/rg2_gripper_description' returned '0': CMAKE_PREFIX_PATH=${CMAKE_PREFIX_PATH}:/home/user/ros2_ws/install/aruco_detection_tests:/home/simulations/ros2_sims_ws/install/rclrs_tests:/home/simulations/ros2_sims_ws/install/examples_rclrs_minimal_client_service:/home/simulations/ros2_sims_ws/install/sensor_msgs_py:/home/simulations/ros2_sims_ws/install/examples_rclrs_minimal_pub_sub:/home/simulations/ros2_sims_ws/install/examples_rclrs_message_demo:/home/simulations/ros2_sims_ws/install/rclrs:/home/simulations/ros2_sims_ws/install/rosidl_runtime_rs:/home/user/ros2_ws/install/ros2test:/home/user/ros2_ws/install/robotiq_85_driver:/home/user/ros2_ws/install/path_planner_server:/home/user/ros2_ws/install/moveit_configs_utils:/home/user/ros2_ws/install/localization_server:/home/user/ros2_ws/install/cartographer_slam:/opt/ros/humble _=/usr/bin/env /usr/bin/cmake --build /home/user/ros2_ws/build/rg2_gripper_description -- -j8 -l8
[0.597s] Invoking command in '/home/user/ros2_ws/build/rg2_gripper_description': CMAKE_PREFIX_PATH=${CMAKE_PREFIX_PATH}:/home/user/ros2_ws/install/aruco_detection_tests:/home/simulations/ros2_sims_ws/install/rclrs_tests:/home/simulations/ros2_sims_ws/install/examples_rclrs_minimal_client_service:/home/simulations/ros2_sims_ws/install/sensor_msgs_py:/home/simulations/ros2_sims_ws/install/examples_rclrs_minimal_pub_sub:/home/simulations/ros2_sims_ws/install/examples_rclrs_message_demo:/home/simulations/ros2_sims_ws/install/rclrs:/home/simulations/ros2_sims_ws/install/rosidl_runtime_rs:/home/user/ros2_ws/install/ros2test:/home/user/ros2_ws/install/robotiq_85_driver:/home/user/ros2_ws/install/path_planner_server:/home/user/ros2_ws/install/moveit_configs_utils:/home/user/ros2_ws/install/localization_server:/home/user/ros2_ws/install/cartographer_slam:/opt/ros/humble _=/usr/bin/env /usr/bin/cmake --install /home/user/ros2_ws/build/rg2_gripper_description
[0.623s] -- Install configuration: ""
[0.623s] -- Up-to-date: /home/user/ros2_ws/install/rg2_gripper_description/share/rg2_gripper_description/meshes
[0.623s] -- Up-to-date: /home/user/ros2_ws/install/rg2_gripper_description/share/rg2_gripper_description/meshes/rg2_base.stl
[0.623s] -- Up-to-date: /home/user/ros2_ws/install/rg2_gripper_description/share/rg2_gripper_description/meshes/aruco_Marker_8mm.png
[0.624s] -- Up-to-date: /home/user/ros2_ws/install/rg2_gripper_description/share/rg2_gripper_description/meshes/aruco_marker1.dae
[0.624s] -- Up-to-date: /home/user/ros2_ws/install/rg2_gripper_description/share/rg2_gripper_description/meshes/aruco_marker_8mm.dae
[0.624s] -- Up-to-date: /home/user/ros2_ws/install/rg2_gripper_description/share/rg2_gripper_description/meshes/rg2_left_finger.stl
[0.624s] -- Up-to-date: /home/user/ros2_ws/install/rg2_gripper_description/share/rg2_gripper_description/meshes/aruco_Marker_1.png
[0.624s] -- Up-to-date: /home/user/ros2_ws/install/rg2_gripper_description/share/rg2_gripper_description/meshes/rg2_left_thumb.stl
[0.624s] -- Up-to-date: /home/user/ros2_ws/install/rg2_gripper_description/share/rg2_gripper_description/urdf
[0.625s] -- Up-to-date: /home/user/ros2_ws/install/rg2_gripper_description/share/rg2_gripper_description/urdf/rg2_gripper.urdf.xacro
[0.625s] -- Up-to-date: /home/user/ros2_ws/install/rg2_gripper_description/share/rg2_gripper_description/urdf/rg2_gripper_gz.ros2_control.xacro
[0.625s] -- Up-to-date: /home/user/ros2_ws/install/rg2_gripper_description/share/ament_index/resource_index/package_run_dependencies/rg2_gripper_description
[0.625s] -- Up-to-date: /home/user/ros2_ws/install/rg2_gripper_description/share/ament_index/resource_index/parent_prefix_path/rg2_gripper_description
[0.625s] -- Up-to-date: /home/user/ros2_ws/install/rg2_gripper_description/share/rg2_gripper_description/environment/ament_prefix_path.sh
[0.625s] -- Up-to-date: /home/user/ros2_ws/install/rg2_gripper_description/share/rg2_gripper_description/environment/ament_prefix_path.dsv
[0.625s] -- Up-to-date: /home/user/ros2_ws/install/rg2_gripper_description/share/rg2_gripper_description/environment/path.sh
[0.625s] -- Up-to-date: /home/user/ros2_ws/install/rg2_gripper_description/share/rg2_gripper_description/environment/path.dsv
[0.626s] -- Up-to-date: /home/user/ros2_ws/install/rg2_gripper_description/share/rg2_gripper_description/local_setup.bash
[0.626s] -- Up-to-date: /home/user/ros2_ws/install/rg2_gripper_description/share/rg2_gripper_description/local_setup.sh
[0.626s] -- Up-to-date: /home/user/ros2_ws/install/rg2_gripper_description/share/rg2_gripper_description/local_setup.zsh
[0.626s] -- Up-to-date: /home/user/ros2_ws/install/rg2_gripper_description/share/rg2_gripper_description/local_setup.dsv
[0.632s] -- Installing: /home/user/ros2_ws/install/rg2_gripper_description/share/rg2_gripper_description/package.dsv
[0.633s] -- Up-to-date: /home/user/ros2_ws/install/rg2_gripper_description/share/ament_index/resource_index/packages/rg2_gripper_description
[0.633s] -- Up-to-date: /home/user/ros2_ws/install/rg2_gripper_description/share/rg2_gripper_description/cmake/rg2_gripper_descriptionConfig.cmake
[0.633s] -- Up-to-date: /home/user/ros2_ws/install/rg2_gripper_description/share/rg2_gripper_description/cmake/rg2_gripper_descriptionConfig-version.cmake
[0.634s] -- Up-to-date: /home/user/ros2_ws/install/rg2_gripper_description/share/rg2_gripper_description/package.xml
[0.640s] Invoked command in '/home/user/ros2_ws/build/rg2_gripper_description' returned '0': CMAKE_PREFIX_PATH=${CMAKE_PREFIX_PATH}:/home/user/ros2_ws/install/aruco_detection_tests:/home/simulations/ros2_sims_ws/install/rclrs_tests:/home/simulations/ros2_sims_ws/install/examples_rclrs_minimal_client_service:/home/simulations/ros2_sims_ws/install/sensor_msgs_py:/home/simulations/ros2_sims_ws/install/examples_rclrs_minimal_pub_sub:/home/simulations/ros2_sims_ws/install/examples_rclrs_message_demo:/home/simulations/ros2_sims_ws/install/rclrs:/home/simulations/ros2_sims_ws/install/rosidl_runtime_rs:/home/user/ros2_ws/install/ros2test:/home/user/ros2_ws/install/robotiq_85_driver:/home/user/ros2_ws/install/path_planner_server:/home/user/ros2_ws/install/moveit_configs_utils:/home/user/ros2_ws/install/localization_server:/home/user/ros2_ws/install/cartographer_slam:/opt/ros/humble _=/usr/bin/env /usr/bin/cmake --install /home/user/ros2_ws/build/rg2_gripper_description
